[ 2016-01-09T09:03:17+08:00 ] 127.0.0.1 /blog/
INFO: [ app_begin ] --START--
INFO: ReadHtmlCache Behavior ::run [ RunTime:0.003463s ]
INFO: [ app_begin ] --END-- [ RunTime:0.003572s ]
ERR: 无法加载模块:Index

[ 2016-01-09T09:03:26+08:00 ] 127.0.0.1 /blog/index.php/Admin
INFO: [ route_check ] --START--
INFO: CheckRoute Behavior ::run [ RunTime:0.002657s ]
INFO: [ route_check ] --END-- [ RunTime:0.002757s ]
INFO: [ app_begin ] --START--
INFO: ReadHtmlCache Behavior ::run [ RunTime:0.001897s ]
INFO: [ app_begin ] --END-- [ RunTime:0.001989s ]

[ 2016-01-09T09:03:26+08:00 ] 127.0.0.1 /blog/index.php/Admin/Login/index
INFO: [ route_check ] --START--
INFO: CheckRoute Behavior ::run [ RunTime:0.002149s ]
INFO: [ route_check ] --END-- [ RunTime:0.002274s ]
INFO: [ app_begin ] --START--
INFO: ReadHtmlCache Behavior ::run [ RunTime:0.003097s ]
INFO: [ app_begin ] --END-- [ RunTime:0.003219s ]
INFO: [ view_parse ] --START--
INFO: ParseTemplate Behavior ::run [ RunTime:0.042430s ]
INFO: [ view_parse ] --END-- [ RunTime:0.042568s ]
INFO: [ view_filter ] --START--
INFO: ContentReplace Behavior ::run [ RunTime:0.002102s ]
INFO: TokenBuild Behavior ::run [ RunTime:0.002302s ]
INFO: WriteHtmlCache Behavior ::run [ RunTime:0.001961s ]
INFO: ShowRuntime Behavior ::run [ RunTime:0.002559s ]
INFO: [ view_filter ] --END-- [ RunTime:0.009157s ]
INFO: [ view_end ] --START--
INFO: ShowPageTrace Behavior ::run [ RunTime:0.002175s ]
INFO: [ view_end ] --END-- [ RunTime:0.002257s ]

[ 2016-01-09T09:03:26+08:00 ] 127.0.0.1 /blog/index.php/Admin/Login/verify
INFO: [ route_check ] --START--
INFO: CheckRoute Behavior ::run [ RunTime:0.002194s ]
INFO: [ route_check ] --END-- [ RunTime:0.002297s ]
INFO: [ app_begin ] --START--
INFO: ReadHtmlCache Behavior ::run [ RunTime:0.002038s ]
INFO: [ app_begin ] --END-- [ RunTime:0.002128s ]

[ 2016-01-09T09:03:30+08:00 ] 127.0.0.1 /blog/index.php/Admin/Login/login
INFO: [ route_check ] --START--
INFO: CheckRoute Behavior ::run [ RunTime:0.002121s ]
INFO: [ route_check ] --END-- [ RunTime:0.002221s ]
INFO: [ app_begin ] --START--
INFO: ReadHtmlCache Behavior ::run [ RunTime:0.001964s ]
INFO: [ app_begin ] --END-- [ RunTime:0.002035s ]
ERR: Unknown database 'blog'

[ 2016-01-09T09:03:45+08:00 ] 127.0.0.1 /blog/index.php/Admin/Login/login
INFO: [ route_check ] --START--
INFO: CheckRoute Behavior ::run [ RunTime:0.000780s ]
INFO: [ route_check ] --END-- [ RunTime:0.000853s ]
INFO: [ app_begin ] --START--
INFO: ReadHtmlCache Behavior ::run [ RunTime:0.000481s ]
INFO: [ app_begin ] --END-- [ RunTime:0.000545s ]
ERR: Unknown database 'blog'

[ 2016-01-09T09:03:47+08:00 ] 127.0.0.1 /blog/index.php/Admin/Login/login
INFO: [ route_check ] --START--
INFO: CheckRoute Behavior ::run [ RunTime:0.000493s ]
INFO: [ route_check ] --END-- [ RunTime:0.000571s ]
INFO: [ app_begin ] --START--
INFO: ReadHtmlCache Behavior ::run [ RunTime:0.000385s ]
INFO: [ app_begin ] --END-- [ RunTime:0.000454s ]
ERR: Unknown database 'blog'

[ 2016-01-09T09:05:07+08:00 ] 127.0.0.1 /blog/index.php/Admin/Login/login
INFO: [ route_check ] --START--
INFO: CheckRoute Behavior ::run [ RunTime:0.001917s ]
INFO: [ route_check ] --END-- [ RunTime:0.002002s ]
INFO: [ app_begin ] --START--
INFO: ReadHtmlCache Behavior ::run [ RunTime:0.001376s ]
INFO: [ app_begin ] --END-- [ RunTime:0.001451s ]
SQL: SHOW COLUMNS FROM `hd_user` [ RunTime:0.002844s ]
SQL: SELECT * FROM `hd_user` WHERE ( `username` = 'admin' ) LIMIT 1   [ RunTime:0.000272s ]
SQL: UPDATE `hd_user` SET `logintime`=1452301507,`loginip`='127.0.0.1' WHERE ( `id` = 1 ) [ RunTime:0.054960s ]

[ 2016-01-09T09:05:07+08:00 ] 127.0.0.1 /blog/index.php/Admin
INFO: [ route_check ] --START--
INFO: CheckRoute Behavior ::run [ RunTime:0.002066s ]
INFO: [ route_check ] --END-- [ RunTime:0.002203s ]
INFO: [ app_begin ] --START--
INFO: ReadHtmlCache Behavior ::run [ RunTime:0.001403s ]
INFO: [ app_begin ] --END-- [ RunTime:0.001468s ]
INFO: [ view_parse ] --START--
INFO: ParseTemplate Behavior ::run [ RunTime:0.035222s ]
INFO: [ view_parse ] --END-- [ RunTime:0.035312s ]
INFO: [ view_filter ] --START--
INFO: ContentReplace Behavior ::run [ RunTime:0.001401s ]
INFO: TokenBuild Behavior ::run [ RunTime:0.001362s ]
INFO: WriteHtmlCache Behavior ::run [ RunTime:0.001297s ]
INFO: ShowRuntime Behavior ::run [ RunTime:0.001831s ]
INFO: [ view_filter ] --END-- [ RunTime:0.006084s ]
INFO: [ view_end ] --START--
INFO: ShowPageTrace Behavior ::run [ RunTime:0.001552s ]
INFO: [ view_end ] --END-- [ RunTime:0.001618s ]

[ 2016-01-09T09:05:12+08:00 ] 127.0.0.1 /blog/index.php/Admin/Blog/blog
INFO: [ route_check ] --START--
INFO: CheckRoute Behavior ::run [ RunTime:0.001603s ]
INFO: [ route_check ] --END-- [ RunTime:0.001685s ]
INFO: [ app_begin ] --START--
INFO: ReadHtmlCache Behavior ::run [ RunTime:0.001742s ]
INFO: [ app_begin ] --END-- [ RunTime:0.001810s ]
SQL: SHOW COLUMNS FROM `hd_cate` [ RunTime:0.002991s ]
SQL: SELECT * FROM `hd_cate` ORDER BY sort  [ RunTime:0.000243s ]
SQL: SHOW COLUMNS FROM `hd_attr` [ RunTime:0.002503s ]
SQL: SELECT * FROM `hd_attr`  [ RunTime:0.000146s ]
INFO: [ view_parse ] --START--
INFO: ParseTemplate Behavior ::run [ RunTime:0.040623s ]
INFO: [ view_parse ] --END-- [ RunTime:0.040715s ]
INFO: [ view_filter ] --START--
INFO: ContentReplace Behavior ::run [ RunTime:0.001326s ]
INFO: TokenBuild Behavior ::run [ RunTime:0.001282s ]
INFO: WriteHtmlCache Behavior ::run [ RunTime:0.001391s ]
INFO: ShowRuntime Behavior ::run [ RunTime:0.001321s ]
INFO: [ view_filter ] --END-- [ RunTime:0.005490s ]
INFO: [ view_end ] --START--
INFO: ShowPageTrace Behavior ::run [ RunTime:0.001387s ]
INFO: [ view_end ] --END-- [ RunTime:0.001447s ]

[ 2016-01-09T09:05:13+08:00 ] 127.0.0.1 /blog/index.php/Admin/Blog/index
INFO: [ route_check ] --START--
INFO: CheckRoute Behavior ::run [ RunTime:0.000874s ]
INFO: [ route_check ] --END-- [ RunTime:0.000960s ]
INFO: [ app_begin ] --START--
INFO: ReadHtmlCache Behavior ::run [ RunTime:0.000525s ]
INFO: [ app_begin ] --END-- [ RunTime:0.000597s ]
SQL: SHOW COLUMNS FROM `hd_blog` [ RunTime:0.002745s ]
ERR: 1146:Table 'blog.hd_blog' doesn't exist
 [ SQL语句 ] : SHOW COLUMNS FROM `hd_blog`
SQL: SELECT `del` FROM `hd_blog`  [ RunTime:0.000271s ]
ERR: 1146:Table 'blog.hd_blog' doesn't exist
 [ SQL语句 ] : SELECT `del` FROM `hd_blog` 
INFO: [ view_parse ] --START--
INFO: ParseTemplate Behavior ::run [ RunTime:0.014251s ]
INFO: [ view_parse ] --END-- [ RunTime:0.014347s ]
INFO: [ view_filter ] --START--
INFO: ContentReplace Behavior ::run [ RunTime:0.000451s ]
INFO: TokenBuild Behavior ::run [ RunTime:0.000413s ]
INFO: WriteHtmlCache Behavior ::run [ RunTime:0.000398s ]
INFO: ShowRuntime Behavior ::run [ RunTime:0.000524s ]
INFO: [ view_filter ] --END-- [ RunTime:0.001960s ]
INFO: [ view_end ] --START--
INFO: ShowPageTrace Behavior ::run [ RunTime:0.000560s ]
INFO: [ view_end ] --END-- [ RunTime:0.000621s ]

[ 2016-01-09T09:05:13+08:00 ] 127.0.0.1 /blog/index.php/Admin/Blog/blog
INFO: [ route_check ] --START--
INFO: CheckRoute Behavior ::run [ RunTime:0.000527s ]
INFO: [ route_check ] --END-- [ RunTime:0.000615s ]
INFO: [ app_begin ] --START--
INFO: ReadHtmlCache Behavior ::run [ RunTime:0.000397s ]
INFO: [ app_begin ] --END-- [ RunTime:0.000466s ]
SQL: SHOW COLUMNS FROM `hd_cate` [ RunTime:0.002758s ]
SQL: SELECT * FROM `hd_cate` ORDER BY sort  [ RunTime:0.000236s ]
SQL: SHOW COLUMNS FROM `hd_attr` [ RunTime:0.002615s ]
SQL: SELECT * FROM `hd_attr`  [ RunTime:0.000147s ]
INFO: [ view_parse ] --START--
INFO: ParseTemplate Behavior ::run [ RunTime:0.006396s ]
INFO: [ view_parse ] --END-- [ RunTime:0.006477s ]
INFO: [ view_filter ] --START--
INFO: ContentReplace Behavior ::run [ RunTime:0.000290s ]
INFO: TokenBuild Behavior ::run [ RunTime:0.000294s ]
INFO: WriteHtmlCache Behavior ::run [ RunTime:0.000262s ]
INFO: ShowRuntime Behavior ::run [ RunTime:0.000396s ]
INFO: [ view_filter ] --END-- [ RunTime:0.001417s ]
INFO: [ view_end ] --START--
INFO: ShowPageTrace Behavior ::run [ RunTime:0.000392s ]
INFO: [ view_end ] --END-- [ RunTime:0.000451s ]

[ 2016-01-09T09:05:14+08:00 ] 127.0.0.1 /blog/index.php/Admin/Blog/trach
INFO: [ route_check ] --START--
INFO: CheckRoute Behavior ::run [ RunTime:0.000493s ]
INFO: [ route_check ] --END-- [ RunTime:0.000572s ]
INFO: [ app_begin ] --START--
INFO: ReadHtmlCache Behavior ::run [ RunTime:0.000384s ]
INFO: [ app_begin ] --END-- [ RunTime:0.000454s ]
ERR: 非法操作:trach

[ 2016-01-09T09:05:14+08:00 ] 127.0.0.1 /blog/index.php/Admin/Blog/blog
INFO: [ route_check ] --START--
INFO: CheckRoute Behavior ::run [ RunTime:0.000498s ]
INFO: [ route_check ] --END-- [ RunTime:0.000575s ]
INFO: [ app_begin ] --START--
INFO: ReadHtmlCache Behavior ::run [ RunTime:0.000385s ]
INFO: [ app_begin ] --END-- [ RunTime:0.000456s ]
SQL: SHOW COLUMNS FROM `hd_cate` [ RunTime:0.002828s ]
SQL: SELECT * FROM `hd_cate` ORDER BY sort  [ RunTime:0.000231s ]
SQL: SHOW COLUMNS FROM `hd_attr` [ RunTime:0.002635s ]
SQL: SELECT * FROM `hd_attr`  [ RunTime:0.000147s ]
INFO: [ view_parse ] --START--
INFO: ParseTemplate Behavior ::run [ RunTime:0.006538s ]
INFO: [ view_parse ] --END-- [ RunTime:0.006613s ]
INFO: [ view_filter ] --START--
INFO: ContentReplace Behavior ::run [ RunTime:0.000305s ]
INFO: TokenBuild Behavior ::run [ RunTime:0.000312s ]
INFO: WriteHtmlCache Behavior ::run [ RunTime:0.000230s ]
INFO: ShowRuntime Behavior ::run [ RunTime:0.000387s ]
INFO: [ view_filter ] --END-- [ RunTime:0.001418s ]
INFO: [ view_end ] --START--
INFO: ShowPageTrace Behavior ::run [ RunTime:0.000425s ]
INFO: [ view_end ] --END-- [ RunTime:0.000490s ]

[ 2016-01-09T09:05:14+08:00 ] 127.0.0.1 /blog/index.php/Admin/Blog/index
INFO: [ route_check ] --START--
INFO: CheckRoute Behavior ::run [ RunTime:0.001030s ]
INFO: [ route_check ] --END-- [ RunTime:0.001223s ]
INFO: [ app_begin ] --START--
INFO: ReadHtmlCache Behavior ::run [ RunTime:0.000392s ]
INFO: [ app_begin ] --END-- [ RunTime:0.000462s ]
SQL: SHOW COLUMNS FROM `hd_blog` [ RunTime:0.002990s ]
ERR: 1146:Table 'blog.hd_blog' doesn't exist
 [ SQL语句 ] : SHOW COLUMNS FROM `hd_blog`
SQL: SELECT `del` FROM `hd_blog`  [ RunTime:0.000349s ]
ERR: 1146:Table 'blog.hd_blog' doesn't exist
 [ SQL语句 ] : SELECT `del` FROM `hd_blog` 
INFO: [ view_parse ] --START--
INFO: ParseTemplate Behavior ::run [ RunTime:0.007159s ]
INFO: [ view_parse ] --END-- [ RunTime:0.007248s ]
INFO: [ view_filter ] --START--
INFO: ContentReplace Behavior ::run [ RunTime:0.000308s ]
INFO: TokenBuild Behavior ::run [ RunTime:0.000303s ]
INFO: WriteHtmlCache Behavior ::run [ RunTime:0.000225s ]
INFO: ShowRuntime Behavior ::run [ RunTime:0.000352s ]
INFO: [ view_filter ] --END-- [ RunTime:0.001371s ]
INFO: [ view_end ] --START--
INFO: ShowPageTrace Behavior ::run [ RunTime:0.000435s ]
INFO: [ view_end ] --END-- [ RunTime:0.000497s ]

[ 2016-01-09T09:05:15+08:00 ] 127.0.0.1 /blog/index.php/Admin/Blog/blog
INFO: [ route_check ] --START--
INFO: CheckRoute Behavior ::run [ RunTime:0.000518s ]
INFO: [ route_check ] --END-- [ RunTime:0.000606s ]
INFO: [ app_begin ] --START--
INFO: ReadHtmlCache Behavior ::run [ RunTime:0.000393s ]
INFO: [ app_begin ] --END-- [ RunTime:0.000467s ]
SQL: SHOW COLUMNS FROM `hd_cate` [ RunTime:0.002868s ]
SQL: SELECT * FROM `hd_cate` ORDER BY sort  [ RunTime:0.000232s ]
SQL: SHOW COLUMNS FROM `hd_attr` [ RunTime:0.002602s ]
SQL: SELECT * FROM `hd_attr`  [ RunTime:0.000148s ]
INFO: [ view_parse ] --START--
INFO: ParseTemplate Behavior ::run [ RunTime:0.006229s ]
INFO: [ view_parse ] --END-- [ RunTime:0.006303s ]
INFO: [ view_filter ] --START--
INFO: ContentReplace Behavior ::run [ RunTime:0.000302s ]
INFO: TokenBuild Behavior ::run [ RunTime:0.000309s ]
INFO: WriteHtmlCache Behavior ::run [ RunTime:0.000229s ]
INFO: ShowRuntime Behavior ::run [ RunTime:0.000366s ]
INFO: [ view_filter ] --END-- [ RunTime:0.001391s ]
INFO: [ view_end ] --START--
INFO: ShowPageTrace Behavior ::run [ RunTime:0.000686s ]
INFO: [ view_end ] --END-- [ RunTime:0.000778s ]

[ 2016-01-09T09:05:20+08:00 ] 127.0.0.1 /blog/index.php/Admin/Blog/addBlog
INFO: [ route_check ] --START--
INFO: CheckRoute Behavior ::run [ RunTime:0.000764s ]
INFO: [ route_check ] --END-- [ RunTime:0.000931s ]
INFO: [ app_begin ] --START--
INFO: ReadHtmlCache Behavior ::run [ RunTime:0.000692s ]
INFO: [ app_begin ] --END-- [ RunTime:0.000805s ]
SQL: SHOW COLUMNS FROM `hd_blog` [ RunTime:0.002677s ]
ERR: 1146:Table 'blog.hd_blog' doesn't exist
 [ SQL语句 ] : SHOW COLUMNS FROM `hd_blog`
SQL: INSERT INTO `hd_blog` (`title`,`content`,`time`,`click`,`cid`) VALUES ('','<p>1<br/></p>',1452301520,100,0) [ RunTime:0.000294s ]
ERR: 1146:Table 'blog.hd_blog' doesn't exist
 [ SQL语句 ] : INSERT INTO `hd_blog` (`title`,`content`,`time`,`click`,`cid`) VALUES ('','<p>1<br/></p>',1452301520,100,0)
INFO: [ view_parse ] --START--
INFO: ParseTemplate Behavior ::run [ RunTime:0.018640s ]
INFO: [ view_parse ] --END-- [ RunTime:0.018730s ]
INFO: [ view_filter ] --START--
INFO: ContentReplace Behavior ::run [ RunTime:0.000283s ]
INFO: TokenBuild Behavior ::run [ RunTime:0.000311s ]
INFO: WriteHtmlCache Behavior ::run [ RunTime:0.000212s ]
INFO: ShowRuntime Behavior ::run [ RunTime:0.000342s ]
INFO: [ view_filter ] --END-- [ RunTime:0.001317s ]
INFO: [ view_end ] --START--
INFO: ShowPageTrace Behavior ::run [ RunTime:0.000378s ]
INFO: [ view_end ] --END-- [ RunTime:0.000438s ]

[ 2016-01-09T09:05:33+08:00 ] 127.0.0.1 /blog/index.php/Admin/Blog/addBlog
INFO: [ route_check ] --START--
INFO: CheckRoute Behavior ::run [ RunTime:0.000501s ]
INFO: [ route_check ] --END-- [ RunTime:0.000585s ]
INFO: [ app_begin ] --START--
INFO: ReadHtmlCache Behavior ::run [ RunTime:0.000387s ]
INFO: [ app_begin ] --END-- [ RunTime:0.000456s ]
SQL: SHOW COLUMNS FROM `hd_blog` [ RunTime:0.002722s ]
ERR: 1146:Table 'blog.hd_blog' doesn't exist
 [ SQL语句 ] : SHOW COLUMNS FROM `hd_blog`
SQL: INSERT INTO `hd_blog` (`title`,`content`,`time`,`click`,`cid`) VALUES ('阿萨德的','<p>爱的<br/></p>',1452301533,100,4) [ RunTime:0.000290s ]
ERR: 1146:Table 'blog.hd_blog' doesn't exist
 [ SQL语句 ] : INSERT INTO `hd_blog` (`title`,`content`,`time`,`click`,`cid`) VALUES ('阿萨德的','<p>爱的<br/></p>',1452301533,100,4)
INFO: [ view_parse ] --START--
INFO: ParseTemplate Behavior ::run [ RunTime:0.004888s ]
INFO: [ view_parse ] --END-- [ RunTime:0.004977s ]
INFO: [ view_filter ] --START--
INFO: ContentReplace Behavior ::run [ RunTime:0.000301s ]
INFO: TokenBuild Behavior ::run [ RunTime:0.000316s ]
INFO: WriteHtmlCache Behavior ::run [ RunTime:0.000230s ]
INFO: ShowRuntime Behavior ::run [ RunTime:0.000372s ]
INFO: [ view_filter ] --END-- [ RunTime:0.001402s ]
INFO: [ view_end ] --START--
INFO: ShowPageTrace Behavior ::run [ RunTime:0.000423s ]
INFO: [ view_end ] --END-- [ RunTime:0.000488s ]

[ 2016-01-09T09:35:24+08:00 ] 127.0.0.1 /blog/index.php/Admin
INFO: [ route_check ] --START--
INFO: CheckRoute Behavior ::run [ RunTime:0.002609s ]
INFO: [ route_check ] --END-- [ RunTime:0.002969s ]
INFO: [ app_begin ] --START--
INFO: ReadHtmlCache Behavior ::run [ RunTime:0.001577s ]
INFO: [ app_begin ] --END-- [ RunTime:0.001735s ]
INFO: [ view_parse ] --START--
INFO: ParseTemplate Behavior ::run [ RunTime:0.010971s ]
INFO: [ view_parse ] --END-- [ RunTime:0.011097s ]
INFO: [ view_filter ] --START--
INFO: ContentReplace Behavior ::run [ RunTime:0.001169s ]
INFO: TokenBuild Behavior ::run [ RunTime:0.000776s ]
INFO: WriteHtmlCache Behavior ::run [ RunTime:0.000577s ]
INFO: ShowRuntime Behavior ::run [ RunTime:0.000595s ]
INFO: [ view_filter ] --END-- [ RunTime:0.003312s ]
INFO: [ view_end ] --START--
INFO: ShowPageTrace Behavior ::run [ RunTime:0.000690s ]
INFO: [ view_end ] --END-- [ RunTime:0.000751s ]

[ 2016-01-09T09:35:25+08:00 ] 127.0.0.1 /blog/index.php/Admin/Blog/blog
INFO: [ route_check ] --START--
INFO: CheckRoute Behavior ::run [ RunTime:0.001333s ]
INFO: [ route_check ] --END-- [ RunTime:0.001555s ]
INFO: [ app_begin ] --START--
INFO: ReadHtmlCache Behavior ::run [ RunTime:0.001199s ]
INFO: [ app_begin ] --END-- [ RunTime:0.001341s ]
SQL: SHOW COLUMNS FROM `hd_cate` [ RunTime:0.002711s ]
SQL: SELECT * FROM `hd_cate` ORDER BY sort  [ RunTime:0.000240s ]
SQL: SHOW COLUMNS FROM `hd_attr` [ RunTime:0.003544s ]
SQL: SELECT * FROM `hd_attr`  [ RunTime:0.000215s ]
INFO: [ view_parse ] --START--
INFO: ParseTemplate Behavior ::run [ RunTime:0.012685s ]
INFO: [ view_parse ] --END-- [ RunTime:0.012784s ]
INFO: [ view_filter ] --START--
INFO: ContentReplace Behavior ::run [ RunTime:0.001019s ]
INFO: TokenBuild Behavior ::run [ RunTime:0.000870s ]
INFO: WriteHtmlCache Behavior ::run [ RunTime:0.000556s ]
INFO: ShowRuntime Behavior ::run [ RunTime:0.000871s ]
INFO: [ view_filter ] --END-- [ RunTime:0.003601s ]
INFO: [ view_end ] --START--
INFO: ShowPageTrace Behavior ::run [ RunTime:0.000991s ]
INFO: [ view_end ] --END-- [ RunTime:0.001092s ]

[ 2016-01-09T09:35:31+08:00 ] 127.0.0.1 /blog/index.php/Admin/Blog/addBlog
INFO: [ route_check ] --START--
INFO: CheckRoute Behavior ::run [ RunTime:0.001325s ]
INFO: [ route_check ] --END-- [ RunTime:0.001528s ]
INFO: [ app_begin ] --START--
INFO: ReadHtmlCache Behavior ::run [ RunTime:0.001158s ]
INFO: [ app_begin ] --END-- [ RunTime:0.001258s ]
SQL: SHOW COLUMNS FROM `hd_blog` [ RunTime:0.005743s ]
SQL: INSERT INTO `hd_blog` (`title`,`content`,`time`,`click`,`cid`) VALUES ('1','<p>1<br/></p>',1452303331,100,0) [ RunTime:0.059280s ]
INFO: [ view_parse ] --START--
INFO: ParseTemplate Behavior ::run [ RunTime:0.012981s ]
INFO: [ view_parse ] --END-- [ RunTime:0.013104s ]
INFO: [ view_filter ] --START--
INFO: ContentReplace Behavior ::run [ RunTime:0.000780s ]
INFO: TokenBuild Behavior ::run [ RunTime:0.000761s ]
INFO: WriteHtmlCache Behavior ::run [ RunTime:0.000675s ]
INFO: ShowRuntime Behavior ::run [ RunTime:0.000729s ]
INFO: [ view_filter ] --END-- [ RunTime:0.003192s ]
INFO: [ view_end ] --START--
INFO: ShowPageTrace Behavior ::run [ RunTime:0.001260s ]
INFO: [ view_end ] --END-- [ RunTime:0.001404s ]

[ 2016-01-09T09:35:33+08:00 ] 127.0.0.1 /blog/index.php/Admin/Blog/index
INFO: [ route_check ] --START--
INFO: CheckRoute Behavior ::run [ RunTime:0.001028s ]
INFO: [ route_check ] --END-- [ RunTime:0.001157s ]
INFO: [ app_begin ] --START--
INFO: ReadHtmlCache Behavior ::run [ RunTime:0.000860s ]
INFO: [ app_begin ] --END-- [ RunTime:0.000988s ]
SQL: SHOW COLUMNS FROM `hd_blog` [ RunTime:0.005776s ]
SQL: SELECT `id`,`title`,`content`,`time`,`click`,`cid` FROM `hd_blog`  [ RunTime:0.000219s ]
SQL: SHOW COLUMNS FROM `hd_attr` [ RunTime:0.003160s ]
NOTIC: [8] Undefined index: mapping_order E:\wamp\www\myphp\blog\ThinkPHP\Extend\Model\RelationModel.class.php 第 188 行.
NOTIC: [8] Undefined index: mapping_limit E:\wamp\www\myphp\blog\ThinkPHP\Extend\Model\RelationModel.class.php 第 189 行.
NOTIC: [8] Undefined index: relation_table E:\wamp\www\myphp\blog\ThinkPHP\Extend\Model\RelationModel.class.php 第 191 行.
SQL: SELECT b.* FROM hd_blog_attr AS a, hd_attr AS b WHERE a.aid = b.id AND a. bid='1' [ RunTime:0.012318s ]
SQL: SHOW COLUMNS FROM `hd_cate` [ RunTime:0.004504s ]
SQL: SELECT `name` FROM `hd_cate` WHERE ( 1=1 AND id='0' ) LIMIT 1   [ RunTime:0.000193s ]
INFO: [ view_parse ] --START--
INFO: ParseTemplate Behavior ::run [ RunTime:0.012193s ]
INFO: [ view_parse ] --END-- [ RunTime:0.012314s ]
INFO: [ view_filter ] --START--
INFO: ContentReplace Behavior ::run [ RunTime:0.000542s ]
INFO: TokenBuild Behavior ::run [ RunTime:0.000531s ]
INFO: WriteHtmlCache Behavior ::run [ RunTime:0.000454s ]
INFO: ShowRuntime Behavior ::run [ RunTime:0.000577s ]
INFO: [ view_filter ] --END-- [ RunTime:0.002285s ]
INFO: [ view_end ] --START--
INFO: ShowPageTrace Behavior ::run [ RunTime:0.000637s ]
INFO: [ view_end ] --END-- [ RunTime:0.000701s ]

[ 2016-01-09T09:47:14+08:00 ] 127.0.0.1 /blog/index.php/Admin/Blog/blog
INFO: [ route_check ] --START--
INFO: CheckRoute Behavior ::run [ RunTime:0.000956s ]
INFO: [ route_check ] --END-- [ RunTime:0.001047s ]
INFO: [ app_begin ] --START--
INFO: ReadHtmlCache Behavior ::run [ RunTime:0.000658s ]
INFO: [ app_begin ] --END-- [ RunTime:0.000735s ]
SQL: SHOW COLUMNS FROM `hd_cate` [ RunTime:0.002886s ]
SQL: SELECT * FROM `hd_cate` ORDER BY sort  [ RunTime:0.000261s ]
SQL: SHOW COLUMNS FROM `hd_attr` [ RunTime:0.002548s ]
SQL: SELECT * FROM `hd_attr`  [ RunTime:0.000159s ]
INFO: [ view_parse ] --START--
INFO: ParseTemplate Behavior ::run [ RunTime:0.009103s ]
INFO: [ view_parse ] --END-- [ RunTime:0.009193s ]
INFO: [ view_filter ] --START--
INFO: ContentReplace Behavior ::run [ RunTime:0.000641s ]
INFO: TokenBuild Behavior ::run [ RunTime:0.000647s ]
INFO: WriteHtmlCache Behavior ::run [ RunTime:0.000503s ]
INFO: ShowRuntime Behavior ::run [ RunTime:0.000760s ]
INFO: [ view_filter ] --END-- [ RunTime:0.002772s ]
INFO: [ view_end ] --START--
INFO: ShowPageTrace Behavior ::run [ RunTime:0.000766s ]
INFO: [ view_end ] --END-- [ RunTime:0.000846s ]

[ 2016-01-09T09:47:20+08:00 ] 127.0.0.1 /blog/index.php/Admin/Blog/addBlog
INFO: [ route_check ] --START--
INFO: CheckRoute Behavior ::run [ RunTime:0.000756s ]
INFO: [ route_check ] --END-- [ RunTime:0.000842s ]
INFO: [ app_begin ] --START--
INFO: ReadHtmlCache Behavior ::run [ RunTime:0.000722s ]
INFO: [ app_begin ] --END-- [ RunTime:0.000821s ]
SQL: SHOW COLUMNS FROM `hd_blog` [ RunTime:0.002746s ]
SQL: INSERT INTO `hd_blog` (`title`,`content`,`time`,`click`,`cid`) VALUES ('123','<p>123<br/></p>',1452304039,100,8) [ RunTime:0.105241s ]
SQL: SHOW COLUMNS FROM `hd_blog_attr` [ RunTime:0.012015s ]
SQL: INSERT INTO `hd_blog_attr`(bid,aid) VALUES(2,1),(2,2) [ RunTime:0.060388s ]
NOTIC: [2] mysql_num_rows() expects parameter 1 to be resource, boolean given E:\wamp\www\myphp\blog\ThinkPHP\Lib\Driver\Db\DbMysql.class.php 第 109 行.
INFO: [ view_parse ] --START--
INFO: ParseTemplate Behavior ::run [ RunTime:0.020123s ]
INFO: [ view_parse ] --END-- [ RunTime:0.020435s ]
INFO: [ view_filter ] --START--
INFO: ContentReplace Behavior ::run [ RunTime:0.001893s ]
INFO: TokenBuild Behavior ::run [ RunTime:0.001775s ]
INFO: WriteHtmlCache Behavior ::run [ RunTime:0.001498s ]
INFO: ShowRuntime Behavior ::run [ RunTime:0.001890s ]
INFO: [ view_filter ] --END-- [ RunTime:0.007753s ]
INFO: [ view_end ] --START--
INFO: ShowPageTrace Behavior ::run [ RunTime:0.002048s ]
INFO: [ view_end ] --END-- [ RunTime:0.002292s ]

[ 2016-01-09T09:47:21+08:00 ] 127.0.0.1 /blog/index.php/Admin/Blog/index
INFO: [ route_check ] --START--
INFO: CheckRoute Behavior ::run [ RunTime:0.001421s ]
INFO: [ route_check ] --END-- [ RunTime:0.001681s ]
INFO: [ app_begin ] --START--
INFO: ReadHtmlCache Behavior ::run [ RunTime:0.002060s ]
INFO: [ app_begin ] --END-- [ RunTime:0.002439s ]
SQL: SHOW COLUMNS FROM `hd_blog` [ RunTime:0.003486s ]
SQL: SELECT `id`,`title`,`content`,`time`,`click`,`cid` FROM `hd_blog`  [ RunTime:0.000222s ]
SQL: SHOW COLUMNS FROM `hd_attr` [ RunTime:0.003038s ]
NOTIC: [8] Undefined index: mapping_order E:\wamp\www\myphp\blog\ThinkPHP\Extend\Model\RelationModel.class.php 第 188 行.
NOTIC: [8] Undefined index: mapping_limit E:\wamp\www\myphp\blog\ThinkPHP\Extend\Model\RelationModel.class.php 第 189 行.
NOTIC: [8] Undefined index: relation_table E:\wamp\www\myphp\blog\ThinkPHP\Extend\Model\RelationModel.class.php 第 191 行.
SQL: SELECT b.* FROM hd_blog_attr AS a, hd_attr AS b WHERE a.aid = b.id AND a. bid='1' [ RunTime:0.000736s ]
SQL: SHOW COLUMNS FROM `hd_cate` [ RunTime:0.006184s ]
SQL: SELECT `name` FROM `hd_cate` WHERE ( 1=1 AND id='0' ) LIMIT 1   [ RunTime:0.000223s ]
NOTIC: [8] Undefined index: mapping_order E:\wamp\www\myphp\blog\ThinkPHP\Extend\Model\RelationModel.class.php 第 188 行.
NOTIC: [8] Undefined index: mapping_limit E:\wamp\www\myphp\blog\ThinkPHP\Extend\Model\RelationModel.class.php 第 189 行.
NOTIC: [8] Undefined index: relation_table E:\wamp\www\myphp\blog\ThinkPHP\Extend\Model\RelationModel.class.php 第 191 行.
SQL: SELECT b.* FROM hd_blog_attr AS a, hd_attr AS b WHERE a.aid = b.id AND a. bid='2' [ RunTime:0.000214s ]
SQL: SELECT `name` FROM `hd_cate` WHERE ( 1=1 AND id='8' ) LIMIT 1   [ RunTime:0.000193s ]
INFO: [ view_parse ] --START--
INFO: ParseTemplate Behavior ::run [ RunTime:0.010448s ]
INFO: [ view_parse ] --END-- [ RunTime:0.010617s ]
INFO: [ view_filter ] --START--
INFO: ContentReplace Behavior ::run [ RunTime:0.001276s ]
INFO: TokenBuild Behavior ::run [ RunTime:0.001005s ]
INFO: WriteHtmlCache Behavior ::run [ RunTime:0.000513s ]
INFO: ShowRuntime Behavior ::run [ RunTime:0.000754s ]
INFO: [ view_filter ] --END-- [ RunTime:0.003853s ]
INFO: [ view_end ] --START--
INFO: ShowPageTrace Behavior ::run [ RunTime:0.001095s ]
INFO: [ view_end ] --END-- [ RunTime:0.001183s ]

[ 2016-01-09T10:02:22+08:00 ] 127.0.0.1 /blog/index.php/Admin
INFO: [ route_check ] --START--
INFO: CheckRoute Behavior ::run [ RunTime:0.001239s ]
INFO: [ route_check ] --END-- [ RunTime:0.001409s ]
INFO: [ app_begin ] --START--
INFO: ReadHtmlCache Behavior ::run [ RunTime:0.001917s ]
INFO: [ app_begin ] --END-- [ RunTime:0.002144s ]
INFO: [ view_parse ] --START--
INFO: ParseTemplate Behavior ::run [ RunTime:0.012601s ]
INFO: [ view_parse ] --END-- [ RunTime:0.012784s ]
INFO: [ view_filter ] --START--
INFO: ContentReplace Behavior ::run [ RunTime:0.000956s ]
INFO: TokenBuild Behavior ::run [ RunTime:0.000905s ]
INFO: WriteHtmlCache Behavior ::run [ RunTime:0.000905s ]
INFO: ShowRuntime Behavior ::run [ RunTime:0.001608s ]
INFO: [ view_filter ] --END-- [ RunTime:0.004853s ]
INFO: [ view_end ] --START--
INFO: ShowPageTrace Behavior ::run [ RunTime:0.001146s ]
INFO: [ view_end ] --END-- [ RunTime:0.001260s ]

[ 2016-01-09T10:02:24+08:00 ] 127.0.0.1 /blog/index.php/Admin/Blog/index
INFO: [ route_check ] --START--
INFO: CheckRoute Behavior ::run [ RunTime:0.001277s ]
INFO: [ route_check ] --END-- [ RunTime:0.001440s ]
INFO: [ app_begin ] --START--
INFO: ReadHtmlCache Behavior ::run [ RunTime:0.001050s ]
INFO: [ app_begin ] --END-- [ RunTime:0.001166s ]
SQL: SHOW COLUMNS FROM `hd_blog` [ RunTime:0.003316s ]
SQL: SELECT `id`,`title`,`content`,`time`,`click`,`cid` FROM `hd_blog` WHERE ( `del` = 0 )  [ RunTime:0.000618s ]
SQL: SHOW COLUMNS FROM `hd_attr` [ RunTime:0.003746s ]
NOTIC: [8] Undefined index: mapping_order E:\wamp\www\myphp\blog\ThinkPHP\Extend\Model\RelationModel.class.php 第 188 行.
NOTIC: [8] Undefined index: mapping_limit E:\wamp\www\myphp\blog\ThinkPHP\Extend\Model\RelationModel.class.php 第 189 行.
NOTIC: [8] Undefined index: relation_table E:\wamp\www\myphp\blog\ThinkPHP\Extend\Model\RelationModel.class.php 第 191 行.
SQL: SELECT b.* FROM hd_blog_attr AS a, hd_attr AS b WHERE a.aid = b.id AND a. bid='1' [ RunTime:0.000287s ]
SQL: SHOW COLUMNS FROM `hd_cate` [ RunTime:0.002730s ]
SQL: SELECT `name` FROM `hd_cate` WHERE ( 1=1 AND id='0' ) LIMIT 1   [ RunTime:0.000163s ]
NOTIC: [8] Undefined index: mapping_order E:\wamp\www\myphp\blog\ThinkPHP\Extend\Model\RelationModel.class.php 第 188 行.
NOTIC: [8] Undefined index: mapping_limit E:\wamp\www\myphp\blog\ThinkPHP\Extend\Model\RelationModel.class.php 第 189 行.
NOTIC: [8] Undefined index: relation_table E:\wamp\www\myphp\blog\ThinkPHP\Extend\Model\RelationModel.class.php 第 191 行.
SQL: SELECT b.* FROM hd_blog_attr AS a, hd_attr AS b WHERE a.aid = b.id AND a. bid='2' [ RunTime:0.000185s ]
SQL: SELECT `name` FROM `hd_cate` WHERE ( 1=1 AND id='8' ) LIMIT 1   [ RunTime:0.000146s ]
INFO: [ view_parse ] --START--
INFO: ParseTemplate Behavior ::run [ RunTime:0.010301s ]
INFO: [ view_parse ] --END-- [ RunTime:0.010416s ]
INFO: [ view_filter ] --START--
INFO: ContentReplace Behavior ::run [ RunTime:0.000600s ]
INFO: TokenBuild Behavior ::run [ RunTime:0.000608s ]
INFO: WriteHtmlCache Behavior ::run [ RunTime:0.000496s ]
INFO: ShowRuntime Behavior ::run [ RunTime:0.000576s ]
INFO: [ view_filter ] --END-- [ RunTime:0.002473s ]
INFO: [ view_end ] --START--
INFO: ShowPageTrace Behavior ::run [ RunTime:0.000665s ]
INFO: [ view_end ] --END-- [ RunTime:0.000752s ]

[ 2016-01-09T10:02:26+08:00 ] 127.0.0.1 /blog/index.php/Admin/Blog/index
INFO: [ route_check ] --START--
INFO: CheckRoute Behavior ::run [ RunTime:0.001819s ]
INFO: [ route_check ] --END-- [ RunTime:0.002130s ]
INFO: [ app_begin ] --START--
INFO: ReadHtmlCache Behavior ::run [ RunTime:0.001386s ]
INFO: [ app_begin ] --END-- [ RunTime:0.001677s ]
SQL: SHOW COLUMNS FROM `hd_blog` [ RunTime:0.003215s ]
SQL: SELECT `id`,`title`,`content`,`time`,`click`,`cid` FROM `hd_blog` WHERE ( `del` = 0 )  [ RunTime:0.000237s ]
SQL: SHOW COLUMNS FROM `hd_attr` [ RunTime:0.004429s ]
NOTIC: [8] Undefined index: mapping_order E:\wamp\www\myphp\blog\ThinkPHP\Extend\Model\RelationModel.class.php 第 188 行.
NOTIC: [8] Undefined index: mapping_limit E:\wamp\www\myphp\blog\ThinkPHP\Extend\Model\RelationModel.class.php 第 189 行.
NOTIC: [8] Undefined index: relation_table E:\wamp\www\myphp\blog\ThinkPHP\Extend\Model\RelationModel.class.php 第 191 行.
SQL: SELECT b.* FROM hd_blog_attr AS a, hd_attr AS b WHERE a.aid = b.id AND a. bid='1' [ RunTime:0.000584s ]
SQL: SHOW COLUMNS FROM `hd_cate` [ RunTime:0.004535s ]
SQL: SELECT `name` FROM `hd_cate` WHERE ( 1=1 AND id='0' ) LIMIT 1   [ RunTime:0.000347s ]
NOTIC: [8] Undefined index: mapping_order E:\wamp\www\myphp\blog\ThinkPHP\Extend\Model\RelationModel.class.php 第 188 行.
NOTIC: [8] Undefined index: mapping_limit E:\wamp\www\myphp\blog\ThinkPHP\Extend\Model\RelationModel.class.php 第 189 行.
NOTIC: [8] Undefined index: relation_table E:\wamp\www\myphp\blog\ThinkPHP\Extend\Model\RelationModel.class.php 第 191 行.
SQL: SELECT b.* FROM hd_blog_attr AS a, hd_attr AS b WHERE a.aid = b.id AND a. bid='2' [ RunTime:0.000250s ]
SQL: SELECT `name` FROM `hd_cate` WHERE ( 1=1 AND id='8' ) LIMIT 1   [ RunTime:0.000151s ]
INFO: [ view_parse ] --START--
INFO: ParseTemplate Behavior ::run [ RunTime:0.011900s ]
INFO: [ view_parse ] --END-- [ RunTime:0.012117s ]
INFO: [ view_filter ] --START--
INFO: ContentReplace Behavior ::run [ RunTime:0.001446s ]
INFO: TokenBuild Behavior ::run [ RunTime:0.001323s ]
INFO: WriteHtmlCache Behavior ::run [ RunTime:0.000678s ]
INFO: ShowRuntime Behavior ::run [ RunTime:0.000847s ]
INFO: [ view_filter ] --END-- [ RunTime:0.004698s ]
INFO: [ view_end ] --START--
INFO: ShowPageTrace Behavior ::run [ RunTime:0.000781s ]
INFO: [ view_end ] --END-- [ RunTime:0.000869s ]

[ 2016-01-09T10:02:42+08:00 ] 127.0.0.1 /blog/index.php/Admin/Blog/toTrach/id/1
INFO: [ route_check ] --START--
INFO: CheckRoute Behavior ::run [ RunTime:0.001573s ]
INFO: [ route_check ] --END-- [ RunTime:0.001788s ]
INFO: [ app_begin ] --START--
INFO: ReadHtmlCache Behavior ::run [ RunTime:0.000694s ]
INFO: [ app_begin ] --END-- [ RunTime:0.000775s ]

[ 2016-01-09T10:02:47+08:00 ] 127.0.0.1 /blog/index.php/Admin/Blog/index
INFO: [ route_check ] --START--
INFO: CheckRoute Behavior ::run [ RunTime:0.001445s ]
INFO: [ route_check ] --END-- [ RunTime:0.001679s ]
INFO: [ app_begin ] --START--
INFO: ReadHtmlCache Behavior ::run [ RunTime:0.000697s ]
INFO: [ app_begin ] --END-- [ RunTime:0.000809s ]
SQL: SHOW COLUMNS FROM `hd_blog` [ RunTime:0.004017s ]
SQL: SELECT `id`,`title`,`content`,`time`,`click`,`cid` FROM `hd_blog` WHERE ( `del` = 0 )  [ RunTime:0.001692s ]
SQL: SHOW COLUMNS FROM `hd_attr` [ RunTime:0.006138s ]
NOTIC: [8] Undefined index: mapping_order E:\wamp\www\myphp\blog\ThinkPHP\Extend\Model\RelationModel.class.php 第 188 行.
NOTIC: [8] Undefined index: mapping_limit E:\wamp\www\myphp\blog\ThinkPHP\Extend\Model\RelationModel.class.php 第 189 行.
NOTIC: [8] Undefined index: relation_table E:\wamp\www\myphp\blog\ThinkPHP\Extend\Model\RelationModel.class.php 第 191 行.
SQL: SELECT b.* FROM hd_blog_attr AS a, hd_attr AS b WHERE a.aid = b.id AND a. bid='1' [ RunTime:0.000464s ]
SQL: SHOW COLUMNS FROM `hd_cate` [ RunTime:0.004320s ]
SQL: SELECT `name` FROM `hd_cate` WHERE ( 1=1 AND id='0' ) LIMIT 1   [ RunTime:0.000222s ]
NOTIC: [8] Undefined index: mapping_order E:\wamp\www\myphp\blog\ThinkPHP\Extend\Model\RelationModel.class.php 第 188 行.
NOTIC: [8] Undefined index: mapping_limit E:\wamp\www\myphp\blog\ThinkPHP\Extend\Model\RelationModel.class.php 第 189 行.
NOTIC: [8] Undefined index: relation_table E:\wamp\www\myphp\blog\ThinkPHP\Extend\Model\RelationModel.class.php 第 191 行.
SQL: SELECT b.* FROM hd_blog_attr AS a, hd_attr AS b WHERE a.aid = b.id AND a. bid='2' [ RunTime:0.000192s ]
SQL: SELECT `name` FROM `hd_cate` WHERE ( 1=1 AND id='8' ) LIMIT 1   [ RunTime:0.000125s ]
INFO: [ view_parse ] --START--
INFO: ParseTemplate Behavior ::run [ RunTime:0.009079s ]
INFO: [ view_parse ] --END-- [ RunTime:0.009191s ]
INFO: [ view_filter ] --START--
INFO: ContentReplace Behavior ::run [ RunTime:0.000551s ]
INFO: TokenBuild Behavior ::run [ RunTime:0.001076s ]
INFO: WriteHtmlCache Behavior ::run [ RunTime:0.000654s ]
INFO: ShowRuntime Behavior ::run [ RunTime:0.001967s ]
INFO: [ view_filter ] --END-- [ RunTime:0.004553s ]
INFO: [ view_end ] --START--
INFO: ShowPageTrace Behavior ::run [ RunTime:0.001431s ]
INFO: [ view_end ] --END-- [ RunTime:0.001545s ]

[ 2016-01-09T10:02:48+08:00 ] 127.0.0.1 /blog/index.php/Admin/Blog/toTrach/id/2
INFO: [ route_check ] --START--
INFO: CheckRoute Behavior ::run [ RunTime:0.001243s ]
INFO: [ route_check ] --END-- [ RunTime:0.001412s ]
INFO: [ app_begin ] --START--
INFO: ReadHtmlCache Behavior ::run [ RunTime:0.000789s ]
INFO: [ app_begin ] --END-- [ RunTime:0.000880s ]

[ 2016-01-09T10:02:50+08:00 ] 127.0.0.1 /blog/index.php/Admin/Blog/toTrach/id/2
INFO: [ route_check ] --START--
INFO: CheckRoute Behavior ::run [ RunTime:0.000767s ]
INFO: [ route_check ] --END-- [ RunTime:0.000853s ]
INFO: [ app_begin ] --START--
INFO: ReadHtmlCache Behavior ::run [ RunTime:0.001820s ]
INFO: [ app_begin ] --END-- [ RunTime:0.002044s ]

[ 2016-01-09T10:02:51+08:00 ] 127.0.0.1 /blog/index.php/Admin/Blog/toTrach/id/2
INFO: [ route_check ] --START--
INFO: CheckRoute Behavior ::run [ RunTime:0.001017s ]
INFO: [ route_check ] --END-- [ RunTime:0.001120s ]
INFO: [ app_begin ] --START--
INFO: ReadHtmlCache Behavior ::run [ RunTime:0.002785s ]
INFO: [ app_begin ] --END-- [ RunTime:0.003217s ]

[ 2016-01-09T10:02:51+08:00 ] 127.0.0.1 /blog/index.php/Admin/Blog/index
INFO: [ route_check ] --START--
INFO: CheckRoute Behavior ::run [ RunTime:0.001133s ]
INFO: [ route_check ] --END-- [ RunTime:0.001436s ]
INFO: [ app_begin ] --START--
INFO: ReadHtmlCache Behavior ::run [ RunTime:0.000642s ]
INFO: [ app_begin ] --END-- [ RunTime:0.000725s ]
SQL: SHOW COLUMNS FROM `hd_blog` [ RunTime:0.008498s ]
SQL: SELECT `id`,`title`,`content`,`time`,`click`,`cid` FROM `hd_blog` WHERE ( `del` = 0 )  [ RunTime:0.000530s ]
SQL: SHOW COLUMNS FROM `hd_attr` [ RunTime:0.004759s ]
NOTIC: [8] Undefined index: mapping_order E:\wamp\www\myphp\blog\ThinkPHP\Extend\Model\RelationModel.class.php 第 188 行.
NOTIC: [8] Undefined index: mapping_limit E:\wamp\www\myphp\blog\ThinkPHP\Extend\Model\RelationModel.class.php 第 189 行.
NOTIC: [8] Undefined index: relation_table E:\wamp\www\myphp\blog\ThinkPHP\Extend\Model\RelationModel.class.php 第 191 行.
SQL: SELECT b.* FROM hd_blog_attr AS a, hd_attr AS b WHERE a.aid = b.id AND a. bid='1' [ RunTime:0.000572s ]
SQL: SHOW COLUMNS FROM `hd_cate` [ RunTime:0.008862s ]
SQL: SELECT `name` FROM `hd_cate` WHERE ( 1=1 AND id='0' ) LIMIT 1   [ RunTime:0.001501s ]
NOTIC: [8] Undefined index: mapping_order E:\wamp\www\myphp\blog\ThinkPHP\Extend\Model\RelationModel.class.php 第 188 行.
NOTIC: [8] Undefined index: mapping_limit E:\wamp\www\myphp\blog\ThinkPHP\Extend\Model\RelationModel.class.php 第 189 行.
NOTIC: [8] Undefined index: relation_table E:\wamp\www\myphp\blog\ThinkPHP\Extend\Model\RelationModel.class.php 第 191 行.
SQL: SELECT b.* FROM hd_blog_attr AS a, hd_attr AS b WHERE a.aid = b.id AND a. bid='2' [ RunTime:0.000748s ]
SQL: SELECT `name` FROM `hd_cate` WHERE ( 1=1 AND id='8' ) LIMIT 1   [ RunTime:0.000656s ]
INFO: [ view_parse ] --START--
INFO: ParseTemplate Behavior ::run [ RunTime:0.020046s ]
INFO: [ view_parse ] --END-- [ RunTime:0.020667s ]
INFO: [ view_filter ] --START--
INFO: ContentReplace Behavior ::run [ RunTime:0.001676s ]
INFO: TokenBuild Behavior ::run [ RunTime:0.000818s ]
INFO: WriteHtmlCache Behavior ::run [ RunTime:0.001594s ]
INFO: ShowRuntime Behavior ::run [ RunTime:0.001885s ]
INFO: [ view_filter ] --END-- [ RunTime:0.006835s ]
INFO: [ view_end ] --START--
INFO: ShowPageTrace Behavior ::run [ RunTime:0.003237s ]
INFO: [ view_end ] --END-- [ RunTime:0.003503s ]

[ 2016-01-09T10:42:25+08:00 ] 127.0.0.1 /blog/index.php/Admin/Blog/index
INFO: [ route_check ] --START--
INFO: CheckRoute Behavior ::run [ RunTime:0.000990s ]
INFO: [ route_check ] --END-- [ RunTime:0.001077s ]
INFO: [ app_begin ] --START--
INFO: ReadHtmlCache Behavior ::run [ RunTime:0.000606s ]
INFO: [ app_begin ] --END-- [ RunTime:0.000675s ]

[ 2016-01-09T10:42:51+08:00 ] 127.0.0.1 /blog/index.php/Admin/Blog/index
INFO: [ route_check ] --START--
INFO: CheckRoute Behavior ::run [ RunTime:0.000708s ]
INFO: [ route_check ] --END-- [ RunTime:0.000787s ]
INFO: [ app_begin ] --START--
INFO: ReadHtmlCache Behavior ::run [ RunTime:0.000601s ]
INFO: [ app_begin ] --END-- [ RunTime:0.000670s ]
SQL: SHOW COLUMNS FROM `hd_blog` [ RunTime:0.003052s ]
SQL: SELECT `id`,`title`,`content`,`time`,`click`,`cid` FROM `hd_blog` WHERE ( `del` = 0 )  [ RunTime:0.000219s ]
SQL: SHOW COLUMNS FROM `hd_attr` [ RunTime:0.002835s ]
NOTIC: [8] Undefined index: mapping_order E:\wamp\www\myphp\blog\ThinkPHP\Extend\Model\RelationModel.class.php 第 188 行.
NOTIC: [8] Undefined index: mapping_limit E:\wamp\www\myphp\blog\ThinkPHP\Extend\Model\RelationModel.class.php 第 189 行.
NOTIC: [8] Undefined index: relation_table E:\wamp\www\myphp\blog\ThinkPHP\Extend\Model\RelationModel.class.php 第 191 行.
SQL: SELECT b.* FROM hd_blog_attr AS a, hd_attr AS b WHERE a.aid = b.id AND a. bid='1' [ RunTime:0.000280s ]
SQL: SHOW COLUMNS FROM `hd_cate` [ RunTime:0.002683s ]
SQL: SELECT `name` FROM `hd_cate` WHERE ( 1=1 AND id='0' ) LIMIT 1   [ RunTime:0.000181s ]
NOTIC: [8] Undefined index: mapping_order E:\wamp\www\myphp\blog\ThinkPHP\Extend\Model\RelationModel.class.php 第 188 行.
NOTIC: [8] Undefined index: mapping_limit E:\wamp\www\myphp\blog\ThinkPHP\Extend\Model\RelationModel.class.php 第 189 行.
NOTIC: [8] Undefined index: relation_table E:\wamp\www\myphp\blog\ThinkPHP\Extend\Model\RelationModel.class.php 第 191 行.
SQL: SELECT b.* FROM hd_blog_attr AS a, hd_attr AS b WHERE a.aid = b.id AND a. bid='2' [ RunTime:0.000215s ]
SQL: SELECT `name` FROM `hd_cate` WHERE ( 1=1 AND id='8' ) LIMIT 1   [ RunTime:0.000178s ]
INFO: [ view_parse ] --START--
INFO: ParseTemplate Behavior ::run [ RunTime:0.009309s ]
INFO: [ view_parse ] --END-- [ RunTime:0.009427s ]
INFO: [ view_filter ] --START--
INFO: ContentReplace Behavior ::run [ RunTime:0.000615s ]
INFO: TokenBuild Behavior ::run [ RunTime:0.000707s ]
INFO: WriteHtmlCache Behavior ::run [ RunTime:0.000450s ]
INFO: ShowRuntime Behavior ::run [ RunTime:0.000569s ]
INFO: [ view_filter ] --END-- [ RunTime:0.002552s ]
INFO: [ view_end ] --START--
INFO: ShowPageTrace Behavior ::run [ RunTime:0.000621s ]
INFO: [ view_end ] --END-- [ RunTime:0.000684s ]

[ 2016-01-09T10:42:52+08:00 ] 127.0.0.1 /blog/index.php/Admin/Blog/toTrach/id/1
INFO: [ route_check ] --START--
INFO: CheckRoute Behavior ::run [ RunTime:0.000810s ]
INFO: [ route_check ] --END-- [ RunTime:0.000904s ]
INFO: [ app_begin ] --START--
INFO: ReadHtmlCache Behavior ::run [ RunTime:0.000629s ]
INFO: [ app_begin ] --END-- [ RunTime:0.000699s ]
SQL: SHOW COLUMNS FROM `hd_blog` [ RunTime:0.004325s ]
NOTIC: [8] Undefined variable: upload E:\wamp\www\myphp\blog\APP\Modules\Admin\Action\BlogAction.class.php 第 38 行.
INFO: [ view_parse ] --START--
INFO: ParseTemplate Behavior ::run [ RunTime:0.006380s ]
INFO: [ view_parse ] --END-- [ RunTime:0.006519s ]
INFO: [ view_filter ] --START--
INFO: ContentReplace Behavior ::run [ RunTime:0.000691s ]
INFO: TokenBuild Behavior ::run [ RunTime:0.000581s ]
INFO: WriteHtmlCache Behavior ::run [ RunTime:0.000482s ]
INFO: ShowRuntime Behavior ::run [ RunTime:0.000569s ]
INFO: [ view_filter ] --END-- [ RunTime:0.002562s ]
INFO: [ view_end ] --START--
INFO: ShowPageTrace Behavior ::run [ RunTime:0.000628s ]
INFO: [ view_end ] --END-- [ RunTime:0.000702s ]

[ 2016-01-09T10:43:23+08:00 ] 127.0.0.1 /blog/index.php/Admin/Blog/index
INFO: [ route_check ] --START--
INFO: CheckRoute Behavior ::run [ RunTime:0.001116s ]
INFO: [ route_check ] --END-- [ RunTime:0.001303s ]
INFO: [ app_begin ] --START--
INFO: ReadHtmlCache Behavior ::run [ RunTime:0.000704s ]
INFO: [ app_begin ] --END-- [ RunTime:0.000781s ]
SQL: SHOW COLUMNS FROM `hd_blog` [ RunTime:0.002807s ]
SQL: SELECT `id`,`title`,`content`,`time`,`click`,`cid` FROM `hd_blog` WHERE ( `del` = 0 )  [ RunTime:0.000221s ]
SQL: SHOW COLUMNS FROM `hd_attr` [ RunTime:0.002703s ]
NOTIC: [8] Undefined index: mapping_order E:\wamp\www\myphp\blog\ThinkPHP\Extend\Model\RelationModel.class.php 第 188 行.
NOTIC: [8] Undefined index: mapping_limit E:\wamp\www\myphp\blog\ThinkPHP\Extend\Model\RelationModel.class.php 第 189 行.
NOTIC: [8] Undefined index: relation_table E:\wamp\www\myphp\blog\ThinkPHP\Extend\Model\RelationModel.class.php 第 191 行.
SQL: SELECT b.* FROM hd_blog_attr AS a, hd_attr AS b WHERE a.aid = b.id AND a. bid='1' [ RunTime:0.000167s ]
SQL: SHOW COLUMNS FROM `hd_cate` [ RunTime:0.004425s ]
SQL: SELECT `name` FROM `hd_cate` WHERE ( 1=1 AND id='0' ) LIMIT 1   [ RunTime:0.000437s ]
NOTIC: [8] Undefined index: mapping_order E:\wamp\www\myphp\blog\ThinkPHP\Extend\Model\RelationModel.class.php 第 188 行.
NOTIC: [8] Undefined index: mapping_limit E:\wamp\www\myphp\blog\ThinkPHP\Extend\Model\RelationModel.class.php 第 189 行.
NOTIC: [8] Undefined index: relation_table E:\wamp\www\myphp\blog\ThinkPHP\Extend\Model\RelationModel.class.php 第 191 行.
SQL: SELECT b.* FROM hd_blog_attr AS a, hd_attr AS b WHERE a.aid = b.id AND a. bid='2' [ RunTime:0.000382s ]
SQL: SELECT `name` FROM `hd_cate` WHERE ( 1=1 AND id='8' ) LIMIT 1   [ RunTime:0.000210s ]
INFO: [ view_parse ] --START--
INFO: ParseTemplate Behavior ::run [ RunTime:0.009256s ]
INFO: [ view_parse ] --END-- [ RunTime:0.009393s ]
INFO: [ view_filter ] --START--
INFO: ContentReplace Behavior ::run [ RunTime:0.001076s ]
INFO: TokenBuild Behavior ::run [ RunTime:0.000984s ]
INFO: WriteHtmlCache Behavior ::run [ RunTime:0.000641s ]
INFO: ShowRuntime Behavior ::run [ RunTime:0.000934s ]
INFO: [ view_filter ] --END-- [ RunTime:0.003940s ]
INFO: [ view_end ] --START--
INFO: ShowPageTrace Behavior ::run [ RunTime:0.001010s ]
INFO: [ view_end ] --END-- [ RunTime:0.001094s ]

[ 2016-01-09T10:43:24+08:00 ] 127.0.0.1 /blog/index.php/Admin/Blog/index
INFO: [ route_check ] --START--
INFO: CheckRoute Behavior ::run [ RunTime:0.001968s ]
INFO: [ route_check ] --END-- [ RunTime:0.002120s ]
INFO: [ app_begin ] --START--
INFO: ReadHtmlCache Behavior ::run [ RunTime:0.000705s ]
INFO: [ app_begin ] --END-- [ RunTime:0.000788s ]
SQL: SHOW COLUMNS FROM `hd_blog` [ RunTime:0.002942s ]
SQL: SELECT `id`,`title`,`content`,`time`,`click`,`cid` FROM `hd_blog` WHERE ( `del` = 0 )  [ RunTime:0.000207s ]
SQL: SHOW COLUMNS FROM `hd_attr` [ RunTime:0.002665s ]
NOTIC: [8] Undefined index: mapping_order E:\wamp\www\myphp\blog\ThinkPHP\Extend\Model\RelationModel.class.php 第 188 行.
NOTIC: [8] Undefined index: mapping_limit E:\wamp\www\myphp\blog\ThinkPHP\Extend\Model\RelationModel.class.php 第 189 行.
NOTIC: [8] Undefined index: relation_table E:\wamp\www\myphp\blog\ThinkPHP\Extend\Model\RelationModel.class.php 第 191 行.
SQL: SELECT b.* FROM hd_blog_attr AS a, hd_attr AS b WHERE a.aid = b.id AND a. bid='1' [ RunTime:0.000175s ]
SQL: SHOW COLUMNS FROM `hd_cate` [ RunTime:0.002703s ]
SQL: SELECT `name` FROM `hd_cate` WHERE ( 1=1 AND id='0' ) LIMIT 1   [ RunTime:0.000146s ]
NOTIC: [8] Undefined index: mapping_order E:\wamp\www\myphp\blog\ThinkPHP\Extend\Model\RelationModel.class.php 第 188 行.
NOTIC: [8] Undefined index: mapping_limit E:\wamp\www\myphp\blog\ThinkPHP\Extend\Model\RelationModel.class.php 第 189 行.
NOTIC: [8] Undefined index: relation_table E:\wamp\www\myphp\blog\ThinkPHP\Extend\Model\RelationModel.class.php 第 191 行.
SQL: SELECT b.* FROM hd_blog_attr AS a, hd_attr AS b WHERE a.aid = b.id AND a. bid='2' [ RunTime:0.000184s ]
SQL: SELECT `name` FROM `hd_cate` WHERE ( 1=1 AND id='8' ) LIMIT 1   [ RunTime:0.000144s ]
INFO: [ view_parse ] --START--
INFO: ParseTemplate Behavior ::run [ RunTime:0.010248s ]
INFO: [ view_parse ] --END-- [ RunTime:0.010384s ]
INFO: [ view_filter ] --START--
INFO: ContentReplace Behavior ::run [ RunTime:0.000621s ]
INFO: TokenBuild Behavior ::run [ RunTime:0.000559s ]
INFO: WriteHtmlCache Behavior ::run [ RunTime:0.000460s ]
INFO: ShowRuntime Behavior ::run [ RunTime:0.000591s ]
INFO: [ view_filter ] --END-- [ RunTime:0.002419s ]
INFO: [ view_end ] --START--
INFO: ShowPageTrace Behavior ::run [ RunTime:0.000664s ]
INFO: [ view_end ] --END-- [ RunTime:0.000725s ]

[ 2016-01-09T10:43:24+08:00 ] 127.0.0.1 /blog/index.php/Admin/Blog/index
INFO: [ route_check ] --START--
INFO: CheckRoute Behavior ::run [ RunTime:0.000806s ]
INFO: [ route_check ] --END-- [ RunTime:0.000895s ]
INFO: [ app_begin ] --START--
INFO: ReadHtmlCache Behavior ::run [ RunTime:0.000693s ]
INFO: [ app_begin ] --END-- [ RunTime:0.000773s ]
SQL: SHOW COLUMNS FROM `hd_blog` [ RunTime:0.002636s ]
SQL: SELECT `id`,`title`,`content`,`time`,`click`,`cid` FROM `hd_blog` WHERE ( `del` = 0 )  [ RunTime:0.000179s ]
SQL: SHOW COLUMNS FROM `hd_attr` [ RunTime:0.002510s ]
NOTIC: [8] Undefined index: mapping_order E:\wamp\www\myphp\blog\ThinkPHP\Extend\Model\RelationModel.class.php 第 188 行.
NOTIC: [8] Undefined index: mapping_limit E:\wamp\www\myphp\blog\ThinkPHP\Extend\Model\RelationModel.class.php 第 189 行.
NOTIC: [8] Undefined index: relation_table E:\wamp\www\myphp\blog\ThinkPHP\Extend\Model\RelationModel.class.php 第 191 行.
SQL: SELECT b.* FROM hd_blog_attr AS a, hd_attr AS b WHERE a.aid = b.id AND a. bid='1' [ RunTime:0.000209s ]
SQL: SHOW COLUMNS FROM `hd_cate` [ RunTime:0.002514s ]
SQL: SELECT `name` FROM `hd_cate` WHERE ( 1=1 AND id='0' ) LIMIT 1   [ RunTime:0.000160s ]
NOTIC: [8] Undefined index: mapping_order E:\wamp\www\myphp\blog\ThinkPHP\Extend\Model\RelationModel.class.php 第 188 行.
NOTIC: [8] Undefined index: mapping_limit E:\wamp\www\myphp\blog\ThinkPHP\Extend\Model\RelationModel.class.php 第 189 行.
NOTIC: [8] Undefined index: relation_table E:\wamp\www\myphp\blog\ThinkPHP\Extend\Model\RelationModel.class.php 第 191 行.
SQL: SELECT b.* FROM hd_blog_attr AS a, hd_attr AS b WHERE a.aid = b.id AND a. bid='2' [ RunTime:0.000202s ]
SQL: SELECT `name` FROM `hd_cate` WHERE ( 1=1 AND id='8' ) LIMIT 1   [ RunTime:0.000159s ]
INFO: [ view_parse ] --START--
INFO: ParseTemplate Behavior ::run [ RunTime:0.008967s ]
INFO: [ view_parse ] --END-- [ RunTime:0.009085s ]
INFO: [ view_filter ] --START--
INFO: ContentReplace Behavior ::run [ RunTime:0.000513s ]
INFO: TokenBuild Behavior ::run [ RunTime:0.000514s ]
INFO: WriteHtmlCache Behavior ::run [ RunTime:0.000516s ]
INFO: ShowRuntime Behavior ::run [ RunTime:0.000572s ]
INFO: [ view_filter ] --END-- [ RunTime:0.002326s ]
INFO: [ view_end ] --START--
INFO: ShowPageTrace Behavior ::run [ RunTime:0.000641s ]
INFO: [ view_end ] --END-- [ RunTime:0.000704s ]

[ 2016-01-09T10:43:25+08:00 ] 127.0.0.1 /blog/index.php/Admin/Blog/toTrach/id/1
INFO: [ route_check ] --START--
INFO: CheckRoute Behavior ::run [ RunTime:0.000761s ]
INFO: [ route_check ] --END-- [ RunTime:0.000846s ]
INFO: [ app_begin ] --START--
INFO: ReadHtmlCache Behavior ::run [ RunTime:0.000706s ]
INFO: [ app_begin ] --END-- [ RunTime:0.000778s ]
SQL: SHOW COLUMNS FROM `hd_blog` [ RunTime:0.002915s ]
SQL: UPDATE `hd_blog` SET `del`=1 WHERE ( `id` = 1 ) [ RunTime:0.053811s ]
INFO: [ view_parse ] --START--
INFO: ParseTemplate Behavior ::run [ RunTime:0.006802s ]
INFO: [ view_parse ] --END-- [ RunTime:0.006909s ]
INFO: [ view_filter ] --START--
INFO: ContentReplace Behavior ::run [ RunTime:0.000581s ]
INFO: TokenBuild Behavior ::run [ RunTime:0.000578s ]
INFO: WriteHtmlCache Behavior ::run [ RunTime:0.000496s ]
INFO: ShowRuntime Behavior ::run [ RunTime:0.000634s ]
INFO: [ view_filter ] --END-- [ RunTime:0.002520s ]
INFO: [ view_end ] --START--
INFO: ShowPageTrace Behavior ::run [ RunTime:0.000687s ]
INFO: [ view_end ] --END-- [ RunTime:0.000768s ]

[ 2016-01-09T10:43:26+08:00 ] 127.0.0.1 /blog/index.php/Admin/Blog/index
INFO: [ route_check ] --START--
INFO: CheckRoute Behavior ::run [ RunTime:0.001186s ]
INFO: [ route_check ] --END-- [ RunTime:0.001312s ]
INFO: [ app_begin ] --START--
INFO: ReadHtmlCache Behavior ::run [ RunTime:0.000881s ]
INFO: [ app_begin ] --END-- [ RunTime:0.000984s ]
SQL: SHOW COLUMNS FROM `hd_blog` [ RunTime:0.002976s ]
SQL: SELECT `id`,`title`,`content`,`time`,`click`,`cid` FROM `hd_blog` WHERE ( `del` = 0 )  [ RunTime:0.000208s ]
SQL: SHOW COLUMNS FROM `hd_attr` [ RunTime:0.002572s ]
NOTIC: [8] Undefined index: mapping_order E:\wamp\www\myphp\blog\ThinkPHP\Extend\Model\RelationModel.class.php 第 188 行.
NOTIC: [8] Undefined index: mapping_limit E:\wamp\www\myphp\blog\ThinkPHP\Extend\Model\RelationModel.class.php 第 189 行.
NOTIC: [8] Undefined index: relation_table E:\wamp\www\myphp\blog\ThinkPHP\Extend\Model\RelationModel.class.php 第 191 行.
SQL: SELECT b.* FROM hd_blog_attr AS a, hd_attr AS b WHERE a.aid = b.id AND a. bid='2' [ RunTime:0.000187s ]
SQL: SHOW COLUMNS FROM `hd_cate` [ RunTime:0.002492s ]
SQL: SELECT `name` FROM `hd_cate` WHERE ( 1=1 AND id='8' ) LIMIT 1   [ RunTime:0.000150s ]
INFO: [ view_parse ] --START--
INFO: ParseTemplate Behavior ::run [ RunTime:0.008875s ]
INFO: [ view_parse ] --END-- [ RunTime:0.008999s ]
INFO: [ view_filter ] --START--
INFO: ContentReplace Behavior ::run [ RunTime:0.000560s ]
INFO: TokenBuild Behavior ::run [ RunTime:0.000532s ]
INFO: WriteHtmlCache Behavior ::run [ RunTime:0.000458s ]
INFO: ShowRuntime Behavior ::run [ RunTime:0.000578s ]
INFO: [ view_filter ] --END-- [ RunTime:0.002312s ]
INFO: [ view_end ] --START--
INFO: ShowPageTrace Behavior ::run [ RunTime:0.000614s ]
INFO: [ view_end ] --END-- [ RunTime:0.000674s ]

[ 2016-01-09T11:07:14+08:00 ] 127.0.0.1 /blog/index.php/Admin/Blog/index
INFO: [ route_check ] --START--
INFO: CheckRoute Behavior ::run [ RunTime:0.001062s ]
INFO: [ route_check ] --END-- [ RunTime:0.001156s ]
INFO: [ app_begin ] --START--
INFO: ReadHtmlCache Behavior ::run [ RunTime:0.000707s ]
INFO: [ app_begin ] --END-- [ RunTime:0.000794s ]
SQL: SHOW COLUMNS FROM `hd_blog` [ RunTime:0.003269s ]
SQL: SELECT `id`,`title`,`content`,`time`,`click`,`cid` FROM `hd_blog` WHERE ( `del` = 0 )  [ RunTime:0.000251s ]
SQL: SHOW COLUMNS FROM `hd_attr` [ RunTime:0.002795s ]
NOTIC: [8] Undefined index: mapping_order E:\wamp\www\myphp\blog\ThinkPHP\Extend\Model\RelationModel.class.php 第 188 行.
NOTIC: [8] Undefined index: mapping_limit E:\wamp\www\myphp\blog\ThinkPHP\Extend\Model\RelationModel.class.php 第 189 行.
NOTIC: [8] Undefined index: relation_table E:\wamp\www\myphp\blog\ThinkPHP\Extend\Model\RelationModel.class.php 第 191 行.
SQL: SELECT b.* FROM hd_blog_attr AS a, hd_attr AS b WHERE a.aid = b.id AND a. bid='2' [ RunTime:0.000265s ]
SQL: SHOW COLUMNS FROM `hd_cate` [ RunTime:0.002752s ]
SQL: SELECT `name` FROM `hd_cate` WHERE ( 1=1 AND id='8' ) LIMIT 1   [ RunTime:0.000178s ]
INFO: [ view_parse ] --START--
INFO: ParseTemplate Behavior ::run [ RunTime:0.009359s ]
INFO: [ view_parse ] --END-- [ RunTime:0.009481s ]
INFO: [ view_filter ] --START--
INFO: ContentReplace Behavior ::run [ RunTime:0.000601s ]
INFO: TokenBuild Behavior ::run [ RunTime:0.000598s ]
INFO: WriteHtmlCache Behavior ::run [ RunTime:0.000512s ]
INFO: ShowRuntime Behavior ::run [ RunTime:0.000659s ]
INFO: [ view_filter ] --END-- [ RunTime:0.002567s ]
INFO: [ view_end ] --START--
INFO: ShowPageTrace Behavior ::run [ RunTime:0.000729s ]
INFO: [ view_end ] --END-- [ RunTime:0.000798s ]

[ 2016-01-09T11:07:15+08:00 ] 127.0.0.1 /blog/index.php/Admin/Blog/index
INFO: [ route_check ] --START--
INFO: CheckRoute Behavior ::run [ RunTime:0.000778s ]
INFO: [ route_check ] --END-- [ RunTime:0.000864s ]
INFO: [ app_begin ] --START--
INFO: ReadHtmlCache Behavior ::run [ RunTime:0.000661s ]
INFO: [ app_begin ] --END-- [ RunTime:0.000732s ]
SQL: SHOW COLUMNS FROM `hd_blog` [ RunTime:0.004603s ]
SQL: SELECT `id`,`title`,`content`,`time`,`click`,`cid` FROM `hd_blog` WHERE ( `del` = 0 )  [ RunTime:0.000486s ]
SQL: SHOW COLUMNS FROM `hd_attr` [ RunTime:0.002643s ]
NOTIC: [8] Undefined index: mapping_order E:\wamp\www\myphp\blog\ThinkPHP\Extend\Model\RelationModel.class.php 第 188 行.
NOTIC: [8] Undefined index: mapping_limit E:\wamp\www\myphp\blog\ThinkPHP\Extend\Model\RelationModel.class.php 第 189 行.
NOTIC: [8] Undefined index: relation_table E:\wamp\www\myphp\blog\ThinkPHP\Extend\Model\RelationModel.class.php 第 191 行.
SQL: SELECT b.* FROM hd_blog_attr AS a, hd_attr AS b WHERE a.aid = b.id AND a. bid='2' [ RunTime:0.000203s ]
SQL: SHOW COLUMNS FROM `hd_cate` [ RunTime:0.002661s ]
SQL: SELECT `name` FROM `hd_cate` WHERE ( 1=1 AND id='8' ) LIMIT 1   [ RunTime:0.000137s ]
INFO: [ view_parse ] --START--
INFO: ParseTemplate Behavior ::run [ RunTime:0.009307s ]
INFO: [ view_parse ] --END-- [ RunTime:0.009425s ]
INFO: [ view_filter ] --START--
INFO: ContentReplace Behavior ::run [ RunTime:0.000603s ]
INFO: TokenBuild Behavior ::run [ RunTime:0.000544s ]
INFO: WriteHtmlCache Behavior ::run [ RunTime:0.000451s ]
INFO: ShowRuntime Behavior ::run [ RunTime:0.000596s ]
INFO: [ view_filter ] --END-- [ RunTime:0.002366s ]
INFO: [ view_end ] --START--
INFO: ShowPageTrace Behavior ::run [ RunTime:0.000653s ]
INFO: [ view_end ] --END-- [ RunTime:0.000716s ]

[ 2016-01-09T11:07:24+08:00 ] 127.0.0.1 /blog/index.php/Admin
INFO: [ route_check ] --START--
INFO: CheckRoute Behavior ::run [ RunTime:0.000766s ]
INFO: [ route_check ] --END-- [ RunTime:0.000850s ]
INFO: [ app_begin ] --START--
INFO: ReadHtmlCache Behavior ::run [ RunTime:0.000627s ]
INFO: [ app_begin ] --END-- [ RunTime:0.000696s ]
INFO: [ view_parse ] --START--
INFO: ParseTemplate Behavior ::run [ RunTime:0.008348s ]
INFO: [ view_parse ] --END-- [ RunTime:0.008433s ]
INFO: [ view_filter ] --START--
INFO: ContentReplace Behavior ::run [ RunTime:0.000685s ]
INFO: TokenBuild Behavior ::run [ RunTime:0.000626s ]
INFO: WriteHtmlCache Behavior ::run [ RunTime:0.000561s ]
INFO: ShowRuntime Behavior ::run [ RunTime:0.000734s ]
INFO: [ view_filter ] --END-- [ RunTime:0.002815s ]
INFO: [ view_end ] --START--
INFO: ShowPageTrace Behavior ::run [ RunTime:0.000674s ]
INFO: [ view_end ] --END-- [ RunTime:0.000764s ]

[ 2016-01-09T11:07:28+08:00 ] 127.0.0.1 /blog/index.php/Admin/Blog/trach
INFO: [ route_check ] --START--
INFO: CheckRoute Behavior ::run [ RunTime:0.000702s ]
INFO: [ route_check ] --END-- [ RunTime:0.000780s ]
INFO: [ app_begin ] --START--
INFO: ReadHtmlCache Behavior ::run [ RunTime:0.000625s ]
INFO: [ app_begin ] --END-- [ RunTime:0.000693s ]
SQL: SHOW COLUMNS FROM `hd_blog` [ RunTime:0.002859s ]
SQL: SELECT `id`,`title`,`content`,`time`,`click`,`cid` FROM `hd_blog` WHERE ( `del` = 1 )  [ RunTime:0.000202s ]
SQL: SHOW COLUMNS FROM `hd_attr` [ RunTime:0.002514s ]
NOTIC: [8] Undefined index: mapping_order E:\wamp\www\myphp\blog\ThinkPHP\Extend\Model\RelationModel.class.php 第 188 行.
NOTIC: [8] Undefined index: mapping_limit E:\wamp\www\myphp\blog\ThinkPHP\Extend\Model\RelationModel.class.php 第 189 行.
NOTIC: [8] Undefined index: relation_table E:\wamp\www\myphp\blog\ThinkPHP\Extend\Model\RelationModel.class.php 第 191 行.
SQL: SELECT b.* FROM hd_blog_attr AS a, hd_attr AS b WHERE a.aid = b.id AND a. bid='1' [ RunTime:0.000215s ]
SQL: SHOW COLUMNS FROM `hd_cate` [ RunTime:0.003175s ]
SQL: SELECT `name` FROM `hd_cate` WHERE ( 1=1 AND id='0' ) LIMIT 1   [ RunTime:0.000224s ]

[ 2016-01-09T11:29:14+08:00 ] 127.0.0.1 /blog/index.php/Admin/Blog/trach
INFO: [ route_check ] --START--
INFO: CheckRoute Behavior ::run [ RunTime:0.001083s ]
INFO: [ route_check ] --END-- [ RunTime:0.001222s ]
INFO: [ app_begin ] --START--
INFO: ReadHtmlCache Behavior ::run [ RunTime:0.000639s ]
INFO: [ app_begin ] --END-- [ RunTime:0.000726s ]
SQL: SHOW COLUMNS FROM `hd_blog` [ RunTime:0.003686s ]
ERR: Model:getBlogs您所请求的方法不存在！

[ 2016-01-09T11:29:14+08:00 ] 127.0.0.1 /blog/index.php/Admin/Blog/trach
INFO: [ route_check ] --START--
INFO: CheckRoute Behavior ::run [ RunTime:0.000771s ]
INFO: [ route_check ] --END-- [ RunTime:0.000877s ]
INFO: [ app_begin ] --START--
INFO: ReadHtmlCache Behavior ::run [ RunTime:0.000649s ]
INFO: [ app_begin ] --END-- [ RunTime:0.000725s ]
SQL: SHOW COLUMNS FROM `hd_blog` [ RunTime:0.004605s ]
ERR: Model:getBlogs您所请求的方法不存在！

[ 2016-01-09T11:29:14+08:00 ] 127.0.0.1 /blog/index.php/Admin/Blog/trach
INFO: [ route_check ] --START--
INFO: CheckRoute Behavior ::run [ RunTime:0.000904s ]
INFO: [ route_check ] --END-- [ RunTime:0.001005s ]
INFO: [ app_begin ] --START--
INFO: ReadHtmlCache Behavior ::run [ RunTime:0.000617s ]
INFO: [ app_begin ] --END-- [ RunTime:0.000686s ]
SQL: SHOW COLUMNS FROM `hd_blog` [ RunTime:0.002719s ]
ERR: Model:getBlogs您所请求的方法不存在！

[ 2016-01-09T11:29:14+08:00 ] 127.0.0.1 /blog/index.php/Admin/Blog/trach
INFO: [ route_check ] --START--
INFO: CheckRoute Behavior ::run [ RunTime:0.001068s ]
INFO: [ route_check ] --END-- [ RunTime:0.001185s ]
INFO: [ app_begin ] --START--
INFO: ReadHtmlCache Behavior ::run [ RunTime:0.000930s ]
INFO: [ app_begin ] --END-- [ RunTime:0.001037s ]
SQL: SHOW COLUMNS FROM `hd_blog` [ RunTime:0.002824s ]
ERR: Model:getBlogs您所请求的方法不存在！

[ 2016-01-09T11:29:22+08:00 ] 127.0.0.1 /blog/index.php/Admin/Blog/trach
INFO: [ route_check ] --START--
INFO: CheckRoute Behavior ::run [ RunTime:0.002643s ]
INFO: [ route_check ] --END-- [ RunTime:0.003035s ]
INFO: [ app_begin ] --START--
INFO: ReadHtmlCache Behavior ::run [ RunTime:0.001648s ]
INFO: [ app_begin ] --END-- [ RunTime:0.001860s ]
SQL: SHOW COLUMNS FROM `hd_blog` [ RunTime:0.004170s ]
SQL: SELECT `id`,`title`,`content`,`time`,`click`,`cid` FROM `hd_blog` WHERE ( `del` = 1 )  [ RunTime:0.000321s ]
SQL: SHOW COLUMNS FROM `hd_attr` [ RunTime:0.002966s ]
NOTIC: [8] Undefined index: mapping_order E:\wamp\www\myphp\blog\ThinkPHP\Extend\Model\RelationModel.class.php 第 188 行.
NOTIC: [8] Undefined index: mapping_limit E:\wamp\www\myphp\blog\ThinkPHP\Extend\Model\RelationModel.class.php 第 189 行.
NOTIC: [8] Undefined index: relation_table E:\wamp\www\myphp\blog\ThinkPHP\Extend\Model\RelationModel.class.php 第 191 行.
SQL: SELECT b.* FROM hd_blog_attr AS a, hd_attr AS b WHERE a.aid = b.id AND a. bid='1' [ RunTime:0.000287s ]
SQL: SHOW COLUMNS FROM `hd_cate` [ RunTime:0.005266s ]
SQL: SELECT `name` FROM `hd_cate` WHERE ( 1=1 AND id='0' ) LIMIT 1   [ RunTime:0.000228s ]

[ 2016-01-09T11:29:22+08:00 ] 127.0.0.1 /blog/index.php/Admin/Blog/trach
INFO: [ route_check ] --START--
INFO: CheckRoute Behavior ::run [ RunTime:0.001150s ]
INFO: [ route_check ] --END-- [ RunTime:0.001260s ]
INFO: [ app_begin ] --START--
INFO: ReadHtmlCache Behavior ::run [ RunTime:0.000657s ]
INFO: [ app_begin ] --END-- [ RunTime:0.000736s ]
SQL: SHOW COLUMNS FROM `hd_blog` [ RunTime:0.002925s ]
SQL: SELECT `id`,`title`,`content`,`time`,`click`,`cid` FROM `hd_blog` WHERE ( `del` = 1 )  [ RunTime:0.000343s ]
SQL: SHOW COLUMNS FROM `hd_attr` [ RunTime:0.004568s ]
NOTIC: [8] Undefined index: mapping_order E:\wamp\www\myphp\blog\ThinkPHP\Extend\Model\RelationModel.class.php 第 188 行.
NOTIC: [8] Undefined index: mapping_limit E:\wamp\www\myphp\blog\ThinkPHP\Extend\Model\RelationModel.class.php 第 189 行.
NOTIC: [8] Undefined index: relation_table E:\wamp\www\myphp\blog\ThinkPHP\Extend\Model\RelationModel.class.php 第 191 行.
SQL: SELECT b.* FROM hd_blog_attr AS a, hd_attr AS b WHERE a.aid = b.id AND a. bid='1' [ RunTime:0.000603s ]
SQL: SHOW COLUMNS FROM `hd_cate` [ RunTime:0.004682s ]
SQL: SELECT `name` FROM `hd_cate` WHERE ( 1=1 AND id='0' ) LIMIT 1   [ RunTime:0.000240s ]

[ 2016-01-09T11:29:22+08:00 ] 127.0.0.1 /blog/index.php/Admin/Blog/trach
INFO: [ route_check ] --START--
INFO: CheckRoute Behavior ::run [ RunTime:0.000748s ]
INFO: [ route_check ] --END-- [ RunTime:0.000833s ]
INFO: [ app_begin ] --START--
INFO: ReadHtmlCache Behavior ::run [ RunTime:0.000622s ]
INFO: [ app_begin ] --END-- [ RunTime:0.000702s ]
SQL: SHOW COLUMNS FROM `hd_blog` [ RunTime:0.003973s ]
SQL: SELECT `id`,`title`,`content`,`time`,`click`,`cid` FROM `hd_blog` WHERE ( `del` = 1 )  [ RunTime:0.000291s ]
SQL: SHOW COLUMNS FROM `hd_attr` [ RunTime:0.002869s ]
NOTIC: [8] Undefined index: mapping_order E:\wamp\www\myphp\blog\ThinkPHP\Extend\Model\RelationModel.class.php 第 188 行.
NOTIC: [8] Undefined index: mapping_limit E:\wamp\www\myphp\blog\ThinkPHP\Extend\Model\RelationModel.class.php 第 189 行.
NOTIC: [8] Undefined index: relation_table E:\wamp\www\myphp\blog\ThinkPHP\Extend\Model\RelationModel.class.php 第 191 行.
SQL: SELECT b.* FROM hd_blog_attr AS a, hd_attr AS b WHERE a.aid = b.id AND a. bid='1' [ RunTime:0.000197s ]
SQL: SHOW COLUMNS FROM `hd_cate` [ RunTime:0.002543s ]
SQL: SELECT `name` FROM `hd_cate` WHERE ( 1=1 AND id='0' ) LIMIT 1   [ RunTime:0.000139s ]

[ 2016-01-09T11:29:22+08:00 ] 127.0.0.1 /blog/index.php/Admin/Blog/trach
INFO: [ route_check ] --START--
INFO: CheckRoute Behavior ::run [ RunTime:0.000780s ]
INFO: [ route_check ] --END-- [ RunTime:0.000868s ]
INFO: [ app_begin ] --START--
INFO: ReadHtmlCache Behavior ::run [ RunTime:0.001035s ]
INFO: [ app_begin ] --END-- [ RunTime:0.001200s ]
SQL: SHOW COLUMNS FROM `hd_blog` [ RunTime:0.002912s ]
SQL: SELECT `id`,`title`,`content`,`time`,`click`,`cid` FROM `hd_blog` WHERE ( `del` = 1 )  [ RunTime:0.000579s ]
SQL: SHOW COLUMNS FROM `hd_attr` [ RunTime:0.005971s ]
NOTIC: [8] Undefined index: mapping_order E:\wamp\www\myphp\blog\ThinkPHP\Extend\Model\RelationModel.class.php 第 188 行.
NOTIC: [8] Undefined index: mapping_limit E:\wamp\www\myphp\blog\ThinkPHP\Extend\Model\RelationModel.class.php 第 189 行.
NOTIC: [8] Undefined index: relation_table E:\wamp\www\myphp\blog\ThinkPHP\Extend\Model\RelationModel.class.php 第 191 行.
SQL: SELECT b.* FROM hd_blog_attr AS a, hd_attr AS b WHERE a.aid = b.id AND a. bid='1' [ RunTime:0.000553s ]
SQL: SHOW COLUMNS FROM `hd_cate` [ RunTime:0.002711s ]
SQL: SELECT `name` FROM `hd_cate` WHERE ( 1=1 AND id='0' ) LIMIT 1   [ RunTime:0.000168s ]

[ 2016-01-09T11:29:22+08:00 ] 127.0.0.1 /blog/index.php/Admin/Blog/trach
INFO: [ route_check ] --START--
INFO: CheckRoute Behavior ::run [ RunTime:0.001107s ]
INFO: [ route_check ] --END-- [ RunTime:0.001219s ]
INFO: [ app_begin ] --START--
INFO: ReadHtmlCache Behavior ::run [ RunTime:0.000618s ]
INFO: [ app_begin ] --END-- [ RunTime:0.000692s ]
SQL: SHOW COLUMNS FROM `hd_blog` [ RunTime:0.004660s ]
SQL: SELECT `id`,`title`,`content`,`time`,`click`,`cid` FROM `hd_blog` WHERE ( `del` = 1 )  [ RunTime:0.000584s ]
SQL: SHOW COLUMNS FROM `hd_attr` [ RunTime:0.004941s ]
NOTIC: [8] Undefined index: mapping_order E:\wamp\www\myphp\blog\ThinkPHP\Extend\Model\RelationModel.class.php 第 188 行.
NOTIC: [8] Undefined index: mapping_limit E:\wamp\www\myphp\blog\ThinkPHP\Extend\Model\RelationModel.class.php 第 189 行.
NOTIC: [8] Undefined index: relation_table E:\wamp\www\myphp\blog\ThinkPHP\Extend\Model\RelationModel.class.php 第 191 行.
SQL: SELECT b.* FROM hd_blog_attr AS a, hd_attr AS b WHERE a.aid = b.id AND a. bid='1' [ RunTime:0.000699s ]
SQL: SHOW COLUMNS FROM `hd_cate` [ RunTime:0.003324s ]
SQL: SELECT `name` FROM `hd_cate` WHERE ( 1=1 AND id='0' ) LIMIT 1   [ RunTime:0.000184s ]

[ 2016-01-09T11:29:23+08:00 ] 127.0.0.1 /blog/index.php/Admin/Blog/trach
INFO: [ route_check ] --START--
INFO: CheckRoute Behavior ::run [ RunTime:0.000738s ]
INFO: [ route_check ] --END-- [ RunTime:0.000821s ]
INFO: [ app_begin ] --START--
INFO: ReadHtmlCache Behavior ::run [ RunTime:0.000632s ]
INFO: [ app_begin ] --END-- [ RunTime:0.000702s ]
SQL: SHOW COLUMNS FROM `hd_blog` [ RunTime:0.004435s ]
SQL: SELECT `id`,`title`,`content`,`time`,`click`,`cid` FROM `hd_blog` WHERE ( `del` = 1 )  [ RunTime:0.000895s ]
SQL: SHOW COLUMNS FROM `hd_attr` [ RunTime:0.003782s ]
NOTIC: [8] Undefined index: mapping_order E:\wamp\www\myphp\blog\ThinkPHP\Extend\Model\RelationModel.class.php 第 188 行.
NOTIC: [8] Undefined index: mapping_limit E:\wamp\www\myphp\blog\ThinkPHP\Extend\Model\RelationModel.class.php 第 189 行.
NOTIC: [8] Undefined index: relation_table E:\wamp\www\myphp\blog\ThinkPHP\Extend\Model\RelationModel.class.php 第 191 行.
SQL: SELECT b.* FROM hd_blog_attr AS a, hd_attr AS b WHERE a.aid = b.id AND a. bid='1' [ RunTime:0.000258s ]
SQL: SHOW COLUMNS FROM `hd_cate` [ RunTime:0.002620s ]
SQL: SELECT `name` FROM `hd_cate` WHERE ( 1=1 AND id='0' ) LIMIT 1   [ RunTime:0.000181s ]

[ 2016-01-09T15:03:33+08:00 ] 127.0.0.1 /blog/index.php/Admin
INFO: [ route_check ] --START--
INFO: CheckRoute Behavior ::run [ RunTime:0.000892s ]
INFO: [ route_check ] --END-- [ RunTime:0.001079s ]
INFO: [ app_begin ] --START--
INFO: ReadHtmlCache Behavior ::run [ RunTime:0.000744s ]
INFO: [ app_begin ] --END-- [ RunTime:0.000846s ]
INFO: [ view_parse ] --START--
INFO: ParseTemplate Behavior ::run [ RunTime:0.008524s ]
INFO: [ view_parse ] --END-- [ RunTime:0.008629s ]
INFO: [ view_filter ] --START--
INFO: ContentReplace Behavior ::run [ RunTime:0.000659s ]
INFO: TokenBuild Behavior ::run [ RunTime:0.000537s ]
INFO: WriteHtmlCache Behavior ::run [ RunTime:0.000477s ]
INFO: ShowRuntime Behavior ::run [ RunTime:0.000581s ]
INFO: [ view_filter ] --END-- [ RunTime:0.002444s ]
INFO: [ view_end ] --START--
INFO: ShowPageTrace Behavior ::run [ RunTime:0.000760s ]
INFO: [ view_end ] --END-- [ RunTime:0.000825s ]

[ 2016-01-09T15:03:34+08:00 ] 127.0.0.1 /blog/index.php/Admin/Blog/blog
INFO: [ route_check ] --START--
INFO: CheckRoute Behavior ::run [ RunTime:0.000746s ]
INFO: [ route_check ] --END-- [ RunTime:0.000828s ]
INFO: [ app_begin ] --START--
INFO: ReadHtmlCache Behavior ::run [ RunTime:0.000830s ]
INFO: [ app_begin ] --END-- [ RunTime:0.000915s ]
SQL: SHOW COLUMNS FROM `hd_cate` [ RunTime:0.003733s ]
SQL: SELECT * FROM `hd_cate` ORDER BY sort  [ RunTime:0.000611s ]
SQL: SHOW COLUMNS FROM `hd_attr` [ RunTime:0.002593s ]
SQL: SELECT * FROM `hd_attr`  [ RunTime:0.000242s ]
INFO: [ view_parse ] --START--
INFO: ParseTemplate Behavior ::run [ RunTime:0.009202s ]
INFO: [ view_parse ] --END-- [ RunTime:0.009303s ]
INFO: [ view_filter ] --START--
INFO: ContentReplace Behavior ::run [ RunTime:0.000668s ]
INFO: TokenBuild Behavior ::run [ RunTime:0.000657s ]
INFO: WriteHtmlCache Behavior ::run [ RunTime:0.000689s ]
INFO: ShowRuntime Behavior ::run [ RunTime:0.000746s ]
INFO: [ view_filter ] --END-- [ RunTime:0.003030s ]
INFO: [ view_end ] --START--
INFO: ShowPageTrace Behavior ::run [ RunTime:0.001223s ]
INFO: [ view_end ] --END-- [ RunTime:0.001351s ]

[ 2016-01-09T15:03:35+08:00 ] 127.0.0.1 /blog/index.php/Admin/Blog/index
INFO: [ route_check ] --START--
INFO: CheckRoute Behavior ::run [ RunTime:0.000761s ]
INFO: [ route_check ] --END-- [ RunTime:0.000845s ]
INFO: [ app_begin ] --START--
INFO: ReadHtmlCache Behavior ::run [ RunTime:0.000656s ]
INFO: [ app_begin ] --END-- [ RunTime:0.000730s ]
SQL: SHOW COLUMNS FROM `hd_blog` [ RunTime:0.003228s ]
SQL: SELECT `id`,`title`,`content`,`time`,`click`,`cid` FROM `hd_blog` WHERE ( `del` = 0 )  [ RunTime:0.000239s ]
SQL: SHOW COLUMNS FROM `hd_attr` [ RunTime:0.002490s ]
NOTIC: [8] Undefined index: mapping_order E:\wamp\www\myphp\blog\ThinkPHP\Extend\Model\RelationModel.class.php 第 188 行.
NOTIC: [8] Undefined index: mapping_limit E:\wamp\www\myphp\blog\ThinkPHP\Extend\Model\RelationModel.class.php 第 189 行.
NOTIC: [8] Undefined index: relation_table E:\wamp\www\myphp\blog\ThinkPHP\Extend\Model\RelationModel.class.php 第 191 行.
SQL: SELECT b.* FROM hd_blog_attr AS a, hd_attr AS b WHERE a.aid = b.id AND a. bid='2' [ RunTime:0.000278s ]
SQL: SHOW COLUMNS FROM `hd_cate` [ RunTime:0.002843s ]
SQL: SELECT `name` FROM `hd_cate` WHERE ( 1=1 AND id='8' ) LIMIT 1   [ RunTime:0.000148s ]
INFO: [ view_parse ] --START--
INFO: ParseTemplate Behavior ::run [ RunTime:0.008641s ]
INFO: [ view_parse ] --END-- [ RunTime:0.008784s ]
INFO: [ view_filter ] --START--
INFO: ContentReplace Behavior ::run [ RunTime:0.000548s ]
INFO: TokenBuild Behavior ::run [ RunTime:0.000508s ]
INFO: WriteHtmlCache Behavior ::run [ RunTime:0.000430s ]
INFO: ShowRuntime Behavior ::run [ RunTime:0.000554s ]
INFO: [ view_filter ] --END-- [ RunTime:0.002252s ]
INFO: [ view_end ] --START--
INFO: ShowPageTrace Behavior ::run [ RunTime:0.000605s ]
INFO: [ view_end ] --END-- [ RunTime:0.000666s ]

[ 2016-01-09T15:03:36+08:00 ] 127.0.0.1 /blog/index.php/Admin/Blog/trach
INFO: [ route_check ] --START--
INFO: CheckRoute Behavior ::run [ RunTime:0.000753s ]
INFO: [ route_check ] --END-- [ RunTime:0.000833s ]
INFO: [ app_begin ] --START--
INFO: ReadHtmlCache Behavior ::run [ RunTime:0.000618s ]
INFO: [ app_begin ] --END-- [ RunTime:0.000689s ]
SQL: SHOW COLUMNS FROM `hd_blog` [ RunTime:0.002817s ]
SQL: SELECT `id`,`title`,`content`,`time`,`click`,`cid` FROM `hd_blog` WHERE ( `del` = 1 )  [ RunTime:0.000210s ]
SQL: SHOW COLUMNS FROM `hd_attr` [ RunTime:0.002960s ]
NOTIC: [8] Undefined index: mapping_order E:\wamp\www\myphp\blog\ThinkPHP\Extend\Model\RelationModel.class.php 第 188 行.
NOTIC: [8] Undefined index: mapping_limit E:\wamp\www\myphp\blog\ThinkPHP\Extend\Model\RelationModel.class.php 第 189 行.
NOTIC: [8] Undefined index: relation_table E:\wamp\www\myphp\blog\ThinkPHP\Extend\Model\RelationModel.class.php 第 191 行.
SQL: SELECT b.* FROM hd_blog_attr AS a, hd_attr AS b WHERE a.aid = b.id AND a. bid='1' [ RunTime:0.000196s ]
SQL: SHOW COLUMNS FROM `hd_cate` [ RunTime:0.002578s ]
SQL: SELECT `name` FROM `hd_cate` WHERE ( 1=1 AND id='0' ) LIMIT 1   [ RunTime:0.000131s ]

[ 2016-01-09T15:06:01+08:00 ] 127.0.0.1 /blog/index.php/Admin
INFO: [ route_check ] --START--
INFO: CheckRoute Behavior ::run [ RunTime:0.000898s ]
INFO: [ route_check ] --END-- [ RunTime:0.000980s ]
INFO: [ app_begin ] --START--
INFO: ReadHtmlCache Behavior ::run [ RunTime:0.000662s ]
INFO: [ app_begin ] --END-- [ RunTime:0.000732s ]
INFO: [ view_parse ] --START--
INFO: ParseTemplate Behavior ::run [ RunTime:0.007744s ]
INFO: [ view_parse ] --END-- [ RunTime:0.007821s ]
INFO: [ view_filter ] --START--
INFO: ContentReplace Behavior ::run [ RunTime:0.000552s ]
INFO: TokenBuild Behavior ::run [ RunTime:0.000533s ]
INFO: WriteHtmlCache Behavior ::run [ RunTime:0.000456s ]
INFO: ShowRuntime Behavior ::run [ RunTime:0.000582s ]
INFO: [ view_filter ] --END-- [ RunTime:0.002311s ]
INFO: [ view_end ] --START--
INFO: ShowPageTrace Behavior ::run [ RunTime:0.000639s ]
INFO: [ view_end ] --END-- [ RunTime:0.000705s ]

[ 2016-01-09T15:06:02+08:00 ] 127.0.0.1 /blog/index.php/Admin/Blog/trach
INFO: [ route_check ] --START--
INFO: CheckRoute Behavior ::run [ RunTime:0.000820s ]
INFO: [ route_check ] --END-- [ RunTime:0.000898s ]
INFO: [ app_begin ] --START--
INFO: ReadHtmlCache Behavior ::run [ RunTime:0.000779s ]
INFO: [ app_begin ] --END-- [ RunTime:0.000870s ]
SQL: SHOW COLUMNS FROM `hd_blog` [ RunTime:0.002816s ]
SQL: SELECT `id`,`title`,`content`,`time`,`click`,`cid` FROM `hd_blog` WHERE ( `del` = 1 )  [ RunTime:0.000226s ]
SQL: SHOW COLUMNS FROM `hd_attr` [ RunTime:0.003087s ]
NOTIC: [8] Undefined index: mapping_order E:\wamp\www\myphp\blog\ThinkPHP\Extend\Model\RelationModel.class.php 第 188 行.
NOTIC: [8] Undefined index: mapping_limit E:\wamp\www\myphp\blog\ThinkPHP\Extend\Model\RelationModel.class.php 第 189 行.
NOTIC: [8] Undefined index: relation_table E:\wamp\www\myphp\blog\ThinkPHP\Extend\Model\RelationModel.class.php 第 191 行.
SQL: SELECT b.* FROM hd_blog_attr AS a, hd_attr AS b WHERE a.aid = b.id AND a. bid='1' [ RunTime:0.000284s ]
SQL: SHOW COLUMNS FROM `hd_cate` [ RunTime:0.002634s ]
SQL: SELECT `name` FROM `hd_cate` WHERE ( 1=1 AND id='0' ) LIMIT 1   [ RunTime:0.000146s ]
INFO: [ view_parse ] --START--
INFO: ParseTemplate Behavior ::run [ RunTime:0.008795s ]
INFO: [ view_parse ] --END-- [ RunTime:0.008905s ]
INFO: [ view_filter ] --START--
INFO: ContentReplace Behavior ::run [ RunTime:0.000528s ]
INFO: TokenBuild Behavior ::run [ RunTime:0.000512s ]
INFO: WriteHtmlCache Behavior ::run [ RunTime:0.000483s ]
INFO: ShowRuntime Behavior ::run [ RunTime:0.000767s ]
INFO: [ view_filter ] --END-- [ RunTime:0.002528s ]
INFO: [ view_end ] --START--
INFO: ShowPageTrace Behavior ::run [ RunTime:0.000807s ]
INFO: [ view_end ] --END-- [ RunTime:0.000898s ]

[ 2016-01-09T15:06:02+08:00 ] 127.0.0.1 /blog/index.php/Admin/Blog/blog
INFO: [ route_check ] --START--
INFO: CheckRoute Behavior ::run [ RunTime:0.000669s ]
INFO: [ route_check ] --END-- [ RunTime:0.000740s ]
INFO: [ app_begin ] --START--
INFO: ReadHtmlCache Behavior ::run [ RunTime:0.000558s ]
INFO: [ app_begin ] --END-- [ RunTime:0.000621s ]
SQL: SHOW COLUMNS FROM `hd_cate` [ RunTime:0.003464s ]
SQL: SELECT * FROM `hd_cate` ORDER BY sort  [ RunTime:0.000256s ]
SQL: SHOW COLUMNS FROM `hd_attr` [ RunTime:0.002650s ]
SQL: SELECT * FROM `hd_attr`  [ RunTime:0.000182s ]
INFO: [ view_parse ] --START--
INFO: ParseTemplate Behavior ::run [ RunTime:0.008575s ]
INFO: [ view_parse ] --END-- [ RunTime:0.008652s ]
INFO: [ view_filter ] --START--
INFO: ContentReplace Behavior ::run [ RunTime:0.000513s ]
INFO: TokenBuild Behavior ::run [ RunTime:0.000550s ]
INFO: WriteHtmlCache Behavior ::run [ RunTime:0.000441s ]
INFO: ShowRuntime Behavior ::run [ RunTime:0.000638s ]
INFO: [ view_filter ] --END-- [ RunTime:0.002310s ]
INFO: [ view_end ] --START--
INFO: ShowPageTrace Behavior ::run [ RunTime:0.000612s ]
INFO: [ view_end ] --END-- [ RunTime:0.000672s ]

[ 2016-01-09T15:06:03+08:00 ] 127.0.0.1 /blog/index.php/Admin/Blog/blog
INFO: [ route_check ] --START--
INFO: CheckRoute Behavior ::run [ RunTime:0.000713s ]
INFO: [ route_check ] --END-- [ RunTime:0.000817s ]
INFO: [ app_begin ] --START--
INFO: ReadHtmlCache Behavior ::run [ RunTime:0.000641s ]
INFO: [ app_begin ] --END-- [ RunTime:0.000714s ]
SQL: SHOW COLUMNS FROM `hd_cate` [ RunTime:0.003722s ]
SQL: SELECT * FROM `hd_cate` ORDER BY sort  [ RunTime:0.000278s ]
SQL: SHOW COLUMNS FROM `hd_attr` [ RunTime:0.002703s ]
SQL: SELECT * FROM `hd_attr`  [ RunTime:0.000202s ]
INFO: [ view_parse ] --START--
INFO: ParseTemplate Behavior ::run [ RunTime:0.011613s ]
INFO: [ view_parse ] --END-- [ RunTime:0.011727s ]
INFO: [ view_filter ] --START--
INFO: ContentReplace Behavior ::run [ RunTime:0.000590s ]
INFO: TokenBuild Behavior ::run [ RunTime:0.000561s ]
INFO: WriteHtmlCache Behavior ::run [ RunTime:0.000474s ]
INFO: ShowRuntime Behavior ::run [ RunTime:0.000602s ]
INFO: [ view_filter ] --END-- [ RunTime:0.002402s ]
INFO: [ view_end ] --START--
INFO: ShowPageTrace Behavior ::run [ RunTime:0.000725s ]
INFO: [ view_end ] --END-- [ RunTime:0.000786s ]

[ 2016-01-09T15:06:04+08:00 ] 127.0.0.1 /blog/index.php/Admin/Blog/index
INFO: [ route_check ] --START--
INFO: CheckRoute Behavior ::run [ RunTime:0.000763s ]
INFO: [ route_check ] --END-- [ RunTime:0.000839s ]
INFO: [ app_begin ] --START--
INFO: ReadHtmlCache Behavior ::run [ RunTime:0.000609s ]
INFO: [ app_begin ] --END-- [ RunTime:0.000673s ]
SQL: SHOW COLUMNS FROM `hd_blog` [ RunTime:0.002843s ]
SQL: SELECT `id`,`title`,`content`,`time`,`click`,`cid` FROM `hd_blog` WHERE ( `del` = 0 )  [ RunTime:0.000175s ]
SQL: SHOW COLUMNS FROM `hd_attr` [ RunTime:0.002625s ]
NOTIC: [8] Undefined index: mapping_order E:\wamp\www\myphp\blog\ThinkPHP\Extend\Model\RelationModel.class.php 第 188 行.
NOTIC: [8] Undefined index: mapping_limit E:\wamp\www\myphp\blog\ThinkPHP\Extend\Model\RelationModel.class.php 第 189 行.
NOTIC: [8] Undefined index: relation_table E:\wamp\www\myphp\blog\ThinkPHP\Extend\Model\RelationModel.class.php 第 191 行.
SQL: SELECT b.* FROM hd_blog_attr AS a, hd_attr AS b WHERE a.aid = b.id AND a. bid='2' [ RunTime:0.000230s ]
SQL: SHOW COLUMNS FROM `hd_cate` [ RunTime:0.002536s ]
SQL: SELECT `name` FROM `hd_cate` WHERE ( 1=1 AND id='8' ) LIMIT 1   [ RunTime:0.000156s ]
INFO: [ view_parse ] --START--
INFO: ParseTemplate Behavior ::run [ RunTime:0.008582s ]
INFO: [ view_parse ] --END-- [ RunTime:0.008705s ]
INFO: [ view_filter ] --START--
INFO: ContentReplace Behavior ::run [ RunTime:0.000555s ]
INFO: TokenBuild Behavior ::run [ RunTime:0.000549s ]
INFO: WriteHtmlCache Behavior ::run [ RunTime:0.000457s ]
INFO: ShowRuntime Behavior ::run [ RunTime:0.000651s ]
INFO: [ view_filter ] --END-- [ RunTime:0.002405s ]
INFO: [ view_end ] --START--
INFO: ShowPageTrace Behavior ::run [ RunTime:0.000644s ]
INFO: [ view_end ] --END-- [ RunTime:0.000730s ]

[ 2016-01-09T15:06:04+08:00 ] 127.0.0.1 /blog/index.php/Admin/Blog/trach
INFO: [ route_check ] --START--
INFO: CheckRoute Behavior ::run [ RunTime:0.000710s ]
INFO: [ route_check ] --END-- [ RunTime:0.000786s ]
INFO: [ app_begin ] --START--
INFO: ReadHtmlCache Behavior ::run [ RunTime:0.000671s ]
INFO: [ app_begin ] --END-- [ RunTime:0.000736s ]
SQL: SHOW COLUMNS FROM `hd_blog` [ RunTime:0.002995s ]
SQL: SELECT `id`,`title`,`content`,`time`,`click`,`cid` FROM `hd_blog` WHERE ( `del` = 1 )  [ RunTime:0.000229s ]
SQL: SHOW COLUMNS FROM `hd_attr` [ RunTime:0.002802s ]
NOTIC: [8] Undefined index: mapping_order E:\wamp\www\myphp\blog\ThinkPHP\Extend\Model\RelationModel.class.php 第 188 行.
NOTIC: [8] Undefined index: mapping_limit E:\wamp\www\myphp\blog\ThinkPHP\Extend\Model\RelationModel.class.php 第 189 行.
NOTIC: [8] Undefined index: relation_table E:\wamp\www\myphp\blog\ThinkPHP\Extend\Model\RelationModel.class.php 第 191 行.
SQL: SELECT b.* FROM hd_blog_attr AS a, hd_attr AS b WHERE a.aid = b.id AND a. bid='1' [ RunTime:0.000191s ]
SQL: SHOW COLUMNS FROM `hd_cate` [ RunTime:0.002675s ]
SQL: SELECT `name` FROM `hd_cate` WHERE ( 1=1 AND id='0' ) LIMIT 1   [ RunTime:0.000119s ]
INFO: [ view_parse ] --START--
INFO: ParseTemplate Behavior ::run [ RunTime:0.008396s ]
INFO: [ view_parse ] --END-- [ RunTime:0.008507s ]
INFO: [ view_filter ] --START--
INFO: ContentReplace Behavior ::run [ RunTime:0.000520s ]
INFO: TokenBuild Behavior ::run [ RunTime:0.000523s ]
INFO: WriteHtmlCache Behavior ::run [ RunTime:0.000449s ]
INFO: ShowRuntime Behavior ::run [ RunTime:0.000567s ]
INFO: [ view_filter ] --END-- [ RunTime:0.002240s ]
INFO: [ view_end ] --START--
INFO: ShowPageTrace Behavior ::run [ RunTime:0.000633s ]
INFO: [ view_end ] --END-- [ RunTime:0.000694s ]

