[ 2015-10-07T21:13:34+08:00 ] 127.0.0.1 /wish3/
INFO: [ app_begin ] --START--
INFO: ReadHtmlCache Behavior ::run [ RunTime:0.027124s ]
INFO: [ app_begin ] --END-- [ RunTime:0.056696s ]
SQL: SHOW COLUMNS FROM `hd_wish` [ RunTime:0.036650s ]
SQL: SELECT * FROM `hd_wish`  [ RunTime:0.000887s ]
INFO: [ view_parse ] --START--
NOTIC: [8] Undefined variable: a D:\JWroom\wamp\www\myphp\wish3\App\Runtime\Cache\Index\68ea98263e219636c2ce7de62e0b81b9.php 第 17 行.
NOTIC: [8] Trying to get property of non-object D:\JWroom\wamp\www\myphp\wish3\App\Runtime\Cache\Index\68ea98263e219636c2ce7de62e0b81b9.php 第 34 行.
NOTIC: [8] Undefined index: content  D:\JWroom\wamp\www\myphp\wish3\App\Runtime\Cache\Index\68ea98263e219636c2ce7de62e0b81b9.php 第 38 行.
NOTIC: [8] Undefined index: time  D:\JWroom\wamp\www\myphp\wish3\App\Runtime\Cache\Index\68ea98263e219636c2ce7de62e0b81b9.php 第 41 行.
NOTIC: [8] Trying to get property of non-object D:\JWroom\wamp\www\myphp\wish3\App\Runtime\Cache\Index\68ea98263e219636c2ce7de62e0b81b9.php 第 34 行.
NOTIC: [8] Undefined index: content  D:\JWroom\wamp\www\myphp\wish3\App\Runtime\Cache\Index\68ea98263e219636c2ce7de62e0b81b9.php 第 38 行.
NOTIC: [8] Undefined index: time  D:\JWroom\wamp\www\myphp\wish3\App\Runtime\Cache\Index\68ea98263e219636c2ce7de62e0b81b9.php 第 41 行.
NOTIC: [8] Trying to get property of non-object D:\JWroom\wamp\www\myphp\wish3\App\Runtime\Cache\Index\68ea98263e219636c2ce7de62e0b81b9.php 第 34 行.
NOTIC: [8] Undefined index: content  D:\JWroom\wamp\www\myphp\wish3\App\Runtime\Cache\Index\68ea98263e219636c2ce7de62e0b81b9.php 第 38 行.
NOTIC: [8] Undefined index: time  D:\JWroom\wamp\www\myphp\wish3\App\Runtime\Cache\Index\68ea98263e219636c2ce7de62e0b81b9.php 第 41 行.
NOTIC: [8] Trying to get property of non-object D:\JWroom\wamp\www\myphp\wish3\App\Runtime\Cache\Index\68ea98263e219636c2ce7de62e0b81b9.php 第 34 行.
NOTIC: [8] Undefined index: content  D:\JWroom\wamp\www\myphp\wish3\App\Runtime\Cache\Index\68ea98263e219636c2ce7de62e0b81b9.php 第 38 行.
NOTIC: [8] Undefined index: time  D:\JWroom\wamp\www\myphp\wish3\App\Runtime\Cache\Index\68ea98263e219636c2ce7de62e0b81b9.php 第 41 行.
INFO: ParseTemplate Behavior ::run [ RunTime:0.134829s ]
INFO: [ view_parse ] --END-- [ RunTime:0.134966s ]
INFO: [ view_filter ] --START--
INFO: ContentReplace Behavior ::run [ RunTime:0.007696s ]
INFO: TokenBuild Behavior ::run [ RunTime:0.001218s ]
INFO: WriteHtmlCache Behavior ::run [ RunTime:0.000848s ]
INFO: ShowRuntime Behavior ::run [ RunTime:0.000965s ]
INFO: [ view_filter ] --END-- [ RunTime:0.011432s ]
INFO: [ view_end ] --START--
INFO: ShowPageTrace Behavior ::run [ RunTime:0.001056s ]
INFO: [ view_end ] --END-- [ RunTime:0.001171s ]

