[ 2015-09-09T12:42:20+08:00 ] 127.0.0.1 /thinkPHP/
INFO: [ app_begin ] --START--
INFO: ReadHtmlCache Behavior ::run [ RunTime:0.001721s ]
INFO: [ app_begin ] --END-- [ RunTime:0.016730s ]

[ 2015-09-09T12:55:08+08:00 ] 127.0.0.1 /thinkPHP/
INFO: [ app_begin ] --START--
INFO: ReadHtmlCache Behavior ::run [ RunTime:0.000863s ]
INFO: [ app_begin ] --END-- [ RunTime:0.001009s ]
SQL: SHOW COLUMNS FROM `think_user` [ RunTime:0.000200s ]
ERR: 1046:No database selected
 [ SQL语句 ] : SHOW COLUMNS FROM `think_user`
SQL: SELECT * FROM `think_user`  [ RunTime:0.000210s ]
ERR: 1046:No database selected
 [ SQL语句 ] : SELECT * FROM `think_user` 

[ 2015-09-09T12:59:05+08:00 ] 127.0.0.1 /thinkPHP/
INFO: [ app_begin ] --START--
INFO: ReadHtmlCache Behavior ::run [ RunTime:0.000919s ]
INFO: [ app_begin ] --END-- [ RunTime:0.001083s ]
SQL: SHOW COLUMNS FROM `hd_user` [ RunTime:0.003834s ]
SQL: SELECT * FROM `hd_user`  [ RunTime:0.001437s ]

[ 2015-09-09T12:59:06+08:00 ] 127.0.0.1 /thinkPHP/
INFO: [ app_begin ] --START--
INFO: ReadHtmlCache Behavior ::run [ RunTime:0.004530s ]
INFO: [ app_begin ] --END-- [ RunTime:0.004866s ]
SQL: SHOW COLUMNS FROM `hd_user` [ RunTime:0.003114s ]
SQL: SELECT * FROM `hd_user`  [ RunTime:0.000369s ]

[ 2015-09-09T12:59:40+08:00 ] 127.0.0.1 /thinkPHP/
INFO: [ app_begin ] --START--
INFO: ReadHtmlCache Behavior ::run [ RunTime:0.003262s ]
INFO: [ app_begin ] --END-- [ RunTime:0.003581s ]
SQL: SHOW COLUMNS FROM `think_user` [ RunTime:0.000262s ]
ERR: 1046:No database selected
 [ SQL语句 ] : SHOW COLUMNS FROM `think_user`
SQL: SELECT * FROM `think_user`  [ RunTime:0.000486s ]
ERR: 1046:No database selected
 [ SQL语句 ] : SELECT * FROM `think_user` 

[ 2015-09-09T13:01:01+08:00 ] 127.0.0.1 /thinkPHP/
INFO: [ app_begin ] --START--
INFO: ReadHtmlCache Behavior ::run [ RunTime:0.001074s ]
INFO: [ app_begin ] --END-- [ RunTime:0.001238s ]
SQL: SHOW COLUMNS FROM `think_user` [ RunTime:0.000190s ]
ERR: 1046:No database selected
 [ SQL语句 ] : SHOW COLUMNS FROM `think_user`
SQL: SELECT * FROM `think_user`  [ RunTime:0.000196s ]
ERR: 1046:No database selected
 [ SQL语句 ] : SELECT * FROM `think_user` 

[ 2015-09-09T13:01:02+08:00 ] 127.0.0.1 /thinkPHP/
INFO: [ app_begin ] --START--
INFO: ReadHtmlCache Behavior ::run [ RunTime:0.000558s ]
INFO: [ app_begin ] --END-- [ RunTime:0.000708s ]
SQL: SHOW COLUMNS FROM `think_user` [ RunTime:0.000172s ]
ERR: 1046:No database selected
 [ SQL语句 ] : SHOW COLUMNS FROM `think_user`
SQL: SELECT * FROM `think_user`  [ RunTime:0.000281s ]
ERR: 1046:No database selected
 [ SQL语句 ] : SELECT * FROM `think_user` 

[ 2015-09-09T13:02:55+08:00 ] 127.0.0.1 /thinkPHP/
INFO: [ app_begin ] --START--
INFO: ReadHtmlCache Behavior ::run [ RunTime:0.003310s ]
INFO: [ app_begin ] --END-- [ RunTime:0.003576s ]
SQL: SHOW COLUMNS FROM `hd_user` [ RunTime:0.003247s ]
SQL: SELECT * FROM `hd_user`  [ RunTime:0.000411s ]

[ 2015-09-09T13:03:03+08:00 ] 127.0.0.1 /thinkPHP/
INFO: [ app_begin ] --START--
INFO: ReadHtmlCache Behavior ::run [ RunTime:0.001155s ]
INFO: [ app_begin ] --END-- [ RunTime:0.001274s ]
SQL: SHOW COLUMNS FROM `hd_user` [ RunTime:0.004108s ]
SQL: SELECT * FROM `hd_user`  [ RunTime:0.000586s ]

[ 2015-09-09T13:03:03+08:00 ] 127.0.0.1 /thinkPHP/
INFO: [ app_begin ] --START--
INFO: ReadHtmlCache Behavior ::run [ RunTime:0.001704s ]
INFO: [ app_begin ] --END-- [ RunTime:0.001993s ]
SQL: SHOW COLUMNS FROM `hd_user` [ RunTime:0.002775s ]
SQL: SELECT * FROM `hd_user`  [ RunTime:0.000787s ]

[ 2015-09-09T13:08:18+08:00 ] 127.0.0.1 /thinkPHP/
INFO: [ app_begin ] --START--
INFO: ReadHtmlCache Behavior ::run [ RunTime:0.001287s ]
INFO: [ app_begin ] --END-- [ RunTime:0.001481s ]

[ 2015-09-09T13:15:47+08:00 ] 127.0.0.1 /thinkPHP/
INFO: [ app_begin ] --START--
INFO: ReadHtmlCache Behavior ::run [ RunTime:0.001447s ]
INFO: [ app_begin ] --END-- [ RunTime:0.001650s ]

[ 2015-09-09T13:15:53+08:00 ] 127.0.0.1 /thinkPHP/
INFO: [ app_begin ] --START--
INFO: ReadHtmlCache Behavior ::run [ RunTime:0.000637s ]
INFO: [ app_begin ] --END-- [ RunTime:0.000803s ]

[ 2015-09-09T13:16:14+08:00 ] 127.0.0.1 /think/
INFO: [ app_begin ] --START--
INFO: ReadHtmlCache Behavior ::run [ RunTime:0.001240s ]
INFO: [ app_begin ] --END-- [ RunTime:0.001383s ]

[ 2015-09-09T16:01:39+08:00 ] 127.0.0.1 /think/index.php
INFO: [ app_begin ] --START--
INFO: ReadHtmlCache Behavior ::run [ RunTime:0.001266s ]
INFO: [ app_begin ] --END-- [ RunTime:0.001443s ]

[ 2015-09-09T18:23:28+08:00 ] 127.0.0.1 /think/
INFO: [ app_begin ] --START--
INFO: ReadHtmlCache Behavior ::run [ RunTime:0.052088s ]
INFO: [ app_begin ] --END-- [ RunTime:0.052365s ]

[ 2015-09-09T18:23:31+08:00 ] 127.0.0.1 /think/
INFO: [ app_begin ] --START--
INFO: ReadHtmlCache Behavior ::run [ RunTime:0.000968s ]
INFO: [ app_begin ] --END-- [ RunTime:0.001088s ]

[ 2015-09-09T18:23:32+08:00 ] 127.0.0.1 /think/
INFO: [ app_begin ] --START--
INFO: ReadHtmlCache Behavior ::run [ RunTime:0.001422s ]
INFO: [ app_begin ] --END-- [ RunTime:0.001634s ]

[ 2015-09-09T18:23:32+08:00 ] 127.0.0.1 /think/
INFO: [ app_begin ] --START--
INFO: ReadHtmlCache Behavior ::run [ RunTime:0.001166s ]
INFO: [ app_begin ] --END-- [ RunTime:0.001344s ]

[ 2015-09-09T18:23:32+08:00 ] 127.0.0.1 /think/
INFO: [ app_begin ] --START--
INFO: ReadHtmlCache Behavior ::run [ RunTime:0.000923s ]
INFO: [ app_begin ] --END-- [ RunTime:0.001046s ]

[ 2015-09-09T18:23:32+08:00 ] 127.0.0.1 /think/
INFO: [ app_begin ] --START--
INFO: ReadHtmlCache Behavior ::run [ RunTime:0.001188s ]
INFO: [ app_begin ] --END-- [ RunTime:0.001347s ]

[ 2015-09-09T18:27:37+08:00 ] 127.0.0.1 /think/
INFO: [ app_begin ] --START--
INFO: ReadHtmlCache Behavior ::run [ RunTime:0.000888s ]
INFO: [ app_begin ] --END-- [ RunTime:0.001008s ]

[ 2015-09-09T18:28:19+08:00 ] 127.0.0.1 /think/
INFO: [ app_begin ] --START--
INFO: ReadHtmlCache Behavior ::run [ RunTime:0.000947s ]
INFO: [ app_begin ] --END-- [ RunTime:0.001072s ]

[ 2015-09-09T18:28:21+08:00 ] 127.0.0.1 /think/
INFO: [ app_begin ] --START--
INFO: ReadHtmlCache Behavior ::run [ RunTime:0.001417s ]
INFO: [ app_begin ] --END-- [ RunTime:0.001608s ]

[ 2015-09-09T18:28:21+08:00 ] 127.0.0.1 /think/
INFO: [ app_begin ] --START--
INFO: ReadHtmlCache Behavior ::run [ RunTime:0.000918s ]
INFO: [ app_begin ] --END-- [ RunTime:0.001034s ]

[ 2015-09-09T18:30:42+08:00 ] 127.0.0.1 /think/
INFO: [ app_begin ] --START--
INFO: ReadHtmlCache Behavior ::run [ RunTime:0.001231s ]
INFO: [ app_begin ] --END-- [ RunTime:0.001396s ]

[ 2015-09-09T18:37:25+08:00 ] 127.0.0.1 /think/
INFO: [ app_begin ] --START--
INFO: ReadHtmlCache Behavior ::run [ RunTime:0.002241s ]
INFO: [ app_begin ] --END-- [ RunTime:0.002527s ]

[ 2015-09-09T18:37:35+08:00 ] 127.0.0.1 /think/
INFO: [ app_begin ] --START--
INFO: ReadHtmlCache Behavior ::run [ RunTime:0.001485s ]
INFO: [ app_begin ] --END-- [ RunTime:0.001710s ]

[ 2015-09-09T18:40:54+08:00 ] 127.0.0.1 /think/
INFO: [ app_begin ] --START--
INFO: ReadHtmlCache Behavior ::run [ RunTime:0.001071s ]
INFO: [ app_begin ] --END-- [ RunTime:0.001214s ]
SQL: SHOW COLUMNS FROM `hd_user` [ RunTime:0.004508s ]

[ 2015-09-09T18:40:54+08:00 ] 127.0.0.1 /think/
INFO: [ app_begin ] --START--
INFO: ReadHtmlCache Behavior ::run [ RunTime:0.000803s ]
INFO: [ app_begin ] --END-- [ RunTime:0.000923s ]
SQL: SHOW COLUMNS FROM `hd_user` [ RunTime:0.003820s ]

[ 2015-09-09T18:40:58+08:00 ] 127.0.0.1 /think/
INFO: [ app_begin ] --START--
INFO: ReadHtmlCache Behavior ::run [ RunTime:0.001175s ]
INFO: [ app_begin ] --END-- [ RunTime:0.001338s ]

[ 2015-09-09T18:40:58+08:00 ] 127.0.0.1 /think/
INFO: [ app_begin ] --START--
INFO: ReadHtmlCache Behavior ::run [ RunTime:0.000800s ]
INFO: [ app_begin ] --END-- [ RunTime:0.000936s ]

[ 2015-09-09T18:40:59+08:00 ] 127.0.0.1 /think/
INFO: [ app_begin ] --START--
INFO: ReadHtmlCache Behavior ::run [ RunTime:0.001090s ]
INFO: [ app_begin ] --END-- [ RunTime:0.001239s ]

[ 2015-09-09T18:40:59+08:00 ] 127.0.0.1 /think/
INFO: [ app_begin ] --START--
INFO: ReadHtmlCache Behavior ::run [ RunTime:0.000772s ]
INFO: [ app_begin ] --END-- [ RunTime:0.000890s ]

[ 2015-09-09T19:26:38+08:00 ] 127.0.0.1 /think/
INFO: [ app_begin ] --START--
INFO: ReadHtmlCache Behavior ::run [ RunTime:0.002508s ]
INFO: [ app_begin ] --END-- [ RunTime:0.003033s ]

[ 2015-09-09T19:27:01+08:00 ] 127.0.0.1 /think/
INFO: [ app_begin ] --START--
INFO: ReadHtmlCache Behavior ::run [ RunTime:0.000731s ]
INFO: [ app_begin ] --END-- [ RunTime:0.000836s ]

[ 2015-09-09T19:27:52+08:00 ] 127.0.0.1 /think/
INFO: [ app_begin ] --START--
INFO: ReadHtmlCache Behavior ::run [ RunTime:0.000812s ]
INFO: [ app_begin ] --END-- [ RunTime:0.000940s ]

[ 2015-09-09T19:27:53+08:00 ] 127.0.0.1 /think/
INFO: [ app_begin ] --START--
INFO: ReadHtmlCache Behavior ::run [ RunTime:0.000806s ]
INFO: [ app_begin ] --END-- [ RunTime:0.000917s ]

[ 2015-09-09T19:27:54+08:00 ] 127.0.0.1 /think/
INFO: [ app_begin ] --START--
INFO: ReadHtmlCache Behavior ::run [ RunTime:0.000826s ]
INFO: [ app_begin ] --END-- [ RunTime:0.000948s ]

[ 2015-09-09T19:27:56+08:00 ] 127.0.0.1 /think/
INFO: [ app_begin ] --START--
INFO: ReadHtmlCache Behavior ::run [ RunTime:0.001273s ]
INFO: [ app_begin ] --END-- [ RunTime:0.001464s ]

[ 2015-09-09T19:27:58+08:00 ] 127.0.0.1 /think/
INFO: [ app_begin ] --START--
INFO: ReadHtmlCache Behavior ::run [ RunTime:0.000862s ]
INFO: [ app_begin ] --END-- [ RunTime:0.000990s ]

[ 2015-09-09T19:27:59+08:00 ] 127.0.0.1 /think/
INFO: [ app_begin ] --START--
INFO: ReadHtmlCache Behavior ::run [ RunTime:0.000778s ]
INFO: [ app_begin ] --END-- [ RunTime:0.000891s ]

[ 2015-09-09T19:28:18+08:00 ] 127.0.0.1 /think/
INFO: [ app_begin ] --START--
INFO: ReadHtmlCache Behavior ::run [ RunTime:0.000819s ]
INFO: [ app_begin ] --END-- [ RunTime:0.000949s ]

[ 2015-09-09T19:28:19+08:00 ] 127.0.0.1 /think/
INFO: [ app_begin ] --START--
INFO: ReadHtmlCache Behavior ::run [ RunTime:0.002181s ]
INFO: [ app_begin ] --END-- [ RunTime:0.002383s ]

[ 2015-09-09T19:28:19+08:00 ] 127.0.0.1 /think/
INFO: [ app_begin ] --START--
INFO: ReadHtmlCache Behavior ::run [ RunTime:0.003297s ]
INFO: [ app_begin ] --END-- [ RunTime:0.003643s ]

[ 2015-09-09T19:28:19+08:00 ] 127.0.0.1 /think/
INFO: [ app_begin ] --START--
INFO: ReadHtmlCache Behavior ::run [ RunTime:0.001755s ]
INFO: [ app_begin ] --END-- [ RunTime:0.002069s ]

[ 2015-09-09T19:28:42+08:00 ] 127.0.0.1 /think/
INFO: [ app_begin ] --START--
INFO: ReadHtmlCache Behavior ::run [ RunTime:0.000786s ]
INFO: [ app_begin ] --END-- [ RunTime:0.000904s ]

[ 2015-09-09T19:28:42+08:00 ] 127.0.0.1 /think/
INFO: [ app_begin ] --START--
INFO: ReadHtmlCache Behavior ::run [ RunTime:0.000754s ]
INFO: [ app_begin ] --END-- [ RunTime:0.000866s ]

[ 2015-09-09T19:28:42+08:00 ] 127.0.0.1 /think/
INFO: [ app_begin ] --START--
INFO: ReadHtmlCache Behavior ::run [ RunTime:0.001399s ]
INFO: [ app_begin ] --END-- [ RunTime:0.001631s ]

[ 2015-09-09T19:28:42+08:00 ] 127.0.0.1 /think/
INFO: [ app_begin ] --START--
INFO: ReadHtmlCache Behavior ::run [ RunTime:0.001753s ]
INFO: [ app_begin ] --END-- [ RunTime:0.002058s ]

[ 2015-09-09T19:28:42+08:00 ] 127.0.0.1 /think/
INFO: [ app_begin ] --START--
INFO: ReadHtmlCache Behavior ::run [ RunTime:0.001107s ]
INFO: [ app_begin ] --END-- [ RunTime:0.001483s ]

[ 2015-09-09T19:28:43+08:00 ] 127.0.0.1 /think/
INFO: [ app_begin ] --START--
INFO: ReadHtmlCache Behavior ::run [ RunTime:0.001259s ]
INFO: [ app_begin ] --END-- [ RunTime:0.001462s ]

[ 2015-09-09T19:28:43+08:00 ] 127.0.0.1 /think/
INFO: [ app_begin ] --START--
INFO: ReadHtmlCache Behavior ::run [ RunTime:0.001289s ]
INFO: [ app_begin ] --END-- [ RunTime:0.001507s ]

[ 2015-09-09T19:29:09+08:00 ] 127.0.0.1 /think/
INFO: [ app_begin ] --START--
INFO: ReadHtmlCache Behavior ::run [ RunTime:0.005003s ]
INFO: [ app_begin ] --END-- [ RunTime:0.005253s ]

[ 2015-09-09T19:29:50+08:00 ] 127.0.0.1 /think/
INFO: [ app_begin ] --START--
INFO: ReadHtmlCache Behavior ::run [ RunTime:0.001750s ]
INFO: [ app_begin ] --END-- [ RunTime:0.001913s ]

[ 2015-09-09T19:30:12+08:00 ] 127.0.0.1 /think/
INFO: [ app_begin ] --START--
INFO: ReadHtmlCache Behavior ::run [ RunTime:0.000681s ]
INFO: [ app_begin ] --END-- [ RunTime:0.000811s ]

[ 2015-09-09T19:30:31+08:00 ] 127.0.0.1 /think/
INFO: [ app_begin ] --START--
INFO: ReadHtmlCache Behavior ::run [ RunTime:0.001398s ]
INFO: [ app_begin ] --END-- [ RunTime:0.001573s ]

[ 2015-09-09T19:34:26+08:00 ] 127.0.0.1 /think/
INFO: [ app_begin ] --START--
INFO: ReadHtmlCache Behavior ::run [ RunTime:0.000772s ]
INFO: [ app_begin ] --END-- [ RunTime:0.000932s ]

[ 2015-09-09T19:34:27+08:00 ] 127.0.0.1 /think/
INFO: [ app_begin ] --START--
INFO: ReadHtmlCache Behavior ::run [ RunTime:0.000836s ]
INFO: [ app_begin ] --END-- [ RunTime:0.000951s ]

[ 2015-09-09T19:37:08+08:00 ] 127.0.0.1 /think/
INFO: [ app_begin ] --START--
INFO: ReadHtmlCache Behavior ::run [ RunTime:0.001338s ]
INFO: [ app_begin ] --END-- [ RunTime:0.001522s ]

[ 2015-09-09T19:37:34+08:00 ] 127.0.0.1 /think/
INFO: [ app_begin ] --START--
INFO: ReadHtmlCache Behavior ::run [ RunTime:0.000870s ]
INFO: [ app_begin ] --END-- [ RunTime:0.001023s ]

[ 2015-09-09T19:37:35+08:00 ] 127.0.0.1 /think/
INFO: [ app_begin ] --START--
INFO: ReadHtmlCache Behavior ::run [ RunTime:0.001398s ]
INFO: [ app_begin ] --END-- [ RunTime:0.001605s ]

[ 2015-09-09T19:37:35+08:00 ] 127.0.0.1 /think/
INFO: [ app_begin ] --START--
INFO: ReadHtmlCache Behavior ::run [ RunTime:0.001572s ]
INFO: [ app_begin ] --END-- [ RunTime:0.001836s ]

[ 2015-09-09T19:37:35+08:00 ] 127.0.0.1 /think/
INFO: [ app_begin ] --START--
INFO: ReadHtmlCache Behavior ::run [ RunTime:0.001870s ]
INFO: [ app_begin ] --END-- [ RunTime:0.002163s ]

[ 2015-09-09T19:37:36+08:00 ] 127.0.0.1 /think/
INFO: [ app_begin ] --START--
INFO: ReadHtmlCache Behavior ::run [ RunTime:0.000867s ]
INFO: [ app_begin ] --END-- [ RunTime:0.000991s ]

[ 2015-09-09T19:37:36+08:00 ] 127.0.0.1 /think/
INFO: [ app_begin ] --START--
INFO: ReadHtmlCache Behavior ::run [ RunTime:0.001520s ]
INFO: [ app_begin ] --END-- [ RunTime:0.001744s ]

[ 2015-09-09T19:37:48+08:00 ] 127.0.0.1 /think/
INFO: [ app_begin ] --START--
INFO: ReadHtmlCache Behavior ::run [ RunTime:0.000952s ]
INFO: [ app_begin ] --END-- [ RunTime:0.001083s ]

[ 2015-09-09T19:39:13+08:00 ] 127.0.0.1 /think/
INFO: [ app_begin ] --START--
INFO: ReadHtmlCache Behavior ::run [ RunTime:0.001283s ]
INFO: [ app_begin ] --END-- [ RunTime:0.001454s ]

[ 2015-09-09T19:39:14+08:00 ] 127.0.0.1 /think/
INFO: [ app_begin ] --START--
INFO: ReadHtmlCache Behavior ::run [ RunTime:0.001042s ]
INFO: [ app_begin ] --END-- [ RunTime:0.001192s ]

[ 2015-09-09T19:39:14+08:00 ] 127.0.0.1 /think/
INFO: [ app_begin ] --START--
INFO: ReadHtmlCache Behavior ::run [ RunTime:0.001425s ]
INFO: [ app_begin ] --END-- [ RunTime:0.001615s ]

[ 2015-09-09T19:39:14+08:00 ] 127.0.0.1 /think/
INFO: [ app_begin ] --START--
INFO: ReadHtmlCache Behavior ::run [ RunTime:0.001196s ]
INFO: [ app_begin ] --END-- [ RunTime:0.001355s ]

[ 2015-09-09T19:39:14+08:00 ] 127.0.0.1 /think/
INFO: [ app_begin ] --START--
INFO: ReadHtmlCache Behavior ::run [ RunTime:0.000859s ]
INFO: [ app_begin ] --END-- [ RunTime:0.000974s ]

[ 2015-09-09T19:39:14+08:00 ] 127.0.0.1 /think/
INFO: [ app_begin ] --START--
INFO: ReadHtmlCache Behavior ::run [ RunTime:0.000874s ]
INFO: [ app_begin ] --END-- [ RunTime:0.000995s ]

[ 2015-09-09T19:39:15+08:00 ] 127.0.0.1 /think/
INFO: [ app_begin ] --START--
INFO: ReadHtmlCache Behavior ::run [ RunTime:0.000942s ]
INFO: [ app_begin ] --END-- [ RunTime:0.001087s ]

[ 2015-09-09T19:39:15+08:00 ] 127.0.0.1 /think/
INFO: [ app_begin ] --START--
INFO: ReadHtmlCache Behavior ::run [ RunTime:0.001470s ]
INFO: [ app_begin ] --END-- [ RunTime:0.001617s ]

[ 2015-09-09T19:39:15+08:00 ] 127.0.0.1 /think/
INFO: [ app_begin ] --START--
INFO: ReadHtmlCache Behavior ::run [ RunTime:0.000778s ]
INFO: [ app_begin ] --END-- [ RunTime:0.000920s ]

[ 2015-09-09T19:41:03+08:00 ] 127.0.0.1 /think/
INFO: [ app_begin ] --START--
INFO: ReadHtmlCache Behavior ::run [ RunTime:0.001247s ]
INFO: [ app_begin ] --END-- [ RunTime:0.001418s ]

[ 2015-09-09T19:41:03+08:00 ] 127.0.0.1 /think/
INFO: [ app_begin ] --START--
INFO: ReadHtmlCache Behavior ::run [ RunTime:0.001815s ]
INFO: [ app_begin ] --END-- [ RunTime:0.002121s ]

[ 2015-09-09T19:41:14+08:00 ] 127.0.0.1 /think/
INFO: [ app_begin ] --START--
INFO: ReadHtmlCache Behavior ::run [ RunTime:0.000881s ]
INFO: [ app_begin ] --END-- [ RunTime:0.001008s ]

[ 2015-09-09T19:43:01+08:00 ] 127.0.0.1 /think/
INFO: [ app_begin ] --START--
INFO: ReadHtmlCache Behavior ::run [ RunTime:0.001131s ]
INFO: [ app_begin ] --END-- [ RunTime:0.001298s ]
NOTIC: [2048] Declaration of IndexAction::show() should be compatible with that of Action::show() D:\JWroom\wamp\www\myphp\think\Index\Lib\Action\IndexAction.class.php 第 38 行.

[ 2015-09-09T19:43:02+08:00 ] 127.0.0.1 /think/
INFO: [ app_begin ] --START--
INFO: ReadHtmlCache Behavior ::run [ RunTime:0.001203s ]
INFO: [ app_begin ] --END-- [ RunTime:0.001352s ]
NOTIC: [2048] Declaration of IndexAction::show() should be compatible with that of Action::show() D:\JWroom\wamp\www\myphp\think\Index\Lib\Action\IndexAction.class.php 第 38 行.

[ 2015-09-09T19:43:02+08:00 ] 127.0.0.1 /think/
INFO: [ app_begin ] --START--
INFO: ReadHtmlCache Behavior ::run [ RunTime:0.000827s ]
INFO: [ app_begin ] --END-- [ RunTime:0.000952s ]
NOTIC: [2048] Declaration of IndexAction::show() should be compatible with that of Action::show() D:\JWroom\wamp\www\myphp\think\Index\Lib\Action\IndexAction.class.php 第 38 行.

[ 2015-09-09T19:43:02+08:00 ] 127.0.0.1 /think/
INFO: [ app_begin ] --START--
INFO: ReadHtmlCache Behavior ::run [ RunTime:0.000882s ]
INFO: [ app_begin ] --END-- [ RunTime:0.001000s ]
NOTIC: [2048] Declaration of IndexAction::show() should be compatible with that of Action::show() D:\JWroom\wamp\www\myphp\think\Index\Lib\Action\IndexAction.class.php 第 38 行.

[ 2015-09-09T19:43:02+08:00 ] 127.0.0.1 /think/
INFO: [ app_begin ] --START--
INFO: ReadHtmlCache Behavior ::run [ RunTime:0.000768s ]
INFO: [ app_begin ] --END-- [ RunTime:0.000870s ]
NOTIC: [2048] Declaration of IndexAction::show() should be compatible with that of Action::show() D:\JWroom\wamp\www\myphp\think\Index\Lib\Action\IndexAction.class.php 第 38 行.

[ 2015-09-09T19:43:47+08:00 ] 127.0.0.1 /think/
INFO: [ app_begin ] --START--
INFO: ReadHtmlCache Behavior ::run [ RunTime:0.000988s ]
INFO: [ app_begin ] --END-- [ RunTime:0.001108s ]
NOTIC: [2048] Declaration of IndexAction::show() should be compatible with that of Action::show() D:\JWroom\wamp\www\myphp\think\Index\Lib\Action\IndexAction.class.php 第 38 行.

[ 2015-09-09T19:43:51+08:00 ] 127.0.0.1 /think/index.php
INFO: [ app_begin ] --START--
INFO: ReadHtmlCache Behavior ::run [ RunTime:0.001348s ]
INFO: [ app_begin ] --END-- [ RunTime:0.001538s ]
NOTIC: [2048] Declaration of IndexAction::show() should be compatible with that of Action::show() D:\JWroom\wamp\www\myphp\think\Index\Lib\Action\IndexAction.class.php 第 38 行.

[ 2015-09-09T19:43:58+08:00 ] 127.0.0.1 /think/index.php/index/show
INFO: [ route_check ] --START--
INFO: CheckRoute Behavior ::run [ RunTime:0.018081s ]
INFO: [ route_check ] --END-- [ RunTime:0.018258s ]
INFO: [ app_begin ] --START--
INFO: ReadHtmlCache Behavior ::run [ RunTime:0.000813s ]
INFO: [ app_begin ] --END-- [ RunTime:0.000912s ]
ERR: 无法加载模块:index

[ 2015-09-09T19:47:01+08:00 ] 127.0.0.1 /think/index.php
INFO: [ app_begin ] --START--
INFO: ReadHtmlCache Behavior ::run [ RunTime:0.001120s ]
INFO: [ app_begin ] --END-- [ RunTime:0.001300s ]
NOTIC: [2048] Declaration of IndexAction::show() should be compatible with that of Action::show() D:\JWroom\wamp\www\myphp\think\Index\Lib\Action\IndexAction.class.php 第 38 行.

[ 2015-09-09T19:47:15+08:00 ] 127.0.0.1 /think/index.php/Index/show
INFO: [ route_check ] --START--
INFO: CheckRoute Behavior ::run [ RunTime:0.001326s ]
INFO: [ route_check ] --END-- [ RunTime:0.001499s ]
INFO: [ app_begin ] --START--
INFO: ReadHtmlCache Behavior ::run [ RunTime:0.001161s ]
INFO: [ app_begin ] --END-- [ RunTime:0.001321s ]
NOTIC: [2048] Declaration of IndexAction::show() should be compatible with that of Action::show() D:\JWroom\wamp\www\myphp\think\Index\Lib\Action\IndexAction.class.php 第 38 行.

[ 2015-09-09T19:47:43+08:00 ] 127.0.0.1 /think/index.php/Index/show
INFO: [ route_check ] --START--
INFO: CheckRoute Behavior ::run [ RunTime:0.000851s ]
INFO: [ route_check ] --END-- [ RunTime:0.000954s ]
INFO: [ app_begin ] --START--
INFO: ReadHtmlCache Behavior ::run [ RunTime:0.000946s ]
INFO: [ app_begin ] --END-- [ RunTime:0.001045s ]
NOTIC: [2048] Declaration of IndexAction::show() should be compatible with that of Action::show() D:\JWroom\wamp\www\myphp\think\Index\Lib\Action\IndexAction.class.php 第 38 行.

[ 2015-09-09T19:48:07+08:00 ] 127.0.0.1 /think/index.php/?m=Index&a=show
INFO: [ route_check ] --START--
INFO: CheckRoute Behavior ::run [ RunTime:0.001448s ]
INFO: [ route_check ] --END-- [ RunTime:0.001641s ]
INFO: [ app_begin ] --START--
INFO: ReadHtmlCache Behavior ::run [ RunTime:0.001167s ]
INFO: [ app_begin ] --END-- [ RunTime:0.001330s ]
NOTIC: [2048] Declaration of IndexAction::show() should be compatible with that of Action::show() D:\JWroom\wamp\www\myphp\think\Index\Lib\Action\IndexAction.class.php 第 38 行.

[ 2015-09-09T20:01:06+08:00 ] 127.0.0.1 /think/index.php/?m=Index&a=show
INFO: [ route_check ] --START--
INFO: CheckRoute Behavior ::run [ RunTime:0.001264s ]
INFO: [ route_check ] --END-- [ RunTime:0.001426s ]
INFO: [ app_begin ] --START--
INFO: ReadHtmlCache Behavior ::run [ RunTime:0.002706s ]
INFO: [ app_begin ] --END-- [ RunTime:0.003132s ]
NOTIC: [2048] Declaration of IndexAction::show() should be compatible with that of Action::show() D:\JWroom\wamp\www\myphp\think\Index\Lib\Action\IndexAction.class.php 第 39 行.

[ 2015-09-09T20:02:37+08:00 ] 127.0.0.1 /think/index.php/?m=Index&a=show
INFO: [ route_check ] --START--
INFO: CheckRoute Behavior ::run [ RunTime:0.000935s ]
INFO: [ route_check ] --END-- [ RunTime:0.001058s ]
INFO: [ app_begin ] --START--
INFO: ReadHtmlCache Behavior ::run [ RunTime:0.001829s ]
INFO: [ app_begin ] --END-- [ RunTime:0.001962s ]
NOTIC: [2048] Declaration of IndexAction::show() should be compatible with that of Action::show() D:\JWroom\wamp\www\myphp\think\Index\Lib\Action\IndexAction.class.php 第 42 行.

[ 2015-09-09T20:02:38+08:00 ] 127.0.0.1 /think/index.php/?m=Index&a=show
INFO: [ route_check ] --START--
INFO: CheckRoute Behavior ::run [ RunTime:0.000955s ]
INFO: [ route_check ] --END-- [ RunTime:0.001073s ]
INFO: [ app_begin ] --START--
INFO: ReadHtmlCache Behavior ::run [ RunTime:0.000750s ]
INFO: [ app_begin ] --END-- [ RunTime:0.000847s ]
NOTIC: [2048] Declaration of IndexAction::show() should be compatible with that of Action::show() D:\JWroom\wamp\www\myphp\think\Index\Lib\Action\IndexAction.class.php 第 42 行.

[ 2015-09-09T20:02:38+08:00 ] 127.0.0.1 /think/index.php/?m=Index&a=show
INFO: [ route_check ] --START--
INFO: CheckRoute Behavior ::run [ RunTime:0.001154s ]
INFO: [ route_check ] --END-- [ RunTime:0.001301s ]
INFO: [ app_begin ] --START--
INFO: ReadHtmlCache Behavior ::run [ RunTime:0.000813s ]
INFO: [ app_begin ] --END-- [ RunTime:0.000916s ]
NOTIC: [2048] Declaration of IndexAction::show() should be compatible with that of Action::show() D:\JWroom\wamp\www\myphp\think\Index\Lib\Action\IndexAction.class.php 第 42 行.

[ 2015-09-09T20:02:38+08:00 ] 127.0.0.1 /think/index.php/?m=Index&a=show
INFO: [ route_check ] --START--
INFO: CheckRoute Behavior ::run [ RunTime:0.004993s ]
INFO: [ route_check ] --END-- [ RunTime:0.005189s ]
INFO: [ app_begin ] --START--
INFO: ReadHtmlCache Behavior ::run [ RunTime:0.000881s ]
INFO: [ app_begin ] --END-- [ RunTime:0.001006s ]
NOTIC: [2048] Declaration of IndexAction::show() should be compatible with that of Action::show() D:\JWroom\wamp\www\myphp\think\Index\Lib\Action\IndexAction.class.php 第 42 行.

[ 2015-09-09T20:02:38+08:00 ] 127.0.0.1 /think/index.php/?m=Index&a=show
INFO: [ route_check ] --START--
INFO: CheckRoute Behavior ::run [ RunTime:0.000975s ]
INFO: [ route_check ] --END-- [ RunTime:0.001098s ]
INFO: [ app_begin ] --START--
INFO: ReadHtmlCache Behavior ::run [ RunTime:0.001365s ]
INFO: [ app_begin ] --END-- [ RunTime:0.001545s ]
NOTIC: [2048] Declaration of IndexAction::show() should be compatible with that of Action::show() D:\JWroom\wamp\www\myphp\think\Index\Lib\Action\IndexAction.class.php 第 42 行.

[ 2015-09-09T20:02:54+08:00 ] 127.0.0.1 /think/index.php/?m=Index&a=show
INFO: [ route_check ] --START--
INFO: CheckRoute Behavior ::run [ RunTime:0.001111s ]
INFO: [ route_check ] --END-- [ RunTime:0.001260s ]
INFO: [ app_begin ] --START--
INFO: ReadHtmlCache Behavior ::run [ RunTime:0.000786s ]
INFO: [ app_begin ] --END-- [ RunTime:0.000889s ]
NOTIC: [2048] Declaration of IndexAction::show() should be compatible with that of Action::show() D:\JWroom\wamp\www\myphp\think\Index\Lib\Action\IndexAction.class.php 第 42 行.

[ 2015-09-09T20:02:54+08:00 ] 127.0.0.1 /think/index.php/?m=Index&a=show
INFO: [ route_check ] --START--
INFO: CheckRoute Behavior ::run [ RunTime:0.001217s ]
INFO: [ route_check ] --END-- [ RunTime:0.001376s ]
INFO: [ app_begin ] --START--
INFO: ReadHtmlCache Behavior ::run [ RunTime:0.000973s ]
INFO: [ app_begin ] --END-- [ RunTime:0.001100s ]
NOTIC: [2048] Declaration of IndexAction::show() should be compatible with that of Action::show() D:\JWroom\wamp\www\myphp\think\Index\Lib\Action\IndexAction.class.php 第 42 行.

[ 2015-09-09T20:02:54+08:00 ] 127.0.0.1 /think/index.php/?m=Index&a=show
INFO: [ route_check ] --START--
INFO: CheckRoute Behavior ::run [ RunTime:0.000974s ]
INFO: [ route_check ] --END-- [ RunTime:0.001099s ]
INFO: [ app_begin ] --START--
INFO: ReadHtmlCache Behavior ::run [ RunTime:0.000766s ]
INFO: [ app_begin ] --END-- [ RunTime:0.000865s ]
NOTIC: [2048] Declaration of IndexAction::show() should be compatible with that of Action::show() D:\JWroom\wamp\www\myphp\think\Index\Lib\Action\IndexAction.class.php 第 42 行.

[ 2015-09-09T20:02:54+08:00 ] 127.0.0.1 /think/index.php/?m=Index&a=show
INFO: [ route_check ] --START--
INFO: CheckRoute Behavior ::run [ RunTime:0.001635s ]
INFO: [ route_check ] --END-- [ RunTime:0.001817s ]
INFO: [ app_begin ] --START--
INFO: ReadHtmlCache Behavior ::run [ RunTime:0.001528s ]
INFO: [ app_begin ] --END-- [ RunTime:0.001707s ]
NOTIC: [2048] Declaration of IndexAction::show() should be compatible with that of Action::show() D:\JWroom\wamp\www\myphp\think\Index\Lib\Action\IndexAction.class.php 第 42 行.

[ 2015-09-09T20:02:54+08:00 ] 127.0.0.1 /think/index.php/?m=Index&a=show
INFO: [ route_check ] --START--
INFO: CheckRoute Behavior ::run [ RunTime:0.001226s ]
INFO: [ route_check ] --END-- [ RunTime:0.001391s ]
INFO: [ app_begin ] --START--
INFO: ReadHtmlCache Behavior ::run [ RunTime:0.000983s ]
INFO: [ app_begin ] --END-- [ RunTime:0.001099s ]
NOTIC: [2048] Declaration of IndexAction::show() should be compatible with that of Action::show() D:\JWroom\wamp\www\myphp\think\Index\Lib\Action\IndexAction.class.php 第 42 行.

[ 2015-09-09T20:02:55+08:00 ] 127.0.0.1 /think/index.php/?m=Index&a=show
INFO: [ route_check ] --START--
INFO: CheckRoute Behavior ::run [ RunTime:0.001452s ]
INFO: [ route_check ] --END-- [ RunTime:0.001676s ]
INFO: [ app_begin ] --START--
INFO: ReadHtmlCache Behavior ::run [ RunTime:0.001359s ]
INFO: [ app_begin ] --END-- [ RunTime:0.001560s ]
NOTIC: [2048] Declaration of IndexAction::show() should be compatible with that of Action::show() D:\JWroom\wamp\www\myphp\think\Index\Lib\Action\IndexAction.class.php 第 42 行.

[ 2015-09-09T20:02:55+08:00 ] 127.0.0.1 /think/index.php/?m=Index&a=show
INFO: [ route_check ] --START--
INFO: CheckRoute Behavior ::run [ RunTime:0.000996s ]
INFO: [ route_check ] --END-- [ RunTime:0.001165s ]
INFO: [ app_begin ] --START--
INFO: ReadHtmlCache Behavior ::run [ RunTime:0.000823s ]
INFO: [ app_begin ] --END-- [ RunTime:0.000931s ]
NOTIC: [2048] Declaration of IndexAction::show() should be compatible with that of Action::show() D:\JWroom\wamp\www\myphp\think\Index\Lib\Action\IndexAction.class.php 第 42 行.

[ 2015-09-09T20:03:30+08:00 ] 127.0.0.1 /think/index.php/?m=Index&a=show
INFO: [ route_check ] --START--
INFO: CheckRoute Behavior ::run [ RunTime:0.001012s ]
INFO: [ route_check ] --END-- [ RunTime:0.001137s ]
INFO: [ app_begin ] --START--
INFO: ReadHtmlCache Behavior ::run [ RunTime:0.001265s ]
INFO: [ app_begin ] --END-- [ RunTime:0.001394s ]
NOTIC: [2048] Declaration of IndexAction::show() should be compatible with that of Action::show() D:\JWroom\wamp\www\myphp\think\Index\Lib\Action\IndexAction.class.php 第 42 行.

[ 2015-09-09T20:03:55+08:00 ] 127.0.0.1 /think/index.php/Index/show
INFO: [ route_check ] --START--
INFO: CheckRoute Behavior ::run [ RunTime:0.000997s ]
INFO: [ route_check ] --END-- [ RunTime:0.001121s ]
INFO: [ app_begin ] --START--
INFO: ReadHtmlCache Behavior ::run [ RunTime:0.000786s ]
INFO: [ app_begin ] --END-- [ RunTime:0.000883s ]
NOTIC: [2048] Declaration of IndexAction::show() should be compatible with that of Action::show() D:\JWroom\wamp\www\myphp\think\Index\Lib\Action\IndexAction.class.php 第 42 行.

[ 2015-09-09T20:04:19+08:00 ] 127.0.0.1 /think/index.php/Index/show
INFO: [ route_check ] --START--
INFO: CheckRoute Behavior ::run [ RunTime:0.001012s ]
INFO: [ route_check ] --END-- [ RunTime:0.001134s ]
INFO: [ app_begin ] --START--
INFO: ReadHtmlCache Behavior ::run [ RunTime:0.001438s ]
INFO: [ app_begin ] --END-- [ RunTime:0.001621s ]
NOTIC: [2048] Declaration of IndexAction::show() should be compatible with that of Action::show() D:\JWroom\wamp\www\myphp\think\Index\Lib\Action\IndexAction.class.php 第 42 行.

[ 2015-09-09T20:04:19+08:00 ] 127.0.0.1 /think/index.php/Index/show
INFO: [ route_check ] --START--
INFO: CheckRoute Behavior ::run [ RunTime:0.001378s ]
INFO: [ route_check ] --END-- [ RunTime:0.001564s ]
INFO: [ app_begin ] --START--
INFO: ReadHtmlCache Behavior ::run [ RunTime:0.000798s ]
INFO: [ app_begin ] --END-- [ RunTime:0.000898s ]
NOTIC: [2048] Declaration of IndexAction::show() should be compatible with that of Action::show() D:\JWroom\wamp\www\myphp\think\Index\Lib\Action\IndexAction.class.php 第 42 行.

[ 2015-09-09T20:04:19+08:00 ] 127.0.0.1 /think/index.php/Index/show
INFO: [ route_check ] --START--
INFO: CheckRoute Behavior ::run [ RunTime:0.001202s ]
INFO: [ route_check ] --END-- [ RunTime:0.001378s ]
INFO: [ app_begin ] --START--
INFO: ReadHtmlCache Behavior ::run [ RunTime:0.001368s ]
INFO: [ app_begin ] --END-- [ RunTime:0.001514s ]
NOTIC: [2048] Declaration of IndexAction::show() should be compatible with that of Action::show() D:\JWroom\wamp\www\myphp\think\Index\Lib\Action\IndexAction.class.php 第 42 行.

[ 2015-09-09T20:04:19+08:00 ] 127.0.0.1 /think/index.php/Index/show
INFO: [ route_check ] --START--
INFO: CheckRoute Behavior ::run [ RunTime:0.001244s ]
INFO: [ route_check ] --END-- [ RunTime:0.001397s ]
INFO: [ app_begin ] --START--
INFO: ReadHtmlCache Behavior ::run [ RunTime:0.000963s ]
INFO: [ app_begin ] --END-- [ RunTime:0.001114s ]
NOTIC: [2048] Declaration of IndexAction::show() should be compatible with that of Action::show() D:\JWroom\wamp\www\myphp\think\Index\Lib\Action\IndexAction.class.php 第 42 行.

[ 2015-09-09T20:04:19+08:00 ] 127.0.0.1 /think/index.php/Index/show
INFO: [ route_check ] --START--
INFO: CheckRoute Behavior ::run [ RunTime:0.001023s ]
INFO: [ route_check ] --END-- [ RunTime:0.001170s ]
INFO: [ app_begin ] --START--
INFO: ReadHtmlCache Behavior ::run [ RunTime:0.001224s ]
INFO: [ app_begin ] --END-- [ RunTime:0.001386s ]
NOTIC: [2048] Declaration of IndexAction::show() should be compatible with that of Action::show() D:\JWroom\wamp\www\myphp\think\Index\Lib\Action\IndexAction.class.php 第 42 行.

[ 2015-09-09T20:04:19+08:00 ] 127.0.0.1 /think/index.php/Index/show
INFO: [ route_check ] --START--
INFO: CheckRoute Behavior ::run [ RunTime:0.001644s ]
INFO: [ route_check ] --END-- [ RunTime:0.001847s ]
INFO: [ app_begin ] --START--
INFO: ReadHtmlCache Behavior ::run [ RunTime:0.001484s ]
INFO: [ app_begin ] --END-- [ RunTime:0.001673s ]
NOTIC: [2048] Declaration of IndexAction::show() should be compatible with that of Action::show() D:\JWroom\wamp\www\myphp\think\Index\Lib\Action\IndexAction.class.php 第 42 行.

[ 2015-09-09T20:04:20+08:00 ] 127.0.0.1 /think/index.php/Index/show
INFO: [ route_check ] --START--
INFO: CheckRoute Behavior ::run [ RunTime:0.001043s ]
INFO: [ route_check ] --END-- [ RunTime:0.001178s ]
INFO: [ app_begin ] --START--
INFO: ReadHtmlCache Behavior ::run [ RunTime:0.000914s ]
INFO: [ app_begin ] --END-- [ RunTime:0.001021s ]
NOTIC: [2048] Declaration of IndexAction::show() should be compatible with that of Action::show() D:\JWroom\wamp\www\myphp\think\Index\Lib\Action\IndexAction.class.php 第 42 行.

[ 2015-09-09T20:04:20+08:00 ] 127.0.0.1 /think/index.php/Index/show
INFO: [ route_check ] --START--
INFO: CheckRoute Behavior ::run [ RunTime:0.001787s ]
INFO: [ route_check ] --END-- [ RunTime:0.002033s ]
INFO: [ app_begin ] --START--
INFO: ReadHtmlCache Behavior ::run [ RunTime:0.001330s ]
INFO: [ app_begin ] --END-- [ RunTime:0.001525s ]
NOTIC: [2048] Declaration of IndexAction::show() should be compatible with that of Action::show() D:\JWroom\wamp\www\myphp\think\Index\Lib\Action\IndexAction.class.php 第 42 行.

[ 2015-09-09T20:04:20+08:00 ] 127.0.0.1 /think/index.php/Index/show
INFO: [ route_check ] --START--
INFO: CheckRoute Behavior ::run [ RunTime:0.001951s ]
INFO: [ route_check ] --END-- [ RunTime:0.002147s ]
INFO: [ app_begin ] --START--
INFO: ReadHtmlCache Behavior ::run [ RunTime:0.001109s ]
INFO: [ app_begin ] --END-- [ RunTime:0.001260s ]
NOTIC: [2048] Declaration of IndexAction::show() should be compatible with that of Action::show() D:\JWroom\wamp\www\myphp\think\Index\Lib\Action\IndexAction.class.php 第 42 行.

[ 2015-09-09T20:04:30+08:00 ] 127.0.0.1 /think/index.php/Index/show
INFO: [ route_check ] --START--
INFO: CheckRoute Behavior ::run [ RunTime:0.001083s ]
INFO: [ route_check ] --END-- [ RunTime:0.001211s ]
INFO: [ app_begin ] --START--
INFO: ReadHtmlCache Behavior ::run [ RunTime:0.002173s ]
INFO: [ app_begin ] --END-- [ RunTime:0.002319s ]
NOTIC: [2048] Declaration of IndexAction::show() should be compatible with that of Action::show() D:\JWroom\wamp\www\myphp\think\Index\Lib\Action\IndexAction.class.php 第 42 行.

[ 2015-09-09T20:04:31+08:00 ] 127.0.0.1 /think/index.php/Index/show
INFO: [ route_check ] --START--
INFO: CheckRoute Behavior ::run [ RunTime:0.001339s ]
INFO: [ route_check ] --END-- [ RunTime:0.001512s ]
INFO: [ app_begin ] --START--
INFO: ReadHtmlCache Behavior ::run [ RunTime:0.001071s ]
INFO: [ app_begin ] --END-- [ RunTime:0.001215s ]
NOTIC: [2048] Declaration of IndexAction::show() should be compatible with that of Action::show() D:\JWroom\wamp\www\myphp\think\Index\Lib\Action\IndexAction.class.php 第 42 行.

[ 2015-09-09T20:04:31+08:00 ] 127.0.0.1 /think/index.php/Index/show
INFO: [ route_check ] --START--
INFO: CheckRoute Behavior ::run [ RunTime:0.000987s ]
INFO: [ route_check ] --END-- [ RunTime:0.001137s ]
INFO: [ app_begin ] --START--
INFO: ReadHtmlCache Behavior ::run [ RunTime:0.000784s ]
INFO: [ app_begin ] --END-- [ RunTime:0.000884s ]
NOTIC: [2048] Declaration of IndexAction::show() should be compatible with that of Action::show() D:\JWroom\wamp\www\myphp\think\Index\Lib\Action\IndexAction.class.php 第 42 行.

[ 2015-09-09T20:04:32+08:00 ] 127.0.0.1 /think/index.php/Index/show
INFO: [ route_check ] --START--
INFO: CheckRoute Behavior ::run [ RunTime:0.000939s ]
INFO: [ route_check ] --END-- [ RunTime:0.001054s ]
INFO: [ app_begin ] --START--
INFO: ReadHtmlCache Behavior ::run [ RunTime:0.000745s ]
INFO: [ app_begin ] --END-- [ RunTime:0.000841s ]
NOTIC: [2048] Declaration of IndexAction::show() should be compatible with that of Action::show() D:\JWroom\wamp\www\myphp\think\Index\Lib\Action\IndexAction.class.php 第 42 行.

[ 2015-09-09T20:04:32+08:00 ] 127.0.0.1 /think/index.php/Index/show
INFO: [ route_check ] --START--
INFO: CheckRoute Behavior ::run [ RunTime:0.000940s ]
INFO: [ route_check ] --END-- [ RunTime:0.001055s ]
INFO: [ app_begin ] --START--
INFO: ReadHtmlCache Behavior ::run [ RunTime:0.000897s ]
INFO: [ app_begin ] --END-- [ RunTime:0.001015s ]
NOTIC: [2048] Declaration of IndexAction::show() should be compatible with that of Action::show() D:\JWroom\wamp\www\myphp\think\Index\Lib\Action\IndexAction.class.php 第 42 行.

[ 2015-09-09T20:04:32+08:00 ] 127.0.0.1 /think/index.php/Index/show
INFO: [ route_check ] --START--
INFO: CheckRoute Behavior ::run [ RunTime:0.001318s ]
INFO: [ route_check ] --END-- [ RunTime:0.001466s ]
INFO: [ app_begin ] --START--
INFO: ReadHtmlCache Behavior ::run [ RunTime:0.000750s ]
INFO: [ app_begin ] --END-- [ RunTime:0.000848s ]
NOTIC: [2048] Declaration of IndexAction::show() should be compatible with that of Action::show() D:\JWroom\wamp\www\myphp\think\Index\Lib\Action\IndexAction.class.php 第 42 行.

[ 2015-09-09T20:04:32+08:00 ] 127.0.0.1 /think/index.php/Index/show
INFO: [ route_check ] --START--
INFO: CheckRoute Behavior ::run [ RunTime:0.001227s ]
INFO: [ route_check ] --END-- [ RunTime:0.001392s ]
INFO: [ app_begin ] --START--
INFO: ReadHtmlCache Behavior ::run [ RunTime:0.000803s ]
INFO: [ app_begin ] --END-- [ RunTime:0.000900s ]
NOTIC: [2048] Declaration of IndexAction::show() should be compatible with that of Action::show() D:\JWroom\wamp\www\myphp\think\Index\Lib\Action\IndexAction.class.php 第 42 行.

[ 2015-09-09T20:04:32+08:00 ] 127.0.0.1 /think/index.php/Index/show
INFO: [ route_check ] --START--
INFO: CheckRoute Behavior ::run [ RunTime:0.001177s ]
INFO: [ route_check ] --END-- [ RunTime:0.001330s ]
INFO: [ app_begin ] --START--
INFO: ReadHtmlCache Behavior ::run [ RunTime:0.000691s ]
INFO: [ app_begin ] --END-- [ RunTime:0.000776s ]
NOTIC: [2048] Declaration of IndexAction::show() should be compatible with that of Action::show() D:\JWroom\wamp\www\myphp\think\Index\Lib\Action\IndexAction.class.php 第 42 行.

[ 2015-09-09T20:04:32+08:00 ] 127.0.0.1 /think/index.php/Index/show
INFO: [ route_check ] --START--
INFO: CheckRoute Behavior ::run [ RunTime:0.001118s ]
INFO: [ route_check ] --END-- [ RunTime:0.001263s ]
INFO: [ app_begin ] --START--
INFO: ReadHtmlCache Behavior ::run [ RunTime:0.001328s ]
INFO: [ app_begin ] --END-- [ RunTime:0.001509s ]
NOTIC: [2048] Declaration of IndexAction::show() should be compatible with that of Action::show() D:\JWroom\wamp\www\myphp\think\Index\Lib\Action\IndexAction.class.php 第 42 行.

[ 2015-09-09T20:04:33+08:00 ] 127.0.0.1 /think/index.php/Index/show
INFO: [ route_check ] --START--
INFO: CheckRoute Behavior ::run [ RunTime:0.000857s ]
INFO: [ route_check ] --END-- [ RunTime:0.000965s ]
INFO: [ app_begin ] --START--
INFO: ReadHtmlCache Behavior ::run [ RunTime:0.000766s ]
INFO: [ app_begin ] --END-- [ RunTime:0.000852s ]
NOTIC: [2048] Declaration of IndexAction::show() should be compatible with that of Action::show() D:\JWroom\wamp\www\myphp\think\Index\Lib\Action\IndexAction.class.php 第 42 行.

[ 2015-09-09T20:04:33+08:00 ] 127.0.0.1 /think/index.php/Index/show
INFO: [ route_check ] --START--
INFO: CheckRoute Behavior ::run [ RunTime:0.001428s ]
INFO: [ route_check ] --END-- [ RunTime:0.001592s ]
INFO: [ app_begin ] --START--
INFO: ReadHtmlCache Behavior ::run [ RunTime:0.000777s ]
INFO: [ app_begin ] --END-- [ RunTime:0.000874s ]
NOTIC: [2048] Declaration of IndexAction::show() should be compatible with that of Action::show() D:\JWroom\wamp\www\myphp\think\Index\Lib\Action\IndexAction.class.php 第 42 行.

[ 2015-09-09T20:04:33+08:00 ] 127.0.0.1 /think/index.php/Index/show
INFO: [ route_check ] --START--
INFO: CheckRoute Behavior ::run [ RunTime:0.000817s ]
INFO: [ route_check ] --END-- [ RunTime:0.000943s ]
INFO: [ app_begin ] --START--
INFO: ReadHtmlCache Behavior ::run [ RunTime:0.000842s ]
INFO: [ app_begin ] --END-- [ RunTime:0.000950s ]
NOTIC: [2048] Declaration of IndexAction::show() should be compatible with that of Action::show() D:\JWroom\wamp\www\myphp\think\Index\Lib\Action\IndexAction.class.php 第 42 行.

[ 2015-09-09T20:04:33+08:00 ] 127.0.0.1 /think/index.php/Index/show
INFO: [ route_check ] --START--
INFO: CheckRoute Behavior ::run [ RunTime:0.000869s ]
INFO: [ route_check ] --END-- [ RunTime:0.000989s ]
INFO: [ app_begin ] --START--
INFO: ReadHtmlCache Behavior ::run [ RunTime:0.000676s ]
INFO: [ app_begin ] --END-- [ RunTime:0.000760s ]
NOTIC: [2048] Declaration of IndexAction::show() should be compatible with that of Action::show() D:\JWroom\wamp\www\myphp\think\Index\Lib\Action\IndexAction.class.php 第 42 行.

[ 2015-09-09T20:04:33+08:00 ] 127.0.0.1 /think/index.php/Index/show
INFO: [ route_check ] --START--
INFO: CheckRoute Behavior ::run [ RunTime:0.000984s ]
INFO: [ route_check ] --END-- [ RunTime:0.001109s ]
INFO: [ app_begin ] --START--
INFO: ReadHtmlCache Behavior ::run [ RunTime:0.001030s ]
INFO: [ app_begin ] --END-- [ RunTime:0.001159s ]
NOTIC: [2048] Declaration of IndexAction::show() should be compatible with that of Action::show() D:\JWroom\wamp\www\myphp\think\Index\Lib\Action\IndexAction.class.php 第 42 行.

[ 2015-09-09T20:04:34+08:00 ] 127.0.0.1 /think/index.php/Index/show
INFO: [ route_check ] --START--
INFO: CheckRoute Behavior ::run [ RunTime:0.000891s ]
INFO: [ route_check ] --END-- [ RunTime:0.001002s ]
INFO: [ app_begin ] --START--
INFO: ReadHtmlCache Behavior ::run [ RunTime:0.000684s ]
INFO: [ app_begin ] --END-- [ RunTime:0.000769s ]
NOTIC: [2048] Declaration of IndexAction::show() should be compatible with that of Action::show() D:\JWroom\wamp\www\myphp\think\Index\Lib\Action\IndexAction.class.php 第 42 行.

[ 2015-09-09T20:04:49+08:00 ] 127.0.0.1 /think/index.php/Index/show
INFO: [ route_check ] --START--
INFO: CheckRoute Behavior ::run [ RunTime:0.001280s ]
INFO: [ route_check ] --END-- [ RunTime:0.001443s ]
INFO: [ app_begin ] --START--
INFO: ReadHtmlCache Behavior ::run [ RunTime:0.001032s ]
INFO: [ app_begin ] --END-- [ RunTime:0.001170s ]
NOTIC: [2048] Declaration of IndexAction::show() should be compatible with that of Action::show() D:\JWroom\wamp\www\myphp\think\Index\Lib\Action\IndexAction.class.php 第 42 行.

[ 2015-09-09T20:04:49+08:00 ] 127.0.0.1 /think/index.php/Index/show
INFO: [ route_check ] --START--
INFO: CheckRoute Behavior ::run [ RunTime:0.000936s ]
INFO: [ route_check ] --END-- [ RunTime:0.001055s ]
INFO: [ app_begin ] --START--
INFO: ReadHtmlCache Behavior ::run [ RunTime:0.000926s ]
INFO: [ app_begin ] --END-- [ RunTime:0.001081s ]
NOTIC: [2048] Declaration of IndexAction::show() should be compatible with that of Action::show() D:\JWroom\wamp\www\myphp\think\Index\Lib\Action\IndexAction.class.php 第 42 行.

[ 2015-09-09T20:04:56+08:00 ] 127.0.0.1 /think/index.php/Index/show
INFO: [ route_check ] --START--
INFO: CheckRoute Behavior ::run [ RunTime:0.001504s ]
INFO: [ route_check ] --END-- [ RunTime:0.001696s ]
INFO: [ app_begin ] --START--
INFO: ReadHtmlCache Behavior ::run [ RunTime:0.001340s ]
INFO: [ app_begin ] --END-- [ RunTime:0.001521s ]
NOTIC: [2048] Declaration of IndexAction::show() should be compatible with that of Action::show() D:\JWroom\wamp\www\myphp\think\Index\Lib\Action\IndexAction.class.php 第 42 行.

[ 2015-09-09T20:04:56+08:00 ] 127.0.0.1 /think/index.php/Index/show
INFO: [ route_check ] --START--
INFO: CheckRoute Behavior ::run [ RunTime:0.001593s ]
INFO: [ route_check ] --END-- [ RunTime:0.001794s ]
INFO: [ app_begin ] --START--
INFO: ReadHtmlCache Behavior ::run [ RunTime:0.001241s ]
INFO: [ app_begin ] --END-- [ RunTime:0.001414s ]
NOTIC: [2048] Declaration of IndexAction::show() should be compatible with that of Action::show() D:\JWroom\wamp\www\myphp\think\Index\Lib\Action\IndexAction.class.php 第 42 行.

[ 2015-09-09T20:05:32+08:00 ] 127.0.0.1 /think/index.php/Index/show
INFO: [ route_check ] --START--
INFO: CheckRoute Behavior ::run [ RunTime:0.000970s ]
INFO: [ route_check ] --END-- [ RunTime:0.001090s ]
INFO: [ app_begin ] --START--
INFO: ReadHtmlCache Behavior ::run [ RunTime:0.000792s ]
INFO: [ app_begin ] --END-- [ RunTime:0.000887s ]
NOTIC: [2048] Declaration of IndexAction::show() should be compatible with that of Action::show() D:\JWroom\wamp\www\myphp\think\Index\Lib\Action\IndexAction.class.php 第 42 行.

[ 2015-09-09T20:05:33+08:00 ] 127.0.0.1 /think/index.php/Index/show
INFO: [ route_check ] --START--
INFO: CheckRoute Behavior ::run [ RunTime:0.001362s ]
INFO: [ route_check ] --END-- [ RunTime:0.001534s ]
INFO: [ app_begin ] --START--
INFO: ReadHtmlCache Behavior ::run [ RunTime:0.000824s ]
INFO: [ app_begin ] --END-- [ RunTime:0.000928s ]
NOTIC: [2048] Declaration of IndexAction::show() should be compatible with that of Action::show() D:\JWroom\wamp\www\myphp\think\Index\Lib\Action\IndexAction.class.php 第 42 行.

[ 2015-09-09T20:05:33+08:00 ] 127.0.0.1 /think/index.php/Index/show
INFO: [ route_check ] --START--
INFO: CheckRoute Behavior ::run [ RunTime:0.001022s ]
INFO: [ route_check ] --END-- [ RunTime:0.001142s ]
INFO: [ app_begin ] --START--
INFO: ReadHtmlCache Behavior ::run [ RunTime:0.000748s ]
INFO: [ app_begin ] --END-- [ RunTime:0.000842s ]
NOTIC: [2048] Declaration of IndexAction::show() should be compatible with that of Action::show() D:\JWroom\wamp\www\myphp\think\Index\Lib\Action\IndexAction.class.php 第 42 行.

[ 2015-09-09T20:05:33+08:00 ] 127.0.0.1 /think/index.php/Index/show
INFO: [ route_check ] --START--
INFO: CheckRoute Behavior ::run [ RunTime:0.000929s ]
INFO: [ route_check ] --END-- [ RunTime:0.001042s ]
INFO: [ app_begin ] --START--
INFO: ReadHtmlCache Behavior ::run [ RunTime:0.000692s ]
INFO: [ app_begin ] --END-- [ RunTime:0.000778s ]
NOTIC: [2048] Declaration of IndexAction::show() should be compatible with that of Action::show() D:\JWroom\wamp\www\myphp\think\Index\Lib\Action\IndexAction.class.php 第 42 行.

[ 2015-09-09T20:05:38+08:00 ] 127.0.0.1 /think/index.php/Index/show
INFO: [ route_check ] --START--
INFO: CheckRoute Behavior ::run [ RunTime:0.000959s ]
INFO: [ route_check ] --END-- [ RunTime:0.001079s ]
INFO: [ app_begin ] --START--
INFO: ReadHtmlCache Behavior ::run [ RunTime:0.000956s ]
INFO: [ app_begin ] --END-- [ RunTime:0.001083s ]
NOTIC: [2048] Declaration of IndexAction::show() should be compatible with that of Action::show() D:\JWroom\wamp\www\myphp\think\Index\Lib\Action\IndexAction.class.php 第 42 行.

[ 2015-09-09T20:06:13+08:00 ] 127.0.0.1 /think/index.php/Index/show
INFO: [ route_check ] --START--
INFO: CheckRoute Behavior ::run [ RunTime:0.000893s ]
INFO: [ route_check ] --END-- [ RunTime:0.001006s ]
INFO: [ app_begin ] --START--
INFO: ReadHtmlCache Behavior ::run [ RunTime:0.001002s ]
INFO: [ app_begin ] --END-- [ RunTime:0.001101s ]
NOTIC: [2048] Declaration of IndexAction::show() should be compatible with that of Action::show() D:\JWroom\wamp\www\myphp\think\Index\Lib\Action\IndexAction.class.php 第 42 行.

[ 2015-09-09T20:06:47+08:00 ] 127.0.0.1 /think/index.php/Index/show
INFO: [ route_check ] --START--
INFO: CheckRoute Behavior ::run [ RunTime:0.001472s ]
INFO: [ route_check ] --END-- [ RunTime:0.001647s ]
INFO: [ app_begin ] --START--
INFO: ReadHtmlCache Behavior ::run [ RunTime:0.000960s ]
INFO: [ app_begin ] --END-- [ RunTime:0.001090s ]
NOTIC: [2048] Declaration of IndexAction::show() should be compatible with that of Action::show() D:\JWroom\wamp\www\myphp\think\Index\Lib\Action\IndexAction.class.php 第 42 行.

[ 2015-09-09T20:06:47+08:00 ] 127.0.0.1 /think/index.php/Index/show
INFO: [ route_check ] --START--
INFO: CheckRoute Behavior ::run [ RunTime:0.000926s ]
INFO: [ route_check ] --END-- [ RunTime:0.001044s ]
INFO: [ app_begin ] --START--
INFO: ReadHtmlCache Behavior ::run [ RunTime:0.000744s ]
INFO: [ app_begin ] --END-- [ RunTime:0.000841s ]
NOTIC: [2048] Declaration of IndexAction::show() should be compatible with that of Action::show() D:\JWroom\wamp\www\myphp\think\Index\Lib\Action\IndexAction.class.php 第 42 行.

[ 2015-09-09T20:06:47+08:00 ] 127.0.0.1 /think/index.php/Index/show
INFO: [ route_check ] --START--
INFO: CheckRoute Behavior ::run [ RunTime:0.001547s ]
INFO: [ route_check ] --END-- [ RunTime:0.001730s ]
INFO: [ app_begin ] --START--
INFO: ReadHtmlCache Behavior ::run [ RunTime:0.001348s ]
INFO: [ app_begin ] --END-- [ RunTime:0.001509s ]
NOTIC: [2048] Declaration of IndexAction::show() should be compatible with that of Action::show() D:\JWroom\wamp\www\myphp\think\Index\Lib\Action\IndexAction.class.php 第 42 行.

[ 2015-09-09T20:19:06+08:00 ] 127.0.0.1 /think/index.php/Index/show
INFO: [ route_check ] --START--
INFO: CheckRoute Behavior ::run [ RunTime:0.001349s ]
INFO: [ route_check ] --END-- [ RunTime:0.001520s ]
INFO: [ app_begin ] --START--
INFO: ReadHtmlCache Behavior ::run [ RunTime:0.001722s ]
INFO: [ app_begin ] --END-- [ RunTime:0.001955s ]
NOTIC: [2048] Declaration of IndexAction::show() should be compatible with that of Action::show() D:\JWroom\wamp\www\myphp\think\Index\Lib\Action\IndexAction.class.php 第 45 行.

[ 2015-09-09T20:19:07+08:00 ] 127.0.0.1 /think/index.php/Index/show
INFO: [ route_check ] --START--
INFO: CheckRoute Behavior ::run [ RunTime:0.000996s ]
INFO: [ route_check ] --END-- [ RunTime:0.001151s ]
INFO: [ app_begin ] --START--
INFO: ReadHtmlCache Behavior ::run [ RunTime:0.000746s ]
INFO: [ app_begin ] --END-- [ RunTime:0.000843s ]
NOTIC: [2048] Declaration of IndexAction::show() should be compatible with that of Action::show() D:\JWroom\wamp\www\myphp\think\Index\Lib\Action\IndexAction.class.php 第 45 行.

[ 2015-09-09T20:19:13+08:00 ] 127.0.0.1 /think/index.php/Index
INFO: [ route_check ] --START--
INFO: CheckRoute Behavior ::run [ RunTime:0.001422s ]
INFO: [ route_check ] --END-- [ RunTime:0.001605s ]
INFO: [ app_begin ] --START--
INFO: ReadHtmlCache Behavior ::run [ RunTime:0.001127s ]
INFO: [ app_begin ] --END-- [ RunTime:0.001278s ]
NOTIC: [2048] Declaration of IndexAction::show() should be compatible with that of Action::show() D:\JWroom\wamp\www\myphp\think\Index\Lib\Action\IndexAction.class.php 第 45 行.
ERR: 模板不存在[./Index/Tpl/Index/index.html]

[ 2015-09-09T20:39:00+08:00 ] 127.0.0.1 /think/index.php/Index
INFO: [ route_check ] --START--
INFO: CheckRoute Behavior ::run [ RunTime:0.003027s ]
INFO: [ route_check ] --END-- [ RunTime:0.003447s ]
INFO: [ app_begin ] --START--
INFO: ReadHtmlCache Behavior ::run [ RunTime:0.001253s ]
INFO: [ app_begin ] --END-- [ RunTime:0.001434s ]
NOTIC: [2048] Declaration of IndexAction::show() should be compatible with that of Action::show() D:\JWroom\wamp\www\myphp\think\Index\Lib\Action\IndexAction.class.php 第 45 行.
ERR: 模板不存在[./Index/Tpl/Index/index.html]

[ 2015-09-09T20:39:02+08:00 ] 127.0.0.1 /think/index.php/Index
INFO: [ route_check ] --START--
INFO: CheckRoute Behavior ::run [ RunTime:0.001581s ]
INFO: [ route_check ] --END-- [ RunTime:0.001794s ]
INFO: [ app_begin ] --START--
INFO: ReadHtmlCache Behavior ::run [ RunTime:0.001380s ]
INFO: [ app_begin ] --END-- [ RunTime:0.001580s ]
NOTIC: [2048] Declaration of IndexAction::show() should be compatible with that of Action::show() D:\JWroom\wamp\www\myphp\think\Index\Lib\Action\IndexAction.class.php 第 45 行.
ERR: 模板不存在[./Index/Tpl/Index/index.html]

[ 2015-09-09T20:39:02+08:00 ] 127.0.0.1 /think/index.php/Index
INFO: [ route_check ] --START--
INFO: CheckRoute Behavior ::run [ RunTime:0.000916s ]
INFO: [ route_check ] --END-- [ RunTime:0.001037s ]
INFO: [ app_begin ] --START--
INFO: ReadHtmlCache Behavior ::run [ RunTime:0.001101s ]
INFO: [ app_begin ] --END-- [ RunTime:0.001234s ]
NOTIC: [2048] Declaration of IndexAction::show() should be compatible with that of Action::show() D:\JWroom\wamp\www\myphp\think\Index\Lib\Action\IndexAction.class.php 第 45 行.
ERR: 模板不存在[./Index/Tpl/Index/index.html]

[ 2015-09-09T20:39:02+08:00 ] 127.0.0.1 /think/index.php/Index
INFO: [ route_check ] --START--
INFO: CheckRoute Behavior ::run [ RunTime:0.001419s ]
INFO: [ route_check ] --END-- [ RunTime:0.001635s ]
INFO: [ app_begin ] --START--
INFO: ReadHtmlCache Behavior ::run [ RunTime:0.002379s ]
INFO: [ app_begin ] --END-- [ RunTime:0.002694s ]
NOTIC: [2048] Declaration of IndexAction::show() should be compatible with that of Action::show() D:\JWroom\wamp\www\myphp\think\Index\Lib\Action\IndexAction.class.php 第 45 行.
ERR: 模板不存在[./Index/Tpl/Index/index.html]

[ 2015-09-09T20:39:02+08:00 ] 127.0.0.1 /think/index.php/Index
INFO: [ route_check ] --START--
INFO: CheckRoute Behavior ::run [ RunTime:0.001532s ]
INFO: [ route_check ] --END-- [ RunTime:0.001738s ]
INFO: [ app_begin ] --START--
INFO: ReadHtmlCache Behavior ::run [ RunTime:0.001235s ]
INFO: [ app_begin ] --END-- [ RunTime:0.001404s ]
NOTIC: [2048] Declaration of IndexAction::show() should be compatible with that of Action::show() D:\JWroom\wamp\www\myphp\think\Index\Lib\Action\IndexAction.class.php 第 45 行.
ERR: 模板不存在[./Index/Tpl/Index/index.html]

[ 2015-09-09T20:39:20+08:00 ] 127.0.0.1 /think/index.php/Index
INFO: [ route_check ] --START--
INFO: CheckRoute Behavior ::run [ RunTime:0.000922s ]
INFO: [ route_check ] --END-- [ RunTime:0.001048s ]
INFO: [ app_begin ] --START--
INFO: ReadHtmlCache Behavior ::run [ RunTime:0.001915s ]
INFO: [ app_begin ] --END-- [ RunTime:0.002069s ]
NOTIC: [2048] Declaration of IndexAction::show() should be compatible with that of Action::show() D:\JWroom\wamp\www\myphp\think\Index\Lib\Action\IndexAction.class.php 第 45 行.
INFO: [ view_parse ] --START--
INFO: ParseTemplate Behavior ::run [ RunTime:0.113678s ]
INFO: [ view_parse ] --END-- [ RunTime:0.113890s ]
INFO: [ view_filter ] --START--
INFO: ContentReplace Behavior ::run [ RunTime:0.032483s ]
INFO: TokenBuild Behavior ::run [ RunTime:0.003921s ]
INFO: WriteHtmlCache Behavior ::run [ RunTime:0.001637s ]
INFO: ShowRuntime Behavior ::run [ RunTime:0.001803s ]
INFO: [ view_filter ] --END-- [ RunTime:0.060639s ]
INFO: [ view_end ] --START--
INFO: ShowPageTrace Behavior ::run [ RunTime:0.001518s ]
INFO: [ view_end ] --END-- [ RunTime:0.001648s ]

[ 2015-09-09T20:39:20+08:00 ] 127.0.0.1 /think/index.php/Css/index.css
INFO: [ route_check ] --START--
INFO: CheckRoute Behavior ::run [ RunTime:0.001013s ]
INFO: [ route_check ] --END-- [ RunTime:0.001153s ]
INFO: [ app_begin ] --START--
INFO: ReadHtmlCache Behavior ::run [ RunTime:0.000927s ]
INFO: [ app_begin ] --END-- [ RunTime:0.001028s ]
ERR: 无法加载模块:Css

[ 2015-09-09T20:39:20+08:00 ] 127.0.0.1 /think/index.php/Js/index.js
INFO: [ route_check ] --START--
INFO: CheckRoute Behavior ::run [ RunTime:0.003249s ]
INFO: [ route_check ] --END-- [ RunTime:0.003466s ]
INFO: [ app_begin ] --START--
INFO: ReadHtmlCache Behavior ::run [ RunTime:0.001039s ]
INFO: [ app_begin ] --END-- [ RunTime:0.001232s ]
ERR: 无法加载模块:Js

[ 2015-09-09T20:39:20+08:00 ] 127.0.0.1 /think/index.php/Js/jquery-1.7.2.min.js
INFO: [ route_check ] --START--
INFO: CheckRoute Behavior ::run [ RunTime:0.006786s ]
INFO: [ route_check ] --END-- [ RunTime:0.007076s ]
INFO: [ app_begin ] --START--
INFO: ReadHtmlCache Behavior ::run [ RunTime:0.001190s ]
INFO: [ app_begin ] --END-- [ RunTime:0.001398s ]
ERR: 无法加载模块:Js

[ 2015-09-09T20:42:02+08:00 ] 127.0.0.1 /think/index.php/Index
INFO: [ route_check ] --START--
INFO: CheckRoute Behavior ::run [ RunTime:0.001028s ]
INFO: [ route_check ] --END-- [ RunTime:0.001188s ]
INFO: [ app_begin ] --START--
INFO: ReadHtmlCache Behavior ::run [ RunTime:0.000815s ]
INFO: [ app_begin ] --END-- [ RunTime:0.000918s ]
NOTIC: [2048] Declaration of IndexAction::show() should be compatible with that of Action::show() D:\JWroom\wamp\www\myphp\think\Index\Lib\Action\IndexAction.class.php 第 45 行.
INFO: [ view_parse ] --START--
INFO: ParseTemplate Behavior ::run [ RunTime:0.012580s ]
INFO: [ view_parse ] --END-- [ RunTime:0.012762s ]
INFO: [ view_filter ] --START--
INFO: ContentReplace Behavior ::run [ RunTime:0.001046s ]
INFO: TokenBuild Behavior ::run [ RunTime:0.001034s ]
INFO: WriteHtmlCache Behavior ::run [ RunTime:0.000817s ]
INFO: ShowRuntime Behavior ::run [ RunTime:0.001138s ]
INFO: [ view_filter ] --END-- [ RunTime:0.004483s ]
INFO: [ view_end ] --START--
INFO: ShowPageTrace Behavior ::run [ RunTime:0.001309s ]
INFO: [ view_end ] --END-- [ RunTime:0.001476s ]

[ 2015-09-09T20:42:02+08:00 ] 127.0.0.1 /think/index.php/Css/index.css
INFO: [ route_check ] --START--
INFO: CheckRoute Behavior ::run [ RunTime:0.001480s ]
INFO: [ route_check ] --END-- [ RunTime:0.001680s ]
INFO: [ app_begin ] --START--
INFO: ReadHtmlCache Behavior ::run [ RunTime:0.001268s ]
INFO: [ app_begin ] --END-- [ RunTime:0.001459s ]
ERR: 无法加载模块:Css

[ 2015-09-09T20:42:02+08:00 ] 127.0.0.1 /think/index.php/Js/jquery-1.7.2.min.js
INFO: [ route_check ] --START--
INFO: CheckRoute Behavior ::run [ RunTime:0.001784s ]
INFO: [ route_check ] --END-- [ RunTime:0.001976s ]
INFO: [ app_begin ] --START--
INFO: ReadHtmlCache Behavior ::run [ RunTime:0.001690s ]
INFO: [ app_begin ] --END-- [ RunTime:0.001870s ]
ERR: 无法加载模块:Js

[ 2015-09-09T20:42:03+08:00 ] 127.0.0.1 /think/index.php/Js/index.js
INFO: [ route_check ] --START--
INFO: CheckRoute Behavior ::run [ RunTime:0.001439s ]
INFO: [ route_check ] --END-- [ RunTime:0.001740s ]
INFO: [ app_begin ] --START--
INFO: ReadHtmlCache Behavior ::run [ RunTime:0.001052s ]
INFO: [ app_begin ] --END-- [ RunTime:0.001250s ]
ERR: 无法加载模块:Js

[ 2015-09-09T20:48:15+08:00 ] 127.0.0.1 /think/index.php/Index
INFO: [ route_check ] --START--
INFO: CheckRoute Behavior ::run [ RunTime:0.001175s ]
INFO: [ route_check ] --END-- [ RunTime:0.001334s ]
INFO: [ app_begin ] --START--
INFO: ReadHtmlCache Behavior ::run [ RunTime:0.000801s ]
INFO: [ app_begin ] --END-- [ RunTime:0.000906s ]
NOTIC: [2048] Declaration of IndexAction::show() should be compatible with that of Action::show() D:\JWroom\wamp\www\myphp\think\Index\Lib\Action\IndexAction.class.php 第 45 行.
INFO: [ view_parse ] --START--
INFO: ParseTemplate Behavior ::run [ RunTime:0.011074s ]
INFO: [ view_parse ] --END-- [ RunTime:0.011201s ]
INFO: [ view_filter ] --START--
INFO: ContentReplace Behavior ::run [ RunTime:0.000707s ]
INFO: TokenBuild Behavior ::run [ RunTime:0.000678s ]
INFO: WriteHtmlCache Behavior ::run [ RunTime:0.000552s ]
INFO: ShowRuntime Behavior ::run [ RunTime:0.000761s ]
INFO: [ view_filter ] --END-- [ RunTime:0.002957s ]
INFO: [ view_end ] --START--
INFO: ShowPageTrace Behavior ::run [ RunTime:0.000885s ]
INFO: [ view_end ] --END-- [ RunTime:0.000981s ]

[ 2015-09-09T20:54:53+08:00 ] 127.0.0.1 /think/index.php/Index
INFO: [ route_check ] --START--
INFO: CheckRoute Behavior ::run [ RunTime:0.015560s ]
INFO: [ route_check ] --END-- [ RunTime:0.016166s ]
INFO: [ app_begin ] --START--
INFO: ReadHtmlCache Behavior ::run [ RunTime:0.001414s ]
INFO: [ app_begin ] --END-- [ RunTime:0.001648s ]
NOTIC: [2048] Declaration of IndexAction::show() should be compatible with that of Action::show() D:\JWroom\wamp\www\myphp\think\Index\Lib\Action\IndexAction.class.php 第 46 行.

[ 2015-09-09T20:55:39+08:00 ] 127.0.0.1 /think/index.php/Index
INFO: [ route_check ] --START--
INFO: CheckRoute Behavior ::run [ RunTime:0.001022s ]
INFO: [ route_check ] --END-- [ RunTime:0.001151s ]
INFO: [ app_begin ] --START--
INFO: ReadHtmlCache Behavior ::run [ RunTime:0.000769s ]
INFO: [ app_begin ] --END-- [ RunTime:0.000868s ]
NOTIC: [2048] Declaration of IndexAction::show() should be compatible with that of Action::show() D:\JWroom\wamp\www\myphp\think\Index\Lib\Action\IndexAction.class.php 第 47 行.
NOTIC: [8] Use of undefined constant __PUBLIC__ - assumed '__PUBLIC__' D:\JWroom\wamp\www\myphp\think\Index\Lib\Action\IndexAction.class.php 第 29 行.

[ 2015-09-09T20:56:14+08:00 ] 127.0.0.1 /think/index.php/Index
INFO: [ route_check ] --START--
INFO: CheckRoute Behavior ::run [ RunTime:0.005195s ]
INFO: [ route_check ] --END-- [ RunTime:0.005374s ]
INFO: [ app_begin ] --START--
INFO: ReadHtmlCache Behavior ::run [ RunTime:0.002546s ]
INFO: [ app_begin ] --END-- [ RunTime:0.002765s ]
NOTIC: [2048] Declaration of IndexAction::show() should be compatible with that of Action::show() D:\JWroom\wamp\www\myphp\think\Index\Lib\Action\IndexAction.class.php 第 47 行.
NOTIC: [8] Use of undefined constant __PUBLIC__ - assumed '__PUBLIC__' D:\JWroom\wamp\www\myphp\think\Index\Lib\Action\IndexAction.class.php 第 29 行.

[ 2015-09-09T20:56:59+08:00 ] 127.0.0.1 /think/index.php/Index
INFO: [ route_check ] --START--
INFO: CheckRoute Behavior ::run [ RunTime:0.001772s ]
INFO: [ route_check ] --END-- [ RunTime:0.001998s ]
INFO: [ app_begin ] --START--
INFO: ReadHtmlCache Behavior ::run [ RunTime:0.001388s ]
INFO: [ app_begin ] --END-- [ RunTime:0.001627s ]
NOTIC: [2048] Declaration of IndexAction::show() should be compatible with that of Action::show() D:\JWroom\wamp\www\myphp\think\Index\Lib\Action\IndexAction.class.php 第 47 行.
INFO: [ view_parse ] --START--
INFO: ParseTemplate Behavior ::run [ RunTime:0.026761s ]
INFO: [ view_parse ] --END-- [ RunTime:0.027011s ]
INFO: [ view_filter ] --START--
INFO: ContentReplace Behavior ::run [ RunTime:0.001513s ]
INFO: TokenBuild Behavior ::run [ RunTime:0.001927s ]
INFO: WriteHtmlCache Behavior ::run [ RunTime:0.002118s ]
INFO: ShowRuntime Behavior ::run [ RunTime:0.001651s ]
INFO: [ view_filter ] --END-- [ RunTime:0.008126s ]
INFO: [ view_end ] --START--
INFO: ShowPageTrace Behavior ::run [ RunTime:0.001851s ]
INFO: [ view_end ] --END-- [ RunTime:0.002183s ]

[ 2015-09-09T21:25:24+08:00 ] 127.0.0.1 /think/index.php/Index
INFO: [ route_check ] --START--
INFO: CheckRoute Behavior ::run [ RunTime:0.001836s ]
INFO: [ route_check ] --END-- [ RunTime:0.002156s ]
INFO: [ app_begin ] --START--
INFO: ReadHtmlCache Behavior ::run [ RunTime:0.001636s ]
INFO: [ app_begin ] --END-- [ RunTime:0.001919s ]
NOTIC: [2048] Declaration of IndexAction::show() should be compatible with that of Action::show() D:\JWroom\wamp\www\myphp\think\Index\Lib\Action\IndexAction.class.php 第 47 行.
INFO: [ view_parse ] --START--
INFO: ParseTemplate Behavior ::run [ RunTime:0.062411s ]
INFO: [ view_parse ] --END-- [ RunTime:0.062634s ]
INFO: [ view_filter ] --START--
INFO: ContentReplace Behavior ::run [ RunTime:0.002021s ]
INFO: TokenBuild Behavior ::run [ RunTime:0.001433s ]
INFO: WriteHtmlCache Behavior ::run [ RunTime:0.000759s ]
INFO: ShowRuntime Behavior ::run [ RunTime:0.001558s ]
INFO: [ view_filter ] --END-- [ RunTime:0.006471s ]
INFO: [ view_end ] --START--
INFO: ShowPageTrace Behavior ::run [ RunTime:0.003185s ]
INFO: [ view_end ] --END-- [ RunTime:0.003398s ]

[ 2015-09-09T21:28:30+08:00 ] 127.0.0.1 /think/index.php/Index
INFO: [ route_check ] --START--
INFO: CheckRoute Behavior ::run [ RunTime:0.001335s ]
INFO: [ route_check ] --END-- [ RunTime:0.001573s ]
INFO: [ app_begin ] --START--
INFO: ReadHtmlCache Behavior ::run [ RunTime:0.000963s ]
INFO: [ app_begin ] --END-- [ RunTime:0.001080s ]
NOTIC: [2048] Declaration of IndexAction::show() should be compatible with that of Action::show() D:\JWroom\wamp\www\myphp\think\Index\Lib\Action\IndexAction.class.php 第 47 行.
INFO: [ view_parse ] --START--
INFO: ParseTemplate Behavior ::run [ RunTime:0.013211s ]
INFO: [ view_parse ] --END-- [ RunTime:0.013329s ]
INFO: [ view_filter ] --START--
INFO: ContentReplace Behavior ::run [ RunTime:0.000702s ]
INFO: TokenBuild Behavior ::run [ RunTime:0.000597s ]
INFO: WriteHtmlCache Behavior ::run [ RunTime:0.000504s ]
INFO: ShowRuntime Behavior ::run [ RunTime:0.000783s ]
INFO: [ view_filter ] --END-- [ RunTime:0.002827s ]
INFO: [ view_end ] --START--
INFO: ShowPageTrace Behavior ::run [ RunTime:0.000712s ]
INFO: [ view_end ] --END-- [ RunTime:0.000835s ]

[ 2015-09-09T21:36:04+08:00 ] 127.0.0.1 /think/index.php/Index
INFO: [ route_check ] --START--
INFO: CheckRoute Behavior ::run [ RunTime:0.001083s ]
INFO: [ route_check ] --END-- [ RunTime:0.001284s ]
INFO: [ app_begin ] --START--
INFO: ReadHtmlCache Behavior ::run [ RunTime:0.000708s ]
INFO: [ app_begin ] --END-- [ RunTime:0.000798s ]
NOTIC: [2048] Declaration of IndexAction::show() should be compatible with that of Action::show() D:\JWroom\wamp\www\myphp\think\Index\Lib\Action\IndexAction.class.php 第 47 行.
INFO: [ view_parse ] --START--
INFO: ParseTemplate Behavior ::run [ RunTime:0.008342s ]
INFO: [ view_parse ] --END-- [ RunTime:0.008454s ]
INFO: [ view_filter ] --START--
INFO: ContentReplace Behavior ::run [ RunTime:0.000669s ]
INFO: TokenBuild Behavior ::run [ RunTime:0.000570s ]
INFO: WriteHtmlCache Behavior ::run [ RunTime:0.000778s ]
INFO: ShowRuntime Behavior ::run [ RunTime:0.000793s ]
INFO: [ view_filter ] --END-- [ RunTime:0.003144s ]
INFO: [ view_end ] --START--
INFO: ShowPageTrace Behavior ::run [ RunTime:0.000916s ]
INFO: [ view_end ] --END-- [ RunTime:0.001001s ]

[ 2015-09-09T21:36:06+08:00 ] 127.0.0.1 /think/index.php/Index
INFO: [ route_check ] --START--
INFO: CheckRoute Behavior ::run [ RunTime:0.000958s ]
INFO: [ route_check ] --END-- [ RunTime:0.001193s ]
INFO: [ app_begin ] --START--
INFO: ReadHtmlCache Behavior ::run [ RunTime:0.000663s ]
INFO: [ app_begin ] --END-- [ RunTime:0.000750s ]
NOTIC: [2048] Declaration of IndexAction::show() should be compatible with that of Action::show() D:\JWroom\wamp\www\myphp\think\Index\Lib\Action\IndexAction.class.php 第 47 行.
INFO: [ view_parse ] --START--
INFO: ParseTemplate Behavior ::run [ RunTime:0.008955s ]
INFO: [ view_parse ] --END-- [ RunTime:0.009085s ]
INFO: [ view_filter ] --START--
INFO: ContentReplace Behavior ::run [ RunTime:0.000652s ]
INFO: TokenBuild Behavior ::run [ RunTime:0.000601s ]
INFO: WriteHtmlCache Behavior ::run [ RunTime:0.000509s ]
INFO: ShowRuntime Behavior ::run [ RunTime:0.000642s ]
INFO: [ view_filter ] --END-- [ RunTime:0.002672s ]
INFO: [ view_end ] --START--
INFO: ShowPageTrace Behavior ::run [ RunTime:0.000732s ]
INFO: [ view_end ] --END-- [ RunTime:0.000814s ]

[ 2015-09-09T21:36:07+08:00 ] 127.0.0.1 /think/index.php/Index
INFO: [ route_check ] --START--
INFO: CheckRoute Behavior ::run [ RunTime:0.000913s ]
INFO: [ route_check ] --END-- [ RunTime:0.001032s ]
INFO: [ app_begin ] --START--
INFO: ReadHtmlCache Behavior ::run [ RunTime:0.000861s ]
INFO: [ app_begin ] --END-- [ RunTime:0.000972s ]
NOTIC: [2048] Declaration of IndexAction::show() should be compatible with that of Action::show() D:\JWroom\wamp\www\myphp\think\Index\Lib\Action\IndexAction.class.php 第 47 行.
INFO: [ view_parse ] --START--
INFO: ParseTemplate Behavior ::run [ RunTime:0.007358s ]
INFO: [ view_parse ] --END-- [ RunTime:0.007496s ]
INFO: [ view_filter ] --START--
INFO: ContentReplace Behavior ::run [ RunTime:0.000971s ]
INFO: TokenBuild Behavior ::run [ RunTime:0.000672s ]
INFO: WriteHtmlCache Behavior ::run [ RunTime:0.000472s ]
INFO: ShowRuntime Behavior ::run [ RunTime:0.000753s ]
INFO: [ view_filter ] --END-- [ RunTime:0.003146s ]
INFO: [ view_end ] --START--
INFO: ShowPageTrace Behavior ::run [ RunTime:0.000775s ]
INFO: [ view_end ] --END-- [ RunTime:0.000864s ]

[ 2015-09-09T21:36:08+08:00 ] 127.0.0.1 /think/index.php/Index
INFO: [ route_check ] --START--
INFO: CheckRoute Behavior ::run [ RunTime:0.000818s ]
INFO: [ route_check ] --END-- [ RunTime:0.001051s ]
INFO: [ app_begin ] --START--
INFO: ReadHtmlCache Behavior ::run [ RunTime:0.000565s ]
INFO: [ app_begin ] --END-- [ RunTime:0.000650s ]
NOTIC: [2048] Declaration of IndexAction::show() should be compatible with that of Action::show() D:\JWroom\wamp\www\myphp\think\Index\Lib\Action\IndexAction.class.php 第 47 行.
INFO: [ view_parse ] --START--
INFO: ParseTemplate Behavior ::run [ RunTime:0.008361s ]
INFO: [ view_parse ] --END-- [ RunTime:0.008513s ]
INFO: [ view_filter ] --START--
INFO: ContentReplace Behavior ::run [ RunTime:0.000661s ]
INFO: TokenBuild Behavior ::run [ RunTime:0.000550s ]
INFO: WriteHtmlCache Behavior ::run [ RunTime:0.000390s ]
INFO: ShowRuntime Behavior ::run [ RunTime:0.000600s ]
INFO: [ view_filter ] --END-- [ RunTime:0.002517s ]
INFO: [ view_end ] --START--
INFO: ShowPageTrace Behavior ::run [ RunTime:0.000756s ]
INFO: [ view_end ] --END-- [ RunTime:0.000844s ]

[ 2015-09-09T21:36:08+08:00 ] 127.0.0.1 /think/index.php/Index
INFO: [ route_check ] --START--
INFO: CheckRoute Behavior ::run [ RunTime:0.001019s ]
INFO: [ route_check ] --END-- [ RunTime:0.001147s ]
INFO: [ app_begin ] --START--
INFO: ReadHtmlCache Behavior ::run [ RunTime:0.000722s ]
INFO: [ app_begin ] --END-- [ RunTime:0.000814s ]
NOTIC: [2048] Declaration of IndexAction::show() should be compatible with that of Action::show() D:\JWroom\wamp\www\myphp\think\Index\Lib\Action\IndexAction.class.php 第 47 行.
INFO: [ view_parse ] --START--
INFO: ParseTemplate Behavior ::run [ RunTime:0.009352s ]
INFO: [ view_parse ] --END-- [ RunTime:0.009475s ]
INFO: [ view_filter ] --START--
INFO: ContentReplace Behavior ::run [ RunTime:0.000657s ]
INFO: TokenBuild Behavior ::run [ RunTime:0.000625s ]
INFO: WriteHtmlCache Behavior ::run [ RunTime:0.000512s ]
INFO: ShowRuntime Behavior ::run [ RunTime:0.000693s ]
INFO: [ view_filter ] --END-- [ RunTime:0.002769s ]
INFO: [ view_end ] --START--
INFO: ShowPageTrace Behavior ::run [ RunTime:0.000806s ]
INFO: [ view_end ] --END-- [ RunTime:0.000902s ]

[ 2015-09-09T21:36:09+08:00 ] 127.0.0.1 /think/index.php/Index
INFO: [ route_check ] --START--
INFO: CheckRoute Behavior ::run [ RunTime:0.000917s ]
INFO: [ route_check ] --END-- [ RunTime:0.001052s ]
INFO: [ app_begin ] --START--
INFO: ReadHtmlCache Behavior ::run [ RunTime:0.000867s ]
INFO: [ app_begin ] --END-- [ RunTime:0.001012s ]
NOTIC: [2048] Declaration of IndexAction::show() should be compatible with that of Action::show() D:\JWroom\wamp\www\myphp\think\Index\Lib\Action\IndexAction.class.php 第 47 行.
INFO: [ view_parse ] --START--
INFO: ParseTemplate Behavior ::run [ RunTime:0.009276s ]
INFO: [ view_parse ] --END-- [ RunTime:0.009451s ]
INFO: [ view_filter ] --START--
INFO: ContentReplace Behavior ::run [ RunTime:0.001061s ]
INFO: TokenBuild Behavior ::run [ RunTime:0.000682s ]
INFO: WriteHtmlCache Behavior ::run [ RunTime:0.000537s ]
INFO: ShowRuntime Behavior ::run [ RunTime:0.000863s ]
INFO: [ view_filter ] --END-- [ RunTime:0.003460s ]
INFO: [ view_end ] --START--
INFO: ShowPageTrace Behavior ::run [ RunTime:0.001168s ]
INFO: [ view_end ] --END-- [ RunTime:0.001314s ]

[ 2015-09-09T21:36:10+08:00 ] 127.0.0.1 /think/index.php/Index
INFO: [ route_check ] --START--
INFO: CheckRoute Behavior ::run [ RunTime:0.000880s ]
INFO: [ route_check ] --END-- [ RunTime:0.000998s ]
INFO: [ app_begin ] --START--
INFO: ReadHtmlCache Behavior ::run [ RunTime:0.000644s ]
INFO: [ app_begin ] --END-- [ RunTime:0.000747s ]
NOTIC: [2048] Declaration of IndexAction::show() should be compatible with that of Action::show() D:\JWroom\wamp\www\myphp\think\Index\Lib\Action\IndexAction.class.php 第 47 行.
INFO: [ view_parse ] --START--
INFO: ParseTemplate Behavior ::run [ RunTime:0.008555s ]
INFO: [ view_parse ] --END-- [ RunTime:0.008669s ]
INFO: [ view_filter ] --START--
INFO: ContentReplace Behavior ::run [ RunTime:0.000500s ]
INFO: TokenBuild Behavior ::run [ RunTime:0.000481s ]
INFO: WriteHtmlCache Behavior ::run [ RunTime:0.000366s ]
INFO: ShowRuntime Behavior ::run [ RunTime:0.000536s ]
INFO: [ view_filter ] --END-- [ RunTime:0.002134s ]
INFO: [ view_end ] --START--
INFO: ShowPageTrace Behavior ::run [ RunTime:0.000660s ]
INFO: [ view_end ] --END-- [ RunTime:0.000767s ]

[ 2015-09-09T21:36:11+08:00 ] 127.0.0.1 /think/index.php/Index
INFO: [ route_check ] --START--
INFO: CheckRoute Behavior ::run [ RunTime:0.000865s ]
INFO: [ route_check ] --END-- [ RunTime:0.001133s ]
INFO: [ app_begin ] --START--
INFO: ReadHtmlCache Behavior ::run [ RunTime:0.001015s ]
INFO: [ app_begin ] --END-- [ RunTime:0.001170s ]
NOTIC: [2048] Declaration of IndexAction::show() should be compatible with that of Action::show() D:\JWroom\wamp\www\myphp\think\Index\Lib\Action\IndexAction.class.php 第 47 行.
INFO: [ view_parse ] --START--
INFO: ParseTemplate Behavior ::run [ RunTime:0.007471s ]
INFO: [ view_parse ] --END-- [ RunTime:0.007592s ]
INFO: [ view_filter ] --START--
INFO: ContentReplace Behavior ::run [ RunTime:0.000678s ]
INFO: TokenBuild Behavior ::run [ RunTime:0.000576s ]
INFO: WriteHtmlCache Behavior ::run [ RunTime:0.000641s ]
INFO: ShowRuntime Behavior ::run [ RunTime:0.000671s ]
INFO: [ view_filter ] --END-- [ RunTime:0.002811s ]
INFO: [ view_end ] --START--
INFO: ShowPageTrace Behavior ::run [ RunTime:0.000785s ]
INFO: [ view_end ] --END-- [ RunTime:0.000874s ]

[ 2015-09-09T21:36:12+08:00 ] 127.0.0.1 /think/index.php/Index
INFO: [ route_check ] --START--
INFO: CheckRoute Behavior ::run [ RunTime:0.000917s ]
INFO: [ route_check ] --END-- [ RunTime:0.001029s ]
INFO: [ app_begin ] --START--
INFO: ReadHtmlCache Behavior ::run [ RunTime:0.000739s ]
INFO: [ app_begin ] --END-- [ RunTime:0.000836s ]
NOTIC: [2048] Declaration of IndexAction::show() should be compatible with that of Action::show() D:\JWroom\wamp\www\myphp\think\Index\Lib\Action\IndexAction.class.php 第 47 行.
INFO: [ view_parse ] --START--
INFO: ParseTemplate Behavior ::run [ RunTime:0.008812s ]
INFO: [ view_parse ] --END-- [ RunTime:0.008936s ]
INFO: [ view_filter ] --START--
INFO: ContentReplace Behavior ::run [ RunTime:0.000657s ]
INFO: TokenBuild Behavior ::run [ RunTime:0.000576s ]
INFO: WriteHtmlCache Behavior ::run [ RunTime:0.000519s ]
INFO: ShowRuntime Behavior ::run [ RunTime:0.000770s ]
INFO: [ view_filter ] --END-- [ RunTime:0.002776s ]
INFO: [ view_end ] --START--
INFO: ShowPageTrace Behavior ::run [ RunTime:0.000763s ]
INFO: [ view_end ] --END-- [ RunTime:0.000843s ]

[ 2015-09-09T21:36:13+08:00 ] 127.0.0.1 /think/index.php/Index
INFO: [ route_check ] --START--
INFO: CheckRoute Behavior ::run [ RunTime:0.000852s ]
INFO: [ route_check ] --END-- [ RunTime:0.000953s ]
INFO: [ app_begin ] --START--
INFO: ReadHtmlCache Behavior ::run [ RunTime:0.000656s ]
INFO: [ app_begin ] --END-- [ RunTime:0.000742s ]
NOTIC: [2048] Declaration of IndexAction::show() should be compatible with that of Action::show() D:\JWroom\wamp\www\myphp\think\Index\Lib\Action\IndexAction.class.php 第 47 行.
INFO: [ view_parse ] --START--
INFO: ParseTemplate Behavior ::run [ RunTime:0.009474s ]
INFO: [ view_parse ] --END-- [ RunTime:0.009619s ]
INFO: [ view_filter ] --START--
INFO: ContentReplace Behavior ::run [ RunTime:0.000807s ]
INFO: TokenBuild Behavior ::run [ RunTime:0.000610s ]
INFO: WriteHtmlCache Behavior ::run [ RunTime:0.000481s ]
INFO: ShowRuntime Behavior ::run [ RunTime:0.000637s ]
INFO: [ view_filter ] --END-- [ RunTime:0.002800s ]
INFO: [ view_end ] --START--
INFO: ShowPageTrace Behavior ::run [ RunTime:0.000747s ]
INFO: [ view_end ] --END-- [ RunTime:0.000828s ]

[ 2015-09-09T21:36:14+08:00 ] 127.0.0.1 /think/index.php/Index
INFO: [ route_check ] --START--
INFO: CheckRoute Behavior ::run [ RunTime:0.001582s ]
INFO: [ route_check ] --END-- [ RunTime:0.001774s ]
INFO: [ app_begin ] --START--
INFO: ReadHtmlCache Behavior ::run [ RunTime:0.000670s ]
INFO: [ app_begin ] --END-- [ RunTime:0.000756s ]
NOTIC: [2048] Declaration of IndexAction::show() should be compatible with that of Action::show() D:\JWroom\wamp\www\myphp\think\Index\Lib\Action\IndexAction.class.php 第 47 行.
INFO: [ view_parse ] --START--
INFO: ParseTemplate Behavior ::run [ RunTime:0.007673s ]
INFO: [ view_parse ] --END-- [ RunTime:0.007788s ]
INFO: [ view_filter ] --START--
INFO: ContentReplace Behavior ::run [ RunTime:0.000568s ]
INFO: TokenBuild Behavior ::run [ RunTime:0.000576s ]
INFO: WriteHtmlCache Behavior ::run [ RunTime:0.000439s ]
INFO: ShowRuntime Behavior ::run [ RunTime:0.000630s ]
INFO: [ view_filter ] --END-- [ RunTime:0.002437s ]
INFO: [ view_end ] --START--
INFO: ShowPageTrace Behavior ::run [ RunTime:0.002399s ]
INFO: [ view_end ] --END-- [ RunTime:0.002546s ]

[ 2015-09-09T21:36:16+08:00 ] 127.0.0.1 /think/index.php/Index
INFO: [ route_check ] --START--
INFO: CheckRoute Behavior ::run [ RunTime:0.000833s ]
INFO: [ route_check ] --END-- [ RunTime:0.000948s ]
INFO: [ app_begin ] --START--
INFO: ReadHtmlCache Behavior ::run [ RunTime:0.000757s ]
INFO: [ app_begin ] --END-- [ RunTime:0.000841s ]
NOTIC: [2048] Declaration of IndexAction::show() should be compatible with that of Action::show() D:\JWroom\wamp\www\myphp\think\Index\Lib\Action\IndexAction.class.php 第 47 行.
INFO: [ view_parse ] --START--
INFO: ParseTemplate Behavior ::run [ RunTime:0.008591s ]
INFO: [ view_parse ] --END-- [ RunTime:0.008757s ]
INFO: [ view_filter ] --START--
INFO: ContentReplace Behavior ::run [ RunTime:0.000716s ]
INFO: TokenBuild Behavior ::run [ RunTime:0.000600s ]
INFO: WriteHtmlCache Behavior ::run [ RunTime:0.000464s ]
INFO: ShowRuntime Behavior ::run [ RunTime:0.000710s ]
INFO: [ view_filter ] --END-- [ RunTime:0.002763s ]
INFO: [ view_end ] --START--
INFO: ShowPageTrace Behavior ::run [ RunTime:0.000872s ]
INFO: [ view_end ] --END-- [ RunTime:0.000981s ]

[ 2015-09-09T21:36:16+08:00 ] 127.0.0.1 /think/index.php/Index
INFO: [ route_check ] --START--
INFO: CheckRoute Behavior ::run [ RunTime:0.000877s ]
INFO: [ route_check ] --END-- [ RunTime:0.000999s ]
INFO: [ app_begin ] --START--
INFO: ReadHtmlCache Behavior ::run [ RunTime:0.000880s ]
INFO: [ app_begin ] --END-- [ RunTime:0.001017s ]
NOTIC: [2048] Declaration of IndexAction::show() should be compatible with that of Action::show() D:\JWroom\wamp\www\myphp\think\Index\Lib\Action\IndexAction.class.php 第 47 行.
INFO: [ view_parse ] --START--
INFO: ParseTemplate Behavior ::run [ RunTime:0.008247s ]
INFO: [ view_parse ] --END-- [ RunTime:0.008357s ]
INFO: [ view_filter ] --START--
INFO: ContentReplace Behavior ::run [ RunTime:0.000565s ]
INFO: TokenBuild Behavior ::run [ RunTime:0.000999s ]
INFO: WriteHtmlCache Behavior ::run [ RunTime:0.000751s ]
INFO: ShowRuntime Behavior ::run [ RunTime:0.000726s ]
INFO: [ view_filter ] --END-- [ RunTime:0.003358s ]
INFO: [ view_end ] --START--
INFO: ShowPageTrace Behavior ::run [ RunTime:0.000796s ]
INFO: [ view_end ] --END-- [ RunTime:0.000880s ]

[ 2015-09-09T21:36:17+08:00 ] 127.0.0.1 /think/index.php/Index
INFO: [ route_check ] --START--
INFO: CheckRoute Behavior ::run [ RunTime:0.001099s ]
INFO: [ route_check ] --END-- [ RunTime:0.001277s ]
INFO: [ app_begin ] --START--
INFO: ReadHtmlCache Behavior ::run [ RunTime:0.000784s ]
INFO: [ app_begin ] --END-- [ RunTime:0.000922s ]
NOTIC: [2048] Declaration of IndexAction::show() should be compatible with that of Action::show() D:\JWroom\wamp\www\myphp\think\Index\Lib\Action\IndexAction.class.php 第 47 行.
INFO: [ view_parse ] --START--
INFO: ParseTemplate Behavior ::run [ RunTime:0.007695s ]
INFO: [ view_parse ] --END-- [ RunTime:0.007809s ]
INFO: [ view_filter ] --START--
INFO: ContentReplace Behavior ::run [ RunTime:0.000687s ]
INFO: TokenBuild Behavior ::run [ RunTime:0.000687s ]
INFO: WriteHtmlCache Behavior ::run [ RunTime:0.000475s ]
INFO: ShowRuntime Behavior ::run [ RunTime:0.000700s ]
INFO: [ view_filter ] --END-- [ RunTime:0.002810s ]
INFO: [ view_end ] --START--
INFO: ShowPageTrace Behavior ::run [ RunTime:0.000759s ]
INFO: [ view_end ] --END-- [ RunTime:0.000845s ]

[ 2015-09-09T21:36:17+08:00 ] 127.0.0.1 /think/index.php/Index
INFO: [ route_check ] --START--
INFO: CheckRoute Behavior ::run [ RunTime:0.000830s ]
INFO: [ route_check ] --END-- [ RunTime:0.000932s ]
INFO: [ app_begin ] --START--
INFO: ReadHtmlCache Behavior ::run [ RunTime:0.000831s ]
INFO: [ app_begin ] --END-- [ RunTime:0.000925s ]
NOTIC: [2048] Declaration of IndexAction::show() should be compatible with that of Action::show() D:\JWroom\wamp\www\myphp\think\Index\Lib\Action\IndexAction.class.php 第 47 行.
INFO: [ view_parse ] --START--
INFO: ParseTemplate Behavior ::run [ RunTime:0.009225s ]
INFO: [ view_parse ] --END-- [ RunTime:0.009343s ]
INFO: [ view_filter ] --START--
INFO: ContentReplace Behavior ::run [ RunTime:0.000614s ]
INFO: TokenBuild Behavior ::run [ RunTime:0.000611s ]
INFO: WriteHtmlCache Behavior ::run [ RunTime:0.000487s ]
INFO: ShowRuntime Behavior ::run [ RunTime:0.000704s ]
INFO: [ view_filter ] --END-- [ RunTime:0.002658s ]
INFO: [ view_end ] --START--
INFO: ShowPageTrace Behavior ::run [ RunTime:0.000793s ]
INFO: [ view_end ] --END-- [ RunTime:0.000874s ]

[ 2015-09-09T21:36:18+08:00 ] 127.0.0.1 /think/index.php/Index
INFO: [ route_check ] --START--
INFO: CheckRoute Behavior ::run [ RunTime:0.001252s ]
INFO: [ route_check ] --END-- [ RunTime:0.001432s ]
INFO: [ app_begin ] --START--
INFO: ReadHtmlCache Behavior ::run [ RunTime:0.001113s ]
INFO: [ app_begin ] --END-- [ RunTime:0.001267s ]
NOTIC: [2048] Declaration of IndexAction::show() should be compatible with that of Action::show() D:\JWroom\wamp\www\myphp\think\Index\Lib\Action\IndexAction.class.php 第 47 行.
INFO: [ view_parse ] --START--
INFO: ParseTemplate Behavior ::run [ RunTime:0.009347s ]
INFO: [ view_parse ] --END-- [ RunTime:0.009488s ]
INFO: [ view_filter ] --START--
INFO: ContentReplace Behavior ::run [ RunTime:0.000620s ]
INFO: TokenBuild Behavior ::run [ RunTime:0.000596s ]
INFO: WriteHtmlCache Behavior ::run [ RunTime:0.000470s ]
INFO: ShowRuntime Behavior ::run [ RunTime:0.000615s ]
INFO: [ view_filter ] --END-- [ RunTime:0.002568s ]
INFO: [ view_end ] --START--
INFO: ShowPageTrace Behavior ::run [ RunTime:0.001339s ]
INFO: [ view_end ] --END-- [ RunTime:0.001595s ]

[ 2015-09-09T21:36:18+08:00 ] 127.0.0.1 /think/index.php/Index
INFO: [ route_check ] --START--
INFO: CheckRoute Behavior ::run [ RunTime:0.000860s ]
INFO: [ route_check ] --END-- [ RunTime:0.000963s ]
INFO: [ app_begin ] --START--
INFO: ReadHtmlCache Behavior ::run [ RunTime:0.000712s ]
INFO: [ app_begin ] --END-- [ RunTime:0.000802s ]
NOTIC: [2048] Declaration of IndexAction::show() should be compatible with that of Action::show() D:\JWroom\wamp\www\myphp\think\Index\Lib\Action\IndexAction.class.php 第 47 行.
INFO: [ view_parse ] --START--
INFO: ParseTemplate Behavior ::run [ RunTime:0.009066s ]
INFO: [ view_parse ] --END-- [ RunTime:0.009208s ]
INFO: [ view_filter ] --START--
INFO: ContentReplace Behavior ::run [ RunTime:0.000682s ]
INFO: TokenBuild Behavior ::run [ RunTime:0.000603s ]
INFO: WriteHtmlCache Behavior ::run [ RunTime:0.000542s ]
INFO: ShowRuntime Behavior ::run [ RunTime:0.000669s ]
INFO: [ view_filter ] --END-- [ RunTime:0.002749s ]
INFO: [ view_end ] --START--
INFO: ShowPageTrace Behavior ::run [ RunTime:0.000753s ]
INFO: [ view_end ] --END-- [ RunTime:0.000836s ]

[ 2015-09-09T21:36:18+08:00 ] 127.0.0.1 /think/index.php/Index
INFO: [ route_check ] --START--
INFO: CheckRoute Behavior ::run [ RunTime:0.001041s ]
INFO: [ route_check ] --END-- [ RunTime:0.001209s ]
INFO: [ app_begin ] --START--
INFO: ReadHtmlCache Behavior ::run [ RunTime:0.001297s ]
INFO: [ app_begin ] --END-- [ RunTime:0.001485s ]
NOTIC: [2048] Declaration of IndexAction::show() should be compatible with that of Action::show() D:\JWroom\wamp\www\myphp\think\Index\Lib\Action\IndexAction.class.php 第 47 行.
INFO: [ view_parse ] --START--
INFO: ParseTemplate Behavior ::run [ RunTime:0.008712s ]
INFO: [ view_parse ] --END-- [ RunTime:0.008865s ]
INFO: [ view_filter ] --START--
INFO: ContentReplace Behavior ::run [ RunTime:0.000754s ]
INFO: TokenBuild Behavior ::run [ RunTime:0.000810s ]
INFO: WriteHtmlCache Behavior ::run [ RunTime:0.002636s ]
INFO: ShowRuntime Behavior ::run [ RunTime:0.001768s ]
INFO: [ view_filter ] --END-- [ RunTime:0.006438s ]
INFO: [ view_end ] --START--
INFO: ShowPageTrace Behavior ::run [ RunTime:0.001885s ]
INFO: [ view_end ] --END-- [ RunTime:0.002073s ]

[ 2015-09-09T21:36:19+08:00 ] 127.0.0.1 /think/index.php/Index
INFO: [ route_check ] --START--
INFO: CheckRoute Behavior ::run [ RunTime:0.000795s ]
INFO: [ route_check ] --END-- [ RunTime:0.000908s ]
INFO: [ app_begin ] --START--
INFO: ReadHtmlCache Behavior ::run [ RunTime:0.000661s ]
INFO: [ app_begin ] --END-- [ RunTime:0.000747s ]
NOTIC: [2048] Declaration of IndexAction::show() should be compatible with that of Action::show() D:\JWroom\wamp\www\myphp\think\Index\Lib\Action\IndexAction.class.php 第 47 行.
INFO: [ view_parse ] --START--
INFO: ParseTemplate Behavior ::run [ RunTime:0.008815s ]
INFO: [ view_parse ] --END-- [ RunTime:0.008941s ]
INFO: [ view_filter ] --START--
INFO: ContentReplace Behavior ::run [ RunTime:0.000663s ]
INFO: TokenBuild Behavior ::run [ RunTime:0.000657s ]
INFO: WriteHtmlCache Behavior ::run [ RunTime:0.000453s ]
INFO: ShowRuntime Behavior ::run [ RunTime:0.000678s ]
INFO: [ view_filter ] --END-- [ RunTime:0.002692s ]
INFO: [ view_end ] --START--
INFO: ShowPageTrace Behavior ::run [ RunTime:0.000731s ]
INFO: [ view_end ] --END-- [ RunTime:0.000811s ]

[ 2015-09-09T21:36:19+08:00 ] 127.0.0.1 /think/index.php/Index
INFO: [ route_check ] --START--
INFO: CheckRoute Behavior ::run [ RunTime:0.001033s ]
INFO: [ route_check ] --END-- [ RunTime:0.001181s ]
INFO: [ app_begin ] --START--
INFO: ReadHtmlCache Behavior ::run [ RunTime:0.000950s ]
INFO: [ app_begin ] --END-- [ RunTime:0.001081s ]
NOTIC: [2048] Declaration of IndexAction::show() should be compatible with that of Action::show() D:\JWroom\wamp\www\myphp\think\Index\Lib\Action\IndexAction.class.php 第 47 行.
INFO: [ view_parse ] --START--
INFO: ParseTemplate Behavior ::run [ RunTime:0.008795s ]
INFO: [ view_parse ] --END-- [ RunTime:0.008950s ]
INFO: [ view_filter ] --START--
INFO: ContentReplace Behavior ::run [ RunTime:0.000573s ]
INFO: TokenBuild Behavior ::run [ RunTime:0.000554s ]
INFO: WriteHtmlCache Behavior ::run [ RunTime:0.000438s ]
INFO: ShowRuntime Behavior ::run [ RunTime:0.000697s ]
INFO: [ view_filter ] --END-- [ RunTime:0.002485s ]
INFO: [ view_end ] --START--
INFO: ShowPageTrace Behavior ::run [ RunTime:0.000730s ]
INFO: [ view_end ] --END-- [ RunTime:0.000809s ]

[ 2015-09-09T21:36:20+08:00 ] 127.0.0.1 /think/index.php/Index
INFO: [ route_check ] --START--
INFO: CheckRoute Behavior ::run [ RunTime:0.000838s ]
INFO: [ route_check ] --END-- [ RunTime:0.000939s ]
INFO: [ app_begin ] --START--
INFO: ReadHtmlCache Behavior ::run [ RunTime:0.001072s ]
INFO: [ app_begin ] --END-- [ RunTime:0.001208s ]
NOTIC: [2048] Declaration of IndexAction::show() should be compatible with that of Action::show() D:\JWroom\wamp\www\myphp\think\Index\Lib\Action\IndexAction.class.php 第 47 行.
INFO: [ view_parse ] --START--
INFO: ParseTemplate Behavior ::run [ RunTime:0.008308s ]
INFO: [ view_parse ] --END-- [ RunTime:0.008440s ]
INFO: [ view_filter ] --START--
INFO: ContentReplace Behavior ::run [ RunTime:0.000601s ]
INFO: TokenBuild Behavior ::run [ RunTime:0.000552s ]
INFO: WriteHtmlCache Behavior ::run [ RunTime:0.000449s ]
INFO: ShowRuntime Behavior ::run [ RunTime:0.000635s ]
INFO: [ view_filter ] --END-- [ RunTime:0.002474s ]
INFO: [ view_end ] --START--
INFO: ShowPageTrace Behavior ::run [ RunTime:0.000797s ]
INFO: [ view_end ] --END-- [ RunTime:0.000877s ]

