[ 2015-09-10T18:02:17+08:00 ] 127.0.0.1 /think/
INFO: [ app_begin ] --START--
INFO: ReadHtmlCache Behavior ::run [ RunTime:0.028981s ]
INFO: [ app_begin ] --END-- [ RunTime:0.029138s ]
NOTIC: [2048] Declaration of IndexAction::show() should be compatible with that of Action::show() D:\JWroom\wamp\www\myphp\think\Index\Lib\Action\IndexAction.class.php 第 47 行.
INFO: [ view_parse ] --START--
INFO: ParseTemplate Behavior ::run [ RunTime:0.117420s ]
INFO: [ view_parse ] --END-- [ RunTime:0.117556s ]
INFO: [ view_filter ] --START--
INFO: ContentReplace Behavior ::run [ RunTime:0.018634s ]
INFO: TokenBuild Behavior ::run [ RunTime:0.034924s ]
INFO: WriteHtmlCache Behavior ::run [ RunTime:0.004699s ]
INFO: ShowRuntime Behavior ::run [ RunTime:0.006334s ]
INFO: [ view_filter ] --END-- [ RunTime:0.064957s ]
INFO: [ view_end ] --START--
INFO: ShowPageTrace Behavior ::run [ RunTime:0.006701s ]
INFO: [ view_end ] --END-- [ RunTime:0.006807s ]

[ 2015-09-10T18:03:12+08:00 ] 127.0.0.1 /think/
INFO: [ app_begin ] --START--
INFO: ReadHtmlCache Behavior ::run [ RunTime:0.000917s ]
INFO: [ app_begin ] --END-- [ RunTime:0.001074s ]
NOTIC: [2048] Declaration of IndexAction::show() should be compatible with that of Action::show() D:\JWroom\wamp\www\myphp\think\Index\Lib\Action\IndexAction.class.php 第 47 行.
INFO: [ view_parse ] --START--
INFO: ParseTemplate Behavior ::run [ RunTime:0.009445s ]
INFO: [ view_parse ] --END-- [ RunTime:0.009636s ]
INFO: [ view_filter ] --START--
INFO: ContentReplace Behavior ::run [ RunTime:0.000825s ]
INFO: TokenBuild Behavior ::run [ RunTime:0.000981s ]
INFO: WriteHtmlCache Behavior ::run [ RunTime:0.000555s ]
INFO: ShowRuntime Behavior ::run [ RunTime:0.000685s ]
INFO: [ view_filter ] --END-- [ RunTime:0.003361s ]
INFO: [ view_end ] --START--
INFO: ShowPageTrace Behavior ::run [ RunTime:0.000700s ]
INFO: [ view_end ] --END-- [ RunTime:0.000782s ]

