[ 2015-09-15T19:49:51+08:00 ] 127.0.0.1 /wish/admin.php
INFO: [ app_begin ] --START--
INFO: ReadHtmlCache Behavior ::run [ RunTime:0.017003s ]
INFO: [ app_begin ] --END-- [ RunTime:0.017573s ]
INFO: [ view_parse ] --START--
INFO: ParseTemplate Behavior ::run [ RunTime:0.015581s ]
INFO: [ view_parse ] --END-- [ RunTime:0.015705s ]
INFO: [ view_filter ] --START--
NOTIC: [8] Use of undefined constant APP_TMPL_PATH - assumed 'APP_TMPL_PATH' D:\JWroom\wamp\www\myphp\wish\ThinkPHP\Lib\Behavior\ContentReplaceBehavior.class.php 第 40 行.
NOTIC: [8] Use of undefined constant APP_TMPL_PATH - assumed 'APP_TMPL_PATH' D:\JWroom\wamp\www\myphp\wish\ThinkPHP\Lib\Behavior\ContentReplaceBehavior.class.php 第 47 行.
INFO: ContentReplace Behavior ::run [ RunTime:0.006561s ]
INFO: TokenBuild Behavior ::run [ RunTime:0.005547s ]
INFO: WriteHtmlCache Behavior ::run [ RunTime:0.005420s ]
INFO: ShowRuntime Behavior ::run [ RunTime:0.007194s ]
INFO: [ view_filter ] --END-- [ RunTime:0.025058s ]
INFO: [ view_end ] --START--
INFO: ShowPageTrace Behavior ::run [ RunTime:0.005166s ]
INFO: [ view_end ] --END-- [ RunTime:0.005265s ]

[ 2015-09-15T19:58:55+08:00 ] 127.0.0.1 /wish/admin.php
INFO: [ app_begin ] --START--
INFO: ReadHtmlCache Behavior ::run [ RunTime:0.002055s ]
INFO: [ app_begin ] --END-- [ RunTime:0.002227s ]

[ 2015-09-15T19:58:58+08:00 ] 127.0.0.1 /wish/admin.php
INFO: [ app_begin ] --START--
INFO: ReadHtmlCache Behavior ::run [ RunTime:0.000593s ]
INFO: [ app_begin ] --END-- [ RunTime:0.000710s ]

[ 2015-09-15T20:01:11+08:00 ] 127.0.0.1 /wish/admin.php
INFO: [ app_begin ] --START--
INFO: ReadHtmlCache Behavior ::run [ RunTime:0.000963s ]
INFO: [ app_begin ] --END-- [ RunTime:0.001138s ]

[ 2015-09-15T20:01:14+08:00 ] 127.0.0.1 /wish/admin.php
INFO: [ app_begin ] --START--
INFO: ReadHtmlCache Behavior ::run [ RunTime:0.000616s ]
INFO: [ app_begin ] --END-- [ RunTime:0.000730s ]

[ 2015-09-15T20:01:15+08:00 ] 127.0.0.1 /wish/admin.php
INFO: [ app_begin ] --START--
INFO: ReadHtmlCache Behavior ::run [ RunTime:0.000495s ]
INFO: [ app_begin ] --END-- [ RunTime:0.000591s ]

[ 2015-09-15T20:01:15+08:00 ] 127.0.0.1 /wish/admin.php
INFO: [ app_begin ] --START--
INFO: ReadHtmlCache Behavior ::run [ RunTime:0.000501s ]
INFO: [ app_begin ] --END-- [ RunTime:0.000600s ]

[ 2015-09-15T20:01:16+08:00 ] 127.0.0.1 /wish/admin.php
INFO: [ app_begin ] --START--
INFO: ReadHtmlCache Behavior ::run [ RunTime:0.000518s ]
INFO: [ app_begin ] --END-- [ RunTime:0.000644s ]

[ 2015-09-15T20:01:16+08:00 ] 127.0.0.1 /wish/admin.php
INFO: [ app_begin ] --START--
INFO: ReadHtmlCache Behavior ::run [ RunTime:0.000468s ]
INFO: [ app_begin ] --END-- [ RunTime:0.000567s ]

[ 2015-09-15T20:10:08+08:00 ] 127.0.0.1 /wish/admin.php
INFO: [ app_begin ] --START--
INFO: ReadHtmlCache Behavior ::run [ RunTime:0.001081s ]
INFO: [ app_begin ] --END-- [ RunTime:0.001227s ]

[ 2015-09-15T21:16:14+08:00 ] 127.0.0.1 /wish/admin.php
INFO: [ app_begin ] --START--
INFO: ReadHtmlCache Behavior ::run [ RunTime:0.001205s ]
INFO: [ app_begin ] --END-- [ RunTime:0.001409s ]

[ 2015-09-15T21:16:42+08:00 ] 127.0.0.1 /wish/admin.php
INFO: [ app_begin ] --START--
INFO: ReadHtmlCache Behavior ::run [ RunTime:0.000464s ]
INFO: [ app_begin ] --END-- [ RunTime:0.000598s ]

[ 2015-09-15T21:17:08+08:00 ] 127.0.0.1 /wish/admin.php
INFO: [ app_begin ] --START--
INFO: ReadHtmlCache Behavior ::run [ RunTime:0.000682s ]
INFO: [ app_begin ] --END-- [ RunTime:0.000799s ]

[ 2015-09-15T21:18:03+08:00 ] 127.0.0.1 /wish/admin.php
INFO: [ app_begin ] --START--
INFO: ReadHtmlCache Behavior ::run [ RunTime:0.000538s ]
INFO: [ app_begin ] --END-- [ RunTime:0.000644s ]

[ 2015-09-15T21:18:04+08:00 ] 127.0.0.1 /wish/admin.php
INFO: [ app_begin ] --START--
INFO: ReadHtmlCache Behavior ::run [ RunTime:0.000826s ]
INFO: [ app_begin ] --END-- [ RunTime:0.000999s ]

[ 2015-09-15T21:18:23+08:00 ] 127.0.0.1 /wish/admin.php
INFO: [ app_begin ] --START--
INFO: ReadHtmlCache Behavior ::run [ RunTime:0.000541s ]
INFO: [ app_begin ] --END-- [ RunTime:0.000654s ]

