[ 2015-12-12T18:10:06+08:00 ] 127.0.0.1 /jw2/
INFO: [ app_begin ] --START--
INFO: ReadHtmlCache Behavior ::run [ RunTime:0.006681s ]
INFO: [ app_begin ] --END-- [ RunTime:0.007082s ]
NOTIC: [2048] Declaration of IndexAction::show() should be compatible with that of Action::show() E:\wamp\www\text\jw2\JW\Modules\Index\Action\IndexAction.class.php 第 18 行.
INFO: [ view_parse ] --START--
NOTIC: [8] Undefined index: username E:\wamp\www\text\jw2\JW\Runtime\Cache\Index\c02fb85234c57081a27580e176266a3d.php 第 13 行.
NOTIC: [8] Use of undefined constant php - assumed 'php' E:\wamp\www\text\jw2\JW\Runtime\Cache\Index\c02fb85234c57081a27580e176266a3d.php 第 28 行.
INFO: ParseTemplate Behavior ::run [ RunTime:0.036125s ]
INFO: [ view_parse ] --END-- [ RunTime:0.036195s ]
INFO: [ view_filter ] --START--
INFO: ContentReplace Behavior ::run [ RunTime:0.000534s ]
INFO: TokenBuild Behavior ::run [ RunTime:0.000617s ]
INFO: WriteHtmlCache Behavior ::run [ RunTime:0.000545s ]
INFO: ShowRuntime Behavior ::run [ RunTime:0.000675s ]
INFO: [ view_filter ] --END-- [ RunTime:0.002545s ]
INFO: [ view_end ] --START--
INFO: ShowPageTrace Behavior ::run [ RunTime:0.000697s ]
INFO: [ view_end ] --END-- [ RunTime:0.000761s ]

[ 2015-12-12T18:10:09+08:00 ] 127.0.0.1 /jw2/Index/Index/logout
INFO: [ route_check ] --START--
INFO: CheckRoute Behavior ::run [ RunTime:0.000866s ]
INFO: [ route_check ] --END-- [ RunTime:0.000945s ]
INFO: [ app_begin ] --START--
INFO: ReadHtmlCache Behavior ::run [ RunTime:0.000512s ]
INFO: [ app_begin ] --END-- [ RunTime:0.000581s ]
NOTIC: [2048] Declaration of IndexAction::show() should be compatible with that of Action::show() E:\wamp\www\text\jw2\JW\Modules\Index\Action\IndexAction.class.php 第 18 行.

[ 2015-12-12T18:10:09+08:00 ] 127.0.0.1 /jw2/Index/Login
INFO: [ route_check ] --START--
INFO: CheckRoute Behavior ::run [ RunTime:0.000689s ]
INFO: [ route_check ] --END-- [ RunTime:0.000781s ]
INFO: [ app_begin ] --START--
INFO: ReadHtmlCache Behavior ::run [ RunTime:0.000440s ]
INFO: [ app_begin ] --END-- [ RunTime:0.000512s ]
INFO: [ view_parse ] --START--
INFO: ParseTemplate Behavior ::run [ RunTime:0.027298s ]
INFO: [ view_parse ] --END-- [ RunTime:0.027400s ]
INFO: [ view_filter ] --START--
INFO: ContentReplace Behavior ::run [ RunTime:0.000560s ]
INFO: TokenBuild Behavior ::run [ RunTime:0.000425s ]
INFO: WriteHtmlCache Behavior ::run [ RunTime:0.000337s ]
INFO: ShowRuntime Behavior ::run [ RunTime:0.000459s ]
INFO: [ view_filter ] --END-- [ RunTime:0.001948s ]
INFO: [ view_end ] --START--
INFO: ShowPageTrace Behavior ::run [ RunTime:0.000494s ]
INFO: [ view_end ] --END-- [ RunTime:0.000548s ]

[ 2015-12-12T18:10:09+08:00 ] 127.0.0.1 /jw2/Index/Login/verify
INFO: [ route_check ] --START--
INFO: CheckRoute Behavior ::run [ RunTime:0.001275s ]
INFO: [ route_check ] --END-- [ RunTime:0.001438s ]
INFO: [ app_begin ] --START--
INFO: ReadHtmlCache Behavior ::run [ RunTime:0.000909s ]
INFO: [ app_begin ] --END-- [ RunTime:0.001066s ]

[ 2015-12-12T18:10:22+08:00 ] 127.0.0.1 /jw2/Index/Login/login
INFO: [ route_check ] --START--
INFO: CheckRoute Behavior ::run [ RunTime:0.000498s ]
INFO: [ route_check ] --END-- [ RunTime:0.000584s ]
INFO: [ app_begin ] --START--
INFO: ReadHtmlCache Behavior ::run [ RunTime:0.000396s ]
INFO: [ app_begin ] --END-- [ RunTime:0.000460s ]
SQL: SHOW COLUMNS FROM `jw_user` [ RunTime:0.033836s ]
SQL: SELECT * FROM `jw_user` WHERE ( `username` = '马莹' ) LIMIT 1   [ RunTime:0.000360s ]
SQL: UPDATE `jw_user` SET `logintime`=1449915022,`loginip`='127.0.0.1' WHERE ( `id` = 3 ) [ RunTime:0.069659s ]

[ 2015-12-12T18:10:22+08:00 ] 127.0.0.1 /jw2/
INFO: [ app_begin ] --START--
INFO: ReadHtmlCache Behavior ::run [ RunTime:0.000404s ]
INFO: [ app_begin ] --END-- [ RunTime:0.000505s ]
NOTIC: [2048] Declaration of IndexAction::show() should be compatible with that of Action::show() E:\wamp\www\text\jw2\JW\Modules\Index\Action\IndexAction.class.php 第 18 行.
INFO: [ view_parse ] --START--
NOTIC: [8] Use of undefined constant php - assumed 'php' E:\wamp\www\text\jw2\JW\Runtime\Cache\Index\c02fb85234c57081a27580e176266a3d.php 第 28 行.
INFO: ParseTemplate Behavior ::run [ RunTime:0.006766s ]
INFO: [ view_parse ] --END-- [ RunTime:0.006858s ]
INFO: [ view_filter ] --START--
INFO: ContentReplace Behavior ::run [ RunTime:0.000358s ]
INFO: TokenBuild Behavior ::run [ RunTime:0.000368s ]
INFO: WriteHtmlCache Behavior ::run [ RunTime:0.000294s ]
INFO: ShowRuntime Behavior ::run [ RunTime:0.000412s ]
INFO: [ view_filter ] --END-- [ RunTime:0.001593s ]
INFO: [ view_end ] --START--
INFO: ShowPageTrace Behavior ::run [ RunTime:0.000457s ]
INFO: [ view_end ] --END-- [ RunTime:0.000512s ]

[ 2015-12-12T18:10:26+08:00 ] 127.0.0.1 /jw2/Index/Forum/forum
INFO: [ route_check ] --START--
INFO: CheckRoute Behavior ::run [ RunTime:0.000564s ]
INFO: [ route_check ] --END-- [ RunTime:0.000644s ]
INFO: [ app_begin ] --START--
INFO: ReadHtmlCache Behavior ::run [ RunTime:0.000477s ]
INFO: [ app_begin ] --END-- [ RunTime:0.000542s ]
SQL: SHOW COLUMNS FROM `jw_forum` [ RunTime:0.027450s ]
SQL: SELECT * FROM `jw_forum`  [ RunTime:0.000208s ]
INFO: [ view_parse ] --START--
NOTIC: [8] Use of undefined constant php - assumed 'php' E:\wamp\www\text\jw2\JW\Runtime\Cache\Index\7cb71b68c154dc0d61802663b70af762.php 第 28 行.
INFO: ParseTemplate Behavior ::run [ RunTime:0.008718s ]
INFO: [ view_parse ] --END-- [ RunTime:0.008811s ]
INFO: [ view_filter ] --START--
INFO: ContentReplace Behavior ::run [ RunTime:0.000378s ]
INFO: TokenBuild Behavior ::run [ RunTime:0.000363s ]
INFO: WriteHtmlCache Behavior ::run [ RunTime:0.000264s ]
INFO: ShowRuntime Behavior ::run [ RunTime:0.000396s ]
INFO: [ view_filter ] --END-- [ RunTime:0.001579s ]
INFO: [ view_end ] --START--
INFO: ShowPageTrace Behavior ::run [ RunTime:0.000486s ]
INFO: [ view_end ] --END-- [ RunTime:0.000550s ]

[ 2015-12-12T18:13:19+08:00 ] 127.0.0.1 /jw2/Index/Forum/forum
INFO: [ route_check ] --START--
INFO: CheckRoute Behavior ::run [ RunTime:0.000637s ]
INFO: [ route_check ] --END-- [ RunTime:0.000713s ]
INFO: [ app_begin ] --START--
INFO: ReadHtmlCache Behavior ::run [ RunTime:0.000491s ]
INFO: [ app_begin ] --END-- [ RunTime:0.000560s ]
SQL: SHOW COLUMNS FROM `jw_forum` [ RunTime:0.001914s ]
SQL: SELECT * FROM `jw_forum`  [ RunTime:0.000201s ]
INFO: [ view_parse ] --START--
NOTIC: [8] Use of undefined constant php - assumed 'php' E:\wamp\www\text\jw2\JW\Runtime\Cache\Index\7cb71b68c154dc0d61802663b70af762.php 第 28 行.
INFO: ParseTemplate Behavior ::run [ RunTime:0.008693s ]
INFO: [ view_parse ] --END-- [ RunTime:0.008773s ]
INFO: [ view_filter ] --START--
INFO: ContentReplace Behavior ::run [ RunTime:0.000463s ]
INFO: TokenBuild Behavior ::run [ RunTime:0.000409s ]
INFO: WriteHtmlCache Behavior ::run [ RunTime:0.000325s ]
INFO: ShowRuntime Behavior ::run [ RunTime:0.000455s ]
INFO: [ view_filter ] --END-- [ RunTime:0.001828s ]
INFO: [ view_end ] --START--
INFO: ShowPageTrace Behavior ::run [ RunTime:0.000516s ]
INFO: [ view_end ] --END-- [ RunTime:0.000576s ]

[ 2015-12-12T18:14:37+08:00 ] 127.0.0.1 /jw2/Index/Forum/forum
INFO: [ route_check ] --START--
INFO: CheckRoute Behavior ::run [ RunTime:0.000673s ]
INFO: [ route_check ] --END-- [ RunTime:0.000762s ]
INFO: [ app_begin ] --START--
INFO: ReadHtmlCache Behavior ::run [ RunTime:0.000419s ]
INFO: [ app_begin ] --END-- [ RunTime:0.000484s ]
SQL: SHOW COLUMNS FROM `jw_forum` [ RunTime:0.001955s ]
SQL: SELECT * FROM `jw_forum`  [ RunTime:0.000220s ]
INFO: [ view_parse ] --START--
NOTIC: [8] Use of undefined constant php - assumed 'php' E:\wamp\www\text\jw2\JW\Runtime\Cache\Index\7cb71b68c154dc0d61802663b70af762.php 第 28 行.
INFO: ParseTemplate Behavior ::run [ RunTime:0.008295s ]
INFO: [ view_parse ] --END-- [ RunTime:0.008377s ]
INFO: [ view_filter ] --START--
INFO: ContentReplace Behavior ::run [ RunTime:0.000399s ]
INFO: TokenBuild Behavior ::run [ RunTime:0.000352s ]
INFO: WriteHtmlCache Behavior ::run [ RunTime:0.000280s ]
INFO: ShowRuntime Behavior ::run [ RunTime:0.000442s ]
INFO: [ view_filter ] --END-- [ RunTime:0.001647s ]
INFO: [ view_end ] --START--
INFO: ShowPageTrace Behavior ::run [ RunTime:0.000513s ]
INFO: [ view_end ] --END-- [ RunTime:0.000572s ]

[ 2015-12-12T18:15:41+08:00 ] 127.0.0.1 /jw2/Index/Forum/forum
INFO: [ route_check ] --START--
INFO: CheckRoute Behavior ::run [ RunTime:0.000681s ]
INFO: [ route_check ] --END-- [ RunTime:0.000760s ]
INFO: [ app_begin ] --START--
INFO: ReadHtmlCache Behavior ::run [ RunTime:0.000510s ]
INFO: [ app_begin ] --END-- [ RunTime:0.000573s ]
SQL: SHOW COLUMNS FROM `jw_forum` [ RunTime:0.003113s ]
SQL: SELECT * FROM `jw_forum`  [ RunTime:0.000243s ]
INFO: [ view_parse ] --START--
NOTIC: [8] Use of undefined constant php - assumed 'php' E:\wamp\www\text\jw2\JW\Runtime\Cache\Index\7cb71b68c154dc0d61802663b70af762.php 第 28 行.
INFO: ParseTemplate Behavior ::run [ RunTime:0.008544s ]
INFO: [ view_parse ] --END-- [ RunTime:0.008650s ]
INFO: [ view_filter ] --START--
INFO: ContentReplace Behavior ::run [ RunTime:0.000553s ]
INFO: TokenBuild Behavior ::run [ RunTime:0.000454s ]
INFO: WriteHtmlCache Behavior ::run [ RunTime:0.000326s ]
INFO: ShowRuntime Behavior ::run [ RunTime:0.000406s ]
INFO: [ view_filter ] --END-- [ RunTime:0.001929s ]
INFO: [ view_end ] --START--
INFO: ShowPageTrace Behavior ::run [ RunTime:0.000470s ]
INFO: [ view_end ] --END-- [ RunTime:0.000529s ]

[ 2015-12-12T18:17:30+08:00 ] 127.0.0.1 /jw2/Index/Forum/forum
INFO: [ route_check ] --START--
INFO: CheckRoute Behavior ::run [ RunTime:0.000708s ]
INFO: [ route_check ] --END-- [ RunTime:0.000845s ]
INFO: [ app_begin ] --START--
INFO: ReadHtmlCache Behavior ::run [ RunTime:0.000451s ]
INFO: [ app_begin ] --END-- [ RunTime:0.000538s ]
SQL: SHOW COLUMNS FROM `jw_forum` [ RunTime:0.003684s ]
SQL: SELECT * FROM `jw_forum`  [ RunTime:0.000397s ]
INFO: [ view_parse ] --START--
NOTIC: [8] Use of undefined constant php - assumed 'php' E:\wamp\www\text\jw2\JW\Runtime\Cache\Index\7cb71b68c154dc0d61802663b70af762.php 第 28 行.
INFO: ParseTemplate Behavior ::run [ RunTime:0.009851s ]
INFO: [ view_parse ] --END-- [ RunTime:0.009946s ]
INFO: [ view_filter ] --START--
INFO: ContentReplace Behavior ::run [ RunTime:0.000524s ]
INFO: TokenBuild Behavior ::run [ RunTime:0.000434s ]
INFO: WriteHtmlCache Behavior ::run [ RunTime:0.000388s ]
INFO: ShowRuntime Behavior ::run [ RunTime:0.000380s ]
INFO: [ view_filter ] --END-- [ RunTime:0.001930s ]
INFO: [ view_end ] --START--
INFO: ShowPageTrace Behavior ::run [ RunTime:0.000466s ]
INFO: [ view_end ] --END-- [ RunTime:0.000523s ]

[ 2015-12-12T18:19:28+08:00 ] 127.0.0.1 /jw2/Index/Forum/forum
INFO: [ route_check ] --START--
INFO: CheckRoute Behavior ::run [ RunTime:0.000912s ]
INFO: [ route_check ] --END-- [ RunTime:0.001031s ]
INFO: [ app_begin ] --START--
INFO: ReadHtmlCache Behavior ::run [ RunTime:0.000693s ]
INFO: [ app_begin ] --END-- [ RunTime:0.000792s ]
SQL: SHOW COLUMNS FROM `jw_forum` [ RunTime:0.002990s ]
SQL: SELECT * FROM `jw_forum`  [ RunTime:0.000323s ]
INFO: [ view_parse ] --START--
NOTIC: [8] Use of undefined constant php - assumed 'php' E:\wamp\www\text\jw2\JW\Runtime\Cache\Index\7cb71b68c154dc0d61802663b70af762.php 第 28 行.
INFO: ParseTemplate Behavior ::run [ RunTime:0.009606s ]
INFO: [ view_parse ] --END-- [ RunTime:0.009751s ]
INFO: [ view_filter ] --START--
INFO: ContentReplace Behavior ::run [ RunTime:0.000865s ]
INFO: TokenBuild Behavior ::run [ RunTime:0.000531s ]
INFO: WriteHtmlCache Behavior ::run [ RunTime:0.000340s ]
INFO: ShowRuntime Behavior ::run [ RunTime:0.000435s ]
INFO: [ view_filter ] --END-- [ RunTime:0.002403s ]
INFO: [ view_end ] --START--
INFO: ShowPageTrace Behavior ::run [ RunTime:0.000496s ]
INFO: [ view_end ] --END-- [ RunTime:0.000554s ]

[ 2015-12-12T18:19:37+08:00 ] 127.0.0.1 /jw2/Index/Forum/forum
INFO: [ route_check ] --START--
INFO: CheckRoute Behavior ::run [ RunTime:0.000559s ]
INFO: [ route_check ] --END-- [ RunTime:0.000678s ]
INFO: [ app_begin ] --START--
INFO: ReadHtmlCache Behavior ::run [ RunTime:0.000536s ]
INFO: [ app_begin ] --END-- [ RunTime:0.000641s ]
SQL: SHOW COLUMNS FROM `jw_forum` [ RunTime:0.003900s ]
SQL: SELECT * FROM `jw_forum`  [ RunTime:0.000496s ]
INFO: [ view_parse ] --START--
NOTIC: [8] Use of undefined constant php - assumed 'php' E:\wamp\www\text\jw2\JW\Runtime\Cache\Index\7cb71b68c154dc0d61802663b70af762.php 第 28 行.
INFO: ParseTemplate Behavior ::run [ RunTime:0.010081s ]
INFO: [ view_parse ] --END-- [ RunTime:0.010199s ]
INFO: [ view_filter ] --START--
INFO: ContentReplace Behavior ::run [ RunTime:0.000601s ]
INFO: TokenBuild Behavior ::run [ RunTime:0.000335s ]
INFO: WriteHtmlCache Behavior ::run [ RunTime:0.000236s ]
INFO: ShowRuntime Behavior ::run [ RunTime:0.000358s ]
INFO: [ view_filter ] --END-- [ RunTime:0.001695s ]
INFO: [ view_end ] --START--
INFO: ShowPageTrace Behavior ::run [ RunTime:0.000509s ]
INFO: [ view_end ] --END-- [ RunTime:0.000568s ]

[ 2015-12-12T18:19:47+08:00 ] 127.0.0.1 /jw2/Index/Forum/forum
INFO: [ route_check ] --START--
INFO: CheckRoute Behavior ::run [ RunTime:0.000703s ]
INFO: [ route_check ] --END-- [ RunTime:0.000838s ]
INFO: [ app_begin ] --START--
INFO: ReadHtmlCache Behavior ::run [ RunTime:0.000537s ]
INFO: [ app_begin ] --END-- [ RunTime:0.000615s ]
SQL: SHOW COLUMNS FROM `jw_forum` [ RunTime:0.002469s ]
SQL: SELECT * FROM `jw_forum`  [ RunTime:0.000360s ]
INFO: [ view_parse ] --START--
NOTIC: [8] Use of undefined constant php - assumed 'php' E:\wamp\www\text\jw2\JW\Runtime\Cache\Index\7cb71b68c154dc0d61802663b70af762.php 第 28 行.
INFO: ParseTemplate Behavior ::run [ RunTime:0.011349s ]
INFO: [ view_parse ] --END-- [ RunTime:0.011463s ]
INFO: [ view_filter ] --START--
INFO: ContentReplace Behavior ::run [ RunTime:0.000825s ]
INFO: TokenBuild Behavior ::run [ RunTime:0.000381s ]
INFO: WriteHtmlCache Behavior ::run [ RunTime:0.000272s ]
INFO: ShowRuntime Behavior ::run [ RunTime:0.000402s ]
INFO: [ view_filter ] --END-- [ RunTime:0.002054s ]
INFO: [ view_end ] --START--
INFO: ShowPageTrace Behavior ::run [ RunTime:0.000648s ]
INFO: [ view_end ] --END-- [ RunTime:0.000707s ]

[ 2015-12-12T18:19:56+08:00 ] 127.0.0.1 /jw2/Index/Forum/forum
INFO: [ route_check ] --START--
INFO: CheckRoute Behavior ::run [ RunTime:0.000655s ]
INFO: [ route_check ] --END-- [ RunTime:0.000762s ]
INFO: [ app_begin ] --START--
INFO: ReadHtmlCache Behavior ::run [ RunTime:0.000565s ]
INFO: [ app_begin ] --END-- [ RunTime:0.000642s ]
SQL: SHOW COLUMNS FROM `jw_forum` [ RunTime:0.004807s ]
SQL: SELECT * FROM `jw_forum`  [ RunTime:0.000466s ]
INFO: [ view_parse ] --START--
NOTIC: [8] Use of undefined constant php - assumed 'php' E:\wamp\www\text\jw2\JW\Runtime\Cache\Index\7cb71b68c154dc0d61802663b70af762.php 第 28 行.
INFO: ParseTemplate Behavior ::run [ RunTime:0.012438s ]
INFO: [ view_parse ] --END-- [ RunTime:0.012594s ]
INFO: [ view_filter ] --START--
INFO: ContentReplace Behavior ::run [ RunTime:0.000804s ]
INFO: TokenBuild Behavior ::run [ RunTime:0.000652s ]
INFO: WriteHtmlCache Behavior ::run [ RunTime:0.000559s ]
INFO: ShowRuntime Behavior ::run [ RunTime:0.000916s ]
INFO: [ view_filter ] --END-- [ RunTime:0.003266s ]
INFO: [ view_end ] --START--
INFO: ShowPageTrace Behavior ::run [ RunTime:0.000789s ]
INFO: [ view_end ] --END-- [ RunTime:0.000882s ]

[ 2015-12-12T18:20:26+08:00 ] 127.0.0.1 /jw2/Index/Forum/forum
INFO: [ route_check ] --START--
INFO: CheckRoute Behavior ::run [ RunTime:0.000742s ]
INFO: [ route_check ] --END-- [ RunTime:0.000883s ]
INFO: [ app_begin ] --START--
INFO: ReadHtmlCache Behavior ::run [ RunTime:0.000555s ]
INFO: [ app_begin ] --END-- [ RunTime:0.000629s ]
SQL: SHOW COLUMNS FROM `jw_forum` [ RunTime:0.004206s ]
SQL: SELECT * FROM `jw_forum`  [ RunTime:0.000487s ]
INFO: [ view_parse ] --START--
NOTIC: [8] Use of undefined constant php - assumed 'php' E:\wamp\www\text\jw2\JW\Runtime\Cache\Index\7cb71b68c154dc0d61802663b70af762.php 第 28 行.
INFO: ParseTemplate Behavior ::run [ RunTime:0.013880s ]
INFO: [ view_parse ] --END-- [ RunTime:0.014027s ]
INFO: [ view_filter ] --START--
INFO: ContentReplace Behavior ::run [ RunTime:0.000637s ]
INFO: TokenBuild Behavior ::run [ RunTime:0.000538s ]
INFO: WriteHtmlCache Behavior ::run [ RunTime:0.000413s ]
INFO: ShowRuntime Behavior ::run [ RunTime:0.000686s ]
INFO: [ view_filter ] --END-- [ RunTime:0.002564s ]
INFO: [ view_end ] --START--
INFO: ShowPageTrace Behavior ::run [ RunTime:0.000813s ]
INFO: [ view_end ] --END-- [ RunTime:0.000910s ]

[ 2015-12-12T18:27:41+08:00 ] 127.0.0.1 /jw2/Index/Forum/forum
INFO: [ route_check ] --START--
INFO: CheckRoute Behavior ::run [ RunTime:0.000621s ]
INFO: [ route_check ] --END-- [ RunTime:0.000703s ]
INFO: [ app_begin ] --START--
INFO: ReadHtmlCache Behavior ::run [ RunTime:0.000452s ]
INFO: [ app_begin ] --END-- [ RunTime:0.000516s ]
SQL: SHOW COLUMNS FROM `jw_forum` [ RunTime:0.002127s ]
SQL: SELECT * FROM `jw_forum`  [ RunTime:0.000232s ]
INFO: [ view_parse ] --START--
NOTIC: [8] Use of undefined constant php - assumed 'php' E:\wamp\www\text\jw2\JW\Runtime\Cache\Index\7cb71b68c154dc0d61802663b70af762.php 第 28 行.
INFO: ParseTemplate Behavior ::run [ RunTime:0.008315s ]
INFO: [ view_parse ] --END-- [ RunTime:0.008397s ]
INFO: [ view_filter ] --START--
INFO: ContentReplace Behavior ::run [ RunTime:0.000469s ]
INFO: TokenBuild Behavior ::run [ RunTime:0.000412s ]
INFO: WriteHtmlCache Behavior ::run [ RunTime:0.000318s ]
INFO: ShowRuntime Behavior ::run [ RunTime:0.000427s ]
INFO: [ view_filter ] --END-- [ RunTime:0.001802s ]
INFO: [ view_end ] --START--
INFO: ShowPageTrace Behavior ::run [ RunTime:0.000498s ]
INFO: [ view_end ] --END-- [ RunTime:0.000558s ]

[ 2015-12-12T18:27:54+08:00 ] 127.0.0.1 /jw2/Index/Forum/runaddforum
INFO: [ route_check ] --START--
INFO: CheckRoute Behavior ::run [ RunTime:0.000509s ]
INFO: [ route_check ] --END-- [ RunTime:0.000588s ]
INFO: [ app_begin ] --START--
INFO: ReadHtmlCache Behavior ::run [ RunTime:0.000398s ]
INFO: [ app_begin ] --END-- [ RunTime:0.000460s ]
SQL: SHOW COLUMNS FROM `jw_user` [ RunTime:0.028810s ]
SQL: SELECT `img` FROM `jw_user` WHERE ( `username` = '马莹' )  [ RunTime:0.000218s ]

[ 2015-12-12T18:30:27+08:00 ] 127.0.0.1 /jw2/Index/index
INFO: [ route_check ] --START--
INFO: CheckRoute Behavior ::run [ RunTime:0.000598s ]
INFO: [ route_check ] --END-- [ RunTime:0.000673s ]
INFO: [ app_begin ] --START--
INFO: ReadHtmlCache Behavior ::run [ RunTime:0.000431s ]
INFO: [ app_begin ] --END-- [ RunTime:0.000492s ]
ERR: 无法加载模块:index

[ 2015-12-12T18:30:40+08:00 ] 127.0.0.1 /jw2/Index/Forum/index
INFO: [ route_check ] --START--
INFO: CheckRoute Behavior ::run [ RunTime:0.000532s ]
INFO: [ route_check ] --END-- [ RunTime:0.000607s ]
INFO: [ app_begin ] --START--
INFO: ReadHtmlCache Behavior ::run [ RunTime:0.000418s ]
INFO: [ app_begin ] --END-- [ RunTime:0.000482s ]
NOTIC: [8] Constant THEME_NAME already defined E:\wamp\www\text\jw2\ThinkPHP\Lib\Core\View.class.php 第 223 行.
NOTIC: [8] Constant THEME_PATH already defined E:\wamp\www\text\jw2\ThinkPHP\Lib\Core\View.class.php 第 171 行.
NOTIC: [8] Constant APP_TMPL_PATH already defined E:\wamp\www\text\jw2\ThinkPHP\Lib\Core\View.class.php 第 172 行.
INFO: [ view_parse ] --START--
NOTIC: [8] Use of undefined constant php - assumed 'php' E:\wamp\www\text\jw2\JW\Runtime\Cache\Index\7fd7366e44b72c25fe3fd6f21ff98f22.php 第 28 行.
SQL: SHOW COLUMNS FROM `jw_forum` [ RunTime:0.002303s ]
SQL: SELECT * FROM `jw_forum` WHERE ( `id` = 1 )  [ RunTime:0.000250s ]
NOTIC: [8] Undefined index: pic E:\wamp\www\text\jw2\JW\Runtime\Cache\Index\9ff601582da94416a85326de059218db.php 第 14 行.
SQL: SELECT * FROM `jw_forum` WHERE ( `id` = 2 )  [ RunTime:0.000323s ]
NOTIC: [8] Undefined index: pic E:\wamp\www\text\jw2\JW\Runtime\Cache\Index\b5c89fe63a07cf9a96b9a604421346b2.php 第 3 行.
INFO: ParseTemplate Behavior ::run [ RunTime:0.046854s ]
INFO: [ view_parse ] --END-- [ RunTime:0.046922s ]
INFO: [ view_filter ] --START--
INFO: ContentReplace Behavior ::run [ RunTime:0.000437s ]
INFO: TokenBuild Behavior ::run [ RunTime:0.000403s ]
INFO: WriteHtmlCache Behavior ::run [ RunTime:0.000324s ]
INFO: ShowRuntime Behavior ::run [ RunTime:0.000466s ]
INFO: [ view_filter ] --END-- [ RunTime:0.001804s ]
INFO: [ view_end ] --START--
INFO: ShowPageTrace Behavior ::run [ RunTime:0.000500s ]
INFO: [ view_end ] --END-- [ RunTime:0.000560s ]

[ 2015-12-12T18:32:18+08:00 ] 127.0.0.1 /jw2/Index/Forum/index
INFO: [ route_check ] --START--
INFO: CheckRoute Behavior ::run [ RunTime:0.000509s ]
INFO: [ route_check ] --END-- [ RunTime:0.000592s ]
INFO: [ app_begin ] --START--
INFO: ReadHtmlCache Behavior ::run [ RunTime:0.000394s ]
INFO: [ app_begin ] --END-- [ RunTime:0.000457s ]
NOTIC: [8] Constant THEME_NAME already defined E:\wamp\www\text\jw2\ThinkPHP\Lib\Core\View.class.php 第 223 行.
NOTIC: [8] Constant THEME_PATH already defined E:\wamp\www\text\jw2\ThinkPHP\Lib\Core\View.class.php 第 171 行.
NOTIC: [8] Constant APP_TMPL_PATH already defined E:\wamp\www\text\jw2\ThinkPHP\Lib\Core\View.class.php 第 172 行.
INFO: [ view_parse ] --START--
NOTIC: [8] Use of undefined constant php - assumed 'php' E:\wamp\www\text\jw2\JW\Runtime\Cache\Index\7fd7366e44b72c25fe3fd6f21ff98f22.php 第 28 行.
SQL: SHOW COLUMNS FROM `jw_forum` [ RunTime:0.002021s ]
SQL: SELECT * FROM `jw_forum` WHERE ( `id` = 1 )  [ RunTime:0.000231s ]
NOTIC: [8] Undefined index: pic E:\wamp\www\text\jw2\JW\Runtime\Cache\Index\9ff601582da94416a85326de059218db.php 第 14 行.
SQL: SELECT * FROM `jw_forum` WHERE ( `id` = 2 )  [ RunTime:0.000270s ]
NOTIC: [8] Undefined index: pic E:\wamp\www\text\jw2\JW\Runtime\Cache\Index\b5c89fe63a07cf9a96b9a604421346b2.php 第 3 行.
INFO: ParseTemplate Behavior ::run [ RunTime:0.031651s ]
INFO: [ view_parse ] --END-- [ RunTime:0.031715s ]
INFO: [ view_filter ] --START--
INFO: ContentReplace Behavior ::run [ RunTime:0.000431s ]
INFO: TokenBuild Behavior ::run [ RunTime:0.000370s ]
INFO: WriteHtmlCache Behavior ::run [ RunTime:0.000293s ]
INFO: ShowRuntime Behavior ::run [ RunTime:0.000410s ]
INFO: [ view_filter ] --END-- [ RunTime:0.001664s ]
INFO: [ view_end ] --START--
INFO: ShowPageTrace Behavior ::run [ RunTime:0.000586s ]
INFO: [ view_end ] --END-- [ RunTime:0.000651s ]

[ 2015-12-12T18:39:32+08:00 ] 127.0.0.1 /jw2/Index/Forum/index
INFO: [ route_check ] --START--
INFO: CheckRoute Behavior ::run [ RunTime:0.000658s ]
INFO: [ route_check ] --END-- [ RunTime:0.000761s ]
INFO: [ app_begin ] --START--
INFO: ReadHtmlCache Behavior ::run [ RunTime:0.000478s ]
INFO: [ app_begin ] --END-- [ RunTime:0.000548s ]
NOTIC: [8] Constant THEME_NAME already defined E:\wamp\www\text\jw2\ThinkPHP\Lib\Core\View.class.php 第 223 行.
NOTIC: [8] Constant THEME_PATH already defined E:\wamp\www\text\jw2\ThinkPHP\Lib\Core\View.class.php 第 171 行.
NOTIC: [8] Constant APP_TMPL_PATH already defined E:\wamp\www\text\jw2\ThinkPHP\Lib\Core\View.class.php 第 172 行.
INFO: [ view_parse ] --START--
NOTIC: [8] Use of undefined constant php - assumed 'php' E:\wamp\www\text\jw2\JW\Runtime\Cache\Index\7fd7366e44b72c25fe3fd6f21ff98f22.php 第 28 行.
SQL: SHOW COLUMNS FROM `jw_forum` [ RunTime:0.015499s ]
SQL: SELECT * FROM `jw_forum` WHERE ( `id` = 1 )  [ RunTime:0.000234s ]
NOTIC: [8] Undefined index: pic E:\wamp\www\text\jw2\JW\Runtime\Cache\Index\9ff601582da94416a85326de059218db.php 第 14 行.
SQL: SELECT * FROM `jw_forum` WHERE ( `id` = 2 )  [ RunTime:0.000191s ]
NOTIC: [8] Undefined index: pic E:\wamp\www\text\jw2\JW\Runtime\Cache\Index\b5c89fe63a07cf9a96b9a604421346b2.php 第 3 行.
INFO: ParseTemplate Behavior ::run [ RunTime:0.043917s ]
INFO: [ view_parse ] --END-- [ RunTime:0.044000s ]
INFO: [ view_filter ] --START--
INFO: ContentReplace Behavior ::run [ RunTime:0.000630s ]
INFO: TokenBuild Behavior ::run [ RunTime:0.000421s ]
INFO: WriteHtmlCache Behavior ::run [ RunTime:0.000333s ]
INFO: ShowRuntime Behavior ::run [ RunTime:0.000437s ]
INFO: [ view_filter ] --END-- [ RunTime:0.002040s ]
INFO: [ view_end ] --START--
INFO: ShowPageTrace Behavior ::run [ RunTime:0.000473s ]
INFO: [ view_end ] --END-- [ RunTime:0.000529s ]

[ 2015-12-12T18:44:09+08:00 ] 127.0.0.1 /jw2/Index/Forum/index
INFO: [ route_check ] --START--
INFO: CheckRoute Behavior ::run [ RunTime:0.000691s ]
INFO: [ route_check ] --END-- [ RunTime:0.000774s ]
INFO: [ app_begin ] --START--
INFO: ReadHtmlCache Behavior ::run [ RunTime:0.000521s ]
INFO: [ app_begin ] --END-- [ RunTime:0.000586s ]
NOTIC: [8] Constant THEME_NAME already defined E:\wamp\www\text\jw2\ThinkPHP\Lib\Core\View.class.php 第 223 行.
NOTIC: [8] Constant THEME_PATH already defined E:\wamp\www\text\jw2\ThinkPHP\Lib\Core\View.class.php 第 171 行.
NOTIC: [8] Constant APP_TMPL_PATH already defined E:\wamp\www\text\jw2\ThinkPHP\Lib\Core\View.class.php 第 172 行.
INFO: [ view_parse ] --START--
NOTIC: [8] Use of undefined constant php - assumed 'php' E:\wamp\www\text\jw2\JW\Runtime\Cache\Index\7fd7366e44b72c25fe3fd6f21ff98f22.php 第 28 行.
SQL: SHOW COLUMNS FROM `jw_forum` [ RunTime:0.002345s ]
SQL: SELECT * FROM `jw_forum` WHERE ( `id` = 1 )  [ RunTime:0.000253s ]
NOTIC: [8] Undefined index: pic E:\wamp\www\text\jw2\JW\Runtime\Cache\Index\9ff601582da94416a85326de059218db.php 第 14 行.
SQL: SELECT * FROM `jw_forum` WHERE ( `id` = 2 )  [ RunTime:0.000262s ]
NOTIC: [8] Undefined index: pic E:\wamp\www\text\jw2\JW\Runtime\Cache\Index\b5c89fe63a07cf9a96b9a604421346b2.php 第 3 行.
INFO: ParseTemplate Behavior ::run [ RunTime:0.032464s ]
INFO: [ view_parse ] --END-- [ RunTime:0.032527s ]
INFO: [ view_filter ] --START--
INFO: ContentReplace Behavior ::run [ RunTime:0.000469s ]
INFO: TokenBuild Behavior ::run [ RunTime:0.000451s ]
INFO: WriteHtmlCache Behavior ::run [ RunTime:0.000365s ]
INFO: ShowRuntime Behavior ::run [ RunTime:0.000501s ]
INFO: [ view_filter ] --END-- [ RunTime:0.001960s ]
INFO: [ view_end ] --START--
INFO: ShowPageTrace Behavior ::run [ RunTime:0.000546s ]
INFO: [ view_end ] --END-- [ RunTime:0.000606s ]

[ 2015-12-12T18:54:04+08:00 ] 127.0.0.1 /jw2/Index/Forum/index
INFO: [ route_check ] --START--
INFO: CheckRoute Behavior ::run [ RunTime:0.000597s ]
INFO: [ route_check ] --END-- [ RunTime:0.000675s ]
INFO: [ app_begin ] --START--
INFO: ReadHtmlCache Behavior ::run [ RunTime:0.000467s ]
INFO: [ app_begin ] --END-- [ RunTime:0.000534s ]
INFO: [ view_parse ] --START--
NOTIC: [8] Use of undefined constant php - assumed 'php' E:\wamp\www\text\jw2\JW\Runtime\Cache\Index\7fd7366e44b72c25fe3fd6f21ff98f22.php 第 28 行.
SQL: SHOW COLUMNS FROM `jw_forum` [ RunTime:0.002012s ]
SQL: SELECT * FROM `jw_forum` WHERE ( `id` = 1 )  [ RunTime:0.000210s ]
NOTIC: [8] Undefined index: pic E:\wamp\www\text\jw2\JW\Runtime\Cache\Index\9ff601582da94416a85326de059218db.php 第 14 行.
SQL: SELECT * FROM `jw_forum` WHERE ( `id` = 2 )  [ RunTime:0.000227s ]
NOTIC: [8] Undefined index: pic E:\wamp\www\text\jw2\JW\Runtime\Cache\Index\b5c89fe63a07cf9a96b9a604421346b2.php 第 3 行.
INFO: ParseTemplate Behavior ::run [ RunTime:0.030827s ]
INFO: [ view_parse ] --END-- [ RunTime:0.030899s ]
INFO: [ view_filter ] --START--
INFO: ContentReplace Behavior ::run [ RunTime:0.000444s ]
INFO: TokenBuild Behavior ::run [ RunTime:0.000439s ]
INFO: WriteHtmlCache Behavior ::run [ RunTime:0.000322s ]
INFO: ShowRuntime Behavior ::run [ RunTime:0.000454s ]
INFO: [ view_filter ] --END-- [ RunTime:0.001834s ]
INFO: [ view_end ] --START--
INFO: ShowPageTrace Behavior ::run [ RunTime:0.000578s ]
INFO: [ view_end ] --END-- [ RunTime:0.000635s ]

[ 2015-12-12T19:03:43+08:00 ] 127.0.0.1 /jw2/Index/Forum/forum
INFO: [ route_check ] --START--
INFO: CheckRoute Behavior ::run [ RunTime:0.000589s ]
INFO: [ route_check ] --END-- [ RunTime:0.000668s ]
INFO: [ app_begin ] --START--
INFO: ReadHtmlCache Behavior ::run [ RunTime:0.000449s ]
INFO: [ app_begin ] --END-- [ RunTime:0.000513s ]
SQL: SHOW COLUMNS FROM `jw_user` [ RunTime:0.007699s ]
SQL: SELECT `img` FROM `jw_user` WHERE ( `username` = '马莹' )  [ RunTime:0.000188s ]

[ 2015-12-12T19:06:31+08:00 ] 127.0.0.1 /jw2/Index/Forum/index
INFO: [ route_check ] --START--
INFO: CheckRoute Behavior ::run [ RunTime:0.000634s ]
INFO: [ route_check ] --END-- [ RunTime:0.000713s ]
INFO: [ app_begin ] --START--
INFO: ReadHtmlCache Behavior ::run [ RunTime:0.000467s ]
INFO: [ app_begin ] --END-- [ RunTime:0.000531s ]
SQL: SHOW COLUMNS FROM `jw_user` [ RunTime:0.002226s ]
SQL: SELECT `img` FROM `jw_user` WHERE ( `username` = '马莹' )  [ RunTime:0.000250s ]
INFO: [ view_parse ] --START--
NOTIC: [8] Use of undefined constant php - assumed 'php' E:\wamp\www\text\jw2\JW\Runtime\Cache\Index\7fd7366e44b72c25fe3fd6f21ff98f22.php 第 28 行.
SQL: SHOW COLUMNS FROM `jw_forum` [ RunTime:0.002046s ]
SQL: SELECT * FROM `jw_forum` WHERE ( `id` = 1 )  [ RunTime:0.000224s ]
NOTIC: [8] Undefined variable: pic E:\wamp\www\text\jw2\JW\Runtime\Cache\Index\9ff601582da94416a85326de059218db.php 第 14 行.
SQL: SELECT * FROM `jw_forum` WHERE ( `id` = 2 )  [ RunTime:0.000283s ]
NOTIC: [8] Undefined index: pic E:\wamp\www\text\jw2\JW\Runtime\Cache\Index\b5c89fe63a07cf9a96b9a604421346b2.php 第 3 行.
INFO: ParseTemplate Behavior ::run [ RunTime:0.016544s ]
INFO: [ view_parse ] --END-- [ RunTime:0.016626s ]
INFO: [ view_filter ] --START--
INFO: ContentReplace Behavior ::run [ RunTime:0.000480s ]
INFO: TokenBuild Behavior ::run [ RunTime:0.000472s ]
INFO: WriteHtmlCache Behavior ::run [ RunTime:0.000377s ]
INFO: ShowRuntime Behavior ::run [ RunTime:0.000496s ]
INFO: [ view_filter ] --END-- [ RunTime:0.002000s ]
INFO: [ view_end ] --START--
INFO: ShowPageTrace Behavior ::run [ RunTime:0.000547s ]
INFO: [ view_end ] --END-- [ RunTime:0.000607s ]

[ 2015-12-12T19:06:33+08:00 ] 127.0.0.1 /jw2/Index/Forum/index
INFO: [ route_check ] --START--
INFO: CheckRoute Behavior ::run [ RunTime:0.000568s ]
INFO: [ route_check ] --END-- [ RunTime:0.000641s ]
INFO: [ app_begin ] --START--
INFO: ReadHtmlCache Behavior ::run [ RunTime:0.000428s ]
INFO: [ app_begin ] --END-- [ RunTime:0.000489s ]
SQL: SHOW COLUMNS FROM `jw_user` [ RunTime:0.002654s ]
SQL: SELECT `img` FROM `jw_user` WHERE ( `username` = '马莹' )  [ RunTime:0.000203s ]
INFO: [ view_parse ] --START--
NOTIC: [8] Use of undefined constant php - assumed 'php' E:\wamp\www\text\jw2\JW\Runtime\Cache\Index\7fd7366e44b72c25fe3fd6f21ff98f22.php 第 28 行.
SQL: SHOW COLUMNS FROM `jw_forum` [ RunTime:0.002000s ]
SQL: SELECT * FROM `jw_forum` WHERE ( `id` = 1 )  [ RunTime:0.000204s ]
NOTIC: [8] Undefined variable: pic E:\wamp\www\text\jw2\JW\Runtime\Cache\Index\9ff601582da94416a85326de059218db.php 第 14 行.
SQL: SELECT * FROM `jw_forum` WHERE ( `id` = 2 )  [ RunTime:0.000158s ]
NOTIC: [8] Undefined index: pic E:\wamp\www\text\jw2\JW\Runtime\Cache\Index\b5c89fe63a07cf9a96b9a604421346b2.php 第 3 行.
INFO: ParseTemplate Behavior ::run [ RunTime:0.015971s ]
INFO: [ view_parse ] --END-- [ RunTime:0.016048s ]
INFO: [ view_filter ] --START--
INFO: ContentReplace Behavior ::run [ RunTime:0.000369s ]
INFO: TokenBuild Behavior ::run [ RunTime:0.000328s ]
INFO: WriteHtmlCache Behavior ::run [ RunTime:0.000231s ]
INFO: ShowRuntime Behavior ::run [ RunTime:0.000344s ]
INFO: [ view_filter ] --END-- [ RunTime:0.001431s ]
INFO: [ view_end ] --START--
INFO: ShowPageTrace Behavior ::run [ RunTime:0.000437s ]
INFO: [ view_end ] --END-- [ RunTime:0.000502s ]

[ 2015-12-12T19:06:37+08:00 ] 127.0.0.1 /jw2/Index/Forum/index
INFO: [ route_check ] --START--
INFO: CheckRoute Behavior ::run [ RunTime:0.000487s ]
INFO: [ route_check ] --END-- [ RunTime:0.000558s ]
INFO: [ app_begin ] --START--
INFO: ReadHtmlCache Behavior ::run [ RunTime:0.000446s ]
INFO: [ app_begin ] --END-- [ RunTime:0.000509s ]
SQL: SHOW COLUMNS FROM `jw_user` [ RunTime:0.002066s ]
SQL: SELECT `img` FROM `jw_user` WHERE ( `username` = '马莹' )  [ RunTime:0.000183s ]
INFO: [ view_parse ] --START--
NOTIC: [8] Use of undefined constant php - assumed 'php' E:\wamp\www\text\jw2\JW\Runtime\Cache\Index\7fd7366e44b72c25fe3fd6f21ff98f22.php 第 28 行.
SQL: SHOW COLUMNS FROM `jw_forum` [ RunTime:0.002583s ]
SQL: SELECT * FROM `jw_forum` WHERE ( `id` = 1 )  [ RunTime:0.000279s ]
NOTIC: [8] Undefined variable: pic E:\wamp\www\text\jw2\JW\Runtime\Cache\Index\9ff601582da94416a85326de059218db.php 第 14 行.
SQL: SELECT * FROM `jw_forum` WHERE ( `id` = 2 )  [ RunTime:0.000280s ]
NOTIC: [8] Undefined index: pic E:\wamp\www\text\jw2\JW\Runtime\Cache\Index\b5c89fe63a07cf9a96b9a604421346b2.php 第 3 行.
INFO: ParseTemplate Behavior ::run [ RunTime:0.016342s ]
INFO: [ view_parse ] --END-- [ RunTime:0.016418s ]
INFO: [ view_filter ] --START--
INFO: ContentReplace Behavior ::run [ RunTime:0.000357s ]
INFO: TokenBuild Behavior ::run [ RunTime:0.000324s ]
INFO: WriteHtmlCache Behavior ::run [ RunTime:0.000228s ]
INFO: ShowRuntime Behavior ::run [ RunTime:0.000368s ]
INFO: [ view_filter ] --END-- [ RunTime:0.001435s ]
INFO: [ view_end ] --START--
INFO: ShowPageTrace Behavior ::run [ RunTime:0.000399s ]
INFO: [ view_end ] --END-- [ RunTime:0.000455s ]

[ 2015-12-12T19:06:42+08:00 ] 127.0.0.1 /jw2/Index/Forum/index
INFO: [ route_check ] --START--
INFO: CheckRoute Behavior ::run [ RunTime:0.000496s ]
INFO: [ route_check ] --END-- [ RunTime:0.000572s ]
INFO: [ app_begin ] --START--
INFO: ReadHtmlCache Behavior ::run [ RunTime:0.000378s ]
INFO: [ app_begin ] --END-- [ RunTime:0.000441s ]
SQL: SHOW COLUMNS FROM `jw_user` [ RunTime:0.002289s ]
NOTIC: [8] Undefined index: username E:\wamp\www\text\jw2\JW\Modules\Index\Action\ForumAction.class.php 第 24 行.
SQL: SELECT `img` FROM `jw_user` WHERE ( `username` = null )  [ RunTime:0.000213s ]
INFO: [ view_parse ] --START--
NOTIC: [8] Undefined index: username E:\wamp\www\text\jw2\JW\Runtime\Cache\Index\7fd7366e44b72c25fe3fd6f21ff98f22.php 第 13 行.
NOTIC: [8] Use of undefined constant php - assumed 'php' E:\wamp\www\text\jw2\JW\Runtime\Cache\Index\7fd7366e44b72c25fe3fd6f21ff98f22.php 第 28 行.
SQL: SHOW COLUMNS FROM `jw_forum` [ RunTime:0.002346s ]
SQL: SELECT * FROM `jw_forum` WHERE ( `id` = 1 )  [ RunTime:0.000222s ]
NOTIC: [8] Undefined variable: pic E:\wamp\www\text\jw2\JW\Runtime\Cache\Index\9ff601582da94416a85326de059218db.php 第 14 行.
SQL: SELECT * FROM `jw_forum` WHERE ( `id` = 2 )  [ RunTime:0.000205s ]
NOTIC: [8] Undefined index: pic E:\wamp\www\text\jw2\JW\Runtime\Cache\Index\b5c89fe63a07cf9a96b9a604421346b2.php 第 3 行.
INFO: ParseTemplate Behavior ::run [ RunTime:0.015804s ]
INFO: [ view_parse ] --END-- [ RunTime:0.015880s ]
INFO: [ view_filter ] --START--
INFO: ContentReplace Behavior ::run [ RunTime:0.000366s ]
INFO: TokenBuild Behavior ::run [ RunTime:0.000360s ]
INFO: WriteHtmlCache Behavior ::run [ RunTime:0.000279s ]
INFO: ShowRuntime Behavior ::run [ RunTime:0.000413s ]
INFO: [ view_filter ] --END-- [ RunTime:0.001583s ]
INFO: [ view_end ] --START--
INFO: ShowPageTrace Behavior ::run [ RunTime:0.000456s ]
INFO: [ view_end ] --END-- [ RunTime:0.000512s ]

[ 2015-12-12T19:06:44+08:00 ] 127.0.0.1 /jw2/Index/Forum/index
INFO: [ route_check ] --START--
INFO: CheckRoute Behavior ::run [ RunTime:0.000633s ]
INFO: [ route_check ] --END-- [ RunTime:0.000722s ]
INFO: [ app_begin ] --START--
INFO: ReadHtmlCache Behavior ::run [ RunTime:0.000490s ]
INFO: [ app_begin ] --END-- [ RunTime:0.000568s ]
SQL: SHOW COLUMNS FROM `jw_user` [ RunTime:0.002072s ]
NOTIC: [8] Undefined index: username E:\wamp\www\text\jw2\JW\Modules\Index\Action\ForumAction.class.php 第 24 行.
SQL: SELECT `img` FROM `jw_user` WHERE ( `username` = null )  [ RunTime:0.000215s ]
INFO: [ view_parse ] --START--
NOTIC: [8] Undefined index: username E:\wamp\www\text\jw2\JW\Runtime\Cache\Index\7fd7366e44b72c25fe3fd6f21ff98f22.php 第 13 行.
NOTIC: [8] Use of undefined constant php - assumed 'php' E:\wamp\www\text\jw2\JW\Runtime\Cache\Index\7fd7366e44b72c25fe3fd6f21ff98f22.php 第 28 行.
SQL: SHOW COLUMNS FROM `jw_forum` [ RunTime:0.002114s ]
SQL: SELECT * FROM `jw_forum` WHERE ( `id` = 1 )  [ RunTime:0.000234s ]
NOTIC: [8] Undefined variable: pic E:\wamp\www\text\jw2\JW\Runtime\Cache\Index\9ff601582da94416a85326de059218db.php 第 14 行.
SQL: SELECT * FROM `jw_forum` WHERE ( `id` = 2 )  [ RunTime:0.000263s ]
NOTIC: [8] Undefined index: pic E:\wamp\www\text\jw2\JW\Runtime\Cache\Index\b5c89fe63a07cf9a96b9a604421346b2.php 第 3 行.
INFO: ParseTemplate Behavior ::run [ RunTime:0.017029s ]
INFO: [ view_parse ] --END-- [ RunTime:0.017106s ]
INFO: [ view_filter ] --START--
INFO: ContentReplace Behavior ::run [ RunTime:0.000412s ]
INFO: TokenBuild Behavior ::run [ RunTime:0.000389s ]
INFO: WriteHtmlCache Behavior ::run [ RunTime:0.000284s ]
INFO: ShowRuntime Behavior ::run [ RunTime:0.000414s ]
INFO: [ view_filter ] --END-- [ RunTime:0.001677s ]
INFO: [ view_end ] --START--
INFO: ShowPageTrace Behavior ::run [ RunTime:0.000464s ]
INFO: [ view_end ] --END-- [ RunTime:0.000523s ]

[ 2015-12-12T19:06:48+08:00 ] 127.0.0.1 /jw2/Index/Forum/index
INFO: [ route_check ] --START--
INFO: CheckRoute Behavior ::run [ RunTime:0.000497s ]
INFO: [ route_check ] --END-- [ RunTime:0.000572s ]
INFO: [ app_begin ] --START--
INFO: ReadHtmlCache Behavior ::run [ RunTime:0.000402s ]
INFO: [ app_begin ] --END-- [ RunTime:0.000475s ]
SQL: SHOW COLUMNS FROM `jw_user` [ RunTime:0.002606s ]
NOTIC: [8] Undefined index: username E:\wamp\www\text\jw2\JW\Modules\Index\Action\ForumAction.class.php 第 24 行.
SQL: SELECT `img` FROM `jw_user` WHERE ( `username` = null )  [ RunTime:0.000236s ]
INFO: [ view_parse ] --START--
NOTIC: [8] Undefined index: username E:\wamp\www\text\jw2\JW\Runtime\Cache\Index\7fd7366e44b72c25fe3fd6f21ff98f22.php 第 13 行.
NOTIC: [8] Use of undefined constant php - assumed 'php' E:\wamp\www\text\jw2\JW\Runtime\Cache\Index\7fd7366e44b72c25fe3fd6f21ff98f22.php 第 28 行.
SQL: SHOW COLUMNS FROM `jw_forum` [ RunTime:0.002018s ]
SQL: SELECT * FROM `jw_forum` WHERE ( `id` = 1 )  [ RunTime:0.000175s ]
NOTIC: [8] Undefined variable: pic E:\wamp\www\text\jw2\JW\Runtime\Cache\Index\9ff601582da94416a85326de059218db.php 第 14 行.
SQL: SELECT * FROM `jw_forum` WHERE ( `id` = 2 )  [ RunTime:0.000279s ]
NOTIC: [8] Undefined index: pic E:\wamp\www\text\jw2\JW\Runtime\Cache\Index\b5c89fe63a07cf9a96b9a604421346b2.php 第 3 行.
INFO: ParseTemplate Behavior ::run [ RunTime:0.015772s ]
INFO: [ view_parse ] --END-- [ RunTime:0.015846s ]
INFO: [ view_filter ] --START--
INFO: ContentReplace Behavior ::run [ RunTime:0.000338s ]
INFO: TokenBuild Behavior ::run [ RunTime:0.000339s ]
INFO: WriteHtmlCache Behavior ::run [ RunTime:0.000298s ]
INFO: ShowRuntime Behavior ::run [ RunTime:0.000445s ]
INFO: [ view_filter ] --END-- [ RunTime:0.001602s ]
INFO: [ view_end ] --START--
INFO: ShowPageTrace Behavior ::run [ RunTime:0.000426s ]
INFO: [ view_end ] --END-- [ RunTime:0.000479s ]

[ 2015-12-12T19:38:14+08:00 ] 127.0.0.1 /jw2/Index/Forum/forum
INFO: [ route_check ] --START--
INFO: CheckRoute Behavior ::run [ RunTime:0.000643s ]
INFO: [ route_check ] --END-- [ RunTime:0.000728s ]
INFO: [ app_begin ] --START--
INFO: ReadHtmlCache Behavior ::run [ RunTime:0.000500s ]
INFO: [ app_begin ] --END-- [ RunTime:0.000567s ]
SQL: SHOW COLUMNS FROM `jw_user` [ RunTime:0.002142s ]
SQL: SELECT * FROM `jw_user`  [ RunTime:0.000241s ]

[ 2015-12-12T19:41:07+08:00 ] 127.0.0.1 /jw2/Index/Forum/forum
INFO: [ route_check ] --START--
INFO: CheckRoute Behavior ::run [ RunTime:0.000639s ]
INFO: [ route_check ] --END-- [ RunTime:0.000724s ]
INFO: [ app_begin ] --START--
INFO: ReadHtmlCache Behavior ::run [ RunTime:0.000579s ]
INFO: [ app_begin ] --END-- [ RunTime:0.000678s ]
SQL: SHOW COLUMNS FROM `jw_user` [ RunTime:0.002146s ]
SQL: SELECT * FROM `jw_user`  [ RunTime:0.000229s ]
SQL: SHOW COLUMNS FROM `jw_forum` [ RunTime:0.002179s ]
SQL: SELECT * FROM `jw_forum`  [ RunTime:0.000189s ]
INFO: [ view_parse ] --START--
NOTIC: [8] Undefined index: username E:\wamp\www\text\jw2\JW\Runtime\Cache\Index\7cb71b68c154dc0d61802663b70af762.php 第 13 行.
NOTIC: [8] Use of undefined constant php - assumed 'php' E:\wamp\www\text\jw2\JW\Runtime\Cache\Index\7cb71b68c154dc0d61802663b70af762.php 第 28 行.
INFO: ParseTemplate Behavior ::run [ RunTime:0.008896s ]
INFO: [ view_parse ] --END-- [ RunTime:0.008973s ]
INFO: [ view_filter ] --START--
INFO: ContentReplace Behavior ::run [ RunTime:0.000422s ]
INFO: TokenBuild Behavior ::run [ RunTime:0.000513s ]
INFO: WriteHtmlCache Behavior ::run [ RunTime:0.000338s ]
INFO: ShowRuntime Behavior ::run [ RunTime:0.000458s ]
INFO: [ view_filter ] --END-- [ RunTime:0.001897s ]
INFO: [ view_end ] --START--
INFO: ShowPageTrace Behavior ::run [ RunTime:0.000508s ]
INFO: [ view_end ] --END-- [ RunTime:0.000566s ]

[ 2015-12-12T19:41:12+08:00 ] 127.0.0.1 /jw2/Index/Forum/index
INFO: [ route_check ] --START--
INFO: CheckRoute Behavior ::run [ RunTime:0.000503s ]
INFO: [ route_check ] --END-- [ RunTime:0.000579s ]
INFO: [ app_begin ] --START--
INFO: ReadHtmlCache Behavior ::run [ RunTime:0.000391s ]
INFO: [ app_begin ] --END-- [ RunTime:0.000454s ]
SQL: SHOW COLUMNS FROM `jw_user` [ RunTime:0.002118s ]
NOTIC: [8] Undefined index: username E:\wamp\www\text\jw2\JW\Modules\Index\Action\ForumAction.class.php 第 25 行.
SQL: SELECT `img` FROM `jw_user` WHERE ( `username` = null )  [ RunTime:0.000210s ]
INFO: [ view_parse ] --START--
NOTIC: [8] Undefined index: username E:\wamp\www\text\jw2\JW\Runtime\Cache\Index\7fd7366e44b72c25fe3fd6f21ff98f22.php 第 13 行.
NOTIC: [8] Use of undefined constant php - assumed 'php' E:\wamp\www\text\jw2\JW\Runtime\Cache\Index\7fd7366e44b72c25fe3fd6f21ff98f22.php 第 28 行.
SQL: SHOW COLUMNS FROM `jw_forum` [ RunTime:0.001949s ]
SQL: SELECT * FROM `jw_forum` WHERE ( `id` = 1 )  [ RunTime:0.000215s ]
NOTIC: [8] Undefined variable: user E:\wamp\www\text\jw2\JW\Runtime\Cache\Index\9ff601582da94416a85326de059218db.php 第 14 行.
SQL: SELECT * FROM `jw_forum` WHERE ( `id` = 2 )  [ RunTime:0.000360s ]
NOTIC: [8] Undefined index: pic E:\wamp\www\text\jw2\JW\Runtime\Cache\Index\b5c89fe63a07cf9a96b9a604421346b2.php 第 3 行.
INFO: ParseTemplate Behavior ::run [ RunTime:0.016441s ]
INFO: [ view_parse ] --END-- [ RunTime:0.016515s ]
INFO: [ view_filter ] --START--
INFO: ContentReplace Behavior ::run [ RunTime:0.000415s ]
INFO: TokenBuild Behavior ::run [ RunTime:0.000408s ]
INFO: WriteHtmlCache Behavior ::run [ RunTime:0.000252s ]
INFO: ShowRuntime Behavior ::run [ RunTime:0.000373s ]
INFO: [ view_filter ] --END-- [ RunTime:0.001611s ]
INFO: [ view_end ] --START--
INFO: ShowPageTrace Behavior ::run [ RunTime:0.000468s ]
INFO: [ view_end ] --END-- [ RunTime:0.000522s ]

[ 2015-12-12T19:41:14+08:00 ] 127.0.0.1 /jw2/Index/Forum/index
INFO: [ route_check ] --START--
INFO: CheckRoute Behavior ::run [ RunTime:0.000544s ]
INFO: [ route_check ] --END-- [ RunTime:0.000615s ]
INFO: [ app_begin ] --START--
INFO: ReadHtmlCache Behavior ::run [ RunTime:0.000395s ]
INFO: [ app_begin ] --END-- [ RunTime:0.000457s ]
SQL: SHOW COLUMNS FROM `jw_user` [ RunTime:0.002548s ]
NOTIC: [8] Undefined index: username E:\wamp\www\text\jw2\JW\Modules\Index\Action\ForumAction.class.php 第 25 行.
SQL: SELECT `img` FROM `jw_user` WHERE ( `username` = null )  [ RunTime:0.000209s ]
INFO: [ view_parse ] --START--
NOTIC: [8] Undefined index: username E:\wamp\www\text\jw2\JW\Runtime\Cache\Index\7fd7366e44b72c25fe3fd6f21ff98f22.php 第 13 行.
NOTIC: [8] Use of undefined constant php - assumed 'php' E:\wamp\www\text\jw2\JW\Runtime\Cache\Index\7fd7366e44b72c25fe3fd6f21ff98f22.php 第 28 行.
SQL: SHOW COLUMNS FROM `jw_forum` [ RunTime:0.002200s ]
SQL: SELECT * FROM `jw_forum` WHERE ( `id` = 1 )  [ RunTime:0.000198s ]
NOTIC: [8] Undefined variable: user E:\wamp\www\text\jw2\JW\Runtime\Cache\Index\9ff601582da94416a85326de059218db.php 第 14 行.
SQL: SELECT * FROM `jw_forum` WHERE ( `id` = 2 )  [ RunTime:0.000201s ]
NOTIC: [8] Undefined index: pic E:\wamp\www\text\jw2\JW\Runtime\Cache\Index\b5c89fe63a07cf9a96b9a604421346b2.php 第 3 行.
INFO: ParseTemplate Behavior ::run [ RunTime:0.016554s ]
INFO: [ view_parse ] --END-- [ RunTime:0.016628s ]
INFO: [ view_filter ] --START--
INFO: ContentReplace Behavior ::run [ RunTime:0.000396s ]
INFO: TokenBuild Behavior ::run [ RunTime:0.000372s ]
INFO: WriteHtmlCache Behavior ::run [ RunTime:0.000367s ]
INFO: ShowRuntime Behavior ::run [ RunTime:0.000442s ]
INFO: [ view_filter ] --END-- [ RunTime:0.001804s ]
INFO: [ view_end ] --START--
INFO: ShowPageTrace Behavior ::run [ RunTime:0.000447s ]
INFO: [ view_end ] --END-- [ RunTime:0.000504s ]

[ 2015-12-12T19:44:26+08:00 ] 127.0.0.1 /jw2/Index/Forum/index
INFO: [ route_check ] --START--
INFO: CheckRoute Behavior ::run [ RunTime:0.000650s ]
INFO: [ route_check ] --END-- [ RunTime:0.000735s ]
INFO: [ app_begin ] --START--
INFO: ReadHtmlCache Behavior ::run [ RunTime:0.000501s ]
INFO: [ app_begin ] --END-- [ RunTime:0.000564s ]
SQL: SHOW COLUMNS FROM `jw_user` [ RunTime:0.002043s ]
NOTIC: [8] Undefined index: username E:\wamp\www\text\jw2\JW\Modules\Index\Action\ForumAction.class.php 第 26 行.
SQL: SELECT `img` FROM `jw_user` WHERE ( `username` = null )  [ RunTime:0.000223s ]
INFO: [ view_parse ] --START--
NOTIC: [8] Undefined index: username E:\wamp\www\text\jw2\JW\Runtime\Cache\Index\7fd7366e44b72c25fe3fd6f21ff98f22.php 第 13 行.
NOTIC: [8] Use of undefined constant php - assumed 'php' E:\wamp\www\text\jw2\JW\Runtime\Cache\Index\7fd7366e44b72c25fe3fd6f21ff98f22.php 第 28 行.
SQL: SHOW COLUMNS FROM `jw_forum` [ RunTime:0.002284s ]
SQL: SELECT * FROM `jw_forum` WHERE ( `id` = 1 )  [ RunTime:0.000214s ]
NOTIC: [8] Undefined variable: user E:\wamp\www\text\jw2\JW\Runtime\Cache\Index\9ff601582da94416a85326de059218db.php 第 14 行.
SQL: SELECT * FROM `jw_forum` WHERE ( `id` = 2 )  [ RunTime:0.000167s ]
NOTIC: [8] Undefined index: pic E:\wamp\www\text\jw2\JW\Runtime\Cache\Index\b5c89fe63a07cf9a96b9a604421346b2.php 第 3 行.
INFO: ParseTemplate Behavior ::run [ RunTime:0.017967s ]
INFO: [ view_parse ] --END-- [ RunTime:0.018083s ]
INFO: [ view_filter ] --START--
INFO: ContentReplace Behavior ::run [ RunTime:0.000527s ]
INFO: TokenBuild Behavior ::run [ RunTime:0.000459s ]
INFO: WriteHtmlCache Behavior ::run [ RunTime:0.000303s ]
INFO: ShowRuntime Behavior ::run [ RunTime:0.000434s ]
INFO: [ view_filter ] --END-- [ RunTime:0.001968s ]
INFO: [ view_end ] --START--
INFO: ShowPageTrace Behavior ::run [ RunTime:0.000447s ]
INFO: [ view_end ] --END-- [ RunTime:0.000504s ]

[ 2015-12-12T19:44:30+08:00 ] 127.0.0.1 /jw2/Index/Forum/forum
INFO: [ route_check ] --START--
INFO: CheckRoute Behavior ::run [ RunTime:0.000490s ]
INFO: [ route_check ] --END-- [ RunTime:0.000563s ]
INFO: [ app_begin ] --START--
INFO: ReadHtmlCache Behavior ::run [ RunTime:0.000381s ]
INFO: [ app_begin ] --END-- [ RunTime:0.000444s ]
SQL: SHOW COLUMNS FROM `jw_user` [ RunTime:0.002625s ]
NOTIC: [8] Undefined index: username E:\wamp\www\text\jw2\JW\Modules\Index\Action\ForumAction.class.php 第 5 行.
SQL: SELECT `img` FROM `jw_user` WHERE ( `username` = null )  [ RunTime:0.000227s ]

[ 2015-12-12T19:44:33+08:00 ] 127.0.0.1 /jw2/Index/Forum/forum
INFO: [ route_check ] --START--
INFO: CheckRoute Behavior ::run [ RunTime:0.000493s ]
INFO: [ route_check ] --END-- [ RunTime:0.000576s ]
INFO: [ app_begin ] --START--
INFO: ReadHtmlCache Behavior ::run [ RunTime:0.000387s ]
INFO: [ app_begin ] --END-- [ RunTime:0.000450s ]
SQL: SHOW COLUMNS FROM `jw_user` [ RunTime:0.002487s ]
NOTIC: [8] Undefined index: username E:\wamp\www\text\jw2\JW\Modules\Index\Action\ForumAction.class.php 第 5 行.
SQL: SELECT `img` FROM `jw_user` WHERE ( `username` = null )  [ RunTime:0.000235s ]

[ 2015-12-12T19:44:56+08:00 ] 127.0.0.1 /jw2/Index/Forum/forum
INFO: [ route_check ] --START--
INFO: CheckRoute Behavior ::run [ RunTime:0.000514s ]
INFO: [ route_check ] --END-- [ RunTime:0.000594s ]
INFO: [ app_begin ] --START--
INFO: ReadHtmlCache Behavior ::run [ RunTime:0.000427s ]
INFO: [ app_begin ] --END-- [ RunTime:0.000491s ]
SQL: SHOW COLUMNS FROM `jw_forum` [ RunTime:0.001915s ]
SQL: SELECT * FROM `jw_forum`  [ RunTime:0.000178s ]
INFO: [ view_parse ] --START--
NOTIC: [8] Undefined index: username E:\wamp\www\text\jw2\JW\Runtime\Cache\Index\7cb71b68c154dc0d61802663b70af762.php 第 13 行.
NOTIC: [8] Use of undefined constant php - assumed 'php' E:\wamp\www\text\jw2\JW\Runtime\Cache\Index\7cb71b68c154dc0d61802663b70af762.php 第 28 行.
INFO: ParseTemplate Behavior ::run [ RunTime:0.007934s ]
INFO: [ view_parse ] --END-- [ RunTime:0.008014s ]
INFO: [ view_filter ] --START--
INFO: ContentReplace Behavior ::run [ RunTime:0.000397s ]
INFO: TokenBuild Behavior ::run [ RunTime:0.000357s ]
INFO: WriteHtmlCache Behavior ::run [ RunTime:0.000311s ]
INFO: ShowRuntime Behavior ::run [ RunTime:0.000343s ]
INFO: [ view_filter ] --END-- [ RunTime:0.001600s ]
INFO: [ view_end ] --START--
INFO: ShowPageTrace Behavior ::run [ RunTime:0.000405s ]
INFO: [ view_end ] --END-- [ RunTime:0.000471s ]

[ 2015-12-12T19:45:30+08:00 ] 127.0.0.1 /jw2/Index/Forum/index
INFO: [ route_check ] --START--
INFO: CheckRoute Behavior ::run [ RunTime:0.000679s ]
INFO: [ route_check ] --END-- [ RunTime:0.000766s ]
INFO: [ app_begin ] --START--
INFO: ReadHtmlCache Behavior ::run [ RunTime:0.000388s ]
INFO: [ app_begin ] --END-- [ RunTime:0.000446s ]
SQL: SHOW COLUMNS FROM `jw_user` [ RunTime:0.002304s ]
NOTIC: [8] Undefined index: username E:\wamp\www\text\jw2\JW\Modules\Index\Action\ForumAction.class.php 第 24 行.
SQL: SELECT `img` FROM `jw_user` WHERE ( `username` = null )  [ RunTime:0.000332s ]

[ 2015-12-12T19:45:32+08:00 ] 127.0.0.1 /jw2/Index/Forum/index
INFO: [ route_check ] --START--
INFO: CheckRoute Behavior ::run [ RunTime:0.000494s ]
INFO: [ route_check ] --END-- [ RunTime:0.000571s ]
INFO: [ app_begin ] --START--
INFO: ReadHtmlCache Behavior ::run [ RunTime:0.000438s ]
INFO: [ app_begin ] --END-- [ RunTime:0.000502s ]
SQL: SHOW COLUMNS FROM `jw_user` [ RunTime:0.001977s ]
NOTIC: [8] Undefined index: username E:\wamp\www\text\jw2\JW\Modules\Index\Action\ForumAction.class.php 第 24 行.
SQL: SELECT `img` FROM `jw_user` WHERE ( `username` = null )  [ RunTime:0.000187s ]

[ 2015-12-12T19:46:49+08:00 ] 127.0.0.1 /jw2/Index/Forum/index
INFO: [ route_check ] --START--
INFO: CheckRoute Behavior ::run [ RunTime:0.000660s ]
INFO: [ route_check ] --END-- [ RunTime:0.000743s ]
INFO: [ app_begin ] --START--
INFO: ReadHtmlCache Behavior ::run [ RunTime:0.000472s ]
INFO: [ app_begin ] --END-- [ RunTime:0.000538s ]
SQL: SHOW COLUMNS FROM `jw_user` [ RunTime:0.002246s ]
NOTIC: [8] Undefined index: username E:\wamp\www\text\jw2\JW\Modules\Index\Action\ForumAction.class.php 第 24 行.
SQL: SELECT `img` FROM `jw_user` WHERE ( `username` = null )  [ RunTime:0.000215s ]

[ 2015-12-12T19:47:26+08:00 ] 127.0.0.1 /jw2/Index/Forum/index
INFO: [ route_check ] --START--
INFO: CheckRoute Behavior ::run [ RunTime:0.000521s ]
INFO: [ route_check ] --END-- [ RunTime:0.000598s ]
INFO: [ app_begin ] --START--
INFO: ReadHtmlCache Behavior ::run [ RunTime:0.000408s ]
INFO: [ app_begin ] --END-- [ RunTime:0.000469s ]
SQL: SHOW COLUMNS FROM `jw_user` [ RunTime:0.001903s ]
NOTIC: [8] Undefined index: username E:\wamp\www\text\jw2\JW\Modules\Index\Action\ForumAction.class.php 第 24 行.
SQL: SELECT `img` FROM `jw_user` WHERE ( `username` = null )  [ RunTime:0.000158s ]

[ 2015-12-12T19:49:01+08:00 ] 127.0.0.1 /jw2/Index/Forum/index
INFO: [ route_check ] --START--
INFO: CheckRoute Behavior ::run [ RunTime:0.000605s ]
INFO: [ route_check ] --END-- [ RunTime:0.000682s ]
INFO: [ app_begin ] --START--
INFO: ReadHtmlCache Behavior ::run [ RunTime:0.000472s ]
INFO: [ app_begin ] --END-- [ RunTime:0.000537s ]
SQL: SHOW COLUMNS FROM `jw_user` [ RunTime:0.001898s ]
SQL: SELECT * FROM `jw_user`  [ RunTime:0.000214s ]

[ 2015-12-12T19:50:15+08:00 ] 127.0.0.1 /jw2/Index/Forum/index
INFO: [ route_check ] --START--
INFO: CheckRoute Behavior ::run [ RunTime:0.000520s ]
INFO: [ route_check ] --END-- [ RunTime:0.000604s ]
INFO: [ app_begin ] --START--
INFO: ReadHtmlCache Behavior ::run [ RunTime:0.000411s ]
INFO: [ app_begin ] --END-- [ RunTime:0.000475s ]
SQL: SHOW COLUMNS FROM `jw_user` [ RunTime:0.001978s ]
NOTIC: [8] Undefined index: username E:\wamp\www\text\jw2\JW\Modules\Index\Action\ForumAction.class.php 第 24 行.
SQL: SELECT * FROM `jw_user` WHERE ( `username` = null )  [ RunTime:0.000248s ]

[ 2015-12-12T19:50:17+08:00 ] 127.0.0.1 /jw2/Index/Forum/index
INFO: [ route_check ] --START--
INFO: CheckRoute Behavior ::run [ RunTime:0.000498s ]
INFO: [ route_check ] --END-- [ RunTime:0.000576s ]
INFO: [ app_begin ] --START--
INFO: ReadHtmlCache Behavior ::run [ RunTime:0.000391s ]
INFO: [ app_begin ] --END-- [ RunTime:0.000454s ]
SQL: SHOW COLUMNS FROM `jw_user` [ RunTime:0.001939s ]
NOTIC: [8] Undefined index: username E:\wamp\www\text\jw2\JW\Modules\Index\Action\ForumAction.class.php 第 24 行.
SQL: SELECT * FROM `jw_user` WHERE ( `username` = null )  [ RunTime:0.000216s ]

[ 2015-12-12T19:50:26+08:00 ] 127.0.0.1 /jw2/Index/Index/logout
INFO: [ route_check ] --START--
INFO: CheckRoute Behavior ::run [ RunTime:0.000504s ]
INFO: [ route_check ] --END-- [ RunTime:0.000577s ]
INFO: [ app_begin ] --START--
INFO: ReadHtmlCache Behavior ::run [ RunTime:0.000397s ]
INFO: [ app_begin ] --END-- [ RunTime:0.000459s ]
NOTIC: [2048] Declaration of IndexAction::show() should be compatible with that of Action::show() E:\wamp\www\text\jw2\JW\Modules\Index\Action\IndexAction.class.php 第 18 行.

[ 2015-12-12T19:50:26+08:00 ] 127.0.0.1 /jw2/Index/Login
INFO: [ route_check ] --START--
INFO: CheckRoute Behavior ::run [ RunTime:0.000498s ]
INFO: [ route_check ] --END-- [ RunTime:0.000574s ]
INFO: [ app_begin ] --START--
INFO: ReadHtmlCache Behavior ::run [ RunTime:0.000412s ]
INFO: [ app_begin ] --END-- [ RunTime:0.000473s ]
INFO: [ view_parse ] --START--
INFO: ParseTemplate Behavior ::run [ RunTime:0.006523s ]
INFO: [ view_parse ] --END-- [ RunTime:0.006589s ]
INFO: [ view_filter ] --START--
INFO: ContentReplace Behavior ::run [ RunTime:0.000376s ]
INFO: TokenBuild Behavior ::run [ RunTime:0.000363s ]
INFO: WriteHtmlCache Behavior ::run [ RunTime:0.000280s ]
INFO: ShowRuntime Behavior ::run [ RunTime:0.000410s ]
INFO: [ view_filter ] --END-- [ RunTime:0.001601s ]
INFO: [ view_end ] --START--
INFO: ShowPageTrace Behavior ::run [ RunTime:0.000460s ]
INFO: [ view_end ] --END-- [ RunTime:0.000520s ]

[ 2015-12-12T19:50:26+08:00 ] 127.0.0.1 /jw2/Index/Login/verify
INFO: [ route_check ] --START--
INFO: CheckRoute Behavior ::run [ RunTime:0.000652s ]
INFO: [ route_check ] --END-- [ RunTime:0.000787s ]
INFO: [ app_begin ] --START--
INFO: ReadHtmlCache Behavior ::run [ RunTime:0.000439s ]
INFO: [ app_begin ] --END-- [ RunTime:0.000503s ]

[ 2015-12-12T19:50:42+08:00 ] 127.0.0.1 /jw2/Index/Login/login
INFO: [ route_check ] --START--
INFO: CheckRoute Behavior ::run [ RunTime:0.000660s ]
INFO: [ route_check ] --END-- [ RunTime:0.000751s ]
INFO: [ app_begin ] --START--
INFO: ReadHtmlCache Behavior ::run [ RunTime:0.000630s ]
INFO: [ app_begin ] --END-- [ RunTime:0.000695s ]
SQL: SHOW COLUMNS FROM `jw_user` [ RunTime:0.012088s ]
SQL: SELECT * FROM `jw_user` WHERE ( `username` = '马莹' ) LIMIT 1   [ RunTime:0.000244s ]
SQL: UPDATE `jw_user` SET `logintime`=1449921042,`loginip`='127.0.0.1' WHERE ( `id` = 3 ) [ RunTime:0.076354s ]

[ 2015-12-12T19:50:42+08:00 ] 127.0.0.1 /jw2/
INFO: [ app_begin ] --START--
INFO: ReadHtmlCache Behavior ::run [ RunTime:0.000492s ]
INFO: [ app_begin ] --END-- [ RunTime:0.000564s ]
NOTIC: [2048] Declaration of IndexAction::show() should be compatible with that of Action::show() E:\wamp\www\text\jw2\JW\Modules\Index\Action\IndexAction.class.php 第 18 行.
INFO: [ view_parse ] --START--
NOTIC: [8] Use of undefined constant php - assumed 'php' E:\wamp\www\text\jw2\JW\Runtime\Cache\Index\c02fb85234c57081a27580e176266a3d.php 第 28 行.
INFO: ParseTemplate Behavior ::run [ RunTime:0.006460s ]
INFO: [ view_parse ] --END-- [ RunTime:0.006525s ]
INFO: [ view_filter ] --START--
INFO: ContentReplace Behavior ::run [ RunTime:0.000399s ]
INFO: TokenBuild Behavior ::run [ RunTime:0.000476s ]
INFO: WriteHtmlCache Behavior ::run [ RunTime:0.000384s ]
INFO: ShowRuntime Behavior ::run [ RunTime:0.000395s ]
INFO: [ view_filter ] --END-- [ RunTime:0.001830s ]
INFO: [ view_end ] --START--
INFO: ShowPageTrace Behavior ::run [ RunTime:0.000438s ]
INFO: [ view_end ] --END-- [ RunTime:0.000498s ]

[ 2015-12-12T19:50:48+08:00 ] 127.0.0.1 /jw2/Index/Forum/forum
INFO: [ route_check ] --START--
INFO: CheckRoute Behavior ::run [ RunTime:0.000694s ]
INFO: [ route_check ] --END-- [ RunTime:0.000774s ]
INFO: [ app_begin ] --START--
INFO: ReadHtmlCache Behavior ::run [ RunTime:0.000510s ]
INFO: [ app_begin ] --END-- [ RunTime:0.000573s ]
SQL: SHOW COLUMNS FROM `jw_forum` [ RunTime:0.001888s ]
SQL: SELECT * FROM `jw_forum`  [ RunTime:0.000189s ]
INFO: [ view_parse ] --START--
NOTIC: [8] Use of undefined constant php - assumed 'php' E:\wamp\www\text\jw2\JW\Runtime\Cache\Index\7cb71b68c154dc0d61802663b70af762.php 第 28 行.
INFO: ParseTemplate Behavior ::run [ RunTime:0.008499s ]
INFO: [ view_parse ] --END-- [ RunTime:0.008575s ]
INFO: [ view_filter ] --START--
INFO: ContentReplace Behavior ::run [ RunTime:0.000458s ]
INFO: TokenBuild Behavior ::run [ RunTime:0.000454s ]
INFO: WriteHtmlCache Behavior ::run [ RunTime:0.000375s ]
INFO: ShowRuntime Behavior ::run [ RunTime:0.000507s ]
INFO: [ view_filter ] --END-- [ RunTime:0.001969s ]
INFO: [ view_end ] --START--
INFO: ShowPageTrace Behavior ::run [ RunTime:0.000560s ]
INFO: [ view_end ] --END-- [ RunTime:0.000620s ]

[ 2015-12-12T19:50:51+08:00 ] 127.0.0.1 /jw2/Index/Forum/index
INFO: [ route_check ] --START--
INFO: CheckRoute Behavior ::run [ RunTime:0.000506s ]
INFO: [ route_check ] --END-- [ RunTime:0.000582s ]
INFO: [ app_begin ] --START--
INFO: ReadHtmlCache Behavior ::run [ RunTime:0.000390s ]
INFO: [ app_begin ] --END-- [ RunTime:0.000452s ]
SQL: SHOW COLUMNS FROM `jw_user` [ RunTime:0.002461s ]
SQL: SELECT * FROM `jw_user` WHERE ( `username` = '马莹' )  [ RunTime:0.000288s ]

[ 2015-12-12T19:52:57+08:00 ] 127.0.0.1 /jw2/Index/Forum/index
INFO: [ route_check ] --START--
INFO: CheckRoute Behavior ::run [ RunTime:0.000653s ]
INFO: [ route_check ] --END-- [ RunTime:0.000738s ]
INFO: [ app_begin ] --START--
INFO: ReadHtmlCache Behavior ::run [ RunTime:0.000471s ]
INFO: [ app_begin ] --END-- [ RunTime:0.000538s ]
SQL: SHOW COLUMNS FROM `jw_user` [ RunTime:0.001909s ]
SQL: SELECT `img` FROM `jw_user` WHERE ( `username` = '马莹' )  [ RunTime:0.000210s ]

[ 2015-12-12T19:54:18+08:00 ] 127.0.0.1 /jw2/Index/Forum/index
INFO: [ route_check ] --START--
INFO: CheckRoute Behavior ::run [ RunTime:0.000551s ]
INFO: [ route_check ] --END-- [ RunTime:0.000633s ]
INFO: [ app_begin ] --START--
INFO: ReadHtmlCache Behavior ::run [ RunTime:0.000425s ]
INFO: [ app_begin ] --END-- [ RunTime:0.000489s ]
SQL: SHOW COLUMNS FROM `jw_user` [ RunTime:0.002085s ]
SQL: SELECT `img` FROM `jw_user` WHERE ( `username` = '马莹' )  [ RunTime:0.000222s ]
INFO: [ view_parse ] --START--
NOTIC: [8] Use of undefined constant php - assumed 'php' E:\wamp\www\text\jw2\JW\Runtime\Cache\Index\7fd7366e44b72c25fe3fd6f21ff98f22.php 第 28 行.
SQL: SHOW COLUMNS FROM `jw_forum` [ RunTime:0.001960s ]
SQL: SELECT * FROM `jw_forum` WHERE ( `id` = 1 )  [ RunTime:0.000197s ]
NOTIC: [8] Undefined variable: user E:\wamp\www\text\jw2\JW\Runtime\Cache\Index\9ff601582da94416a85326de059218db.php 第 14 行.
SQL: SELECT * FROM `jw_forum` WHERE ( `id` = 2 )  [ RunTime:0.000293s ]
NOTIC: [8] Undefined index: pic E:\wamp\www\text\jw2\JW\Runtime\Cache\Index\b5c89fe63a07cf9a96b9a604421346b2.php 第 3 行.
INFO: ParseTemplate Behavior ::run [ RunTime:0.017410s ]
INFO: [ view_parse ] --END-- [ RunTime:0.017493s ]
INFO: [ view_filter ] --START--
INFO: ContentReplace Behavior ::run [ RunTime:0.000465s ]
INFO: TokenBuild Behavior ::run [ RunTime:0.000452s ]
INFO: WriteHtmlCache Behavior ::run [ RunTime:0.000306s ]
INFO: ShowRuntime Behavior ::run [ RunTime:0.000521s ]
INFO: [ view_filter ] --END-- [ RunTime:0.001921s ]
INFO: [ view_end ] --START--
INFO: ShowPageTrace Behavior ::run [ RunTime:0.000498s ]
INFO: [ view_end ] --END-- [ RunTime:0.000558s ]

[ 2015-12-12T19:54:25+08:00 ] 127.0.0.1 /jw2/Index/Forum/index
INFO: [ route_check ] --START--
INFO: CheckRoute Behavior ::run [ RunTime:0.000608s ]
INFO: [ route_check ] --END-- [ RunTime:0.000689s ]
INFO: [ app_begin ] --START--
INFO: ReadHtmlCache Behavior ::run [ RunTime:0.000473s ]
INFO: [ app_begin ] --END-- [ RunTime:0.000541s ]
SQL: SHOW COLUMNS FROM `jw_user` [ RunTime:0.002000s ]
SQL: SELECT `img` FROM `jw_user` WHERE ( `username` = '马莹' )  [ RunTime:0.000259s ]
INFO: [ view_parse ] --START--
NOTIC: [8] Use of undefined constant php - assumed 'php' E:\wamp\www\text\jw2\JW\Runtime\Cache\Index\7fd7366e44b72c25fe3fd6f21ff98f22.php 第 28 行.
SQL: SHOW COLUMNS FROM `jw_forum` [ RunTime:0.002134s ]
SQL: SELECT * FROM `jw_forum` WHERE ( `id` = 1 )  [ RunTime:0.000201s ]
NOTIC: [8] Undefined variable: user E:\wamp\www\text\jw2\JW\Runtime\Cache\Index\9ff601582da94416a85326de059218db.php 第 14 行.
SQL: SELECT * FROM `jw_forum` WHERE ( `id` = 2 )  [ RunTime:0.000293s ]
NOTIC: [8] Undefined index: pic E:\wamp\www\text\jw2\JW\Runtime\Cache\Index\b5c89fe63a07cf9a96b9a604421346b2.php 第 3 行.
INFO: ParseTemplate Behavior ::run [ RunTime:0.017851s ]
INFO: [ view_parse ] --END-- [ RunTime:0.017929s ]
INFO: [ view_filter ] --START--
INFO: ContentReplace Behavior ::run [ RunTime:0.000465s ]
INFO: TokenBuild Behavior ::run [ RunTime:0.000457s ]
INFO: WriteHtmlCache Behavior ::run [ RunTime:0.000367s ]
INFO: ShowRuntime Behavior ::run [ RunTime:0.000475s ]
INFO: [ view_filter ] --END-- [ RunTime:0.001941s ]
INFO: [ view_end ] --START--
INFO: ShowPageTrace Behavior ::run [ RunTime:0.000548s ]
INFO: [ view_end ] --END-- [ RunTime:0.000603s ]

[ 2015-12-12T19:59:36+08:00 ] 127.0.0.1 /jw2/Index/Forum/index
INFO: [ route_check ] --START--
INFO: CheckRoute Behavior ::run [ RunTime:0.000634s ]
INFO: [ route_check ] --END-- [ RunTime:0.000713s ]
INFO: [ app_begin ] --START--
INFO: ReadHtmlCache Behavior ::run [ RunTime:0.000470s ]
INFO: [ app_begin ] --END-- [ RunTime:0.000534s ]
SQL: SHOW COLUMNS FROM `jw_user` [ RunTime:0.002331s ]
SQL: SELECT `img` FROM `jw_user` WHERE ( `username` = '马莹' )  [ RunTime:0.000296s ]
INFO: [ view_parse ] --START--
NOTIC: [8] Use of undefined constant php - assumed 'php' E:\wamp\www\text\jw2\JW\Runtime\Cache\Index\7fd7366e44b72c25fe3fd6f21ff98f22.php 第 28 行.
SQL: SHOW COLUMNS FROM `jw_forum` [ RunTime:0.001922s ]
SQL: SELECT * FROM `jw_forum` WHERE ( `id` = 1 )  [ RunTime:0.000189s ]
NOTIC: [8] Undefined variable: user E:\wamp\www\text\jw2\JW\Runtime\Cache\Index\9ff601582da94416a85326de059218db.php 第 14 行.
SQL: SELECT * FROM `jw_forum` WHERE ( `id` = 2 )  [ RunTime:0.000298s ]
NOTIC: [8] Undefined index: pic E:\wamp\www\text\jw2\JW\Runtime\Cache\Index\b5c89fe63a07cf9a96b9a604421346b2.php 第 3 行.
INFO: ParseTemplate Behavior ::run [ RunTime:0.017597s ]
INFO: [ view_parse ] --END-- [ RunTime:0.017678s ]
INFO: [ view_filter ] --START--
INFO: ContentReplace Behavior ::run [ RunTime:0.000443s ]
INFO: TokenBuild Behavior ::run [ RunTime:0.000505s ]
INFO: WriteHtmlCache Behavior ::run [ RunTime:0.000326s ]
INFO: ShowRuntime Behavior ::run [ RunTime:0.000465s ]
INFO: [ view_filter ] --END-- [ RunTime:0.001904s ]
INFO: [ view_end ] --START--
INFO: ShowPageTrace Behavior ::run [ RunTime:0.000456s ]
INFO: [ view_end ] --END-- [ RunTime:0.000513s ]

[ 2015-12-12T20:04:12+08:00 ] 127.0.0.1 /jw2/Index/Forum/index
INFO: [ route_check ] --START--
INFO: CheckRoute Behavior ::run [ RunTime:0.000674s ]
INFO: [ route_check ] --END-- [ RunTime:0.000762s ]
INFO: [ app_begin ] --START--
INFO: ReadHtmlCache Behavior ::run [ RunTime:0.000454s ]
INFO: [ app_begin ] --END-- [ RunTime:0.000520s ]
INFO: [ view_parse ] --START--
NOTIC: [8] Use of undefined constant php - assumed 'php' E:\wamp\www\text\jw2\JW\Runtime\Cache\Index\7fd7366e44b72c25fe3fd6f21ff98f22.php 第 28 行.
SQL: SHOW COLUMNS FROM `jw_forum` [ RunTime:0.002032s ]
SQL: SELECT * FROM `jw_forum` WHERE ( `id` = 1 )  [ RunTime:0.000223s ]
NOTIC: [8] Undefined variable: user E:\wamp\www\text\jw2\JW\Runtime\Cache\Index\9ff601582da94416a85326de059218db.php 第 14 行.
SQL: SELECT * FROM `jw_forum` WHERE ( `id` = 2 )  [ RunTime:0.000299s ]
NOTIC: [8] Undefined index: pic E:\wamp\www\text\jw2\JW\Runtime\Cache\Index\b5c89fe63a07cf9a96b9a604421346b2.php 第 3 行.
INFO: ParseTemplate Behavior ::run [ RunTime:0.032236s ]
INFO: [ view_parse ] --END-- [ RunTime:0.032303s ]
INFO: [ view_filter ] --START--
INFO: ContentReplace Behavior ::run [ RunTime:0.000416s ]
INFO: TokenBuild Behavior ::run [ RunTime:0.000375s ]
INFO: WriteHtmlCache Behavior ::run [ RunTime:0.000298s ]
INFO: ShowRuntime Behavior ::run [ RunTime:0.000544s ]
INFO: [ view_filter ] --END-- [ RunTime:0.001817s ]
INFO: [ view_end ] --START--
INFO: ShowPageTrace Behavior ::run [ RunTime:0.000538s ]
INFO: [ view_end ] --END-- [ RunTime:0.000603s ]

[ 2015-12-12T20:04:14+08:00 ] 127.0.0.1 /jw2/Index/Forum/index
INFO: [ route_check ] --START--
INFO: CheckRoute Behavior ::run [ RunTime:0.000501s ]
INFO: [ route_check ] --END-- [ RunTime:0.000582s ]
INFO: [ app_begin ] --START--
INFO: ReadHtmlCache Behavior ::run [ RunTime:0.000392s ]
INFO: [ app_begin ] --END-- [ RunTime:0.000455s ]
INFO: [ view_parse ] --START--
NOTIC: [8] Use of undefined constant php - assumed 'php' E:\wamp\www\text\jw2\JW\Runtime\Cache\Index\7fd7366e44b72c25fe3fd6f21ff98f22.php 第 28 行.
SQL: SHOW COLUMNS FROM `jw_forum` [ RunTime:0.001969s ]
SQL: SELECT * FROM `jw_forum` WHERE ( `id` = 1 )  [ RunTime:0.000223s ]
NOTIC: [8] Undefined variable: user E:\wamp\www\text\jw2\JW\Runtime\Cache\Index\9ff601582da94416a85326de059218db.php 第 14 行.
SQL: SELECT * FROM `jw_forum` WHERE ( `id` = 2 )  [ RunTime:0.000156s ]
NOTIC: [8] Undefined index: pic E:\wamp\www\text\jw2\JW\Runtime\Cache\Index\b5c89fe63a07cf9a96b9a604421346b2.php 第 3 行.
INFO: ParseTemplate Behavior ::run [ RunTime:0.029361s ]
INFO: [ view_parse ] --END-- [ RunTime:0.029423s ]
INFO: [ view_filter ] --START--
INFO: ContentReplace Behavior ::run [ RunTime:0.000355s ]
INFO: TokenBuild Behavior ::run [ RunTime:0.000413s ]
INFO: WriteHtmlCache Behavior ::run [ RunTime:0.000347s ]
INFO: ShowRuntime Behavior ::run [ RunTime:0.000381s ]
INFO: [ view_filter ] --END-- [ RunTime:0.001666s ]
INFO: [ view_end ] --START--
INFO: ShowPageTrace Behavior ::run [ RunTime:0.000390s ]
INFO: [ view_end ] --END-- [ RunTime:0.000447s ]

[ 2015-12-12T20:05:45+08:00 ] 127.0.0.1 /jw2/Index/Forum/index
INFO: [ route_check ] --START--
INFO: CheckRoute Behavior ::run [ RunTime:0.000502s ]
INFO: [ route_check ] --END-- [ RunTime:0.000577s ]
INFO: [ app_begin ] --START--
INFO: ReadHtmlCache Behavior ::run [ RunTime:0.000423s ]
INFO: [ app_begin ] --END-- [ RunTime:0.000487s ]
INFO: [ view_parse ] --START--
NOTIC: [8] Use of undefined constant php - assumed 'php' E:\wamp\www\text\jw2\JW\Runtime\Cache\Index\7fd7366e44b72c25fe3fd6f21ff98f22.php 第 28 行.
SQL: SHOW COLUMNS FROM `jw_forum` [ RunTime:0.002097s ]
SQL: SELECT * FROM `jw_forum` WHERE ( `id` = 1 )  [ RunTime:0.000270s ]
NOTIC: [8] Undefined index: img E:\wamp\www\text\jw2\JW\Runtime\Cache\Index\9ff601582da94416a85326de059218db.php 第 14 行.
SQL: SELECT * FROM `jw_forum` WHERE ( `id` = 2 )  [ RunTime:0.000174s ]
NOTIC: [8] Undefined index: pic E:\wamp\www\text\jw2\JW\Runtime\Cache\Index\b5c89fe63a07cf9a96b9a604421346b2.php 第 3 行.
INFO: ParseTemplate Behavior ::run [ RunTime:0.029871s ]
INFO: [ view_parse ] --END-- [ RunTime:0.029931s ]
INFO: [ view_filter ] --START--
INFO: ContentReplace Behavior ::run [ RunTime:0.000305s ]
INFO: TokenBuild Behavior ::run [ RunTime:0.000302s ]
INFO: WriteHtmlCache Behavior ::run [ RunTime:0.000230s ]
INFO: ShowRuntime Behavior ::run [ RunTime:0.000400s ]
INFO: [ view_filter ] --END-- [ RunTime:0.001388s ]
INFO: [ view_end ] --START--
INFO: ShowPageTrace Behavior ::run [ RunTime:0.000552s ]
INFO: [ view_end ] --END-- [ RunTime:0.000607s ]

[ 2015-12-12T20:40:35+08:00 ] 127.0.0.1 /jw2/Index/Forum/index
INFO: [ route_check ] --START--
INFO: CheckRoute Behavior ::run [ RunTime:0.000671s ]
INFO: [ route_check ] --END-- [ RunTime:0.000767s ]
INFO: [ app_begin ] --START--
INFO: ReadHtmlCache Behavior ::run [ RunTime:0.000506s ]
INFO: [ app_begin ] --END-- [ RunTime:0.000576s ]
INFO: [ view_parse ] --START--
NOTIC: [8] Use of undefined constant php - assumed 'php' E:\wamp\www\text\jw2\JW\Runtime\Cache\Index\7fd7366e44b72c25fe3fd6f21ff98f22.php 第 28 行.
SQL: SHOW COLUMNS FROM `jw_forum` [ RunTime:0.015369s ]
SQL: SELECT * FROM `jw_forum` WHERE ( `id` = 1 )  [ RunTime:0.000242s ]
NOTIC: [8] Undefined variable: user E:\wamp\www\text\jw2\JW\Runtime\Cache\Index\9ff601582da94416a85326de059218db.php 第 13 行.
SQL: SELECT * FROM `jw_forum` WHERE ( `id` = 2 )  [ RunTime:0.000234s ]
NOTIC: [8] Undefined index: pic E:\wamp\www\text\jw2\JW\Runtime\Cache\Index\b5c89fe63a07cf9a96b9a604421346b2.php 第 3 行.
INFO: ParseTemplate Behavior ::run [ RunTime:0.037041s ]
INFO: [ view_parse ] --END-- [ RunTime:0.037108s ]
INFO: [ view_filter ] --START--
INFO: ContentReplace Behavior ::run [ RunTime:0.000466s ]
INFO: TokenBuild Behavior ::run [ RunTime:0.000467s ]
INFO: WriteHtmlCache Behavior ::run [ RunTime:0.000369s ]
INFO: ShowRuntime Behavior ::run [ RunTime:0.000501s ]
INFO: [ view_filter ] --END-- [ RunTime:0.001975s ]
INFO: [ view_end ] --START--
INFO: ShowPageTrace Behavior ::run [ RunTime:0.000547s ]
INFO: [ view_end ] --END-- [ RunTime:0.000606s ]

[ 2015-12-12T20:41:50+08:00 ] 127.0.0.1 /jw2/Index/Forum/index
INFO: [ route_check ] --START--
INFO: CheckRoute Behavior ::run [ RunTime:0.000639s ]
INFO: [ route_check ] --END-- [ RunTime:0.000720s ]
INFO: [ app_begin ] --START--
INFO: ReadHtmlCache Behavior ::run [ RunTime:0.000473s ]
INFO: [ app_begin ] --END-- [ RunTime:0.000537s ]
INFO: [ view_parse ] --START--
NOTIC: [8] Use of undefined constant php - assumed 'php' E:\wamp\www\text\jw2\JW\Runtime\Cache\Index\7fd7366e44b72c25fe3fd6f21ff98f22.php 第 28 行.
SQL: SHOW COLUMNS FROM `jw_forum` [ RunTime:0.002132s ]
SQL: SELECT * FROM `jw_forum` WHERE ( `id` = 1 )  [ RunTime:0.000269s ]
NOTIC: [8] Undefined variable: user E:\wamp\www\text\jw2\JW\Runtime\Cache\Index\9ff601582da94416a85326de059218db.php 第 14 行.
SQL: SELECT * FROM `jw_forum` WHERE ( `id` = 2 )  [ RunTime:0.000286s ]
NOTIC: [8] Undefined index: pic E:\wamp\www\text\jw2\JW\Runtime\Cache\Index\b5c89fe63a07cf9a96b9a604421346b2.php 第 3 行.
INFO: ParseTemplate Behavior ::run [ RunTime:0.023433s ]
INFO: [ view_parse ] --END-- [ RunTime:0.023501s ]
INFO: [ view_filter ] --START--
INFO: ContentReplace Behavior ::run [ RunTime:0.000416s ]
INFO: TokenBuild Behavior ::run [ RunTime:0.000393s ]
INFO: WriteHtmlCache Behavior ::run [ RunTime:0.000332s ]
INFO: ShowRuntime Behavior ::run [ RunTime:0.000449s ]
INFO: [ view_filter ] --END-- [ RunTime:0.001764s ]
INFO: [ view_end ] --START--
INFO: ShowPageTrace Behavior ::run [ RunTime:0.000501s ]
INFO: [ view_end ] --END-- [ RunTime:0.000571s ]

[ 2015-12-12T20:44:22+08:00 ] 127.0.0.1 /jw2/Index/Forum/index
INFO: [ route_check ] --START--
INFO: CheckRoute Behavior ::run [ RunTime:0.000629s ]
INFO: [ route_check ] --END-- [ RunTime:0.000713s ]
INFO: [ app_begin ] --START--
INFO: ReadHtmlCache Behavior ::run [ RunTime:0.000465s ]
INFO: [ app_begin ] --END-- [ RunTime:0.000531s ]
SQL: SHOW COLUMNS FROM `jw_user` [ RunTime:0.002054s ]
SQL: SELECT * FROM `jw_user` WHERE ( `username` = '马莹' )  [ RunTime:0.000219s ]
INFO: [ view_parse ] --START--
NOTIC: [8] Use of undefined constant php - assumed 'php' E:\wamp\www\text\jw2\JW\Runtime\Cache\Index\7fd7366e44b72c25fe3fd6f21ff98f22.php 第 28 行.
SQL: SHOW COLUMNS FROM `jw_forum` [ RunTime:0.002677s ]
SQL: SELECT * FROM `jw_forum` WHERE ( `id` = 1 )  [ RunTime:0.000230s ]
NOTIC: [8] Undefined variable: user E:\wamp\www\text\jw2\JW\Runtime\Cache\Index\9ff601582da94416a85326de059218db.php 第 14 行.
SQL: SELECT * FROM `jw_forum` WHERE ( `id` = 2 )  [ RunTime:0.000393s ]
NOTIC: [8] Undefined index: pic E:\wamp\www\text\jw2\JW\Runtime\Cache\Index\b5c89fe63a07cf9a96b9a604421346b2.php 第 3 行.
INFO: ParseTemplate Behavior ::run [ RunTime:0.017817s ]
INFO: [ view_parse ] --END-- [ RunTime:0.017888s ]
INFO: [ view_filter ] --START--
INFO: ContentReplace Behavior ::run [ RunTime:0.000625s ]
INFO: TokenBuild Behavior ::run [ RunTime:0.000417s ]
INFO: WriteHtmlCache Behavior ::run [ RunTime:0.000265s ]
INFO: ShowRuntime Behavior ::run [ RunTime:0.000386s ]
INFO: [ view_filter ] --END-- [ RunTime:0.001863s ]
INFO: [ view_end ] --START--
INFO: ShowPageTrace Behavior ::run [ RunTime:0.000432s ]
INFO: [ view_end ] --END-- [ RunTime:0.000487s ]

[ 2015-12-12T20:45:04+08:00 ] 127.0.0.1 /jw2/Index/Forum/index
INFO: [ route_check ] --START--
INFO: CheckRoute Behavior ::run [ RunTime:0.000514s ]
INFO: [ route_check ] --END-- [ RunTime:0.000590s ]
INFO: [ app_begin ] --START--
INFO: ReadHtmlCache Behavior ::run [ RunTime:0.000393s ]
INFO: [ app_begin ] --END-- [ RunTime:0.000454s ]
SQL: SHOW COLUMNS FROM `jw_user` [ RunTime:0.001915s ]
SQL: SELECT * FROM `jw_user` WHERE ( `username` = '马莹' )  [ RunTime:0.000229s ]
INFO: [ view_parse ] --START--
NOTIC: [8] Use of undefined constant php - assumed 'php' E:\wamp\www\text\jw2\JW\Runtime\Cache\Index\7fd7366e44b72c25fe3fd6f21ff98f22.php 第 28 行.
SQL: SHOW COLUMNS FROM `jw_forum` [ RunTime:0.002230s ]
SQL: SELECT * FROM `jw_forum` WHERE ( `id` = 1 )  [ RunTime:0.000237s ]
NOTIC: [8] Undefined variable: user E:\wamp\www\text\jw2\JW\Runtime\Cache\Index\9ff601582da94416a85326de059218db.php 第 14 行.
SQL: SELECT * FROM `jw_forum` WHERE ( `id` = 2 )  [ RunTime:0.000321s ]
NOTIC: [8] Undefined index: pic E:\wamp\www\text\jw2\JW\Runtime\Cache\Index\b5c89fe63a07cf9a96b9a604421346b2.php 第 3 行.
INFO: ParseTemplate Behavior ::run [ RunTime:0.017100s ]
INFO: [ view_parse ] --END-- [ RunTime:0.017178s ]
INFO: [ view_filter ] --START--
INFO: ContentReplace Behavior ::run [ RunTime:0.000365s ]
INFO: TokenBuild Behavior ::run [ RunTime:0.000375s ]
INFO: WriteHtmlCache Behavior ::run [ RunTime:0.000250s ]
INFO: ShowRuntime Behavior ::run [ RunTime:0.000362s ]
INFO: [ view_filter ] --END-- [ RunTime:0.001520s ]
INFO: [ view_end ] --START--
INFO: ShowPageTrace Behavior ::run [ RunTime:0.000415s ]
INFO: [ view_end ] --END-- [ RunTime:0.000473s ]

[ 2015-12-12T20:45:07+08:00 ] 127.0.0.1 /jw2/Index/Forum/index
INFO: [ route_check ] --START--
INFO: CheckRoute Behavior ::run [ RunTime:0.000506s ]
INFO: [ route_check ] --END-- [ RunTime:0.000581s ]
INFO: [ app_begin ] --START--
INFO: ReadHtmlCache Behavior ::run [ RunTime:0.000395s ]
INFO: [ app_begin ] --END-- [ RunTime:0.000457s ]
SQL: SHOW COLUMNS FROM `jw_user` [ RunTime:0.002162s ]
SQL: SELECT * FROM `jw_user` WHERE ( `username` = '马莹' )  [ RunTime:0.000221s ]
INFO: [ view_parse ] --START--
NOTIC: [8] Use of undefined constant php - assumed 'php' E:\wamp\www\text\jw2\JW\Runtime\Cache\Index\7fd7366e44b72c25fe3fd6f21ff98f22.php 第 28 行.
SQL: SHOW COLUMNS FROM `jw_forum` [ RunTime:0.001927s ]
SQL: SELECT * FROM `jw_forum` WHERE ( `id` = 1 )  [ RunTime:0.000172s ]
NOTIC: [8] Undefined variable: user E:\wamp\www\text\jw2\JW\Runtime\Cache\Index\9ff601582da94416a85326de059218db.php 第 14 行.
SQL: SELECT * FROM `jw_forum` WHERE ( `id` = 2 )  [ RunTime:0.000228s ]
NOTIC: [8] Undefined index: pic E:\wamp\www\text\jw2\JW\Runtime\Cache\Index\b5c89fe63a07cf9a96b9a604421346b2.php 第 3 行.
INFO: ParseTemplate Behavior ::run [ RunTime:0.015886s ]
INFO: [ view_parse ] --END-- [ RunTime:0.015962s ]
INFO: [ view_filter ] --START--
INFO: ContentReplace Behavior ::run [ RunTime:0.000396s ]
INFO: TokenBuild Behavior ::run [ RunTime:0.000428s ]
INFO: WriteHtmlCache Behavior ::run [ RunTime:0.000271s ]
INFO: ShowRuntime Behavior ::run [ RunTime:0.000423s ]
INFO: [ view_filter ] --END-- [ RunTime:0.001697s ]
INFO: [ view_end ] --START--
INFO: ShowPageTrace Behavior ::run [ RunTime:0.000733s ]
INFO: [ view_end ] --END-- [ RunTime:0.000791s ]

[ 2015-12-12T20:47:04+08:00 ] 127.0.0.1 /jw2/Index/Forum/index
INFO: [ route_check ] --START--
INFO: CheckRoute Behavior ::run [ RunTime:0.000619s ]
INFO: [ route_check ] --END-- [ RunTime:0.000705s ]
INFO: [ app_begin ] --START--
INFO: ReadHtmlCache Behavior ::run [ RunTime:0.000466s ]
INFO: [ app_begin ] --END-- [ RunTime:0.000537s ]
SQL: SHOW COLUMNS FROM `jw_user` [ RunTime:0.002150s ]
SQL: SELECT `img` FROM `jw_user` WHERE ( `username` = '马莹' )  [ RunTime:0.000239s ]

[ 2015-12-12T20:47:47+08:00 ] 127.0.0.1 /jw2/Index/Forum/index
INFO: [ route_check ] --START--
INFO: CheckRoute Behavior ::run [ RunTime:0.000515s ]
INFO: [ route_check ] --END-- [ RunTime:0.000593s ]
INFO: [ app_begin ] --START--
INFO: ReadHtmlCache Behavior ::run [ RunTime:0.000397s ]
INFO: [ app_begin ] --END-- [ RunTime:0.000459s ]
SQL: SHOW COLUMNS FROM `jw_user` [ RunTime:0.011339s ]
SQL: SELECT `img` FROM `jw_user` WHERE ( `username` = '马莹' )  [ RunTime:0.000264s ]
INFO: [ view_parse ] --START--
NOTIC: [8] Use of undefined constant php - assumed 'php' E:\wamp\www\text\jw2\JW\Runtime\Cache\Index\7fd7366e44b72c25fe3fd6f21ff98f22.php 第 28 行.
SQL: SHOW COLUMNS FROM `jw_forum` [ RunTime:0.002016s ]
SQL: SELECT * FROM `jw_forum` WHERE ( `id` = 1 )  [ RunTime:0.000235s ]
NOTIC: [8] Undefined variable: user E:\wamp\www\text\jw2\JW\Runtime\Cache\Index\9ff601582da94416a85326de059218db.php 第 14 行.
SQL: SELECT * FROM `jw_forum` WHERE ( `id` = 2 )  [ RunTime:0.000303s ]
NOTIC: [8] Undefined index: pic E:\wamp\www\text\jw2\JW\Runtime\Cache\Index\b5c89fe63a07cf9a96b9a604421346b2.php 第 3 行.
INFO: ParseTemplate Behavior ::run [ RunTime:0.017220s ]
INFO: [ view_parse ] --END-- [ RunTime:0.017301s ]
INFO: [ view_filter ] --START--
INFO: ContentReplace Behavior ::run [ RunTime:0.000394s ]
INFO: TokenBuild Behavior ::run [ RunTime:0.000410s ]
INFO: WriteHtmlCache Behavior ::run [ RunTime:0.000292s ]
INFO: ShowRuntime Behavior ::run [ RunTime:0.000414s ]
INFO: [ view_filter ] --END-- [ RunTime:0.001677s ]
INFO: [ view_end ] --START--
INFO: ShowPageTrace Behavior ::run [ RunTime:0.000465s ]
INFO: [ view_end ] --END-- [ RunTime:0.000523s ]

[ 2015-12-12T20:48:48+08:00 ] 127.0.0.1 /jw2/Index/Forum/index
INFO: [ route_check ] --START--
INFO: CheckRoute Behavior ::run [ RunTime:0.000525s ]
INFO: [ route_check ] --END-- [ RunTime:0.000603s ]
INFO: [ app_begin ] --START--
INFO: ReadHtmlCache Behavior ::run [ RunTime:0.000453s ]
INFO: [ app_begin ] --END-- [ RunTime:0.000525s ]
SQL: SHOW COLUMNS FROM `jw_user` [ RunTime:0.002079s ]
SQL: SELECT `img` FROM `jw_user` WHERE ( `username` = '马莹' )  [ RunTime:0.000219s ]
INFO: [ view_parse ] --START--
NOTIC: [8] Use of undefined constant php - assumed 'php' E:\wamp\www\text\jw2\JW\Runtime\Cache\Index\7fd7366e44b72c25fe3fd6f21ff98f22.php 第 28 行.
SQL: SHOW COLUMNS FROM `jw_forum` [ RunTime:0.001970s ]
SQL: SELECT * FROM `jw_forum` WHERE ( `id` = 1 )  [ RunTime:0.000175s ]
NOTIC: [8] Undefined variable: user E:\wamp\www\text\jw2\JW\Runtime\Cache\Index\9ff601582da94416a85326de059218db.php 第 14 行.
SQL: SELECT * FROM `jw_forum` WHERE ( `id` = 2 )  [ RunTime:0.000260s ]
NOTIC: [8] Undefined index: pic E:\wamp\www\text\jw2\JW\Runtime\Cache\Index\b5c89fe63a07cf9a96b9a604421346b2.php 第 3 行.
INFO: ParseTemplate Behavior ::run [ RunTime:0.015877s ]
INFO: [ view_parse ] --END-- [ RunTime:0.015958s ]
INFO: [ view_filter ] --START--
INFO: ContentReplace Behavior ::run [ RunTime:0.000389s ]
INFO: TokenBuild Behavior ::run [ RunTime:0.000357s ]
INFO: WriteHtmlCache Behavior ::run [ RunTime:0.000345s ]
INFO: ShowRuntime Behavior ::run [ RunTime:0.000484s ]
INFO: [ view_filter ] --END-- [ RunTime:0.001754s ]
INFO: [ view_end ] --START--
INFO: ShowPageTrace Behavior ::run [ RunTime:0.000524s ]
INFO: [ view_end ] --END-- [ RunTime:0.000583s ]

[ 2015-12-12T20:48:50+08:00 ] 127.0.0.1 /jw2/Index/Forum/index
INFO: [ route_check ] --START--
INFO: CheckRoute Behavior ::run [ RunTime:0.000524s ]
INFO: [ route_check ] --END-- [ RunTime:0.000597s ]
INFO: [ app_begin ] --START--
INFO: ReadHtmlCache Behavior ::run [ RunTime:0.000420s ]
INFO: [ app_begin ] --END-- [ RunTime:0.000483s ]
SQL: SHOW COLUMNS FROM `jw_user` [ RunTime:0.002411s ]
SQL: SELECT `img` FROM `jw_user` WHERE ( `username` = '马莹' )  [ RunTime:0.000231s ]
INFO: [ view_parse ] --START--
NOTIC: [8] Use of undefined constant php - assumed 'php' E:\wamp\www\text\jw2\JW\Runtime\Cache\Index\7fd7366e44b72c25fe3fd6f21ff98f22.php 第 28 行.
SQL: SHOW COLUMNS FROM `jw_forum` [ RunTime:0.002060s ]
SQL: SELECT * FROM `jw_forum` WHERE ( `id` = 1 )  [ RunTime:0.000206s ]
NOTIC: [8] Undefined variable: user E:\wamp\www\text\jw2\JW\Runtime\Cache\Index\9ff601582da94416a85326de059218db.php 第 14 行.
SQL: SELECT * FROM `jw_forum` WHERE ( `id` = 2 )  [ RunTime:0.000208s ]
NOTIC: [8] Undefined index: pic E:\wamp\www\text\jw2\JW\Runtime\Cache\Index\b5c89fe63a07cf9a96b9a604421346b2.php 第 3 行.
INFO: ParseTemplate Behavior ::run [ RunTime:0.016113s ]
INFO: [ view_parse ] --END-- [ RunTime:0.016198s ]
INFO: [ view_filter ] --START--
INFO: ContentReplace Behavior ::run [ RunTime:0.000370s ]
INFO: TokenBuild Behavior ::run [ RunTime:0.000352s ]
INFO: WriteHtmlCache Behavior ::run [ RunTime:0.000268s ]
INFO: ShowRuntime Behavior ::run [ RunTime:0.000402s ]
INFO: [ view_filter ] --END-- [ RunTime:0.001573s ]
INFO: [ view_end ] --START--
INFO: ShowPageTrace Behavior ::run [ RunTime:0.000421s ]
INFO: [ view_end ] --END-- [ RunTime:0.000480s ]

[ 2015-12-12T20:48:54+08:00 ] 127.0.0.1 /jw2/Index/Forum/index
INFO: [ route_check ] --START--
INFO: CheckRoute Behavior ::run [ RunTime:0.000549s ]
INFO: [ route_check ] --END-- [ RunTime:0.000629s ]
INFO: [ app_begin ] --START--
INFO: ReadHtmlCache Behavior ::run [ RunTime:0.000392s ]
INFO: [ app_begin ] --END-- [ RunTime:0.000454s ]
SQL: SHOW COLUMNS FROM `jw_user` [ RunTime:0.001998s ]
NOTIC: [8] Undefined index: username E:\wamp\www\text\jw2\JW\Modules\Index\Action\ForumAction.class.php 第 24 行.
SQL: SELECT `img` FROM `jw_user` WHERE ( `username` = null )  [ RunTime:0.000212s ]
INFO: [ view_parse ] --START--
NOTIC: [8] Undefined index: username E:\wamp\www\text\jw2\JW\Runtime\Cache\Index\7fd7366e44b72c25fe3fd6f21ff98f22.php 第 13 行.
NOTIC: [8] Use of undefined constant php - assumed 'php' E:\wamp\www\text\jw2\JW\Runtime\Cache\Index\7fd7366e44b72c25fe3fd6f21ff98f22.php 第 28 行.
SQL: SHOW COLUMNS FROM `jw_forum` [ RunTime:0.002021s ]
SQL: SELECT * FROM `jw_forum` WHERE ( `id` = 1 )  [ RunTime:0.000203s ]
NOTIC: [8] Undefined variable: user E:\wamp\www\text\jw2\JW\Runtime\Cache\Index\9ff601582da94416a85326de059218db.php 第 14 行.
SQL: SELECT * FROM `jw_forum` WHERE ( `id` = 2 )  [ RunTime:0.000214s ]
NOTIC: [8] Undefined index: pic E:\wamp\www\text\jw2\JW\Runtime\Cache\Index\b5c89fe63a07cf9a96b9a604421346b2.php 第 3 行.
INFO: ParseTemplate Behavior ::run [ RunTime:0.016225s ]
INFO: [ view_parse ] --END-- [ RunTime:0.016303s ]
INFO: [ view_filter ] --START--
INFO: ContentReplace Behavior ::run [ RunTime:0.000410s ]
INFO: TokenBuild Behavior ::run [ RunTime:0.000359s ]
INFO: WriteHtmlCache Behavior ::run [ RunTime:0.000311s ]
INFO: ShowRuntime Behavior ::run [ RunTime:0.000451s ]
INFO: [ view_filter ] --END-- [ RunTime:0.001703s ]
INFO: [ view_end ] --START--
INFO: ShowPageTrace Behavior ::run [ RunTime:0.000497s ]
INFO: [ view_end ] --END-- [ RunTime:0.000555s ]

[ 2015-12-12T20:49:46+08:00 ] 127.0.0.1 /jw2/Index/Forum/index
INFO: [ route_check ] --START--
INFO: CheckRoute Behavior ::run [ RunTime:0.000608s ]
INFO: [ route_check ] --END-- [ RunTime:0.000694s ]
INFO: [ app_begin ] --START--
INFO: ReadHtmlCache Behavior ::run [ RunTime:0.000440s ]
INFO: [ app_begin ] --END-- [ RunTime:0.000505s ]
SQL: SHOW COLUMNS FROM `jw_user` [ RunTime:0.008480s ]
NOTIC: [8] Undefined index: username E:\wamp\www\text\jw2\JW\Modules\Index\Action\ForumAction.class.php 第 24 行.
SQL: SELECT `img` FROM `jw_user` WHERE ( `username` = null )  [ RunTime:0.000212s ]
INFO: [ view_parse ] --START--
NOTIC: [8] Undefined index: username E:\wamp\www\text\jw2\JW\Runtime\Cache\Index\7fd7366e44b72c25fe3fd6f21ff98f22.php 第 13 行.
NOTIC: [8] Use of undefined constant php - assumed 'php' E:\wamp\www\text\jw2\JW\Runtime\Cache\Index\7fd7366e44b72c25fe3fd6f21ff98f22.php 第 28 行.
SQL: SHOW COLUMNS FROM `jw_forum` [ RunTime:0.002059s ]
SQL: SELECT * FROM `jw_forum` WHERE ( `id` = 1 )  [ RunTime:0.000225s ]
SQL: SELECT * FROM `jw_forum` WHERE ( `id` = 2 )  [ RunTime:0.000176s ]
NOTIC: [8] Undefined index: pic E:\wamp\www\text\jw2\JW\Runtime\Cache\Index\b5c89fe63a07cf9a96b9a604421346b2.php 第 3 行.
INFO: ParseTemplate Behavior ::run [ RunTime:0.016278s ]
INFO: [ view_parse ] --END-- [ RunTime:0.016358s ]
INFO: [ view_filter ] --START--
INFO: ContentReplace Behavior ::run [ RunTime:0.000465s ]
INFO: TokenBuild Behavior ::run [ RunTime:0.000453s ]
INFO: WriteHtmlCache Behavior ::run [ RunTime:0.000366s ]
INFO: ShowRuntime Behavior ::run [ RunTime:0.000514s ]
INFO: [ view_filter ] --END-- [ RunTime:0.001972s ]
INFO: [ view_end ] --START--
INFO: ShowPageTrace Behavior ::run [ RunTime:0.000548s ]
INFO: [ view_end ] --END-- [ RunTime:0.000616s ]

[ 2015-12-12T20:56:16+08:00 ] 127.0.0.1 /jw2/Index/Forum/index
INFO: [ route_check ] --START--
INFO: CheckRoute Behavior ::run [ RunTime:0.000649s ]
INFO: [ route_check ] --END-- [ RunTime:0.000729s ]
INFO: [ app_begin ] --START--
INFO: ReadHtmlCache Behavior ::run [ RunTime:0.000474s ]
INFO: [ app_begin ] --END-- [ RunTime:0.000547s ]
SQL: SHOW COLUMNS FROM `jw_user` [ RunTime:0.002011s ]
NOTIC: [8] Undefined index: username E:\wamp\www\text\jw2\JW\Modules\Index\Action\ForumAction.class.php 第 24 行.
SQL: SELECT `img` FROM `jw_user` WHERE ( `username` = null )  [ RunTime:0.000250s ]
INFO: [ view_parse ] --START--
NOTIC: [8] Undefined index: username E:\wamp\www\text\jw2\JW\Runtime\Cache\Index\7fd7366e44b72c25fe3fd6f21ff98f22.php 第 13 行.
NOTIC: [8] Use of undefined constant php - assumed 'php' E:\wamp\www\text\jw2\JW\Runtime\Cache\Index\7fd7366e44b72c25fe3fd6f21ff98f22.php 第 28 行.
SQL: SHOW COLUMNS FROM `jw_forum` [ RunTime:0.002158s ]
SQL: SELECT * FROM `jw_forum` WHERE ( `id` = 1 )  [ RunTime:0.000256s ]
NOTIC: [8] Undefined variable: user E:\wamp\www\text\jw2\JW\Runtime\Cache\Index\9ff601582da94416a85326de059218db.php 第 14 行.
SQL: SELECT * FROM `jw_forum` WHERE ( `id` = 2 )  [ RunTime:0.000289s ]
NOTIC: [8] Undefined index: pic E:\wamp\www\text\jw2\JW\Runtime\Cache\Index\b5c89fe63a07cf9a96b9a604421346b2.php 第 3 行.
INFO: ParseTemplate Behavior ::run [ RunTime:0.017526s ]
INFO: [ view_parse ] --END-- [ RunTime:0.017602s ]
INFO: [ view_filter ] --START--
INFO: ContentReplace Behavior ::run [ RunTime:0.000425s ]
INFO: TokenBuild Behavior ::run [ RunTime:0.000399s ]
INFO: WriteHtmlCache Behavior ::run [ RunTime:0.000315s ]
INFO: ShowRuntime Behavior ::run [ RunTime:0.000448s ]
INFO: [ view_filter ] --END-- [ RunTime:0.001761s ]
INFO: [ view_end ] --START--
INFO: ShowPageTrace Behavior ::run [ RunTime:0.000493s ]
INFO: [ view_end ] --END-- [ RunTime:0.000552s ]

[ 2015-12-12T20:57:14+08:00 ] 127.0.0.1 /jw2/Index/Forum/index
INFO: [ route_check ] --START--
INFO: CheckRoute Behavior ::run [ RunTime:0.000532s ]
INFO: [ route_check ] --END-- [ RunTime:0.000616s ]
INFO: [ app_begin ] --START--
INFO: ReadHtmlCache Behavior ::run [ RunTime:0.000445s ]
INFO: [ app_begin ] --END-- [ RunTime:0.000511s ]
SQL: SHOW COLUMNS FROM `jw_user` [ RunTime:0.025201s ]
NOTIC: [8] Undefined index: username E:\wamp\www\text\jw2\JW\Modules\Index\Action\ForumAction.class.php 第 24 行.
SQL: SELECT `img` FROM `jw_user` WHERE ( `username` = null )  [ RunTime:0.000225s ]
INFO: [ view_parse ] --START--
NOTIC: [8] Undefined index: username E:\wamp\www\text\jw2\JW\Runtime\Cache\Index\7fd7366e44b72c25fe3fd6f21ff98f22.php 第 13 行.
NOTIC: [8] Use of undefined constant php - assumed 'php' E:\wamp\www\text\jw2\JW\Runtime\Cache\Index\7fd7366e44b72c25fe3fd6f21ff98f22.php 第 28 行.
SQL: SHOW COLUMNS FROM `jw_forum` [ RunTime:0.002143s ]
SQL: SELECT * FROM `jw_forum` WHERE ( `id` = 1 )  [ RunTime:0.000244s ]
NOTIC: [8] Undefined variable: user E:\wamp\www\text\jw2\JW\Runtime\Cache\Index\9ff601582da94416a85326de059218db.php 第 14 行.
SQL: SELECT * FROM `jw_forum` WHERE ( `id` = 2 )  [ RunTime:0.000296s ]
NOTIC: [8] Undefined index: pic E:\wamp\www\text\jw2\JW\Runtime\Cache\Index\b5c89fe63a07cf9a96b9a604421346b2.php 第 3 行.
INFO: ParseTemplate Behavior ::run [ RunTime:0.017949s ]
INFO: [ view_parse ] --END-- [ RunTime:0.018027s ]
INFO: [ view_filter ] --START--
INFO: ContentReplace Behavior ::run [ RunTime:0.000394s ]
INFO: TokenBuild Behavior ::run [ RunTime:0.000382s ]
INFO: WriteHtmlCache Behavior ::run [ RunTime:0.000299s ]
INFO: ShowRuntime Behavior ::run [ RunTime:0.000432s ]
INFO: [ view_filter ] --END-- [ RunTime:0.001681s ]
INFO: [ view_end ] --START--
INFO: ShowPageTrace Behavior ::run [ RunTime:0.000483s ]
INFO: [ view_end ] --END-- [ RunTime:0.000543s ]

