[ 2015-11-17T13:01:44+08:00 ] 127.0.0.1 /jw2/
INFO: [ app_begin ] --START--
INFO: ReadHtmlCache Behavior ::run [ RunTime:0.001095s ]
INFO: [ app_begin ] --END-- [ RunTime:0.001260s ]
NOTIC: [2048] Declaration of IndexAction::show() should be compatible with that of Action::show() G:\wamp\wamp\www\text\jw2\JW\Modules\Index\Action\IndexAction.class.php 第 19 行.
NOTIC: [8] Undefined index: username G:\wamp\wamp\www\text\jw2\JW\Modules\Index\Action\IndexAction.class.php 第 6 行.
INFO: [ view_parse ] --START--
INFO: ParseTemplate Behavior ::run [ RunTime:0.025968s ]
INFO: [ view_parse ] --END-- [ RunTime:0.026128s ]
INFO: [ view_filter ] --START--
INFO: ContentReplace Behavior ::run [ RunTime:0.001021s ]
INFO: TokenBuild Behavior ::run [ RunTime:0.001024s ]
INFO: WriteHtmlCache Behavior ::run [ RunTime:0.000824s ]
INFO: ShowRuntime Behavior ::run [ RunTime:0.000987s ]
INFO: [ view_filter ] --END-- [ RunTime:0.004147s ]
INFO: [ view_end ] --START--
INFO: ShowPageTrace Behavior ::run [ RunTime:0.001086s ]
INFO: [ view_end ] --END-- [ RunTime:0.001184s ]

[ 2015-11-17T13:02:17+08:00 ] 127.0.0.1 /jw2/index.php/Index/Login
INFO: [ route_check ] --START--
INFO: CheckRoute Behavior ::run [ RunTime:0.060214s ]
INFO: [ route_check ] --END-- [ RunTime:0.060422s ]
INFO: [ app_begin ] --START--
INFO: ReadHtmlCache Behavior ::run [ RunTime:0.000967s ]
INFO: [ app_begin ] --END-- [ RunTime:0.001104s ]
INFO: [ view_parse ] --START--
INFO: ParseTemplate Behavior ::run [ RunTime:0.028776s ]
INFO: [ view_parse ] --END-- [ RunTime:0.028921s ]
INFO: [ view_filter ] --START--
INFO: ContentReplace Behavior ::run [ RunTime:0.000724s ]
INFO: TokenBuild Behavior ::run [ RunTime:0.000671s ]
INFO: WriteHtmlCache Behavior ::run [ RunTime:0.000529s ]
INFO: ShowRuntime Behavior ::run [ RunTime:0.000757s ]
INFO: [ view_filter ] --END-- [ RunTime:0.002950s ]
INFO: [ view_end ] --START--
INFO: ShowPageTrace Behavior ::run [ RunTime:0.000857s ]
INFO: [ view_end ] --END-- [ RunTime:0.000952s ]

[ 2015-11-17T13:02:17+08:00 ] 127.0.0.1 /jw2/index.php/Index/Login/verify
INFO: [ route_check ] --START--
INFO: CheckRoute Behavior ::run [ RunTime:0.000985s ]
INFO: [ route_check ] --END-- [ RunTime:0.001111s ]
INFO: [ app_begin ] --START--
INFO: ReadHtmlCache Behavior ::run [ RunTime:0.000769s ]
INFO: [ app_begin ] --END-- [ RunTime:0.000890s ]

