[ 2015-11-22T18:04:47+08:00 ] 127.0.0.1 /jw2/index.php/Admin
INFO: [ route_check ] --START--
INFO: CheckRoute Behavior ::run [ RunTime:0.001082s ]
INFO: [ route_check ] --END-- [ RunTime:0.001264s ]
INFO: [ app_begin ] --START--
INFO: ReadHtmlCache Behavior ::run [ RunTime:0.000729s ]
INFO: [ app_begin ] --END-- [ RunTime:0.000842s ]
INFO: [ view_parse ] --START--
INFO: ParseTemplate Behavior ::run [ RunTime:0.033552s ]
INFO: [ view_parse ] --END-- [ RunTime:0.033681s ]
INFO: [ view_filter ] --START--
INFO: ContentReplace Behavior ::run [ RunTime:0.000716s ]
INFO: TokenBuild Behavior ::run [ RunTime:0.000632s ]
INFO: WriteHtmlCache Behavior ::run [ RunTime:0.000481s ]
INFO: ShowRuntime Behavior ::run [ RunTime:0.000743s ]
INFO: [ view_filter ] --END-- [ RunTime:0.002904s ]
INFO: [ view_end ] --START--
INFO: ShowPageTrace Behavior ::run [ RunTime:0.001116s ]
INFO: [ view_end ] --END-- [ RunTime:0.001273s ]

[ 2015-11-22T18:04:56+08:00 ] 127.0.0.1 /jw2/index.php/Admin/Login/
INFO: [ route_check ] --START--
INFO: CheckRoute Behavior ::run [ RunTime:0.000795s ]
INFO: [ route_check ] --END-- [ RunTime:0.000928s ]
INFO: [ app_begin ] --START--
INFO: ReadHtmlCache Behavior ::run [ RunTime:0.001009s ]
INFO: [ app_begin ] --END-- [ RunTime:0.001147s ]
INFO: [ view_parse ] --START--
INFO: ParseTemplate Behavior ::run [ RunTime:0.021236s ]
INFO: [ view_parse ] --END-- [ RunTime:0.021393s ]
INFO: [ view_filter ] --START--
INFO: ContentReplace Behavior ::run [ RunTime:0.000581s ]
INFO: TokenBuild Behavior ::run [ RunTime:0.000543s ]
INFO: WriteHtmlCache Behavior ::run [ RunTime:0.000342s ]
INFO: ShowRuntime Behavior ::run [ RunTime:0.000563s ]
INFO: [ view_filter ] --END-- [ RunTime:0.002305s ]
INFO: [ view_end ] --START--
INFO: ShowPageTrace Behavior ::run [ RunTime:0.000617s ]
INFO: [ view_end ] --END-- [ RunTime:0.000713s ]

[ 2015-11-22T18:04:56+08:00 ] 127.0.0.1 /jw2/index.php/Admin/Login/verify
INFO: [ route_check ] --START--
INFO: CheckRoute Behavior ::run [ RunTime:0.000794s ]
INFO: [ route_check ] --END-- [ RunTime:0.000918s ]
INFO: [ app_begin ] --START--
INFO: ReadHtmlCache Behavior ::run [ RunTime:0.000675s ]
INFO: [ app_begin ] --END-- [ RunTime:0.000790s ]

[ 2015-11-22T18:05:04+08:00 ] 127.0.0.1 /jw2/index.php/Admin/Login/login
INFO: [ route_check ] --START--
INFO: CheckRoute Behavior ::run [ RunTime:0.001149s ]
INFO: [ route_check ] --END-- [ RunTime:0.001345s ]
INFO: [ app_begin ] --START--
INFO: ReadHtmlCache Behavior ::run [ RunTime:0.000842s ]
INFO: [ app_begin ] --END-- [ RunTime:0.000975s ]
SQL: SHOW COLUMNS FROM `jw_admin` [ RunTime:0.262827s ]
SQL: SELECT * FROM `jw_admin` WHERE ( `username` = '唐波' ) LIMIT 1   [ RunTime:0.000393s ]
SQL: UPDATE `jw_admin` SET `logintime`=1448186704,`loginip`='127.0.0.1' WHERE ( `id` = 1 ) [ RunTime:0.098093s ]

[ 2015-11-22T18:05:04+08:00 ] 127.0.0.1 /jw2/index.php/Admin
INFO: [ route_check ] --START--
INFO: CheckRoute Behavior ::run [ RunTime:0.000849s ]
INFO: [ route_check ] --END-- [ RunTime:0.000976s ]
INFO: [ app_begin ] --START--
INFO: ReadHtmlCache Behavior ::run [ RunTime:0.000610s ]
INFO: [ app_begin ] --END-- [ RunTime:0.000721s ]
INFO: [ view_parse ] --START--
INFO: ParseTemplate Behavior ::run [ RunTime:0.010122s ]
INFO: [ view_parse ] --END-- [ RunTime:0.010260s ]
INFO: [ view_filter ] --START--
INFO: ContentReplace Behavior ::run [ RunTime:0.000493s ]
INFO: TokenBuild Behavior ::run [ RunTime:0.000488s ]
INFO: WriteHtmlCache Behavior ::run [ RunTime:0.000327s ]
INFO: ShowRuntime Behavior ::run [ RunTime:0.000583s ]
INFO: [ view_filter ] --END-- [ RunTime:0.002184s ]
INFO: [ view_end ] --START--
INFO: ShowPageTrace Behavior ::run [ RunTime:0.000931s ]
INFO: [ view_end ] --END-- [ RunTime:0.001095s ]

[ 2015-11-22T18:05:23+08:00 ] 127.0.0.1 /jw2/index.php/Admin/Category/addCate
INFO: [ route_check ] --START--
INFO: CheckRoute Behavior ::run [ RunTime:0.001081s ]
INFO: [ route_check ] --END-- [ RunTime:0.001272s ]
INFO: [ app_begin ] --START--
INFO: ReadHtmlCache Behavior ::run [ RunTime:0.000758s ]
INFO: [ app_begin ] --END-- [ RunTime:0.000895s ]
ERR: 无法加载模块:Category

[ 2015-11-22T18:05:29+08:00 ] 127.0.0.1 /jw2/index.php/Admin/Login/login
INFO: [ route_check ] --START--
INFO: CheckRoute Behavior ::run [ RunTime:0.001154s ]
INFO: [ route_check ] --END-- [ RunTime:0.001290s ]
INFO: [ app_begin ] --START--
INFO: ReadHtmlCache Behavior ::run [ RunTime:0.000711s ]
INFO: [ app_begin ] --END-- [ RunTime:0.000815s ]
SQL: SHOW COLUMNS FROM `jw_admin` [ RunTime:0.004584s ]
SQL: SELECT * FROM `jw_admin` WHERE ( `username` = '唐波' ) LIMIT 1   [ RunTime:0.000325s ]
INFO: [ view_parse ] --START--
INFO: ParseTemplate Behavior ::run [ RunTime:0.009517s ]
INFO: [ view_parse ] --END-- [ RunTime:0.009682s ]
INFO: [ view_filter ] --START--
INFO: ContentReplace Behavior ::run [ RunTime:0.000703s ]
INFO: TokenBuild Behavior ::run [ RunTime:0.000768s ]
INFO: WriteHtmlCache Behavior ::run [ RunTime:0.000533s ]
INFO: ShowRuntime Behavior ::run [ RunTime:0.000632s ]
INFO: [ view_filter ] --END-- [ RunTime:0.002948s ]
INFO: [ view_end ] --START--
INFO: ShowPageTrace Behavior ::run [ RunTime:0.000720s ]
INFO: [ view_end ] --END-- [ RunTime:0.000835s ]

[ 2015-11-22T18:05:36+08:00 ] 127.0.0.1 /jw2/index.php/Admin/Login/login
INFO: [ route_check ] --START--
INFO: CheckRoute Behavior ::run [ RunTime:0.000783s ]
INFO: [ route_check ] --END-- [ RunTime:0.000917s ]
INFO: [ app_begin ] --START--
INFO: ReadHtmlCache Behavior ::run [ RunTime:0.000610s ]
INFO: [ app_begin ] --END-- [ RunTime:0.000711s ]
SQL: SHOW COLUMNS FROM `jw_admin` [ RunTime:0.004429s ]
SQL: SELECT * FROM `jw_admin` WHERE ( `username` = '唐波' ) LIMIT 1   [ RunTime:0.000296s ]
SQL: UPDATE `jw_admin` SET `logintime`=1448186736,`loginip`='127.0.0.1' WHERE ( `id` = 1 ) [ RunTime:0.366955s ]

[ 2015-11-22T18:05:36+08:00 ] 127.0.0.1 /jw2/index.php/Admin
INFO: [ route_check ] --START--
INFO: CheckRoute Behavior ::run [ RunTime:0.000854s ]
INFO: [ route_check ] --END-- [ RunTime:0.000988s ]
INFO: [ app_begin ] --START--
INFO: ReadHtmlCache Behavior ::run [ RunTime:0.000630s ]
INFO: [ app_begin ] --END-- [ RunTime:0.000737s ]
INFO: [ view_parse ] --START--
INFO: ParseTemplate Behavior ::run [ RunTime:0.010012s ]
INFO: [ view_parse ] --END-- [ RunTime:0.010150s ]
INFO: [ view_filter ] --START--
INFO: ContentReplace Behavior ::run [ RunTime:0.000745s ]
INFO: TokenBuild Behavior ::run [ RunTime:0.000656s ]
INFO: WriteHtmlCache Behavior ::run [ RunTime:0.000645s ]
INFO: ShowRuntime Behavior ::run [ RunTime:0.001005s ]
INFO: [ view_filter ] --END-- [ RunTime:0.003563s ]
INFO: [ view_end ] --START--
INFO: ShowPageTrace Behavior ::run [ RunTime:0.000844s ]
INFO: [ view_end ] --END-- [ RunTime:0.000980s ]

[ 2015-11-22T18:06:21+08:00 ] 127.0.0.1 /jw2/index.php/Admin/Index/
INFO: [ route_check ] --START--
INFO: CheckRoute Behavior ::run [ RunTime:0.000945s ]
INFO: [ route_check ] --END-- [ RunTime:0.001093s ]
INFO: [ app_begin ] --START--
INFO: ReadHtmlCache Behavior ::run [ RunTime:0.000813s ]
INFO: [ app_begin ] --END-- [ RunTime:0.000925s ]
INFO: [ view_parse ] --START--
INFO: ParseTemplate Behavior ::run [ RunTime:0.009602s ]
INFO: [ view_parse ] --END-- [ RunTime:0.009809s ]
INFO: [ view_filter ] --START--
INFO: ContentReplace Behavior ::run [ RunTime:0.000764s ]
INFO: TokenBuild Behavior ::run [ RunTime:0.000544s ]
INFO: WriteHtmlCache Behavior ::run [ RunTime:0.000324s ]
INFO: ShowRuntime Behavior ::run [ RunTime:0.000566s ]
INFO: [ view_filter ] --END-- [ RunTime:0.002485s ]
INFO: [ view_end ] --START--
INFO: ShowPageTrace Behavior ::run [ RunTime:0.000650s ]
INFO: [ view_end ] --END-- [ RunTime:0.000768s ]

[ 2015-11-22T18:06:37+08:00 ] 127.0.0.1 /jw2/index.php/Index/Login
INFO: [ route_check ] --START--
INFO: CheckRoute Behavior ::run [ RunTime:0.000904s ]
INFO: [ route_check ] --END-- [ RunTime:0.001030s ]
INFO: [ app_begin ] --START--
INFO: ReadHtmlCache Behavior ::run [ RunTime:0.000997s ]
INFO: [ app_begin ] --END-- [ RunTime:0.001217s ]
INFO: [ view_parse ] --START--
INFO: ParseTemplate Behavior ::run [ RunTime:0.025645s ]
INFO: [ view_parse ] --END-- [ RunTime:0.025775s ]
INFO: [ view_filter ] --START--
INFO: ContentReplace Behavior ::run [ RunTime:0.000538s ]
INFO: TokenBuild Behavior ::run [ RunTime:0.000464s ]
INFO: WriteHtmlCache Behavior ::run [ RunTime:0.000352s ]
INFO: ShowRuntime Behavior ::run [ RunTime:0.000611s ]
INFO: [ view_filter ] --END-- [ RunTime:0.002236s ]
INFO: [ view_end ] --START--
INFO: ShowPageTrace Behavior ::run [ RunTime:0.000659s ]
INFO: [ view_end ] --END-- [ RunTime:0.000750s ]

[ 2015-11-22T18:06:37+08:00 ] 127.0.0.1 /jw2/index.php/Index/Login/verify
INFO: [ route_check ] --START--
INFO: CheckRoute Behavior ::run [ RunTime:0.000787s ]
INFO: [ route_check ] --END-- [ RunTime:0.000909s ]
INFO: [ app_begin ] --START--
INFO: ReadHtmlCache Behavior ::run [ RunTime:0.000701s ]
INFO: [ app_begin ] --END-- [ RunTime:0.000806s ]

[ 2015-11-22T18:06:48+08:00 ] 127.0.0.1 /jw2/index.php/Index/Login/login
INFO: [ route_check ] --START--
INFO: CheckRoute Behavior ::run [ RunTime:0.001508s ]
INFO: [ route_check ] --END-- [ RunTime:0.001795s ]
INFO: [ app_begin ] --START--
INFO: ReadHtmlCache Behavior ::run [ RunTime:0.001107s ]
INFO: [ app_begin ] --END-- [ RunTime:0.001313s ]
SQL: SHOW COLUMNS FROM `jw_user` [ RunTime:0.223696s ]
SQL: SELECT * FROM `jw_user` WHERE ( `username` = '唐波' ) LIMIT 1   [ RunTime:0.000426s ]
SQL: UPDATE `jw_user` SET `logintime`=1448186808,`loginip`='127.0.0.1' WHERE ( `id` = 1 ) [ RunTime:0.068130s ]

[ 2015-11-22T18:06:48+08:00 ] 127.0.0.1 /jw2/index.php
INFO: [ app_begin ] --START--
INFO: ReadHtmlCache Behavior ::run [ RunTime:0.001919s ]
INFO: [ app_begin ] --END-- [ RunTime:0.002218s ]
NOTIC: [2048] Declaration of IndexAction::show() should be compatible with that of Action::show() G:\wamp\wamp\www\text\jw2\JW\Modules\Index\Action\IndexAction.class.php 第 18 行.
INFO: [ view_parse ] --START--
INFO: ParseTemplate Behavior ::run [ RunTime:0.016030s ]
INFO: [ view_parse ] --END-- [ RunTime:0.016248s ]
INFO: [ view_filter ] --START--
INFO: ContentReplace Behavior ::run [ RunTime:0.000948s ]
INFO: TokenBuild Behavior ::run [ RunTime:0.000609s ]
INFO: WriteHtmlCache Behavior ::run [ RunTime:0.000529s ]
INFO: ShowRuntime Behavior ::run [ RunTime:0.000689s ]
INFO: [ view_filter ] --END-- [ RunTime:0.003145s ]
INFO: [ view_end ] --START--
INFO: ShowPageTrace Behavior ::run [ RunTime:0.000832s ]
INFO: [ view_end ] --END-- [ RunTime:0.000970s ]

[ 2015-11-22T18:06:54+08:00 ] 127.0.0.1 /jw2/index.php/Index/System/advice
INFO: [ route_check ] --START--
INFO: CheckRoute Behavior ::run [ RunTime:0.001127s ]
INFO: [ route_check ] --END-- [ RunTime:0.001277s ]
INFO: [ app_begin ] --START--
INFO: ReadHtmlCache Behavior ::run [ RunTime:0.000688s ]
INFO: [ app_begin ] --END-- [ RunTime:0.000811s ]
INFO: [ view_parse ] --START--
INFO: ParseTemplate Behavior ::run [ RunTime:0.011978s ]
INFO: [ view_parse ] --END-- [ RunTime:0.012108s ]
INFO: [ view_filter ] --START--
INFO: ContentReplace Behavior ::run [ RunTime:0.000609s ]
INFO: TokenBuild Behavior ::run [ RunTime:0.000512s ]
INFO: WriteHtmlCache Behavior ::run [ RunTime:0.000632s ]
INFO: ShowRuntime Behavior ::run [ RunTime:0.000686s ]
INFO: [ view_filter ] --END-- [ RunTime:0.002755s ]
INFO: [ view_end ] --START--
INFO: ShowPageTrace Behavior ::run [ RunTime:0.000833s ]
INFO: [ view_end ] --END-- [ RunTime:0.000955s ]

[ 2015-11-22T18:06:56+08:00 ] 127.0.0.1 /jw2/index.php/Index/System/index
INFO: [ route_check ] --START--
INFO: CheckRoute Behavior ::run [ RunTime:0.001466s ]
INFO: [ route_check ] --END-- [ RunTime:0.001689s ]
INFO: [ app_begin ] --START--
INFO: ReadHtmlCache Behavior ::run [ RunTime:0.000741s ]
INFO: [ app_begin ] --END-- [ RunTime:0.000893s ]
SQL: SHOW COLUMNS FROM `jw_advice` [ RunTime:0.059981s ]
SQL: SELECT * FROM `jw_advice`  [ RunTime:0.000386s ]
INFO: [ view_parse ] --START--
INFO: ParseTemplate Behavior ::run [ RunTime:0.013593s ]
INFO: [ view_parse ] --END-- [ RunTime:0.013735s ]
INFO: [ view_filter ] --START--
INFO: ContentReplace Behavior ::run [ RunTime:0.000660s ]
INFO: TokenBuild Behavior ::run [ RunTime:0.000605s ]
INFO: WriteHtmlCache Behavior ::run [ RunTime:0.000375s ]
INFO: ShowRuntime Behavior ::run [ RunTime:0.000589s ]
INFO: [ view_filter ] --END-- [ RunTime:0.002555s ]
INFO: [ view_end ] --START--
INFO: ShowPageTrace Behavior ::run [ RunTime:0.000697s ]
INFO: [ view_end ] --END-- [ RunTime:0.000800s ]

[ 2015-11-22T18:12:06+08:00 ] 127.0.0.1 /jw2/index.php/Index/System/index
INFO: [ route_check ] --START--
INFO: CheckRoute Behavior ::run [ RunTime:0.002108s ]
INFO: [ route_check ] --END-- [ RunTime:0.002370s ]
INFO: [ app_begin ] --START--
INFO: ReadHtmlCache Behavior ::run [ RunTime:0.000904s ]
INFO: [ app_begin ] --END-- [ RunTime:0.001044s ]
SQL: SHOW COLUMNS FROM `jw_advice` [ RunTime:0.004945s ]
SQL: SELECT * FROM `jw_advice`  [ RunTime:0.000417s ]
INFO: [ view_parse ] --START--
INFO: ParseTemplate Behavior ::run [ RunTime:0.014416s ]
INFO: [ view_parse ] --END-- [ RunTime:0.014592s ]
INFO: [ view_filter ] --START--
INFO: ContentReplace Behavior ::run [ RunTime:0.000563s ]
INFO: TokenBuild Behavior ::run [ RunTime:0.000490s ]
INFO: WriteHtmlCache Behavior ::run [ RunTime:0.000403s ]
INFO: ShowRuntime Behavior ::run [ RunTime:0.000803s ]
INFO: [ view_filter ] --END-- [ RunTime:0.002577s ]
INFO: [ view_end ] --START--
INFO: ShowPageTrace Behavior ::run [ RunTime:0.000908s ]
INFO: [ view_end ] --END-- [ RunTime:0.001057s ]

[ 2015-11-22T18:12:08+08:00 ] 127.0.0.1 /jw2/index.php/Index/System/index
INFO: [ route_check ] --START--
INFO: CheckRoute Behavior ::run [ RunTime:0.000948s ]
INFO: [ route_check ] --END-- [ RunTime:0.001096s ]
INFO: [ app_begin ] --START--
INFO: ReadHtmlCache Behavior ::run [ RunTime:0.000695s ]
INFO: [ app_begin ] --END-- [ RunTime:0.000821s ]
SQL: SHOW COLUMNS FROM `jw_advice` [ RunTime:0.005206s ]
SQL: SELECT * FROM `jw_advice`  [ RunTime:0.000338s ]
INFO: [ view_parse ] --START--
INFO: ParseTemplate Behavior ::run [ RunTime:0.011040s ]
INFO: [ view_parse ] --END-- [ RunTime:0.011179s ]
INFO: [ view_filter ] --START--
INFO: ContentReplace Behavior ::run [ RunTime:0.001376s ]
INFO: TokenBuild Behavior ::run [ RunTime:0.000587s ]
INFO: WriteHtmlCache Behavior ::run [ RunTime:0.000368s ]
INFO: ShowRuntime Behavior ::run [ RunTime:0.000563s ]
INFO: [ view_filter ] --END-- [ RunTime:0.003304s ]
INFO: [ view_end ] --START--
INFO: ShowPageTrace Behavior ::run [ RunTime:0.000633s ]
INFO: [ view_end ] --END-- [ RunTime:0.000731s ]

[ 2015-11-22T18:12:26+08:00 ] 127.0.0.1 /jw2/index.php/Index/System/advice
INFO: [ route_check ] --START--
INFO: CheckRoute Behavior ::run [ RunTime:0.000825s ]
INFO: [ route_check ] --END-- [ RunTime:0.000973s ]
INFO: [ app_begin ] --START--
INFO: ReadHtmlCache Behavior ::run [ RunTime:0.000862s ]
INFO: [ app_begin ] --END-- [ RunTime:0.000983s ]
INFO: [ view_parse ] --START--
INFO: ParseTemplate Behavior ::run [ RunTime:0.011032s ]
INFO: [ view_parse ] --END-- [ RunTime:0.011154s ]
INFO: [ view_filter ] --START--
INFO: ContentReplace Behavior ::run [ RunTime:0.000496s ]
INFO: TokenBuild Behavior ::run [ RunTime:0.000478s ]
INFO: WriteHtmlCache Behavior ::run [ RunTime:0.000331s ]
INFO: ShowRuntime Behavior ::run [ RunTime:0.000593s ]
INFO: [ view_filter ] --END-- [ RunTime:0.002176s ]
INFO: [ view_end ] --START--
INFO: ShowPageTrace Behavior ::run [ RunTime:0.000659s ]
INFO: [ view_end ] --END-- [ RunTime:0.000755s ]

[ 2015-11-22T18:12:28+08:00 ] 127.0.0.1 /jw2/index.php/Index/System/index
INFO: [ route_check ] --START--
INFO: CheckRoute Behavior ::run [ RunTime:0.001130s ]
INFO: [ route_check ] --END-- [ RunTime:0.001310s ]
INFO: [ app_begin ] --START--
INFO: ReadHtmlCache Behavior ::run [ RunTime:0.000809s ]
INFO: [ app_begin ] --END-- [ RunTime:0.001007s ]
SQL: SHOW COLUMNS FROM `jw_advice` [ RunTime:0.005281s ]
SQL: SELECT * FROM `jw_advice`  [ RunTime:0.000346s ]
INFO: [ view_parse ] --START--
INFO: ParseTemplate Behavior ::run [ RunTime:0.011727s ]
INFO: [ view_parse ] --END-- [ RunTime:0.011903s ]
INFO: [ view_filter ] --START--
INFO: ContentReplace Behavior ::run [ RunTime:0.000900s ]
INFO: TokenBuild Behavior ::run [ RunTime:0.001023s ]
INFO: WriteHtmlCache Behavior ::run [ RunTime:0.000583s ]
INFO: ShowRuntime Behavior ::run [ RunTime:0.000633s ]
INFO: [ view_filter ] --END-- [ RunTime:0.003642s ]
INFO: [ view_end ] --START--
INFO: ShowPageTrace Behavior ::run [ RunTime:0.000637s ]
INFO: [ view_end ] --END-- [ RunTime:0.000754s ]

