[ 2015-12-01T14:39:08+08:00 ] 127.0.0.1 /jw2/index.php/Index/System/advice
INFO: [ route_check ] --START--
INFO: CheckRoute Behavior ::run [ RunTime:0.000694s ]
INFO: [ route_check ] --END-- [ RunTime:0.000765s ]
INFO: [ app_begin ] --START--
INFO: ReadHtmlCache Behavior ::run [ RunTime:0.000454s ]
INFO: [ app_begin ] --END-- [ RunTime:0.000512s ]
SQL: SHOW COLUMNS FROM `jw_attr` [ RunTime:0.002436s ]
SQL: SELECT * FROM `jw_attr`  [ RunTime:0.000344s ]
INFO: [ view_parse ] --START--
NOTIC: [8] Undefined index: username E:\wamp\www\text\jw2\JW\Runtime\Cache\Index\392bd32d1d331278642d2896397a0ee9.php 第 12 行.
INFO: ParseTemplate Behavior ::run [ RunTime:0.008579s ]
INFO: [ view_parse ] --END-- [ RunTime:0.008658s ]
INFO: [ view_filter ] --START--
INFO: ContentReplace Behavior ::run [ RunTime:0.000494s ]
INFO: TokenBuild Behavior ::run [ RunTime:0.000525s ]
INFO: WriteHtmlCache Behavior ::run [ RunTime:0.000409s ]
INFO: ShowRuntime Behavior ::run [ RunTime:0.000566s ]
INFO: [ view_filter ] --END-- [ RunTime:0.002160s ]
INFO: [ view_end ] --START--
INFO: ShowPageTrace Behavior ::run [ RunTime:0.000572s ]
INFO: [ view_end ] --END-- [ RunTime:0.000630s ]

[ 2015-12-01T14:39:09+08:00 ] 127.0.0.1 /jw2/index.php/Index/System/index
INFO: [ route_check ] --START--
INFO: CheckRoute Behavior ::run [ RunTime:0.000614s ]
INFO: [ route_check ] --END-- [ RunTime:0.000687s ]
INFO: [ app_begin ] --START--
INFO: ReadHtmlCache Behavior ::run [ RunTime:0.000523s ]
INFO: [ app_begin ] --END-- [ RunTime:0.000586s ]
SQL: SHOW COLUMNS FROM `jw_advice` [ RunTime:0.002112s ]
SQL: SELECT * FROM `jw_advice`  [ RunTime:0.000311s ]
INFO: [ view_parse ] --START--
NOTIC: [8] Undefined index: username E:\wamp\www\text\jw2\JW\Runtime\Cache\Index\ac917fa67c364b691cfa3dd945c844ec.php 第 12 行.
INFO: ParseTemplate Behavior ::run [ RunTime:0.007924s ]
INFO: [ view_parse ] --END-- [ RunTime:0.007996s ]
INFO: [ view_filter ] --START--
INFO: ContentReplace Behavior ::run [ RunTime:0.000573s ]
INFO: TokenBuild Behavior ::run [ RunTime:0.000449s ]
INFO: WriteHtmlCache Behavior ::run [ RunTime:0.000336s ]
INFO: ShowRuntime Behavior ::run [ RunTime:0.000447s ]
INFO: [ view_filter ] --END-- [ RunTime:0.001976s ]
INFO: [ view_end ] --START--
INFO: ShowPageTrace Behavior ::run [ RunTime:0.000484s ]
INFO: [ view_end ] --END-- [ RunTime:0.000540s ]

[ 2015-12-01T14:47:56+08:00 ] 127.0.0.1 /jw2/index.php/Admin/Category/addCate
INFO: [ route_check ] --START--
INFO: CheckRoute Behavior ::run [ RunTime:0.000744s ]
INFO: [ route_check ] --END-- [ RunTime:0.000827s ]
INFO: [ app_begin ] --START--
INFO: ReadHtmlCache Behavior ::run [ RunTime:0.000567s ]
INFO: [ app_begin ] --END-- [ RunTime:0.000631s ]
INFO: [ view_parse ] --START--
INFO: ParseTemplate Behavior ::run [ RunTime:0.005657s ]
INFO: [ view_parse ] --END-- [ RunTime:0.005724s ]
INFO: [ view_filter ] --START--
INFO: ContentReplace Behavior ::run [ RunTime:0.000445s ]
INFO: TokenBuild Behavior ::run [ RunTime:0.000463s ]
INFO: WriteHtmlCache Behavior ::run [ RunTime:0.000385s ]
INFO: ShowRuntime Behavior ::run [ RunTime:0.000525s ]
INFO: [ view_filter ] --END-- [ RunTime:0.001994s ]
INFO: [ view_end ] --START--
INFO: ShowPageTrace Behavior ::run [ RunTime:0.000576s ]
INFO: [ view_end ] --END-- [ RunTime:0.000637s ]

[ 2015-12-01T14:47:56+08:00 ] 127.0.0.1 /jw2/index.php/Admin/Category/ys.css
INFO: [ route_check ] --START--
INFO: CheckRoute Behavior ::run [ RunTime:0.000616s ]
INFO: [ route_check ] --END-- [ RunTime:0.000695s ]
INFO: [ app_begin ] --START--
INFO: ReadHtmlCache Behavior ::run [ RunTime:0.000518s ]
INFO: [ app_begin ] --END-- [ RunTime:0.000580s ]
ERR: 非法操作:ys.css

[ 2015-12-01T14:47:57+08:00 ] 127.0.0.1 /jw2/index.php/Admin/Category/index
INFO: [ route_check ] --START--
INFO: CheckRoute Behavior ::run [ RunTime:0.000606s ]
INFO: [ route_check ] --END-- [ RunTime:0.000684s ]
INFO: [ app_begin ] --START--
INFO: ReadHtmlCache Behavior ::run [ RunTime:0.000493s ]
INFO: [ app_begin ] --END-- [ RunTime:0.000556s ]
SQL: SHOW COLUMNS FROM `jw_cate` [ RunTime:0.002218s ]
SQL: SELECT * FROM `jw_cate` ORDER BY sort ASC  [ RunTime:0.000277s ]
INFO: [ view_parse ] --START--
INFO: ParseTemplate Behavior ::run [ RunTime:0.006550s ]
INFO: [ view_parse ] --END-- [ RunTime:0.006630s ]
INFO: [ view_filter ] --START--
INFO: ContentReplace Behavior ::run [ RunTime:0.000419s ]
INFO: TokenBuild Behavior ::run [ RunTime:0.000431s ]
INFO: WriteHtmlCache Behavior ::run [ RunTime:0.000404s ]
INFO: ShowRuntime Behavior ::run [ RunTime:0.000532s ]
INFO: [ view_filter ] --END-- [ RunTime:0.001950s ]
INFO: [ view_end ] --START--
INFO: ShowPageTrace Behavior ::run [ RunTime:0.000552s ]
INFO: [ view_end ] --END-- [ RunTime:0.000607s ]

[ 2015-12-01T14:47:57+08:00 ] 127.0.0.1 /jw2/index.php/Admin/Category/ys.css
INFO: [ route_check ] --START--
INFO: CheckRoute Behavior ::run [ RunTime:0.000597s ]
INFO: [ route_check ] --END-- [ RunTime:0.000677s ]
INFO: [ app_begin ] --START--
INFO: ReadHtmlCache Behavior ::run [ RunTime:0.000460s ]
INFO: [ app_begin ] --END-- [ RunTime:0.000520s ]
ERR: 非法操作:ys.css

[ 2015-12-01T14:48:02+08:00 ] 127.0.0.1 /jw2/index.php/Admin/Attribute/addAttr
INFO: [ route_check ] --START--
INFO: CheckRoute Behavior ::run [ RunTime:0.000667s ]
INFO: [ route_check ] --END-- [ RunTime:0.000741s ]
INFO: [ app_begin ] --START--
INFO: ReadHtmlCache Behavior ::run [ RunTime:0.000788s ]
INFO: [ app_begin ] --END-- [ RunTime:0.000878s ]
INFO: [ view_parse ] --START--
INFO: ParseTemplate Behavior ::run [ RunTime:0.005523s ]
INFO: [ view_parse ] --END-- [ RunTime:0.005604s ]
INFO: [ view_filter ] --START--
INFO: ContentReplace Behavior ::run [ RunTime:0.000515s ]
INFO: TokenBuild Behavior ::run [ RunTime:0.000514s ]
INFO: WriteHtmlCache Behavior ::run [ RunTime:0.000432s ]
INFO: ShowRuntime Behavior ::run [ RunTime:0.000579s ]
INFO: [ view_filter ] --END-- [ RunTime:0.002220s ]
INFO: [ view_end ] --START--
INFO: ShowPageTrace Behavior ::run [ RunTime:0.000602s ]
INFO: [ view_end ] --END-- [ RunTime:0.000664s ]

[ 2015-12-01T14:48:03+08:00 ] 127.0.0.1 /jw2/index.php/Admin/Attribute/index
INFO: [ route_check ] --START--
INFO: CheckRoute Behavior ::run [ RunTime:0.000725s ]
INFO: [ route_check ] --END-- [ RunTime:0.000808s ]
INFO: [ app_begin ] --START--
INFO: ReadHtmlCache Behavior ::run [ RunTime:0.000506s ]
INFO: [ app_begin ] --END-- [ RunTime:0.000573s ]
SQL: SHOW COLUMNS FROM `jw_attr` [ RunTime:0.001978s ]
SQL: SELECT * FROM `jw_attr`  [ RunTime:0.000246s ]
INFO: [ view_parse ] --START--
INFO: ParseTemplate Behavior ::run [ RunTime:0.006073s ]
INFO: [ view_parse ] --END-- [ RunTime:0.006150s ]
INFO: [ view_filter ] --START--
INFO: ContentReplace Behavior ::run [ RunTime:0.000448s ]
INFO: TokenBuild Behavior ::run [ RunTime:0.000518s ]
INFO: WriteHtmlCache Behavior ::run [ RunTime:0.000433s ]
INFO: ShowRuntime Behavior ::run [ RunTime:0.000566s ]
INFO: [ view_filter ] --END-- [ RunTime:0.002151s ]
INFO: [ view_end ] --START--
INFO: ShowPageTrace Behavior ::run [ RunTime:0.000593s ]
INFO: [ view_end ] --END-- [ RunTime:0.000653s ]

[ 2015-12-01T14:48:04+08:00 ] 127.0.0.1 /jw2/index.php/Admin/Advice/trach
INFO: [ route_check ] --START--
INFO: CheckRoute Behavior ::run [ RunTime:0.000605s ]
INFO: [ route_check ] --END-- [ RunTime:0.000684s ]
INFO: [ app_begin ] --START--
INFO: ReadHtmlCache Behavior ::run [ RunTime:0.000485s ]
INFO: [ app_begin ] --END-- [ RunTime:0.000547s ]
NOTIC: [8] Use of undefined constant BLONGS_TO - assumed 'BLONGS_TO' E:\wamp\www\text\jw2\ThinkPHP\Common\common.php 第 406 行.
SQL: SHOW COLUMNS FROM `jw_advice` [ RunTime:0.002097s ]
SQL: SELECT `id`,`title`,`direction`,`xzname`,`content`,`time`,`click`,`cid` FROM `jw_advice` WHERE ( `del` = 1 )  [ RunTime:0.000279s ]
INFO: [ view_parse ] --START--
INFO: ParseTemplate Behavior ::run [ RunTime:0.007916s ]
INFO: [ view_parse ] --END-- [ RunTime:0.007992s ]
INFO: [ view_filter ] --START--
INFO: ContentReplace Behavior ::run [ RunTime:0.000474s ]
INFO: TokenBuild Behavior ::run [ RunTime:0.000497s ]
INFO: WriteHtmlCache Behavior ::run [ RunTime:0.000419s ]
INFO: ShowRuntime Behavior ::run [ RunTime:0.000541s ]
INFO: [ view_filter ] --END-- [ RunTime:0.002116s ]
INFO: [ view_end ] --START--
INFO: ShowPageTrace Behavior ::run [ RunTime:0.000567s ]
INFO: [ view_end ] --END-- [ RunTime:0.000627s ]

[ 2015-12-01T14:48:06+08:00 ] 127.0.0.1 /jw2/index.php/Admin/Advice/index
INFO: [ route_check ] --START--
INFO: CheckRoute Behavior ::run [ RunTime:0.000665s ]
INFO: [ route_check ] --END-- [ RunTime:0.000738s ]
INFO: [ app_begin ] --START--
INFO: ReadHtmlCache Behavior ::run [ RunTime:0.000574s ]
INFO: [ app_begin ] --END-- [ RunTime:0.000638s ]
NOTIC: [8] Use of undefined constant BLONGS_TO - assumed 'BLONGS_TO' E:\wamp\www\text\jw2\ThinkPHP\Common\common.php 第 406 行.
SQL: SHOW COLUMNS FROM `jw_advice` [ RunTime:0.002029s ]
SQL: SELECT `id`,`title`,`direction`,`xzname`,`content`,`time`,`click`,`cid` FROM `jw_advice` WHERE ( `del` = 0 )  [ RunTime:0.000289s ]
SQL: SHOW COLUMNS FROM `jw_attr` [ RunTime:0.001734s ]
NOTIC: [8] Undefined index: mapping_order E:\wamp\www\text\jw2\ThinkPHP\Extend\Model\RelationModel.class.php 第 188 行.
NOTIC: [8] Undefined index: mapping_limit E:\wamp\www\text\jw2\ThinkPHP\Extend\Model\RelationModel.class.php 第 189 行.
SQL: SELECT b.* FROM jw_advice_attr AS a, jw_attr AS b WHERE a.bid = b.id AND a. aid='1' [ RunTime:0.000377s ]
SQL: SHOW COLUMNS FROM `jw_cate` [ RunTime:0.001838s ]
NOTIC: [8] Undefined variable: relationData E:\wamp\www\text\jw2\ThinkPHP\Extend\Model\RelationModel.class.php 第 225 行.
NOTIC: [8] Undefined index: mapping_order E:\wamp\www\text\jw2\ThinkPHP\Extend\Model\RelationModel.class.php 第 188 行.
NOTIC: [8] Undefined index: mapping_limit E:\wamp\www\text\jw2\ThinkPHP\Extend\Model\RelationModel.class.php 第 189 行.
SQL: SELECT b.* FROM jw_advice_attr AS a, jw_attr AS b WHERE a.bid = b.id AND a. aid='2' [ RunTime:0.000236s ]
NOTIC: [8] Undefined variable: relationData E:\wamp\www\text\jw2\ThinkPHP\Extend\Model\RelationModel.class.php 第 225 行.
NOTIC: [8] Undefined index: mapping_order E:\wamp\www\text\jw2\ThinkPHP\Extend\Model\RelationModel.class.php 第 188 行.
NOTIC: [8] Undefined index: mapping_limit E:\wamp\www\text\jw2\ThinkPHP\Extend\Model\RelationModel.class.php 第 189 行.
SQL: SELECT b.* FROM jw_advice_attr AS a, jw_attr AS b WHERE a.bid = b.id AND a. aid='3' [ RunTime:0.000204s ]
NOTIC: [8] Undefined variable: relationData E:\wamp\www\text\jw2\ThinkPHP\Extend\Model\RelationModel.class.php 第 225 行.
NOTIC: [8] Undefined index: mapping_order E:\wamp\www\text\jw2\ThinkPHP\Extend\Model\RelationModel.class.php 第 188 行.
NOTIC: [8] Undefined index: mapping_limit E:\wamp\www\text\jw2\ThinkPHP\Extend\Model\RelationModel.class.php 第 189 行.
SQL: SELECT b.* FROM jw_advice_attr AS a, jw_attr AS b WHERE a.bid = b.id AND a. aid='5' [ RunTime:0.000213s ]
NOTIC: [8] Undefined variable: relationData E:\wamp\www\text\jw2\ThinkPHP\Extend\Model\RelationModel.class.php 第 225 行.
INFO: [ view_parse ] --START--
INFO: ParseTemplate Behavior ::run [ RunTime:0.008237s ]
INFO: [ view_parse ] --END-- [ RunTime:0.008355s ]
INFO: [ view_filter ] --START--
INFO: ContentReplace Behavior ::run [ RunTime:0.000460s ]
INFO: TokenBuild Behavior ::run [ RunTime:0.000481s ]
INFO: WriteHtmlCache Behavior ::run [ RunTime:0.000373s ]
INFO: ShowRuntime Behavior ::run [ RunTime:0.000510s ]
INFO: [ view_filter ] --END-- [ RunTime:0.002000s ]
INFO: [ view_end ] --START--
INFO: ShowPageTrace Behavior ::run [ RunTime:0.000560s ]
INFO: [ view_end ] --END-- [ RunTime:0.000621s ]

[ 2015-12-01T14:48:08+08:00 ] 127.0.0.1 /jw2/index.php/Admin/Attribute/index
INFO: [ route_check ] --START--
INFO: CheckRoute Behavior ::run [ RunTime:0.000598s ]
INFO: [ route_check ] --END-- [ RunTime:0.000672s ]
INFO: [ app_begin ] --START--
INFO: ReadHtmlCache Behavior ::run [ RunTime:0.000486s ]
INFO: [ app_begin ] --END-- [ RunTime:0.000549s ]
SQL: SHOW COLUMNS FROM `jw_attr` [ RunTime:0.001953s ]
SQL: SELECT * FROM `jw_attr`  [ RunTime:0.000186s ]
INFO: [ view_parse ] --START--
INFO: ParseTemplate Behavior ::run [ RunTime:0.006211s ]
INFO: [ view_parse ] --END-- [ RunTime:0.006290s ]
INFO: [ view_filter ] --START--
INFO: ContentReplace Behavior ::run [ RunTime:0.000496s ]
INFO: TokenBuild Behavior ::run [ RunTime:0.000503s ]
INFO: WriteHtmlCache Behavior ::run [ RunTime:0.000411s ]
INFO: ShowRuntime Behavior ::run [ RunTime:0.000535s ]
INFO: [ view_filter ] --END-- [ RunTime:0.002121s ]
INFO: [ view_end ] --START--
INFO: ShowPageTrace Behavior ::run [ RunTime:0.000600s ]
INFO: [ view_end ] --END-- [ RunTime:0.000662s ]

[ 2015-12-01T14:48:09+08:00 ] 127.0.0.1 /jw2/index.php/Admin/Attribute/addAttr
INFO: [ route_check ] --START--
INFO: CheckRoute Behavior ::run [ RunTime:0.000593s ]
INFO: [ route_check ] --END-- [ RunTime:0.000671s ]
INFO: [ app_begin ] --START--
INFO: ReadHtmlCache Behavior ::run [ RunTime:0.000479s ]
INFO: [ app_begin ] --END-- [ RunTime:0.000543s ]
INFO: [ view_parse ] --START--
INFO: ParseTemplate Behavior ::run [ RunTime:0.005746s ]
INFO: [ view_parse ] --END-- [ RunTime:0.005828s ]
INFO: [ view_filter ] --START--
INFO: ContentReplace Behavior ::run [ RunTime:0.000453s ]
INFO: TokenBuild Behavior ::run [ RunTime:0.000428s ]
INFO: WriteHtmlCache Behavior ::run [ RunTime:0.000340s ]
INFO: ShowRuntime Behavior ::run [ RunTime:0.000497s ]
INFO: [ view_filter ] --END-- [ RunTime:0.001892s ]
INFO: [ view_end ] --START--
INFO: ShowPageTrace Behavior ::run [ RunTime:0.000528s ]
INFO: [ view_end ] --END-- [ RunTime:0.000589s ]

[ 2015-12-01T14:48:10+08:00 ] 127.0.0.1 /jw2/index.php/Admin/Category/index
INFO: [ route_check ] --START--
INFO: CheckRoute Behavior ::run [ RunTime:0.000654s ]
INFO: [ route_check ] --END-- [ RunTime:0.000731s ]
INFO: [ app_begin ] --START--
INFO: ReadHtmlCache Behavior ::run [ RunTime:0.000527s ]
INFO: [ app_begin ] --END-- [ RunTime:0.000591s ]
SQL: SHOW COLUMNS FROM `jw_cate` [ RunTime:0.001951s ]
SQL: SELECT * FROM `jw_cate` ORDER BY sort ASC  [ RunTime:0.000269s ]
INFO: [ view_parse ] --START--
INFO: ParseTemplate Behavior ::run [ RunTime:0.006884s ]
INFO: [ view_parse ] --END-- [ RunTime:0.006965s ]
INFO: [ view_filter ] --START--
INFO: ContentReplace Behavior ::run [ RunTime:0.000435s ]
INFO: TokenBuild Behavior ::run [ RunTime:0.000446s ]
INFO: WriteHtmlCache Behavior ::run [ RunTime:0.000354s ]
INFO: ShowRuntime Behavior ::run [ RunTime:0.000462s ]
INFO: [ view_filter ] --END-- [ RunTime:0.001873s ]
INFO: [ view_end ] --START--
INFO: ShowPageTrace Behavior ::run [ RunTime:0.000498s ]
INFO: [ view_end ] --END-- [ RunTime:0.000557s ]

[ 2015-12-01T14:48:10+08:00 ] 127.0.0.1 /jw2/index.php/Admin/Category/ys.css
INFO: [ route_check ] --START--
INFO: CheckRoute Behavior ::run [ RunTime:0.000702s ]
INFO: [ route_check ] --END-- [ RunTime:0.000782s ]
INFO: [ app_begin ] --START--
INFO: ReadHtmlCache Behavior ::run [ RunTime:0.000572s ]
INFO: [ app_begin ] --END-- [ RunTime:0.000635s ]
ERR: 非法操作:ys.css

[ 2015-12-01T14:48:10+08:00 ] 127.0.0.1 /jw2/index.php/Admin/Category/addCate
INFO: [ route_check ] --START--
INFO: CheckRoute Behavior ::run [ RunTime:0.000601s ]
INFO: [ route_check ] --END-- [ RunTime:0.000677s ]
INFO: [ app_begin ] --START--
INFO: ReadHtmlCache Behavior ::run [ RunTime:0.000491s ]
INFO: [ app_begin ] --END-- [ RunTime:0.000553s ]
INFO: [ view_parse ] --START--
INFO: ParseTemplate Behavior ::run [ RunTime:0.005543s ]
INFO: [ view_parse ] --END-- [ RunTime:0.005612s ]
INFO: [ view_filter ] --START--
INFO: ContentReplace Behavior ::run [ RunTime:0.000462s ]
INFO: TokenBuild Behavior ::run [ RunTime:0.000515s ]
INFO: WriteHtmlCache Behavior ::run [ RunTime:0.000430s ]
INFO: ShowRuntime Behavior ::run [ RunTime:0.000575s ]
INFO: [ view_filter ] --END-- [ RunTime:0.002161s ]
INFO: [ view_end ] --START--
INFO: ShowPageTrace Behavior ::run [ RunTime:0.000563s ]
INFO: [ view_end ] --END-- [ RunTime:0.000625s ]

[ 2015-12-01T14:48:10+08:00 ] 127.0.0.1 /jw2/index.php/Admin/Category/ys.css
INFO: [ route_check ] --START--
INFO: CheckRoute Behavior ::run [ RunTime:0.000588s ]
INFO: [ route_check ] --END-- [ RunTime:0.000662s ]
INFO: [ app_begin ] --START--
INFO: ReadHtmlCache Behavior ::run [ RunTime:0.000446s ]
INFO: [ app_begin ] --END-- [ RunTime:0.000504s ]
ERR: 非法操作:ys.css

[ 2015-12-01T15:05:24+08:00 ] 127.0.0.1 /jw2/index.php/Admin
INFO: [ route_check ] --START--
INFO: CheckRoute Behavior ::run [ RunTime:0.000678s ]
INFO: [ route_check ] --END-- [ RunTime:0.000760s ]
INFO: [ app_begin ] --START--
INFO: ReadHtmlCache Behavior ::run [ RunTime:0.000482s ]
INFO: [ app_begin ] --END-- [ RunTime:0.000544s ]
INFO: [ view_parse ] --START--
INFO: ParseTemplate Behavior ::run [ RunTime:0.006513s ]
INFO: [ view_parse ] --END-- [ RunTime:0.006591s ]
INFO: [ view_filter ] --START--
INFO: ContentReplace Behavior ::run [ RunTime:0.000469s ]
INFO: TokenBuild Behavior ::run [ RunTime:0.000468s ]
INFO: WriteHtmlCache Behavior ::run [ RunTime:0.000407s ]
INFO: ShowRuntime Behavior ::run [ RunTime:0.000543s ]
INFO: [ view_filter ] --END-- [ RunTime:0.002063s ]
INFO: [ view_end ] --START--
INFO: ShowPageTrace Behavior ::run [ RunTime:0.000595s ]
INFO: [ view_end ] --END-- [ RunTime:0.000655s ]

[ 2015-12-01T15:05:25+08:00 ] 127.0.0.1 /jw2/index.php/Admin/Category/addCate
INFO: [ route_check ] --START--
INFO: CheckRoute Behavior ::run [ RunTime:0.000585s ]
INFO: [ route_check ] --END-- [ RunTime:0.000661s ]
INFO: [ app_begin ] --START--
INFO: ReadHtmlCache Behavior ::run [ RunTime:0.000488s ]
INFO: [ app_begin ] --END-- [ RunTime:0.000552s ]
INFO: [ view_parse ] --START--
INFO: ParseTemplate Behavior ::run [ RunTime:0.005495s ]
INFO: [ view_parse ] --END-- [ RunTime:0.005570s ]
INFO: [ view_filter ] --START--
INFO: ContentReplace Behavior ::run [ RunTime:0.000441s ]
INFO: TokenBuild Behavior ::run [ RunTime:0.000512s ]
INFO: WriteHtmlCache Behavior ::run [ RunTime:0.000431s ]
INFO: ShowRuntime Behavior ::run [ RunTime:0.000560s ]
INFO: [ view_filter ] --END-- [ RunTime:0.002117s ]
INFO: [ view_end ] --START--
INFO: ShowPageTrace Behavior ::run [ RunTime:0.000631s ]
INFO: [ view_end ] --END-- [ RunTime:0.000691s ]

[ 2015-12-01T15:05:25+08:00 ] 127.0.0.1 /jw2/index.php/Admin/Category/ys.css
INFO: [ route_check ] --START--
INFO: CheckRoute Behavior ::run [ RunTime:0.000630s ]
INFO: [ route_check ] --END-- [ RunTime:0.000705s ]
INFO: [ app_begin ] --START--
INFO: ReadHtmlCache Behavior ::run [ RunTime:0.000518s ]
INFO: [ app_begin ] --END-- [ RunTime:0.000582s ]
ERR: 非法操作:ys.css

[ 2015-12-01T15:05:26+08:00 ] 127.0.0.1 /jw2/index.php/Admin/Category/index
INFO: [ route_check ] --START--
INFO: CheckRoute Behavior ::run [ RunTime:0.000629s ]
INFO: [ route_check ] --END-- [ RunTime:0.000704s ]
INFO: [ app_begin ] --START--
INFO: ReadHtmlCache Behavior ::run [ RunTime:0.000522s ]
INFO: [ app_begin ] --END-- [ RunTime:0.000585s ]
SQL: SHOW COLUMNS FROM `jw_cate` [ RunTime:0.002122s ]
SQL: SELECT * FROM `jw_cate` ORDER BY sort ASC  [ RunTime:0.000282s ]

[ 2015-12-01T15:06:55+08:00 ] 127.0.0.1 /jw2/index.php/Admin
INFO: [ route_check ] --START--
INFO: CheckRoute Behavior ::run [ RunTime:0.000654s ]
INFO: [ route_check ] --END-- [ RunTime:0.000738s ]
INFO: [ app_begin ] --START--
INFO: ReadHtmlCache Behavior ::run [ RunTime:0.000527s ]
INFO: [ app_begin ] --END-- [ RunTime:0.000592s ]
INFO: [ view_parse ] --START--
INFO: ParseTemplate Behavior ::run [ RunTime:0.006064s ]
INFO: [ view_parse ] --END-- [ RunTime:0.006130s ]
INFO: [ view_filter ] --START--
INFO: ContentReplace Behavior ::run [ RunTime:0.000407s ]
INFO: TokenBuild Behavior ::run [ RunTime:0.000456s ]
INFO: WriteHtmlCache Behavior ::run [ RunTime:0.000412s ]
INFO: ShowRuntime Behavior ::run [ RunTime:0.000563s ]
INFO: [ view_filter ] --END-- [ RunTime:0.002007s ]
INFO: [ view_end ] --START--
INFO: ShowPageTrace Behavior ::run [ RunTime:0.000564s ]
INFO: [ view_end ] --END-- [ RunTime:0.000623s ]

[ 2015-12-01T15:06:56+08:00 ] 127.0.0.1 /jw2/index.php/Admin/Category/index
INFO: [ route_check ] --START--
INFO: CheckRoute Behavior ::run [ RunTime:0.000660s ]
INFO: [ route_check ] --END-- [ RunTime:0.000735s ]
INFO: [ app_begin ] --START--
INFO: ReadHtmlCache Behavior ::run [ RunTime:0.000565s ]
INFO: [ app_begin ] --END-- [ RunTime:0.000628s ]
SQL: SHOW COLUMNS FROM `jw_cate` [ RunTime:0.002098s ]
SQL: SELECT * FROM `jw_cate` ORDER BY sort ASC  [ RunTime:0.000276s ]

[ 2015-12-01T15:08:04+08:00 ] 127.0.0.1 /jw2/index.php/Admin
INFO: [ route_check ] --START--
INFO: CheckRoute Behavior ::run [ RunTime:0.000722s ]
INFO: [ route_check ] --END-- [ RunTime:0.000808s ]
INFO: [ app_begin ] --START--
INFO: ReadHtmlCache Behavior ::run [ RunTime:0.000521s ]
INFO: [ app_begin ] --END-- [ RunTime:0.000585s ]
INFO: [ view_parse ] --START--
INFO: ParseTemplate Behavior ::run [ RunTime:0.006249s ]
INFO: [ view_parse ] --END-- [ RunTime:0.006314s ]
INFO: [ view_filter ] --START--
INFO: ContentReplace Behavior ::run [ RunTime:0.000423s ]
INFO: TokenBuild Behavior ::run [ RunTime:0.000444s ]
INFO: WriteHtmlCache Behavior ::run [ RunTime:0.000382s ]
INFO: ShowRuntime Behavior ::run [ RunTime:0.000701s ]
INFO: [ view_filter ] --END-- [ RunTime:0.002131s ]
INFO: [ view_end ] --START--
INFO: ShowPageTrace Behavior ::run [ RunTime:0.000728s ]
INFO: [ view_end ] --END-- [ RunTime:0.000794s ]

[ 2015-12-01T15:08:21+08:00 ] 127.0.0.1 /jw2/index.php/Admin
INFO: [ route_check ] --START--
INFO: CheckRoute Behavior ::run [ RunTime:0.000597s ]
INFO: [ route_check ] --END-- [ RunTime:0.000675s ]
INFO: [ app_begin ] --START--
INFO: ReadHtmlCache Behavior ::run [ RunTime:0.000542s ]
INFO: [ app_begin ] --END-- [ RunTime:0.000612s ]
INFO: [ view_parse ] --START--
INFO: ParseTemplate Behavior ::run [ RunTime:0.006016s ]
INFO: [ view_parse ] --END-- [ RunTime:0.006081s ]
INFO: [ view_filter ] --START--
INFO: ContentReplace Behavior ::run [ RunTime:0.000428s ]
INFO: TokenBuild Behavior ::run [ RunTime:0.000391s ]
INFO: WriteHtmlCache Behavior ::run [ RunTime:0.000314s ]
INFO: ShowRuntime Behavior ::run [ RunTime:0.000429s ]
INFO: [ view_filter ] --END-- [ RunTime:0.001715s ]
INFO: [ view_end ] --START--
INFO: ShowPageTrace Behavior ::run [ RunTime:0.000495s ]
INFO: [ view_end ] --END-- [ RunTime:0.000550s ]

[ 2015-12-01T15:08:22+08:00 ] 127.0.0.1 /jw2/index.php/Admin
INFO: [ route_check ] --START--
INFO: CheckRoute Behavior ::run [ RunTime:0.000622s ]
INFO: [ route_check ] --END-- [ RunTime:0.000701s ]
INFO: [ app_begin ] --START--
INFO: ReadHtmlCache Behavior ::run [ RunTime:0.000516s ]
INFO: [ app_begin ] --END-- [ RunTime:0.000579s ]
INFO: [ view_parse ] --START--
INFO: ParseTemplate Behavior ::run [ RunTime:0.006108s ]
INFO: [ view_parse ] --END-- [ RunTime:0.006183s ]
INFO: [ view_filter ] --START--
INFO: ContentReplace Behavior ::run [ RunTime:0.000445s ]
INFO: TokenBuild Behavior ::run [ RunTime:0.000410s ]
INFO: WriteHtmlCache Behavior ::run [ RunTime:0.000325s ]
INFO: ShowRuntime Behavior ::run [ RunTime:0.000443s ]
INFO: [ view_filter ] --END-- [ RunTime:0.001783s ]
INFO: [ view_end ] --START--
INFO: ShowPageTrace Behavior ::run [ RunTime:0.000503s ]
INFO: [ view_end ] --END-- [ RunTime:0.000558s ]

[ 2015-12-01T15:08:27+08:00 ] 127.0.0.1 /jw2/index.php/Admin/Category/index
INFO: [ route_check ] --START--
INFO: CheckRoute Behavior ::run [ RunTime:0.000653s ]
INFO: [ route_check ] --END-- [ RunTime:0.000729s ]
INFO: [ app_begin ] --START--
INFO: ReadHtmlCache Behavior ::run [ RunTime:0.000524s ]
INFO: [ app_begin ] --END-- [ RunTime:0.000587s ]
SQL: SHOW COLUMNS FROM `jw_cate` [ RunTime:0.002034s ]
SQL: SELECT * FROM `jw_cate` ORDER BY sort ASC  [ RunTime:0.000275s ]

[ 2015-12-01T15:24:13+08:00 ] 127.0.0.1 /jw2/index.php/Admin
INFO: [ route_check ] --START--
INFO: CheckRoute Behavior ::run [ RunTime:0.000686s ]
INFO: [ route_check ] --END-- [ RunTime:0.000770s ]
INFO: [ app_begin ] --START--
INFO: ReadHtmlCache Behavior ::run [ RunTime:0.000512s ]
INFO: [ app_begin ] --END-- [ RunTime:0.000573s ]
INFO: [ view_parse ] --START--
INFO: ParseTemplate Behavior ::run [ RunTime:0.006263s ]
INFO: [ view_parse ] --END-- [ RunTime:0.006331s ]
INFO: [ view_filter ] --START--
INFO: ContentReplace Behavior ::run [ RunTime:0.000598s ]
INFO: TokenBuild Behavior ::run [ RunTime:0.000450s ]
INFO: WriteHtmlCache Behavior ::run [ RunTime:0.000398s ]
INFO: ShowRuntime Behavior ::run [ RunTime:0.000525s ]
INFO: [ view_filter ] --END-- [ RunTime:0.002142s ]
INFO: [ view_end ] --START--
INFO: ShowPageTrace Behavior ::run [ RunTime:0.000543s ]
INFO: [ view_end ] --END-- [ RunTime:0.000603s ]

[ 2015-12-01T15:24:14+08:00 ] 127.0.0.1 /jw2/index.php/Admin/Category/addCate
INFO: [ route_check ] --START--
INFO: CheckRoute Behavior ::run [ RunTime:0.000559s ]
INFO: [ route_check ] --END-- [ RunTime:0.000631s ]
INFO: [ app_begin ] --START--
INFO: ReadHtmlCache Behavior ::run [ RunTime:0.000460s ]
INFO: [ app_begin ] --END-- [ RunTime:0.000529s ]
INFO: [ view_parse ] --START--
INFO: ParseTemplate Behavior ::run [ RunTime:0.006043s ]
INFO: [ view_parse ] --END-- [ RunTime:0.006112s ]
INFO: [ view_filter ] --START--
INFO: ContentReplace Behavior ::run [ RunTime:0.000469s ]
INFO: TokenBuild Behavior ::run [ RunTime:0.000456s ]
INFO: WriteHtmlCache Behavior ::run [ RunTime:0.000388s ]
INFO: ShowRuntime Behavior ::run [ RunTime:0.000543s ]
INFO: [ view_filter ] --END-- [ RunTime:0.002041s ]
INFO: [ view_end ] --START--
INFO: ShowPageTrace Behavior ::run [ RunTime:0.000553s ]
INFO: [ view_end ] --END-- [ RunTime:0.000607s ]

[ 2015-12-01T15:24:14+08:00 ] 127.0.0.1 /jw2/index.php/Admin/Category/ys.css
INFO: [ route_check ] --START--
INFO: CheckRoute Behavior ::run [ RunTime:0.000728s ]
INFO: [ route_check ] --END-- [ RunTime:0.000806s ]
INFO: [ app_begin ] --START--
INFO: ReadHtmlCache Behavior ::run [ RunTime:0.000461s ]
INFO: [ app_begin ] --END-- [ RunTime:0.000523s ]
ERR: 非法操作:ys.css

[ 2015-12-01T15:24:14+08:00 ] 127.0.0.1 /jw2/index.php/Admin/Category/index
INFO: [ route_check ] --START--
INFO: CheckRoute Behavior ::run [ RunTime:0.000850s ]
INFO: [ route_check ] --END-- [ RunTime:0.000955s ]
INFO: [ app_begin ] --START--
INFO: ReadHtmlCache Behavior ::run [ RunTime:0.000513s ]
INFO: [ app_begin ] --END-- [ RunTime:0.000579s ]
SQL: SHOW COLUMNS FROM `jw_cate` [ RunTime:0.002316s ]
SQL: SELECT * FROM `jw_cate` ORDER BY sort ASC  [ RunTime:0.000293s ]

[ 2015-12-01T15:26:24+08:00 ] 127.0.0.1 /jw2/index.php/Admin
INFO: [ route_check ] --START--
INFO: CheckRoute Behavior ::run [ RunTime:0.000744s ]
INFO: [ route_check ] --END-- [ RunTime:0.000837s ]
INFO: [ app_begin ] --START--
INFO: ReadHtmlCache Behavior ::run [ RunTime:0.000524s ]
INFO: [ app_begin ] --END-- [ RunTime:0.000589s ]
INFO: [ view_parse ] --START--
INFO: ParseTemplate Behavior ::run [ RunTime:0.006597s ]
INFO: [ view_parse ] --END-- [ RunTime:0.006666s ]
INFO: [ view_filter ] --START--
INFO: ContentReplace Behavior ::run [ RunTime:0.000424s ]
INFO: TokenBuild Behavior ::run [ RunTime:0.000441s ]
INFO: WriteHtmlCache Behavior ::run [ RunTime:0.000374s ]
INFO: ShowRuntime Behavior ::run [ RunTime:0.000510s ]
INFO: [ view_filter ] --END-- [ RunTime:0.001923s ]
INFO: [ view_end ] --START--
INFO: ShowPageTrace Behavior ::run [ RunTime:0.000797s ]
INFO: [ view_end ] --END-- [ RunTime:0.000873s ]

[ 2015-12-01T15:26:26+08:00 ] 127.0.0.1 /jw2/index.php/Admin/Category/index
INFO: [ route_check ] --START--
INFO: CheckRoute Behavior ::run [ RunTime:0.000626s ]
INFO: [ route_check ] --END-- [ RunTime:0.000703s ]
INFO: [ app_begin ] --START--
INFO: ReadHtmlCache Behavior ::run [ RunTime:0.000515s ]
INFO: [ app_begin ] --END-- [ RunTime:0.000578s ]
SQL: SHOW COLUMNS FROM `jw_cate` [ RunTime:0.002025s ]
SQL: SELECT * FROM `jw_cate` ORDER BY sort ASC  [ RunTime:0.000240s ]
INFO: [ view_parse ] --START--

[ 2015-12-01T15:26:42+08:00 ] 127.0.0.1 /jw2/index.php/Admin
INFO: [ route_check ] --START--
INFO: CheckRoute Behavior ::run [ RunTime:0.000647s ]
INFO: [ route_check ] --END-- [ RunTime:0.000727s ]
INFO: [ app_begin ] --START--
INFO: ReadHtmlCache Behavior ::run [ RunTime:0.000530s ]
INFO: [ app_begin ] --END-- [ RunTime:0.000596s ]
INFO: [ view_parse ] --START--
INFO: ParseTemplate Behavior ::run [ RunTime:0.006380s ]
INFO: [ view_parse ] --END-- [ RunTime:0.006447s ]
INFO: [ view_filter ] --START--
INFO: ContentReplace Behavior ::run [ RunTime:0.000476s ]
INFO: TokenBuild Behavior ::run [ RunTime:0.000455s ]
INFO: WriteHtmlCache Behavior ::run [ RunTime:0.000408s ]
INFO: ShowRuntime Behavior ::run [ RunTime:0.000572s ]
INFO: [ view_filter ] --END-- [ RunTime:0.002084s ]
INFO: [ view_end ] --START--
INFO: ShowPageTrace Behavior ::run [ RunTime:0.000641s ]
INFO: [ view_end ] --END-- [ RunTime:0.000704s ]

[ 2015-12-01T15:26:43+08:00 ] 127.0.0.1 /jw2/index.php/Admin/Category/addCate
INFO: [ route_check ] --START--
INFO: CheckRoute Behavior ::run [ RunTime:0.000597s ]
INFO: [ route_check ] --END-- [ RunTime:0.000672s ]
INFO: [ app_begin ] --START--
INFO: ReadHtmlCache Behavior ::run [ RunTime:0.000477s ]
INFO: [ app_begin ] --END-- [ RunTime:0.000539s ]
INFO: [ view_parse ] --START--
INFO: ParseTemplate Behavior ::run [ RunTime:0.005478s ]
INFO: [ view_parse ] --END-- [ RunTime:0.005543s ]
INFO: [ view_filter ] --START--
INFO: ContentReplace Behavior ::run [ RunTime:0.000428s ]
INFO: TokenBuild Behavior ::run [ RunTime:0.000466s ]
INFO: WriteHtmlCache Behavior ::run [ RunTime:0.000378s ]
INFO: ShowRuntime Behavior ::run [ RunTime:0.000524s ]
INFO: [ view_filter ] --END-- [ RunTime:0.001970s ]
INFO: [ view_end ] --START--
INFO: ShowPageTrace Behavior ::run [ RunTime:0.000591s ]
INFO: [ view_end ] --END-- [ RunTime:0.000654s ]

[ 2015-12-01T15:26:43+08:00 ] 127.0.0.1 /jw2/index.php/Admin/Category/ys.css
INFO: [ route_check ] --START--
INFO: CheckRoute Behavior ::run [ RunTime:0.000596s ]
INFO: [ route_check ] --END-- [ RunTime:0.000665s ]
INFO: [ app_begin ] --START--
INFO: ReadHtmlCache Behavior ::run [ RunTime:0.000500s ]
INFO: [ app_begin ] --END-- [ RunTime:0.000562s ]
ERR: 非法操作:ys.css

[ 2015-12-01T15:26:44+08:00 ] 127.0.0.1 /jw2/index.php/Admin/Category/index
INFO: [ route_check ] --START--
INFO: CheckRoute Behavior ::run [ RunTime:0.000603s ]
INFO: [ route_check ] --END-- [ RunTime:0.000675s ]
INFO: [ app_begin ] --START--
INFO: ReadHtmlCache Behavior ::run [ RunTime:0.000489s ]
INFO: [ app_begin ] --END-- [ RunTime:0.000551s ]
SQL: SHOW COLUMNS FROM `jw_cate` [ RunTime:0.002027s ]
SQL: SELECT * FROM `jw_cate` ORDER BY sort ASC  [ RunTime:0.000221s ]
INFO: [ view_parse ] --START--
INFO: ParseTemplate Behavior ::run [ RunTime:0.007346s ]
INFO: [ view_parse ] --END-- [ RunTime:0.007425s ]
INFO: [ view_filter ] --START--
INFO: ContentReplace Behavior ::run [ RunTime:0.000477s ]
INFO: TokenBuild Behavior ::run [ RunTime:0.000445s ]
INFO: WriteHtmlCache Behavior ::run [ RunTime:0.000303s ]
INFO: ShowRuntime Behavior ::run [ RunTime:0.000458s ]
INFO: [ view_filter ] --END-- [ RunTime:0.001854s ]
INFO: [ view_end ] --START--
INFO: ShowPageTrace Behavior ::run [ RunTime:0.000499s ]
INFO: [ view_end ] --END-- [ RunTime:0.000559s ]

[ 2015-12-01T15:26:44+08:00 ] 127.0.0.1 /jw2/index.php/Admin/Category/ys.css
INFO: [ route_check ] --START--
INFO: CheckRoute Behavior ::run [ RunTime:0.000661s ]
INFO: [ route_check ] --END-- [ RunTime:0.000733s ]
INFO: [ app_begin ] --START--
INFO: ReadHtmlCache Behavior ::run [ RunTime:0.000514s ]
INFO: [ app_begin ] --END-- [ RunTime:0.000577s ]
ERR: 非法操作:ys.css

[ 2015-12-01T15:28:07+08:00 ] 127.0.0.1 /jw2/index.php/Admin
INFO: [ route_check ] --START--
INFO: CheckRoute Behavior ::run [ RunTime:0.000705s ]
INFO: [ route_check ] --END-- [ RunTime:0.000796s ]
INFO: [ app_begin ] --START--
INFO: ReadHtmlCache Behavior ::run [ RunTime:0.000503s ]
INFO: [ app_begin ] --END-- [ RunTime:0.000570s ]
INFO: [ view_parse ] --START--
INFO: ParseTemplate Behavior ::run [ RunTime:0.006384s ]
INFO: [ view_parse ] --END-- [ RunTime:0.006451s ]
INFO: [ view_filter ] --START--
INFO: ContentReplace Behavior ::run [ RunTime:0.000402s ]
INFO: TokenBuild Behavior ::run [ RunTime:0.000410s ]
INFO: WriteHtmlCache Behavior ::run [ RunTime:0.000370s ]
INFO: ShowRuntime Behavior ::run [ RunTime:0.000524s ]
INFO: [ view_filter ] --END-- [ RunTime:0.001876s ]
INFO: [ view_end ] --START--
INFO: ShowPageTrace Behavior ::run [ RunTime:0.000594s ]
INFO: [ view_end ] --END-- [ RunTime:0.000657s ]

[ 2015-12-01T15:28:08+08:00 ] 127.0.0.1 /jw2/index.php/Admin/Category/addCate
INFO: [ route_check ] --START--
INFO: CheckRoute Behavior ::run [ RunTime:0.000689s ]
INFO: [ route_check ] --END-- [ RunTime:0.000762s ]
INFO: [ app_begin ] --START--
INFO: ReadHtmlCache Behavior ::run [ RunTime:0.000569s ]
INFO: [ app_begin ] --END-- [ RunTime:0.000633s ]

[ 2015-12-01T15:28:08+08:00 ] 127.0.0.1 /jw2/index.php/Admin/Category/index
INFO: [ route_check ] --START--
INFO: CheckRoute Behavior ::run [ RunTime:0.000578s ]
INFO: [ route_check ] --END-- [ RunTime:0.000649s ]
INFO: [ app_begin ] --START--
INFO: ReadHtmlCache Behavior ::run [ RunTime:0.000461s ]
INFO: [ app_begin ] --END-- [ RunTime:0.000520s ]

[ 2015-12-01T15:28:24+08:00 ] 127.0.0.1 /jw2/index.php/Admin
INFO: [ route_check ] --START--
INFO: CheckRoute Behavior ::run [ RunTime:0.000643s ]
INFO: [ route_check ] --END-- [ RunTime:0.000724s ]
INFO: [ app_begin ] --START--
INFO: ReadHtmlCache Behavior ::run [ RunTime:0.000522s ]
INFO: [ app_begin ] --END-- [ RunTime:0.000586s ]
INFO: [ view_parse ] --START--
INFO: ParseTemplate Behavior ::run [ RunTime:0.006529s ]
INFO: [ view_parse ] --END-- [ RunTime:0.006595s ]
INFO: [ view_filter ] --START--
INFO: ContentReplace Behavior ::run [ RunTime:0.000476s ]
INFO: TokenBuild Behavior ::run [ RunTime:0.000496s ]
INFO: WriteHtmlCache Behavior ::run [ RunTime:0.000418s ]
INFO: ShowRuntime Behavior ::run [ RunTime:0.000565s ]
INFO: [ view_filter ] --END-- [ RunTime:0.002127s ]
INFO: [ view_end ] --START--
INFO: ShowPageTrace Behavior ::run [ RunTime:0.000644s ]
INFO: [ view_end ] --END-- [ RunTime:0.000705s ]

[ 2015-12-01T15:28:25+08:00 ] 127.0.0.1 /jw2/index.php/Admin/Category/addCate
INFO: [ route_check ] --START--
INFO: CheckRoute Behavior ::run [ RunTime:0.000635s ]
INFO: [ route_check ] --END-- [ RunTime:0.000707s ]
INFO: [ app_begin ] --START--
INFO: ReadHtmlCache Behavior ::run [ RunTime:0.000512s ]
INFO: [ app_begin ] --END-- [ RunTime:0.000569s ]
INFO: [ view_parse ] --START--
INFO: ParseTemplate Behavior ::run [ RunTime:0.005976s ]
INFO: [ view_parse ] --END-- [ RunTime:0.006060s ]
INFO: [ view_filter ] --START--
INFO: ContentReplace Behavior ::run [ RunTime:0.000452s ]
INFO: TokenBuild Behavior ::run [ RunTime:0.000473s ]
INFO: WriteHtmlCache Behavior ::run [ RunTime:0.000482s ]
INFO: ShowRuntime Behavior ::run [ RunTime:0.000531s ]
INFO: [ view_filter ] --END-- [ RunTime:0.002113s ]
INFO: [ view_end ] --START--
INFO: ShowPageTrace Behavior ::run [ RunTime:0.000604s ]
INFO: [ view_end ] --END-- [ RunTime:0.000663s ]

[ 2015-12-01T15:28:25+08:00 ] 127.0.0.1 /jw2/index.php/Admin/Category/ys.css
INFO: [ route_check ] --START--
INFO: CheckRoute Behavior ::run [ RunTime:0.000579s ]
INFO: [ route_check ] --END-- [ RunTime:0.000654s ]
INFO: [ app_begin ] --START--
INFO: ReadHtmlCache Behavior ::run [ RunTime:0.000458s ]
INFO: [ app_begin ] --END-- [ RunTime:0.000516s ]
ERR: 非法操作:ys.css

[ 2015-12-01T15:28:25+08:00 ] 127.0.0.1 /jw2/index.php/Admin/Category/index
INFO: [ route_check ] --START--
INFO: CheckRoute Behavior ::run [ RunTime:0.000651s ]
INFO: [ route_check ] --END-- [ RunTime:0.000738s ]
INFO: [ app_begin ] --START--
INFO: ReadHtmlCache Behavior ::run [ RunTime:0.000513s ]
INFO: [ app_begin ] --END-- [ RunTime:0.000577s ]
SQL: SHOW COLUMNS FROM `jw_cate` [ RunTime:0.001987s ]
SQL: SELECT * FROM `jw_cate` ORDER BY sort ASC  [ RunTime:0.000272s ]
INFO: [ view_parse ] --START--
INFO: ParseTemplate Behavior ::run [ RunTime:0.007317s ]
INFO: [ view_parse ] --END-- [ RunTime:0.007400s ]
INFO: [ view_filter ] --START--
INFO: ContentReplace Behavior ::run [ RunTime:0.000460s ]
INFO: TokenBuild Behavior ::run [ RunTime:0.000421s ]
INFO: WriteHtmlCache Behavior ::run [ RunTime:0.000328s ]
INFO: ShowRuntime Behavior ::run [ RunTime:0.000479s ]
INFO: [ view_filter ] --END-- [ RunTime:0.001867s ]
INFO: [ view_end ] --START--
INFO: ShowPageTrace Behavior ::run [ RunTime:0.000553s ]
INFO: [ view_end ] --END-- [ RunTime:0.000614s ]

[ 2015-12-01T15:28:25+08:00 ] 127.0.0.1 /jw2/index.php/Admin/Category/ys.css
INFO: [ route_check ] --START--
INFO: CheckRoute Behavior ::run [ RunTime:0.000692s ]
INFO: [ route_check ] --END-- [ RunTime:0.000771s ]
INFO: [ app_begin ] --START--
INFO: ReadHtmlCache Behavior ::run [ RunTime:0.000510s ]
INFO: [ app_begin ] --END-- [ RunTime:0.000575s ]
ERR: 非法操作:ys.css

[ 2015-12-01T15:30:51+08:00 ] 127.0.0.1 /jw2/index.php/Admin/Category/sortCate
INFO: [ route_check ] --START--
INFO: CheckRoute Behavior ::run [ RunTime:0.000740s ]
INFO: [ route_check ] --END-- [ RunTime:0.000823s ]
INFO: [ app_begin ] --START--
INFO: ReadHtmlCache Behavior ::run [ RunTime:0.000570s ]
INFO: [ app_begin ] --END-- [ RunTime:0.000634s ]
SQL: SHOW COLUMNS FROM `jw_cate` [ RunTime:0.001983s ]
SQL: UPDATE `jw_cate` SET `sort`=1 WHERE ( `id` = 1 ) [ RunTime:0.070040s ]
SQL: UPDATE `jw_cate` SET `sort`=2 WHERE ( `id` = 2 ) [ RunTime:0.049726s ]
SQL: UPDATE `jw_cate` SET `sort`=1 WHERE ( `id` = 3 ) [ RunTime:0.049873s ]
SQL: UPDATE `jw_cate` SET `sort`=2 WHERE ( `id` = 4 ) [ RunTime:0.049619s ]
SQL: UPDATE `jw_cate` SET `sort`=3 WHERE ( `id` = 5 ) [ RunTime:0.051968s ]
SQL: UPDATE `jw_cate` SET `sort`=4 WHERE ( `id` = 6 ) [ RunTime:0.049576s ]

[ 2015-12-01T15:30:51+08:00 ] 127.0.0.1 /jw2/index.php/Admin/Category/index
INFO: [ route_check ] --START--
INFO: CheckRoute Behavior ::run [ RunTime:0.000589s ]
INFO: [ route_check ] --END-- [ RunTime:0.000664s ]
INFO: [ app_begin ] --START--
INFO: ReadHtmlCache Behavior ::run [ RunTime:0.000519s ]
INFO: [ app_begin ] --END-- [ RunTime:0.000588s ]
SQL: SHOW COLUMNS FROM `jw_cate` [ RunTime:0.001938s ]
SQL: SELECT * FROM `jw_cate` ORDER BY sort ASC  [ RunTime:0.000228s ]
INFO: [ view_parse ] --START--
INFO: ParseTemplate Behavior ::run [ RunTime:0.006948s ]
INFO: [ view_parse ] --END-- [ RunTime:0.007051s ]
INFO: [ view_filter ] --START--
INFO: ContentReplace Behavior ::run [ RunTime:0.000509s ]
INFO: TokenBuild Behavior ::run [ RunTime:0.000452s ]
INFO: WriteHtmlCache Behavior ::run [ RunTime:0.000363s ]
INFO: ShowRuntime Behavior ::run [ RunTime:0.000490s ]
INFO: [ view_filter ] --END-- [ RunTime:0.002013s ]
INFO: [ view_end ] --START--
INFO: ShowPageTrace Behavior ::run [ RunTime:0.000568s ]
INFO: [ view_end ] --END-- [ RunTime:0.000658s ]

[ 2015-12-01T15:30:51+08:00 ] 127.0.0.1 /jw2/index.php/Admin/Category/ys.css
INFO: [ route_check ] --START--
INFO: CheckRoute Behavior ::run [ RunTime:0.000555s ]
INFO: [ route_check ] --END-- [ RunTime:0.000627s ]
INFO: [ app_begin ] --START--
INFO: ReadHtmlCache Behavior ::run [ RunTime:0.000496s ]
INFO: [ app_begin ] --END-- [ RunTime:0.000555s ]
ERR: 非法操作:ys.css

[ 2015-12-01T15:31:05+08:00 ] 127.0.0.1 /jw2/index.php/Admin/Category/sortCate
INFO: [ route_check ] --START--
INFO: CheckRoute Behavior ::run [ RunTime:0.000567s ]
INFO: [ route_check ] --END-- [ RunTime:0.000642s ]
INFO: [ app_begin ] --START--
INFO: ReadHtmlCache Behavior ::run [ RunTime:0.000484s ]
INFO: [ app_begin ] --END-- [ RunTime:0.000541s ]
SQL: SHOW COLUMNS FROM `jw_cate` [ RunTime:0.002003s ]
SQL: UPDATE `jw_cate` SET `sort`=1 WHERE ( `id` = 1 ) [ RunTime:0.095463s ]
SQL: UPDATE `jw_cate` SET `sort`=2 WHERE ( `id` = 2 ) [ RunTime:0.058275s ]
SQL: UPDATE `jw_cate` SET `sort`=1 WHERE ( `id` = 3 ) [ RunTime:0.049813s ]
SQL: UPDATE `jw_cate` SET `sort`=3 WHERE ( `id` = 4 ) [ RunTime:0.049761s ]
SQL: UPDATE `jw_cate` SET `sort`=2 WHERE ( `id` = 5 ) [ RunTime:0.057901s ]
SQL: UPDATE `jw_cate` SET `sort`=4 WHERE ( `id` = 6 ) [ RunTime:0.049913s ]

[ 2015-12-01T15:31:05+08:00 ] 127.0.0.1 /jw2/index.php/Admin/Category/index
INFO: [ route_check ] --START--
INFO: CheckRoute Behavior ::run [ RunTime:0.000634s ]
INFO: [ route_check ] --END-- [ RunTime:0.000713s ]
INFO: [ app_begin ] --START--
INFO: ReadHtmlCache Behavior ::run [ RunTime:0.000524s ]
INFO: [ app_begin ] --END-- [ RunTime:0.000590s ]
SQL: SHOW COLUMNS FROM `jw_cate` [ RunTime:0.001950s ]
SQL: SELECT * FROM `jw_cate` ORDER BY sort ASC  [ RunTime:0.000237s ]
INFO: [ view_parse ] --START--
INFO: ParseTemplate Behavior ::run [ RunTime:0.007075s ]
INFO: [ view_parse ] --END-- [ RunTime:0.007158s ]
INFO: [ view_filter ] --START--
INFO: ContentReplace Behavior ::run [ RunTime:0.000436s ]
INFO: TokenBuild Behavior ::run [ RunTime:0.000463s ]
INFO: WriteHtmlCache Behavior ::run [ RunTime:0.000354s ]
INFO: ShowRuntime Behavior ::run [ RunTime:0.000477s ]
INFO: [ view_filter ] --END-- [ RunTime:0.001902s ]
INFO: [ view_end ] --START--
INFO: ShowPageTrace Behavior ::run [ RunTime:0.000526s ]
INFO: [ view_end ] --END-- [ RunTime:0.000627s ]

[ 2015-12-01T15:31:05+08:00 ] 127.0.0.1 /jw2/index.php/Admin/Category/ys.css
INFO: [ route_check ] --START--
INFO: CheckRoute Behavior ::run [ RunTime:0.000611s ]
INFO: [ route_check ] --END-- [ RunTime:0.000683s ]
INFO: [ app_begin ] --START--
INFO: ReadHtmlCache Behavior ::run [ RunTime:0.000518s ]
INFO: [ app_begin ] --END-- [ RunTime:0.000578s ]
ERR: 非法操作:ys.css

[ 2015-12-01T18:49:55+08:00 ] 127.0.0.1 /jw2/
INFO: [ app_begin ] --START--
INFO: ReadHtmlCache Behavior ::run [ RunTime:0.000549s ]
INFO: [ app_begin ] --END-- [ RunTime:0.000624s ]
NOTIC: [2048] Declaration of IndexAction::show() should be compatible with that of Action::show() E:\wamp\www\text\jw2\JW\Modules\Index\Action\IndexAction.class.php 第 18 行.
INFO: [ view_parse ] --START--
NOTIC: [8] Undefined index: username E:\wamp\www\text\jw2\JW\Runtime\Cache\Index\c02fb85234c57081a27580e176266a3d.php 第 12 行.
INFO: ParseTemplate Behavior ::run [ RunTime:0.007089s ]
INFO: [ view_parse ] --END-- [ RunTime:0.007153s ]
INFO: [ view_filter ] --START--
INFO: ContentReplace Behavior ::run [ RunTime:0.000683s ]
INFO: TokenBuild Behavior ::run [ RunTime:0.000429s ]
INFO: WriteHtmlCache Behavior ::run [ RunTime:0.000381s ]
INFO: ShowRuntime Behavior ::run [ RunTime:0.000520s ]
INFO: [ view_filter ] --END-- [ RunTime:0.002214s ]
INFO: [ view_end ] --START--
INFO: ShowPageTrace Behavior ::run [ RunTime:0.000743s ]
INFO: [ view_end ] --END-- [ RunTime:0.000875s ]

[ 2015-12-01T18:50:15+08:00 ] 127.0.0.1 /jw2/index.php/Admin
INFO: [ route_check ] --START--
INFO: CheckRoute Behavior ::run [ RunTime:0.000644s ]
INFO: [ route_check ] --END-- [ RunTime:0.000727s ]
INFO: [ app_begin ] --START--
INFO: ReadHtmlCache Behavior ::run [ RunTime:0.000465s ]
INFO: [ app_begin ] --END-- [ RunTime:0.000528s ]
INFO: [ view_parse ] --START--
INFO: ParseTemplate Behavior ::run [ RunTime:0.006747s ]
INFO: [ view_parse ] --END-- [ RunTime:0.006836s ]
INFO: [ view_filter ] --START--
INFO: ContentReplace Behavior ::run [ RunTime:0.000506s ]
INFO: TokenBuild Behavior ::run [ RunTime:0.000573s ]
INFO: WriteHtmlCache Behavior ::run [ RunTime:0.000439s ]
INFO: ShowRuntime Behavior ::run [ RunTime:0.000485s ]
INFO: [ view_filter ] --END-- [ RunTime:0.002221s ]
INFO: [ view_end ] --START--
INFO: ShowPageTrace Behavior ::run [ RunTime:0.000518s ]
INFO: [ view_end ] --END-- [ RunTime:0.000576s ]

[ 2015-12-01T19:21:23+08:00 ] 127.0.0.1 /jw2/index.php/Admin
INFO: [ route_check ] --START--
INFO: CheckRoute Behavior ::run [ RunTime:0.000729s ]
INFO: [ route_check ] --END-- [ RunTime:0.000838s ]
INFO: [ app_begin ] --START--
INFO: ReadHtmlCache Behavior ::run [ RunTime:0.000560s ]
INFO: [ app_begin ] --END-- [ RunTime:0.000642s ]
INFO: [ view_parse ] --START--
INFO: ParseTemplate Behavior ::run [ RunTime:0.007093s ]
INFO: [ view_parse ] --END-- [ RunTime:0.007181s ]
INFO: [ view_filter ] --START--
INFO: ContentReplace Behavior ::run [ RunTime:0.000497s ]
INFO: TokenBuild Behavior ::run [ RunTime:0.000479s ]
INFO: WriteHtmlCache Behavior ::run [ RunTime:0.000420s ]
INFO: ShowRuntime Behavior ::run [ RunTime:0.000537s ]
INFO: [ view_filter ] --END-- [ RunTime:0.002110s ]
INFO: [ view_end ] --START--
INFO: ShowPageTrace Behavior ::run [ RunTime:0.000603s ]
INFO: [ view_end ] --END-- [ RunTime:0.000666s ]

[ 2015-12-01T19:21:32+08:00 ] 127.0.0.1 /jw2/index.php/Admin/Advice/index
INFO: [ route_check ] --START--
INFO: CheckRoute Behavior ::run [ RunTime:0.000726s ]
INFO: [ route_check ] --END-- [ RunTime:0.000807s ]
INFO: [ app_begin ] --START--
INFO: ReadHtmlCache Behavior ::run [ RunTime:0.000550s ]
INFO: [ app_begin ] --END-- [ RunTime:0.000643s ]
NOTIC: [8] Use of undefined constant BLONGS_TO - assumed 'BLONGS_TO' E:\wamp\www\text\jw2\ThinkPHP\Common\common.php 第 406 行.
SQL: SHOW COLUMNS FROM `jw_advice` [ RunTime:0.002301s ]
SQL: SELECT `id`,`title`,`direction`,`xzname`,`content`,`time`,`click`,`cid` FROM `jw_advice` WHERE ( `del` = 0 )  [ RunTime:0.000519s ]
SQL: SHOW COLUMNS FROM `jw_attr` [ RunTime:0.002210s ]
NOTIC: [8] Undefined index: mapping_order E:\wamp\www\text\jw2\ThinkPHP\Extend\Model\RelationModel.class.php 第 188 行.
NOTIC: [8] Undefined index: mapping_limit E:\wamp\www\text\jw2\ThinkPHP\Extend\Model\RelationModel.class.php 第 189 行.
SQL: SELECT b.* FROM jw_advice_attr AS a, jw_attr AS b WHERE a.bid = b.id AND a. aid='1' [ RunTime:0.000414s ]
SQL: SHOW COLUMNS FROM `jw_cate` [ RunTime:0.001917s ]
NOTIC: [8] Undefined variable: relationData E:\wamp\www\text\jw2\ThinkPHP\Extend\Model\RelationModel.class.php 第 225 行.
NOTIC: [8] Undefined index: mapping_order E:\wamp\www\text\jw2\ThinkPHP\Extend\Model\RelationModel.class.php 第 188 行.
NOTIC: [8] Undefined index: mapping_limit E:\wamp\www\text\jw2\ThinkPHP\Extend\Model\RelationModel.class.php 第 189 行.
SQL: SELECT b.* FROM jw_advice_attr AS a, jw_attr AS b WHERE a.bid = b.id AND a. aid='2' [ RunTime:0.000267s ]
NOTIC: [8] Undefined variable: relationData E:\wamp\www\text\jw2\ThinkPHP\Extend\Model\RelationModel.class.php 第 225 行.
NOTIC: [8] Undefined index: mapping_order E:\wamp\www\text\jw2\ThinkPHP\Extend\Model\RelationModel.class.php 第 188 行.
NOTIC: [8] Undefined index: mapping_limit E:\wamp\www\text\jw2\ThinkPHP\Extend\Model\RelationModel.class.php 第 189 行.
SQL: SELECT b.* FROM jw_advice_attr AS a, jw_attr AS b WHERE a.bid = b.id AND a. aid='3' [ RunTime:0.000209s ]
NOTIC: [8] Undefined variable: relationData E:\wamp\www\text\jw2\ThinkPHP\Extend\Model\RelationModel.class.php 第 225 行.
NOTIC: [8] Undefined index: mapping_order E:\wamp\www\text\jw2\ThinkPHP\Extend\Model\RelationModel.class.php 第 188 行.
NOTIC: [8] Undefined index: mapping_limit E:\wamp\www\text\jw2\ThinkPHP\Extend\Model\RelationModel.class.php 第 189 行.
SQL: SELECT b.* FROM jw_advice_attr AS a, jw_attr AS b WHERE a.bid = b.id AND a. aid='5' [ RunTime:0.000184s ]
NOTIC: [8] Undefined variable: relationData E:\wamp\www\text\jw2\ThinkPHP\Extend\Model\RelationModel.class.php 第 225 行.
INFO: [ view_parse ] --START--
INFO: ParseTemplate Behavior ::run [ RunTime:0.008203s ]
INFO: [ view_parse ] --END-- [ RunTime:0.008302s ]
INFO: [ view_filter ] --START--
INFO: ContentReplace Behavior ::run [ RunTime:0.000516s ]
INFO: TokenBuild Behavior ::run [ RunTime:0.000545s ]
INFO: WriteHtmlCache Behavior ::run [ RunTime:0.000410s ]
INFO: ShowRuntime Behavior ::run [ RunTime:0.000614s ]
INFO: [ view_filter ] --END-- [ RunTime:0.002275s ]
INFO: [ view_end ] --START--
INFO: ShowPageTrace Behavior ::run [ RunTime:0.000811s ]
INFO: [ view_end ] --END-- [ RunTime:0.000879s ]

[ 2015-12-01T19:21:33+08:00 ] 127.0.0.1 /jw2/index.php/Admin/Advice/trach
INFO: [ route_check ] --START--
INFO: CheckRoute Behavior ::run [ RunTime:0.000642s ]
INFO: [ route_check ] --END-- [ RunTime:0.000722s ]
INFO: [ app_begin ] --START--
INFO: ReadHtmlCache Behavior ::run [ RunTime:0.000553s ]
INFO: [ app_begin ] --END-- [ RunTime:0.000616s ]
NOTIC: [8] Use of undefined constant BLONGS_TO - assumed 'BLONGS_TO' E:\wamp\www\text\jw2\ThinkPHP\Common\common.php 第 406 行.
SQL: SHOW COLUMNS FROM `jw_advice` [ RunTime:0.002062s ]
SQL: SELECT `id`,`title`,`direction`,`xzname`,`content`,`time`,`click`,`cid` FROM `jw_advice` WHERE ( `del` = 1 )  [ RunTime:0.000278s ]
INFO: [ view_parse ] --START--
INFO: ParseTemplate Behavior ::run [ RunTime:0.007815s ]
INFO: [ view_parse ] --END-- [ RunTime:0.007886s ]
INFO: [ view_filter ] --START--
INFO: ContentReplace Behavior ::run [ RunTime:0.000413s ]
INFO: TokenBuild Behavior ::run [ RunTime:0.000410s ]
INFO: WriteHtmlCache Behavior ::run [ RunTime:0.000320s ]
INFO: ShowRuntime Behavior ::run [ RunTime:0.000464s ]
INFO: [ view_filter ] --END-- [ RunTime:0.001780s ]
INFO: [ view_end ] --START--
INFO: ShowPageTrace Behavior ::run [ RunTime:0.000518s ]
INFO: [ view_end ] --END-- [ RunTime:0.000582s ]

[ 2015-12-01T19:21:34+08:00 ] 127.0.0.1 /jw2/index.php/Admin/Advice/index
INFO: [ route_check ] --START--
INFO: CheckRoute Behavior ::run [ RunTime:0.000608s ]
INFO: [ route_check ] --END-- [ RunTime:0.000683s ]
INFO: [ app_begin ] --START--
INFO: ReadHtmlCache Behavior ::run [ RunTime:0.000490s ]
INFO: [ app_begin ] --END-- [ RunTime:0.000555s ]
NOTIC: [8] Use of undefined constant BLONGS_TO - assumed 'BLONGS_TO' E:\wamp\www\text\jw2\ThinkPHP\Common\common.php 第 406 行.
SQL: SHOW COLUMNS FROM `jw_advice` [ RunTime:0.002665s ]
SQL: SELECT `id`,`title`,`direction`,`xzname`,`content`,`time`,`click`,`cid` FROM `jw_advice` WHERE ( `del` = 0 )  [ RunTime:0.000291s ]
SQL: SHOW COLUMNS FROM `jw_attr` [ RunTime:0.001995s ]
NOTIC: [8] Undefined index: mapping_order E:\wamp\www\text\jw2\ThinkPHP\Extend\Model\RelationModel.class.php 第 188 行.
NOTIC: [8] Undefined index: mapping_limit E:\wamp\www\text\jw2\ThinkPHP\Extend\Model\RelationModel.class.php 第 189 行.
SQL: SELECT b.* FROM jw_advice_attr AS a, jw_attr AS b WHERE a.bid = b.id AND a. aid='1' [ RunTime:0.000470s ]
SQL: SHOW COLUMNS FROM `jw_cate` [ RunTime:0.002096s ]
NOTIC: [8] Undefined variable: relationData E:\wamp\www\text\jw2\ThinkPHP\Extend\Model\RelationModel.class.php 第 225 行.
NOTIC: [8] Undefined index: mapping_order E:\wamp\www\text\jw2\ThinkPHP\Extend\Model\RelationModel.class.php 第 188 行.
NOTIC: [8] Undefined index: mapping_limit E:\wamp\www\text\jw2\ThinkPHP\Extend\Model\RelationModel.class.php 第 189 行.
SQL: SELECT b.* FROM jw_advice_attr AS a, jw_attr AS b WHERE a.bid = b.id AND a. aid='2' [ RunTime:0.000235s ]
NOTIC: [8] Undefined variable: relationData E:\wamp\www\text\jw2\ThinkPHP\Extend\Model\RelationModel.class.php 第 225 行.
NOTIC: [8] Undefined index: mapping_order E:\wamp\www\text\jw2\ThinkPHP\Extend\Model\RelationModel.class.php 第 188 行.
NOTIC: [8] Undefined index: mapping_limit E:\wamp\www\text\jw2\ThinkPHP\Extend\Model\RelationModel.class.php 第 189 行.
SQL: SELECT b.* FROM jw_advice_attr AS a, jw_attr AS b WHERE a.bid = b.id AND a. aid='3' [ RunTime:0.000195s ]
NOTIC: [8] Undefined variable: relationData E:\wamp\www\text\jw2\ThinkPHP\Extend\Model\RelationModel.class.php 第 225 行.
NOTIC: [8] Undefined index: mapping_order E:\wamp\www\text\jw2\ThinkPHP\Extend\Model\RelationModel.class.php 第 188 行.
NOTIC: [8] Undefined index: mapping_limit E:\wamp\www\text\jw2\ThinkPHP\Extend\Model\RelationModel.class.php 第 189 行.
SQL: SELECT b.* FROM jw_advice_attr AS a, jw_attr AS b WHERE a.bid = b.id AND a. aid='5' [ RunTime:0.000177s ]
NOTIC: [8] Undefined variable: relationData E:\wamp\www\text\jw2\ThinkPHP\Extend\Model\RelationModel.class.php 第 225 行.
INFO: [ view_parse ] --START--
INFO: ParseTemplate Behavior ::run [ RunTime:0.008201s ]
INFO: [ view_parse ] --END-- [ RunTime:0.008303s ]
INFO: [ view_filter ] --START--
INFO: ContentReplace Behavior ::run [ RunTime:0.000428s ]
INFO: TokenBuild Behavior ::run [ RunTime:0.000410s ]
INFO: WriteHtmlCache Behavior ::run [ RunTime:0.000327s ]
INFO: ShowRuntime Behavior ::run [ RunTime:0.000489s ]
INFO: [ view_filter ] --END-- [ RunTime:0.001825s ]
INFO: [ view_end ] --START--
INFO: ShowPageTrace Behavior ::run [ RunTime:0.000539s ]
INFO: [ view_end ] --END-- [ RunTime:0.000600s ]

[ 2015-12-01T19:21:37+08:00 ] 127.0.0.1 /jw2/index.php/Admin/Advice/trach
INFO: [ route_check ] --START--
INFO: CheckRoute Behavior ::run [ RunTime:0.000621s ]
INFO: [ route_check ] --END-- [ RunTime:0.000697s ]
INFO: [ app_begin ] --START--
INFO: ReadHtmlCache Behavior ::run [ RunTime:0.000496s ]
INFO: [ app_begin ] --END-- [ RunTime:0.000560s ]
NOTIC: [8] Use of undefined constant BLONGS_TO - assumed 'BLONGS_TO' E:\wamp\www\text\jw2\ThinkPHP\Common\common.php 第 406 行.
SQL: SHOW COLUMNS FROM `jw_advice` [ RunTime:0.002104s ]
SQL: SELECT `id`,`title`,`direction`,`xzname`,`content`,`time`,`click`,`cid` FROM `jw_advice` WHERE ( `del` = 1 )  [ RunTime:0.000232s ]
INFO: [ view_parse ] --START--
INFO: ParseTemplate Behavior ::run [ RunTime:0.007814s ]
INFO: [ view_parse ] --END-- [ RunTime:0.007884s ]
INFO: [ view_filter ] --START--
INFO: ContentReplace Behavior ::run [ RunTime:0.000471s ]
INFO: TokenBuild Behavior ::run [ RunTime:0.000485s ]
INFO: WriteHtmlCache Behavior ::run [ RunTime:0.000403s ]
INFO: ShowRuntime Behavior ::run [ RunTime:0.000541s ]
INFO: [ view_filter ] --END-- [ RunTime:0.002073s ]
INFO: [ view_end ] --START--
INFO: ShowPageTrace Behavior ::run [ RunTime:0.000620s ]
INFO: [ view_end ] --END-- [ RunTime:0.000682s ]

[ 2015-12-01T19:21:38+08:00 ] 127.0.0.1 /jw2/index.php/Admin/Attribute/index
INFO: [ route_check ] --START--
INFO: CheckRoute Behavior ::run [ RunTime:0.000596s ]
INFO: [ route_check ] --END-- [ RunTime:0.000676s ]
INFO: [ app_begin ] --START--
INFO: ReadHtmlCache Behavior ::run [ RunTime:0.000479s ]
INFO: [ app_begin ] --END-- [ RunTime:0.000545s ]
SQL: SHOW COLUMNS FROM `jw_attr` [ RunTime:0.002034s ]
SQL: SELECT * FROM `jw_attr`  [ RunTime:0.000218s ]
INFO: [ view_parse ] --START--
INFO: ParseTemplate Behavior ::run [ RunTime:0.006182s ]
INFO: [ view_parse ] --END-- [ RunTime:0.006256s ]
INFO: [ view_filter ] --START--
INFO: ContentReplace Behavior ::run [ RunTime:0.000459s ]
INFO: TokenBuild Behavior ::run [ RunTime:0.000522s ]
INFO: WriteHtmlCache Behavior ::run [ RunTime:0.000415s ]
INFO: ShowRuntime Behavior ::run [ RunTime:0.000565s ]
INFO: [ view_filter ] --END-- [ RunTime:0.002135s ]
INFO: [ view_end ] --START--
INFO: ShowPageTrace Behavior ::run [ RunTime:0.000624s ]
INFO: [ view_end ] --END-- [ RunTime:0.000689s ]

[ 2015-12-01T19:21:40+08:00 ] 127.0.0.1 /jw2/index.php/Admin/Attribute/addAttr
INFO: [ route_check ] --START--
INFO: CheckRoute Behavior ::run [ RunTime:0.000692s ]
INFO: [ route_check ] --END-- [ RunTime:0.000770s ]
INFO: [ app_begin ] --START--
INFO: ReadHtmlCache Behavior ::run [ RunTime:0.000503s ]
INFO: [ app_begin ] --END-- [ RunTime:0.000571s ]
INFO: [ view_parse ] --START--
INFO: ParseTemplate Behavior ::run [ RunTime:0.005842s ]
INFO: [ view_parse ] --END-- [ RunTime:0.005921s ]
INFO: [ view_filter ] --START--
INFO: ContentReplace Behavior ::run [ RunTime:0.000468s ]
INFO: TokenBuild Behavior ::run [ RunTime:0.000464s ]
INFO: WriteHtmlCache Behavior ::run [ RunTime:0.000378s ]
INFO: ShowRuntime Behavior ::run [ RunTime:0.000541s ]
INFO: [ view_filter ] --END-- [ RunTime:0.002034s ]
INFO: [ view_end ] --START--
INFO: ShowPageTrace Behavior ::run [ RunTime:0.000552s ]
INFO: [ view_end ] --END-- [ RunTime:0.000616s ]

[ 2015-12-01T19:21:41+08:00 ] 127.0.0.1 /jw2/index.php/Admin/Category/index
INFO: [ route_check ] --START--
INFO: CheckRoute Behavior ::run [ RunTime:0.000607s ]
INFO: [ route_check ] --END-- [ RunTime:0.000683s ]
INFO: [ app_begin ] --START--
INFO: ReadHtmlCache Behavior ::run [ RunTime:0.000484s ]
INFO: [ app_begin ] --END-- [ RunTime:0.000550s ]
SQL: SHOW COLUMNS FROM `jw_cate` [ RunTime:0.002054s ]
SQL: SELECT * FROM `jw_cate` ORDER BY sort ASC  [ RunTime:0.000515s ]
INFO: [ view_parse ] --START--
INFO: ParseTemplate Behavior ::run [ RunTime:0.007702s ]
INFO: [ view_parse ] --END-- [ RunTime:0.007791s ]
INFO: [ view_filter ] --START--
INFO: ContentReplace Behavior ::run [ RunTime:0.000476s ]
INFO: TokenBuild Behavior ::run [ RunTime:0.000444s ]
INFO: WriteHtmlCache Behavior ::run [ RunTime:0.000352s ]
INFO: ShowRuntime Behavior ::run [ RunTime:0.000503s ]
INFO: [ view_filter ] --END-- [ RunTime:0.001948s ]
INFO: [ view_end ] --START--
INFO: ShowPageTrace Behavior ::run [ RunTime:0.000544s ]
INFO: [ view_end ] --END-- [ RunTime:0.000609s ]

[ 2015-12-01T19:21:41+08:00 ] 127.0.0.1 /jw2/index.php/Admin/Category/ys.css
INFO: [ route_check ] --START--
INFO: CheckRoute Behavior ::run [ RunTime:0.000603s ]
INFO: [ route_check ] --END-- [ RunTime:0.000679s ]
INFO: [ app_begin ] --START--
INFO: ReadHtmlCache Behavior ::run [ RunTime:0.000478s ]
INFO: [ app_begin ] --END-- [ RunTime:0.000546s ]
ERR: 非法操作:ys.css

[ 2015-12-01T19:21:44+08:00 ] 127.0.0.1 /jw2/index.php/Admin/Category/addCate
INFO: [ route_check ] --START--
INFO: CheckRoute Behavior ::run [ RunTime:0.000657s ]
INFO: [ route_check ] --END-- [ RunTime:0.000783s ]
INFO: [ app_begin ] --START--
INFO: ReadHtmlCache Behavior ::run [ RunTime:0.000497s ]
INFO: [ app_begin ] --END-- [ RunTime:0.000562s ]
INFO: [ view_parse ] --START--
INFO: ParseTemplate Behavior ::run [ RunTime:0.005765s ]
INFO: [ view_parse ] --END-- [ RunTime:0.005848s ]
INFO: [ view_filter ] --START--
INFO: ContentReplace Behavior ::run [ RunTime:0.000424s ]
INFO: TokenBuild Behavior ::run [ RunTime:0.000425s ]
INFO: WriteHtmlCache Behavior ::run [ RunTime:0.000341s ]
INFO: ShowRuntime Behavior ::run [ RunTime:0.000489s ]
INFO: [ view_filter ] --END-- [ RunTime:0.001849s ]
INFO: [ view_end ] --START--
INFO: ShowPageTrace Behavior ::run [ RunTime:0.000537s ]
INFO: [ view_end ] --END-- [ RunTime:0.000609s ]

[ 2015-12-01T19:21:44+08:00 ] 127.0.0.1 /jw2/index.php/Admin/Category/ys.css
INFO: [ route_check ] --START--
INFO: CheckRoute Behavior ::run [ RunTime:0.000702s ]
INFO: [ route_check ] --END-- [ RunTime:0.000776s ]
INFO: [ app_begin ] --START--
INFO: ReadHtmlCache Behavior ::run [ RunTime:0.000704s ]
INFO: [ app_begin ] --END-- [ RunTime:0.000774s ]
ERR: 非法操作:ys.css

[ 2015-12-01T19:21:45+08:00 ] 127.0.0.1 /jw2/index.php/Admin/System/verify
INFO: [ route_check ] --START--
INFO: CheckRoute Behavior ::run [ RunTime:0.000634s ]
INFO: [ route_check ] --END-- [ RunTime:0.000713s ]
INFO: [ app_begin ] --START--
INFO: ReadHtmlCache Behavior ::run [ RunTime:0.000505s ]
INFO: [ app_begin ] --END-- [ RunTime:0.000571s ]
ERR: 无法加载模块:System

[ 2015-12-01T19:21:47+08:00 ] 127.0.0.1 /jw2/index.php/Admin/Category/addCate
INFO: [ route_check ] --START--
INFO: CheckRoute Behavior ::run [ RunTime:0.000670s ]
INFO: [ route_check ] --END-- [ RunTime:0.000751s ]
INFO: [ app_begin ] --START--
INFO: ReadHtmlCache Behavior ::run [ RunTime:0.000574s ]
INFO: [ app_begin ] --END-- [ RunTime:0.000641s ]
INFO: [ view_parse ] --START--
INFO: ParseTemplate Behavior ::run [ RunTime:0.005669s ]
INFO: [ view_parse ] --END-- [ RunTime:0.005735s ]
INFO: [ view_filter ] --START--
INFO: ContentReplace Behavior ::run [ RunTime:0.000437s ]
INFO: TokenBuild Behavior ::run [ RunTime:0.000430s ]
INFO: WriteHtmlCache Behavior ::run [ RunTime:0.000346s ]
INFO: ShowRuntime Behavior ::run [ RunTime:0.000488s ]
INFO: [ view_filter ] --END-- [ RunTime:0.001876s ]
INFO: [ view_end ] --START--
INFO: ShowPageTrace Behavior ::run [ RunTime:0.000535s ]
INFO: [ view_end ] --END-- [ RunTime:0.000598s ]

[ 2015-12-01T19:21:47+08:00 ] 127.0.0.1 /jw2/index.php/Admin/Category/ys.css
INFO: [ route_check ] --START--
INFO: CheckRoute Behavior ::run [ RunTime:0.000602s ]
INFO: [ route_check ] --END-- [ RunTime:0.000694s ]
INFO: [ app_begin ] --START--
INFO: ReadHtmlCache Behavior ::run [ RunTime:0.000527s ]
INFO: [ app_begin ] --END-- [ RunTime:0.000590s ]
ERR: 非法操作:ys.css

[ 2015-12-01T19:22:11+08:00 ] 127.0.0.1 /jw2/
INFO: [ app_begin ] --START--
INFO: ReadHtmlCache Behavior ::run [ RunTime:0.000550s ]
INFO: [ app_begin ] --END-- [ RunTime:0.000637s ]
NOTIC: [2048] Declaration of IndexAction::show() should be compatible with that of Action::show() E:\wamp\www\text\jw2\JW\Modules\Index\Action\IndexAction.class.php 第 18 行.
INFO: [ view_parse ] --START--
NOTIC: [8] Undefined index: username E:\wamp\www\text\jw2\JW\Runtime\Cache\Index\c02fb85234c57081a27580e176266a3d.php 第 12 行.
INFO: ParseTemplate Behavior ::run [ RunTime:0.007379s ]
INFO: [ view_parse ] --END-- [ RunTime:0.007460s ]
INFO: [ view_filter ] --START--
INFO: ContentReplace Behavior ::run [ RunTime:0.000431s ]
INFO: TokenBuild Behavior ::run [ RunTime:0.000427s ]
INFO: WriteHtmlCache Behavior ::run [ RunTime:0.000342s ]
INFO: ShowRuntime Behavior ::run [ RunTime:0.000482s ]
INFO: [ view_filter ] --END-- [ RunTime:0.001850s ]
INFO: [ view_end ] --START--
INFO: ShowPageTrace Behavior ::run [ RunTime:0.000502s ]
INFO: [ view_end ] --END-- [ RunTime:0.000562s ]

[ 2015-12-01T19:22:20+08:00 ] 127.0.0.1 /jw2/index.php/Index/System/advice
INFO: [ route_check ] --START--
INFO: CheckRoute Behavior ::run [ RunTime:0.000647s ]
INFO: [ route_check ] --END-- [ RunTime:0.000727s ]
INFO: [ app_begin ] --START--
INFO: ReadHtmlCache Behavior ::run [ RunTime:0.000508s ]
INFO: [ app_begin ] --END-- [ RunTime:0.000577s ]
SQL: SHOW COLUMNS FROM `jw_attr` [ RunTime:0.002045s ]
SQL: SELECT * FROM `jw_attr`  [ RunTime:0.000247s ]
INFO: [ view_parse ] --START--
NOTIC: [8] Undefined index: username E:\wamp\www\text\jw2\JW\Runtime\Cache\Index\392bd32d1d331278642d2896397a0ee9.php 第 12 行.
INFO: ParseTemplate Behavior ::run [ RunTime:0.008087s ]
INFO: [ view_parse ] --END-- [ RunTime:0.008170s ]
INFO: [ view_filter ] --START--
INFO: ContentReplace Behavior ::run [ RunTime:0.000398s ]
INFO: TokenBuild Behavior ::run [ RunTime:0.000402s ]
INFO: WriteHtmlCache Behavior ::run [ RunTime:0.000318s ]
INFO: ShowRuntime Behavior ::run [ RunTime:0.000446s ]
INFO: [ view_filter ] --END-- [ RunTime:0.001749s ]
INFO: [ view_end ] --START--
INFO: ShowPageTrace Behavior ::run [ RunTime:0.000533s ]
INFO: [ view_end ] --END-- [ RunTime:0.000597s ]

[ 2015-12-01T19:22:22+08:00 ] 127.0.0.1 /jw2/index.php/Index/System/index
INFO: [ route_check ] --START--
INFO: CheckRoute Behavior ::run [ RunTime:0.000548s ]
INFO: [ route_check ] --END-- [ RunTime:0.000624s ]
INFO: [ app_begin ] --START--
INFO: ReadHtmlCache Behavior ::run [ RunTime:0.000414s ]
INFO: [ app_begin ] --END-- [ RunTime:0.000478s ]
SQL: SHOW COLUMNS FROM `jw_advice` [ RunTime:0.002011s ]
SQL: SELECT * FROM `jw_advice`  [ RunTime:0.000253s ]
INFO: [ view_parse ] --START--
NOTIC: [8] Undefined index: username E:\wamp\www\text\jw2\JW\Runtime\Cache\Index\ac917fa67c364b691cfa3dd945c844ec.php 第 12 行.
INFO: ParseTemplate Behavior ::run [ RunTime:0.007597s ]
INFO: [ view_parse ] --END-- [ RunTime:0.007673s ]
INFO: [ view_filter ] --START--
INFO: ContentReplace Behavior ::run [ RunTime:0.000366s ]
INFO: TokenBuild Behavior ::run [ RunTime:0.000346s ]
INFO: WriteHtmlCache Behavior ::run [ RunTime:0.000302s ]
INFO: ShowRuntime Behavior ::run [ RunTime:0.000445s ]
INFO: [ view_filter ] --END-- [ RunTime:0.001626s ]
INFO: [ view_end ] --START--
INFO: ShowPageTrace Behavior ::run [ RunTime:0.000454s ]
INFO: [ view_end ] --END-- [ RunTime:0.000512s ]

[ 2015-12-01T19:22:24+08:00 ] 127.0.0.1 /jw2/index.php/Index/System/advice
INFO: [ route_check ] --START--
INFO: CheckRoute Behavior ::run [ RunTime:0.000533s ]
INFO: [ route_check ] --END-- [ RunTime:0.000619s ]
INFO: [ app_begin ] --START--
INFO: ReadHtmlCache Behavior ::run [ RunTime:0.000439s ]
INFO: [ app_begin ] --END-- [ RunTime:0.000504s ]
SQL: SHOW COLUMNS FROM `jw_attr` [ RunTime:0.002527s ]
SQL: SELECT * FROM `jw_attr`  [ RunTime:0.000276s ]
INFO: [ view_parse ] --START--
NOTIC: [8] Undefined index: username E:\wamp\www\text\jw2\JW\Runtime\Cache\Index\392bd32d1d331278642d2896397a0ee9.php 第 12 行.
INFO: ParseTemplate Behavior ::run [ RunTime:0.007716s ]
INFO: [ view_parse ] --END-- [ RunTime:0.007795s ]
INFO: [ view_filter ] --START--
INFO: ContentReplace Behavior ::run [ RunTime:0.000337s ]
INFO: TokenBuild Behavior ::run [ RunTime:0.000334s ]
INFO: WriteHtmlCache Behavior ::run [ RunTime:0.000253s ]
INFO: ShowRuntime Behavior ::run [ RunTime:0.000385s ]
INFO: [ view_filter ] --END-- [ RunTime:0.001487s ]
INFO: [ view_end ] --START--
INFO: ShowPageTrace Behavior ::run [ RunTime:0.000434s ]
INFO: [ view_end ] --END-- [ RunTime:0.000495s ]

[ 2015-12-01T19:22:25+08:00 ] 127.0.0.1 /jw2/index.php/Index/System/index
INFO: [ route_check ] --START--
INFO: CheckRoute Behavior ::run [ RunTime:0.000523s ]
INFO: [ route_check ] --END-- [ RunTime:0.000598s ]
INFO: [ app_begin ] --START--
INFO: ReadHtmlCache Behavior ::run [ RunTime:0.000421s ]
INFO: [ app_begin ] --END-- [ RunTime:0.000487s ]
SQL: SHOW COLUMNS FROM `jw_advice` [ RunTime:0.002073s ]
SQL: SELECT * FROM `jw_advice`  [ RunTime:0.000234s ]
INFO: [ view_parse ] --START--
NOTIC: [8] Undefined index: username E:\wamp\www\text\jw2\JW\Runtime\Cache\Index\ac917fa67c364b691cfa3dd945c844ec.php 第 12 行.
INFO: ParseTemplate Behavior ::run [ RunTime:0.007443s ]
INFO: [ view_parse ] --END-- [ RunTime:0.007524s ]
INFO: [ view_filter ] --START--
INFO: ContentReplace Behavior ::run [ RunTime:0.000380s ]
INFO: TokenBuild Behavior ::run [ RunTime:0.000370s ]
INFO: WriteHtmlCache Behavior ::run [ RunTime:0.000287s ]
INFO: ShowRuntime Behavior ::run [ RunTime:0.000387s ]
INFO: [ view_filter ] --END-- [ RunTime:0.001596s ]
INFO: [ view_end ] --START--
INFO: ShowPageTrace Behavior ::run [ RunTime:0.000432s ]
INFO: [ view_end ] --END-- [ RunTime:0.000491s ]

[ 2015-12-01T19:22:27+08:00 ] 127.0.0.1 /jw2/index.php/Index/System/advice
INFO: [ route_check ] --START--
INFO: CheckRoute Behavior ::run [ RunTime:0.000512s ]
INFO: [ route_check ] --END-- [ RunTime:0.000585s ]
INFO: [ app_begin ] --START--
INFO: ReadHtmlCache Behavior ::run [ RunTime:0.000412s ]
INFO: [ app_begin ] --END-- [ RunTime:0.000475s ]
SQL: SHOW COLUMNS FROM `jw_attr` [ RunTime:0.001908s ]
SQL: SELECT * FROM `jw_attr`  [ RunTime:0.000217s ]
INFO: [ view_parse ] --START--
NOTIC: [8] Undefined index: username E:\wamp\www\text\jw2\JW\Runtime\Cache\Index\392bd32d1d331278642d2896397a0ee9.php 第 12 行.
INFO: ParseTemplate Behavior ::run [ RunTime:0.007497s ]
INFO: [ view_parse ] --END-- [ RunTime:0.007577s ]
INFO: [ view_filter ] --START--
INFO: ContentReplace Behavior ::run [ RunTime:0.000465s ]
INFO: TokenBuild Behavior ::run [ RunTime:0.000390s ]
INFO: WriteHtmlCache Behavior ::run [ RunTime:0.000299s ]
INFO: ShowRuntime Behavior ::run [ RunTime:0.000422s ]
INFO: [ view_filter ] --END-- [ RunTime:0.001762s ]
INFO: [ view_end ] --START--
INFO: ShowPageTrace Behavior ::run [ RunTime:0.000462s ]
INFO: [ view_end ] --END-- [ RunTime:0.000523s ]

[ 2015-12-01T19:22:28+08:00 ] 127.0.0.1 /jw2/index.php/Index/System/index
INFO: [ route_check ] --START--
INFO: CheckRoute Behavior ::run [ RunTime:0.000544s ]
INFO: [ route_check ] --END-- [ RunTime:0.000624s ]
INFO: [ app_begin ] --START--
INFO: ReadHtmlCache Behavior ::run [ RunTime:0.000478s ]
INFO: [ app_begin ] --END-- [ RunTime:0.000543s ]
SQL: SHOW COLUMNS FROM `jw_advice` [ RunTime:0.002006s ]
SQL: SELECT * FROM `jw_advice`  [ RunTime:0.000235s ]
INFO: [ view_parse ] --START--
NOTIC: [8] Undefined index: username E:\wamp\www\text\jw2\JW\Runtime\Cache\Index\ac917fa67c364b691cfa3dd945c844ec.php 第 12 行.
INFO: ParseTemplate Behavior ::run [ RunTime:0.007482s ]
INFO: [ view_parse ] --END-- [ RunTime:0.007561s ]
INFO: [ view_filter ] --START--
INFO: ContentReplace Behavior ::run [ RunTime:0.000415s ]
INFO: TokenBuild Behavior ::run [ RunTime:0.000423s ]
INFO: WriteHtmlCache Behavior ::run [ RunTime:0.000343s ]
INFO: ShowRuntime Behavior ::run [ RunTime:0.000478s ]
INFO: [ view_filter ] --END-- [ RunTime:0.001834s ]
INFO: [ view_end ] --START--
INFO: ShowPageTrace Behavior ::run [ RunTime:0.000507s ]
INFO: [ view_end ] --END-- [ RunTime:0.000567s ]

[ 2015-12-01T19:23:12+08:00 ] 127.0.0.1 /jw2/index.php/Index/System/index
INFO: [ route_check ] --START--
INFO: CheckRoute Behavior ::run [ RunTime:0.000524s ]
INFO: [ route_check ] --END-- [ RunTime:0.000600s ]
INFO: [ app_begin ] --START--
INFO: ReadHtmlCache Behavior ::run [ RunTime:0.000437s ]
INFO: [ app_begin ] --END-- [ RunTime:0.000502s ]
SQL: SHOW COLUMNS FROM `jw_advice` [ RunTime:0.002116s ]
SQL: SELECT * FROM `jw_advice`  [ RunTime:0.000264s ]
INFO: [ view_parse ] --START--
NOTIC: [8] Undefined index: username E:\wamp\www\text\jw2\JW\Runtime\Cache\Index\ac917fa67c364b691cfa3dd945c844ec.php 第 12 行.
INFO: ParseTemplate Behavior ::run [ RunTime:0.007593s ]
INFO: [ view_parse ] --END-- [ RunTime:0.007667s ]
INFO: [ view_filter ] --START--
INFO: ContentReplace Behavior ::run [ RunTime:0.000378s ]
INFO: TokenBuild Behavior ::run [ RunTime:0.000332s ]
INFO: WriteHtmlCache Behavior ::run [ RunTime:0.000258s ]
INFO: ShowRuntime Behavior ::run [ RunTime:0.000384s ]
INFO: [ view_filter ] --END-- [ RunTime:0.001525s ]
INFO: [ view_end ] --START--
INFO: ShowPageTrace Behavior ::run [ RunTime:0.000425s ]
INFO: [ view_end ] --END-- [ RunTime:0.000482s ]

[ 2015-12-01T19:28:41+08:00 ] 127.0.0.1 /jw2/index.php/Index/System/index
INFO: [ route_check ] --START--
INFO: CheckRoute Behavior ::run [ RunTime:0.000654s ]
INFO: [ route_check ] --END-- [ RunTime:0.000745s ]
INFO: [ app_begin ] --START--
INFO: ReadHtmlCache Behavior ::run [ RunTime:0.000500s ]
INFO: [ app_begin ] --END-- [ RunTime:0.000567s ]
SQL: SHOW COLUMNS FROM `jw_advice` [ RunTime:0.002364s ]
SQL: SELECT * FROM `jw_advice`  [ RunTime:0.000345s ]
INFO: [ view_parse ] --START--
NOTIC: [8] Undefined index: username E:\wamp\www\text\jw2\JW\Runtime\Cache\Index\ac917fa67c364b691cfa3dd945c844ec.php 第 12 行.
INFO: ParseTemplate Behavior ::run [ RunTime:0.007993s ]
INFO: [ view_parse ] --END-- [ RunTime:0.008091s ]
INFO: [ view_filter ] --START--
INFO: ContentReplace Behavior ::run [ RunTime:0.000421s ]
INFO: TokenBuild Behavior ::run [ RunTime:0.000382s ]
INFO: WriteHtmlCache Behavior ::run [ RunTime:0.000327s ]
INFO: ShowRuntime Behavior ::run [ RunTime:0.000409s ]
INFO: [ view_filter ] --END-- [ RunTime:0.001702s ]
INFO: [ view_end ] --START--
INFO: ShowPageTrace Behavior ::run [ RunTime:0.000453s ]
INFO: [ view_end ] --END-- [ RunTime:0.000510s ]

[ 2015-12-01T19:52:10+08:00 ] 127.0.0.1 /jw2/
INFO: [ app_begin ] --START--
INFO: ReadHtmlCache Behavior ::run [ RunTime:0.000575s ]
INFO: [ app_begin ] --END-- [ RunTime:0.000671s ]
NOTIC: [2048] Declaration of IndexAction::show() should be compatible with that of Action::show() E:\wamp\www\text\jw2\JW\Modules\Index\Action\IndexAction.class.php 第 18 行.
INFO: [ view_parse ] --START--
NOTIC: [8] Undefined index: username E:\wamp\www\text\jw2\JW\Runtime\Cache\Index\c02fb85234c57081a27580e176266a3d.php 第 12 行.
INFO: ParseTemplate Behavior ::run [ RunTime:0.006685s ]
INFO: [ view_parse ] --END-- [ RunTime:0.006751s ]
INFO: [ view_filter ] --START--
INFO: ContentReplace Behavior ::run [ RunTime:0.000389s ]
INFO: TokenBuild Behavior ::run [ RunTime:0.000514s ]
INFO: WriteHtmlCache Behavior ::run [ RunTime:0.000582s ]
INFO: ShowRuntime Behavior ::run [ RunTime:0.000486s ]
INFO: [ view_filter ] --END-- [ RunTime:0.002185s ]
INFO: [ view_end ] --START--
INFO: ShowPageTrace Behavior ::run [ RunTime:0.000547s ]
INFO: [ view_end ] --END-- [ RunTime:0.000612s ]

[ 2015-12-01T19:52:20+08:00 ] 127.0.0.1 /jw2/index.php/Admin
INFO: [ route_check ] --START--
INFO: CheckRoute Behavior ::run [ RunTime:0.000725s ]
INFO: [ route_check ] --END-- [ RunTime:0.000850s ]
INFO: [ app_begin ] --START--
INFO: ReadHtmlCache Behavior ::run [ RunTime:0.000511s ]
INFO: [ app_begin ] --END-- [ RunTime:0.000588s ]
INFO: [ view_parse ] --START--
INFO: ParseTemplate Behavior ::run [ RunTime:0.006633s ]
INFO: [ view_parse ] --END-- [ RunTime:0.006714s ]
INFO: [ view_filter ] --START--
INFO: ContentReplace Behavior ::run [ RunTime:0.000502s ]
INFO: TokenBuild Behavior ::run [ RunTime:0.000591s ]
INFO: WriteHtmlCache Behavior ::run [ RunTime:0.000499s ]
INFO: ShowRuntime Behavior ::run [ RunTime:0.000633s ]
INFO: [ view_filter ] --END-- [ RunTime:0.002401s ]
INFO: [ view_end ] --START--
INFO: ShowPageTrace Behavior ::run [ RunTime:0.000615s ]
INFO: [ view_end ] --END-- [ RunTime:0.000679s ]

[ 2015-12-01T19:52:23+08:00 ] 127.0.0.1 /jw2/index.php/Admin/Advice/index
INFO: [ route_check ] --START--
INFO: CheckRoute Behavior ::run [ RunTime:0.000610s ]
INFO: [ route_check ] --END-- [ RunTime:0.000693s ]
INFO: [ app_begin ] --START--
INFO: ReadHtmlCache Behavior ::run [ RunTime:0.000488s ]
INFO: [ app_begin ] --END-- [ RunTime:0.000558s ]
NOTIC: [8] Use of undefined constant BLONGS_TO - assumed 'BLONGS_TO' E:\wamp\www\text\jw2\ThinkPHP\Common\common.php 第 406 行.
SQL: SHOW COLUMNS FROM `jw_advice` [ RunTime:0.002270s ]
SQL: SELECT `id`,`title`,`direction`,`xzname`,`content`,`time`,`click`,`cid` FROM `jw_advice` WHERE ( `del` = 0 )  [ RunTime:0.000288s ]
SQL: SHOW COLUMNS FROM `jw_attr` [ RunTime:0.001809s ]
NOTIC: [8] Undefined index: mapping_order E:\wamp\www\text\jw2\ThinkPHP\Extend\Model\RelationModel.class.php 第 188 行.
NOTIC: [8] Undefined index: mapping_limit E:\wamp\www\text\jw2\ThinkPHP\Extend\Model\RelationModel.class.php 第 189 行.
SQL: SELECT b.* FROM jw_advice_attr AS a, jw_attr AS b WHERE a.bid = b.id AND a. aid='1' [ RunTime:0.000268s ]
SQL: SHOW COLUMNS FROM `jw_cate` [ RunTime:0.002063s ]
NOTIC: [8] Undefined variable: relationData E:\wamp\www\text\jw2\ThinkPHP\Extend\Model\RelationModel.class.php 第 225 行.
NOTIC: [8] Undefined index: mapping_order E:\wamp\www\text\jw2\ThinkPHP\Extend\Model\RelationModel.class.php 第 188 行.
NOTIC: [8] Undefined index: mapping_limit E:\wamp\www\text\jw2\ThinkPHP\Extend\Model\RelationModel.class.php 第 189 行.
SQL: SELECT b.* FROM jw_advice_attr AS a, jw_attr AS b WHERE a.bid = b.id AND a. aid='2' [ RunTime:0.000298s ]
NOTIC: [8] Undefined variable: relationData E:\wamp\www\text\jw2\ThinkPHP\Extend\Model\RelationModel.class.php 第 225 行.
NOTIC: [8] Undefined index: mapping_order E:\wamp\www\text\jw2\ThinkPHP\Extend\Model\RelationModel.class.php 第 188 行.
NOTIC: [8] Undefined index: mapping_limit E:\wamp\www\text\jw2\ThinkPHP\Extend\Model\RelationModel.class.php 第 189 行.
SQL: SELECT b.* FROM jw_advice_attr AS a, jw_attr AS b WHERE a.bid = b.id AND a. aid='3' [ RunTime:0.000216s ]
NOTIC: [8] Undefined variable: relationData E:\wamp\www\text\jw2\ThinkPHP\Extend\Model\RelationModel.class.php 第 225 行.
NOTIC: [8] Undefined index: mapping_order E:\wamp\www\text\jw2\ThinkPHP\Extend\Model\RelationModel.class.php 第 188 行.
NOTIC: [8] Undefined index: mapping_limit E:\wamp\www\text\jw2\ThinkPHP\Extend\Model\RelationModel.class.php 第 189 行.
SQL: SELECT b.* FROM jw_advice_attr AS a, jw_attr AS b WHERE a.bid = b.id AND a. aid='5' [ RunTime:0.000209s ]
NOTIC: [8] Undefined variable: relationData E:\wamp\www\text\jw2\ThinkPHP\Extend\Model\RelationModel.class.php 第 225 行.
INFO: [ view_parse ] --START--
INFO: ParseTemplate Behavior ::run [ RunTime:0.007704s ]
INFO: [ view_parse ] --END-- [ RunTime:0.007806s ]
INFO: [ view_filter ] --START--
INFO: ContentReplace Behavior ::run [ RunTime:0.000519s ]
INFO: TokenBuild Behavior ::run [ RunTime:0.000468s ]
INFO: WriteHtmlCache Behavior ::run [ RunTime:0.000391s ]
INFO: ShowRuntime Behavior ::run [ RunTime:0.000495s ]
INFO: [ view_filter ] --END-- [ RunTime:0.002029s ]
INFO: [ view_end ] --START--
INFO: ShowPageTrace Behavior ::run [ RunTime:0.000525s ]
INFO: [ view_end ] --END-- [ RunTime:0.000579s ]

[ 2015-12-01T19:52:25+08:00 ] 127.0.0.1 /jw2/index.php/Admin/Category/index
INFO: [ route_check ] --START--
INFO: CheckRoute Behavior ::run [ RunTime:0.000594s ]
INFO: [ route_check ] --END-- [ RunTime:0.000671s ]
INFO: [ app_begin ] --START--
INFO: ReadHtmlCache Behavior ::run [ RunTime:0.000498s ]
INFO: [ app_begin ] --END-- [ RunTime:0.000569s ]
SQL: SHOW COLUMNS FROM `jw_cate` [ RunTime:0.001926s ]
SQL: SELECT * FROM `jw_cate` ORDER BY sort ASC  [ RunTime:0.000230s ]

