[ 2015-12-29T14:21:24+08:00 ] 127.0.0.1 /jw2/
INFO: [ app_begin ] --START--
INFO: ReadHtmlCache Behavior ::run [ RunTime:0.001583s ]
INFO: [ app_begin ] --END-- [ RunTime:0.001799s ]
NOTIC: [2048] Declaration of IndexAction::show() should be compatible with that of Action::show() G:\wamp\wamp\www\text\jw2\JW\Modules\Index\Action\IndexAction.class.php 第 18 行.
INFO: [ view_parse ] --START--
NOTIC: [8] Undefined index: username G:\wamp\wamp\www\text\jw2\JW\Runtime\Cache\Index\c02fb85234c57081a27580e176266a3d.php 第 13 行.
NOTIC: [8] Use of undefined constant php - assumed 'php' G:\wamp\wamp\www\text\jw2\JW\Runtime\Cache\Index\c02fb85234c57081a27580e176266a3d.php 第 28 行.
INFO: ParseTemplate Behavior ::run [ RunTime:0.025332s ]
INFO: [ view_parse ] --END-- [ RunTime:0.025490s ]
INFO: [ view_filter ] --START--
INFO: ContentReplace Behavior ::run [ RunTime:0.001033s ]
INFO: TokenBuild Behavior ::run [ RunTime:0.001028s ]
INFO: WriteHtmlCache Behavior ::run [ RunTime:0.000835s ]
INFO: ShowRuntime Behavior ::run [ RunTime:0.001224s ]
INFO: [ view_filter ] --END-- [ RunTime:0.004511s ]
INFO: [ view_end ] --START--
INFO: ShowPageTrace Behavior ::run [ RunTime:0.001288s ]
INFO: [ view_end ] --END-- [ RunTime:0.001424s ]

[ 2015-12-29T14:21:26+08:00 ] 127.0.0.1 /jw2/Index/Index/logout
INFO: [ route_check ] --START--
INFO: CheckRoute Behavior ::run [ RunTime:0.034666s ]
INFO: [ route_check ] --END-- [ RunTime:0.034862s ]
INFO: [ app_begin ] --START--
INFO: ReadHtmlCache Behavior ::run [ RunTime:0.000874s ]
INFO: [ app_begin ] --END-- [ RunTime:0.000991s ]
NOTIC: [2048] Declaration of IndexAction::show() should be compatible with that of Action::show() G:\wamp\wamp\www\text\jw2\JW\Modules\Index\Action\IndexAction.class.php 第 18 行.

[ 2015-12-29T14:21:27+08:00 ] 127.0.0.1 /jw2/Index/Login
INFO: [ route_check ] --START--
INFO: CheckRoute Behavior ::run [ RunTime:0.000982s ]
INFO: [ route_check ] --END-- [ RunTime:0.001118s ]
INFO: [ app_begin ] --START--
INFO: ReadHtmlCache Behavior ::run [ RunTime:0.000695s ]
INFO: [ app_begin ] --END-- [ RunTime:0.000801s ]
SQL: SHOW COLUMNS FROM `jw_forum` [ RunTime:0.035154s ]
SQL: SELECT * FROM `jw_forum`  [ RunTime:0.000410s ]
INFO: [ view_parse ] --START--
INFO: ParseTemplate Behavior ::run [ RunTime:0.035271s ]
INFO: [ view_parse ] --END-- [ RunTime:0.035449s ]
INFO: [ view_filter ] --START--
INFO: ContentReplace Behavior ::run [ RunTime:0.000661s ]
INFO: TokenBuild Behavior ::run [ RunTime:0.000569s ]
INFO: WriteHtmlCache Behavior ::run [ RunTime:0.000405s ]
INFO: ShowRuntime Behavior ::run [ RunTime:0.000666s ]
INFO: [ view_filter ] --END-- [ RunTime:0.002624s ]
INFO: [ view_end ] --START--
INFO: ShowPageTrace Behavior ::run [ RunTime:0.000707s ]
INFO: [ view_end ] --END-- [ RunTime:0.000804s ]

[ 2015-12-29T14:21:27+08:00 ] 127.0.0.1 /jw2/Index/Login/verify
INFO: [ route_check ] --START--
INFO: CheckRoute Behavior ::run [ RunTime:0.000954s ]
INFO: [ route_check ] --END-- [ RunTime:0.001083s ]
INFO: [ app_begin ] --START--
INFO: ReadHtmlCache Behavior ::run [ RunTime:0.000678s ]
INFO: [ app_begin ] --END-- [ RunTime:0.000779s ]

[ 2015-12-29T14:21:49+08:00 ] 127.0.0.1 /jw2/Index/Login/login
INFO: [ route_check ] --START--
INFO: CheckRoute Behavior ::run [ RunTime:0.001166s ]
INFO: [ route_check ] --END-- [ RunTime:0.001306s ]
INFO: [ app_begin ] --START--
INFO: ReadHtmlCache Behavior ::run [ RunTime:0.000799s ]
INFO: [ app_begin ] --END-- [ RunTime:0.000916s ]
SQL: SHOW COLUMNS FROM `jw_user` [ RunTime:0.507151s ]
SQL: SELECT * FROM `jw_user` WHERE ( `username` = '马莹' ) LIMIT 1   [ RunTime:0.049022s ]
SQL: UPDATE `jw_user` SET `logintime`=1451370109,`loginip`='127.0.0.1' WHERE ( `id` = 3 ) [ RunTime:0.113631s ]

[ 2015-12-29T14:21:49+08:00 ] 127.0.0.1 /jw2/
INFO: [ app_begin ] --START--
INFO: ReadHtmlCache Behavior ::run [ RunTime:0.001689s ]
INFO: [ app_begin ] --END-- [ RunTime:0.001912s ]
NOTIC: [2048] Declaration of IndexAction::show() should be compatible with that of Action::show() G:\wamp\wamp\www\text\jw2\JW\Modules\Index\Action\IndexAction.class.php 第 18 行.
INFO: [ view_parse ] --START--
NOTIC: [8] Use of undefined constant php - assumed 'php' G:\wamp\wamp\www\text\jw2\JW\Runtime\Cache\Index\c02fb85234c57081a27580e176266a3d.php 第 28 行.
INFO: ParseTemplate Behavior ::run [ RunTime:0.014848s ]
INFO: [ view_parse ] --END-- [ RunTime:0.014975s ]
INFO: [ view_filter ] --START--
INFO: ContentReplace Behavior ::run [ RunTime:0.001454s ]
INFO: TokenBuild Behavior ::run [ RunTime:0.000771s ]
INFO: WriteHtmlCache Behavior ::run [ RunTime:0.000494s ]
INFO: ShowRuntime Behavior ::run [ RunTime:0.000768s ]
INFO: [ view_filter ] --END-- [ RunTime:0.003862s ]
INFO: [ view_end ] --START--
INFO: ShowPageTrace Behavior ::run [ RunTime:0.000837s ]
INFO: [ view_end ] --END-- [ RunTime:0.000946s ]

[ 2015-12-29T14:21:51+08:00 ] 127.0.0.1 /jw2/Index/System/advice
INFO: [ route_check ] --START--
INFO: CheckRoute Behavior ::run [ RunTime:0.000993s ]
INFO: [ route_check ] --END-- [ RunTime:0.001124s ]
INFO: [ app_begin ] --START--
INFO: ReadHtmlCache Behavior ::run [ RunTime:0.000695s ]
INFO: [ app_begin ] --END-- [ RunTime:0.000801s ]
SQL: SHOW COLUMNS FROM `jw_attr` [ RunTime:0.068326s ]
SQL: SELECT * FROM `jw_attr`  [ RunTime:0.000395s ]
INFO: [ view_parse ] --START--
NOTIC: [8] Use of undefined constant php - assumed 'php' G:\wamp\wamp\www\text\jw2\JW\Runtime\Cache\Index\392bd32d1d331278642d2896397a0ee9.php 第 28 行.
INFO: ParseTemplate Behavior ::run [ RunTime:0.028833s ]
INFO: [ view_parse ] --END-- [ RunTime:0.028958s ]
INFO: [ view_filter ] --START--
INFO: ContentReplace Behavior ::run [ RunTime:0.000610s ]
INFO: TokenBuild Behavior ::run [ RunTime:0.000557s ]
INFO: WriteHtmlCache Behavior ::run [ RunTime:0.000491s ]
INFO: ShowRuntime Behavior ::run [ RunTime:0.000649s ]
INFO: [ view_filter ] --END-- [ RunTime:0.002589s ]
INFO: [ view_end ] --START--
INFO: ShowPageTrace Behavior ::run [ RunTime:0.000788s ]
INFO: [ view_end ] --END-- [ RunTime:0.000891s ]

[ 2015-12-29T14:24:52+08:00 ] 127.0.0.1 /jw2/Index/Forum/forum
INFO: [ route_check ] --START--
INFO: CheckRoute Behavior ::run [ RunTime:0.001089s ]
INFO: [ route_check ] --END-- [ RunTime:0.001215s ]
INFO: [ app_begin ] --START--
INFO: ReadHtmlCache Behavior ::run [ RunTime:0.000908s ]
INFO: [ app_begin ] --END-- [ RunTime:0.001053s ]
SQL: SHOW COLUMNS FROM `jw_forum` [ RunTime:0.004023s ]
SQL: SELECT * FROM `jw_forum`  [ RunTime:0.000365s ]
SQL: SELECT COUNT(*) AS tp_count FROM `jw_forum` LIMIT 1   [ RunTime:0.027339s ]
INFO: [ view_parse ] --START--
NOTIC: [8] Use of undefined constant php - assumed 'php' G:\wamp\wamp\www\text\jw2\JW\Runtime\Cache\Index\7cb71b68c154dc0d61802663b70af762.php 第 28 行.
INFO: ParseTemplate Behavior ::run [ RunTime:0.016380s ]
INFO: [ view_parse ] --END-- [ RunTime:0.016517s ]
INFO: [ view_filter ] --START--
INFO: ContentReplace Behavior ::run [ RunTime:0.000781s ]
INFO: TokenBuild Behavior ::run [ RunTime:0.000715s ]
INFO: WriteHtmlCache Behavior ::run [ RunTime:0.000513s ]
INFO: ShowRuntime Behavior ::run [ RunTime:0.000731s ]
INFO: [ view_filter ] --END-- [ RunTime:0.003051s ]
INFO: [ view_end ] --START--
INFO: ShowPageTrace Behavior ::run [ RunTime:0.000898s ]
INFO: [ view_end ] --END-- [ RunTime:0.001018s ]

[ 2015-12-29T14:28:22+08:00 ] 127.0.0.1 /jw2/c_1
INFO: [ route_check ] --START--
INFO: CheckRoute Behavior ::run [ RunTime:0.001286s ]
INFO: [ route_check ] --END-- [ RunTime:0.001429s ]
INFO: [ app_begin ] --START--
INFO: ReadHtmlCache Behavior ::run [ RunTime:0.000784s ]
INFO: [ app_begin ] --END-- [ RunTime:0.000910s ]
SQL: SHOW COLUMNS FROM `jw_forum` [ RunTime:0.005529s ]
SQL: SELECT * FROM `jw_forum`  [ RunTime:0.000399s ]
SQL: SELECT COUNT(*) AS tp_count FROM `jw_forum` LIMIT 1   [ RunTime:0.000233s ]
INFO: [ view_parse ] --START--
NOTIC: [8] Use of undefined constant php - assumed 'php' G:\wamp\wamp\www\text\jw2\JW\Runtime\Cache\Index\7cb71b68c154dc0d61802663b70af762.php 第 28 行.
INFO: ParseTemplate Behavior ::run [ RunTime:0.015414s ]
INFO: [ view_parse ] --END-- [ RunTime:0.015543s ]
INFO: [ view_filter ] --START--
INFO: ContentReplace Behavior ::run [ RunTime:0.000615s ]
INFO: TokenBuild Behavior ::run [ RunTime:0.000621s ]
INFO: WriteHtmlCache Behavior ::run [ RunTime:0.000434s ]
INFO: ShowRuntime Behavior ::run [ RunTime:0.000678s ]
INFO: [ view_filter ] --END-- [ RunTime:0.002608s ]
INFO: [ view_end ] --START--
INFO: ShowPageTrace Behavior ::run [ RunTime:0.000866s ]
INFO: [ view_end ] --END-- [ RunTime:0.000964s ]

[ 2015-12-29T14:28:32+08:00 ] 127.0.0.1 /jw2/1
INFO: [ route_check ] --START--
INFO: CheckRoute Behavior ::run [ RunTime:0.001936s ]
INFO: [ route_check ] --END-- [ RunTime:0.002423s ]
INFO: [ app_begin ] --START--
INFO: ReadHtmlCache Behavior ::run [ RunTime:0.000767s ]
INFO: [ app_begin ] --END-- [ RunTime:0.000911s ]
SQL: SHOW COLUMNS FROM `jw_user` [ RunTime:0.005915s ]
SQL: SELECT * FROM `jw_user` WHERE ( `id` = 1 )  [ RunTime:0.000472s ]
SQL: SHOW COLUMNS FROM `jw_forum` [ RunTime:0.004523s ]
SQL: SELECT forum.content AS content,forum.time AS time,user.id AS id,user.username AS username,user.img AS img FROM jw_forum forum LEFT JOIN jw_user user ON forum.user_id=user.id WHERE ( user.id = 1 )  [ RunTime:0.015114s ]
SQL: SHOW COLUMNS FROM `jw_answer` [ RunTime:0.031039s ]
SQL: SELECT answer.id AS id,answer.content AS content,answer.time AS time,forum.user_id AS user_id FROM jw_answer answer LEFT JOIN jw_forum forum ON answer.forum_id=forum.id WHERE ( `forum_id` = 1 )  [ RunTime:0.000657s ]

[ 2015-12-29T14:32:24+08:00 ] 127.0.0.1 /jw2/2
INFO: [ route_check ] --START--
INFO: CheckRoute Behavior ::run [ RunTime:0.001219s ]
INFO: [ route_check ] --END-- [ RunTime:0.001356s ]
INFO: [ app_begin ] --START--
INFO: ReadHtmlCache Behavior ::run [ RunTime:0.001369s ]
INFO: [ app_begin ] --END-- [ RunTime:0.001797s ]
SQL: SHOW COLUMNS FROM `jw_user` [ RunTime:0.006702s ]
SQL: SELECT * FROM `jw_user` WHERE ( `id` = 2 )  [ RunTime:0.000530s ]
SQL: SHOW COLUMNS FROM `jw_forum` [ RunTime:0.004938s ]
SQL: SELECT forum.content AS content,forum.time AS time,user.id AS id,user.username AS username,user.img AS img FROM jw_forum forum LEFT JOIN jw_user user ON forum.user_id=user.id WHERE ( user.id = 2 )  [ RunTime:0.000473s ]
SQL: SHOW COLUMNS FROM `jw_answer` [ RunTime:0.005700s ]
SQL: SELECT answer.id AS id,answer.content AS content,answer.time AS time,forum.user_id AS user_id FROM jw_answer answer LEFT JOIN jw_forum forum ON answer.forum_id=forum.id WHERE ( `forum_id` = 2 )  [ RunTime:0.000470s ]

[ 2015-12-29T14:32:28+08:00 ] 127.0.0.1 /jw2/2
INFO: [ route_check ] --START--
INFO: CheckRoute Behavior ::run [ RunTime:0.000997s ]
INFO: [ route_check ] --END-- [ RunTime:0.001122s ]
INFO: [ app_begin ] --START--
INFO: ReadHtmlCache Behavior ::run [ RunTime:0.000694s ]
INFO: [ app_begin ] --END-- [ RunTime:0.000819s ]
SQL: SHOW COLUMNS FROM `jw_user` [ RunTime:0.004088s ]
SQL: SELECT * FROM `jw_user` WHERE ( `id` = 2 )  [ RunTime:0.000351s ]
SQL: SHOW COLUMNS FROM `jw_forum` [ RunTime:0.004863s ]
SQL: SELECT forum.content AS content,forum.time AS time,user.id AS id,user.username AS username,user.img AS img FROM jw_forum forum LEFT JOIN jw_user user ON forum.user_id=user.id WHERE ( user.id = 2 )  [ RunTime:0.000384s ]
SQL: SHOW COLUMNS FROM `jw_answer` [ RunTime:0.004340s ]
SQL: SELECT answer.id AS id,answer.content AS content,answer.time AS time,forum.user_id AS user_id FROM jw_answer answer LEFT JOIN jw_forum forum ON answer.forum_id=forum.id WHERE ( `forum_id` = 2 )  [ RunTime:0.000343s ]

[ 2015-12-29T14:37:57+08:00 ] 127.0.0.1 /jw2/c_1
INFO: [ route_check ] --START--
INFO: CheckRoute Behavior ::run [ RunTime:0.001483s ]
INFO: [ route_check ] --END-- [ RunTime:0.001631s ]
INFO: [ app_begin ] --START--
INFO: ReadHtmlCache Behavior ::run [ RunTime:0.000860s ]
INFO: [ app_begin ] --END-- [ RunTime:0.001024s ]
SQL: SHOW COLUMNS FROM `jw_forum` [ RunTime:0.004481s ]
SQL: SELECT * FROM `jw_forum`  [ RunTime:0.000407s ]
SQL: SELECT COUNT(*) AS tp_count FROM `jw_forum` LIMIT 1   [ RunTime:0.000214s ]
INFO: [ view_parse ] --START--
NOTIC: [8] Use of undefined constant php - assumed 'php' G:\wamp\wamp\www\text\jw2\JW\Runtime\Cache\Index\7cb71b68c154dc0d61802663b70af762.php 第 28 行.
INFO: ParseTemplate Behavior ::run [ RunTime:0.017222s ]
INFO: [ view_parse ] --END-- [ RunTime:0.017405s ]
INFO: [ view_filter ] --START--
INFO: ContentReplace Behavior ::run [ RunTime:0.000663s ]
INFO: TokenBuild Behavior ::run [ RunTime:0.000581s ]
INFO: WriteHtmlCache Behavior ::run [ RunTime:0.000481s ]
INFO: ShowRuntime Behavior ::run [ RunTime:0.000814s ]
INFO: [ view_filter ] --END-- [ RunTime:0.002839s ]
INFO: [ view_end ] --START--
INFO: ShowPageTrace Behavior ::run [ RunTime:0.001007s ]
INFO: [ view_end ] --END-- [ RunTime:0.001129s ]

[ 2015-12-29T14:37:59+08:00 ] 127.0.0.1 /jw2/3
INFO: [ route_check ] --START--
INFO: CheckRoute Behavior ::run [ RunTime:0.001358s ]
INFO: [ route_check ] --END-- [ RunTime:0.001589s ]
INFO: [ app_begin ] --START--
INFO: ReadHtmlCache Behavior ::run [ RunTime:0.000832s ]
INFO: [ app_begin ] --END-- [ RunTime:0.000972s ]

[ 2015-12-29T14:38:02+08:00 ] 127.0.0.1 /jw2/3
INFO: [ route_check ] --START--
INFO: CheckRoute Behavior ::run [ RunTime:0.001045s ]
INFO: [ route_check ] --END-- [ RunTime:0.001173s ]
INFO: [ app_begin ] --START--
INFO: ReadHtmlCache Behavior ::run [ RunTime:0.000680s ]
INFO: [ app_begin ] --END-- [ RunTime:0.000799s ]

[ 2015-12-29T14:55:36+08:00 ] 127.0.0.1 /jw2/c_1
INFO: [ route_check ] --START--
INFO: CheckRoute Behavior ::run [ RunTime:0.001154s ]
INFO: [ route_check ] --END-- [ RunTime:0.001286s ]
INFO: [ app_begin ] --START--
INFO: ReadHtmlCache Behavior ::run [ RunTime:0.001766s ]
INFO: [ app_begin ] --END-- [ RunTime:0.001924s ]
SQL: SHOW COLUMNS FROM `jw_forum` [ RunTime:0.003925s ]
SQL: SELECT * FROM `jw_forum`  [ RunTime:0.000369s ]
SQL: SELECT COUNT(*) AS tp_count FROM `jw_forum` LIMIT 1   [ RunTime:0.000231s ]
INFO: [ view_parse ] --START--
NOTIC: [8] Use of undefined constant php - assumed 'php' G:\wamp\wamp\www\text\jw2\JW\Runtime\Cache\Index\7cb71b68c154dc0d61802663b70af762.php 第 28 行.
INFO: ParseTemplate Behavior ::run [ RunTime:0.016223s ]
INFO: [ view_parse ] --END-- [ RunTime:0.016351s ]
INFO: [ view_filter ] --START--
INFO: ContentReplace Behavior ::run [ RunTime:0.000629s ]
INFO: TokenBuild Behavior ::run [ RunTime:0.000563s ]
INFO: WriteHtmlCache Behavior ::run [ RunTime:0.000446s ]
INFO: ShowRuntime Behavior ::run [ RunTime:0.000656s ]
INFO: [ view_filter ] --END-- [ RunTime:0.002598s ]
INFO: [ view_end ] --START--
INFO: ShowPageTrace Behavior ::run [ RunTime:0.000722s ]
INFO: [ view_end ] --END-- [ RunTime:0.000829s ]

[ 2015-12-29T14:55:38+08:00 ] 127.0.0.1 /jw2/1
INFO: [ route_check ] --START--
INFO: CheckRoute Behavior ::run [ RunTime:0.001676s ]
INFO: [ route_check ] --END-- [ RunTime:0.001874s ]
INFO: [ app_begin ] --START--
INFO: ReadHtmlCache Behavior ::run [ RunTime:0.000796s ]
INFO: [ app_begin ] --END-- [ RunTime:0.000968s ]
SQL: SHOW COLUMNS FROM `jw_user` [ RunTime:0.005542s ]
SQL: SELECT * FROM `jw_user` WHERE ( `id` = 1 )  [ RunTime:0.000822s ]
SQL: SHOW COLUMNS FROM `jw_forum` [ RunTime:0.004827s ]
SQL: SELECT forum.content AS content,forum.time AS time,user.id AS id,user.username AS username,user.img AS img FROM jw_forum forum LEFT JOIN jw_user user ON forum.user_id=user.id WHERE ( user.id = 1 )  [ RunTime:0.000439s ]
SQL: SHOW COLUMNS FROM `jw_answer` [ RunTime:0.003937s ]
SQL: SELECT answer.id AS id,answer.content AS content,answer.time AS time,forum.user_id AS user_id FROM jw_answer answer LEFT JOIN jw_forum forum ON answer.forum_id=forum.id WHERE ( `forum_id` = 1 )  [ RunTime:0.000986s ]

[ 2015-12-29T15:02:17+08:00 ] 127.0.0.1 /jw2/1
INFO: [ route_check ] --START--
INFO: CheckRoute Behavior ::run [ RunTime:0.002569s ]
INFO: [ route_check ] --END-- [ RunTime:0.002720s ]
INFO: [ app_begin ] --START--
INFO: ReadHtmlCache Behavior ::run [ RunTime:0.000986s ]
INFO: [ app_begin ] --END-- [ RunTime:0.001115s ]
SQL: SHOW COLUMNS FROM `jw_user` [ RunTime:0.005262s ]
SQL: SELECT * FROM `jw_user` WHERE ( `id` = 1 )  [ RunTime:0.000418s ]
SQL: SHOW COLUMNS FROM `jw_forum` [ RunTime:0.004193s ]
SQL: SELECT forum.content AS content,forum.time AS time,user.id AS id,user.username AS username,user.img AS img FROM jw_forum forum LEFT JOIN jw_user user ON forum.user_id=user.id WHERE ( user.id = 1 )  [ RunTime:0.000441s ]
SQL: SHOW COLUMNS FROM `jw_answer` [ RunTime:0.005230s ]
SQL: SELECT answer.id AS id,answer.content AS content,answer.time AS time,forum.user_id AS user_id FROM jw_answer answer LEFT JOIN jw_forum forum ON answer.forum_id=forum.id WHERE ( `forum_id` = 1 )  [ RunTime:0.000402s ]
SQL: SELECT user.id AS id,user.username AS username,user.img AS img,answer.user_id AS user_id FROM jw_user user LEFT JOIN jw_answer answer ON user.id=answer.user_id WHERE ( `forum_id` = 1 )  [ RunTime:0.000352s ]
INFO: [ view_parse ] --START--
NOTIC: [8] Use of undefined constant php - assumed 'php' G:\wamp\wamp\www\text\jw2\JW\Runtime\Cache\Index\7fd7366e44b72c25fe3fd6f21ff98f22.php 第 28 行.
NOTIC: [8] Undefined variable: page G:\wamp\wamp\www\text\jw2\JW\Runtime\Cache\Index\7fd7366e44b72c25fe3fd6f21ff98f22.php 第 85 行.
NOTIC: [8] Undefined variable: answer G:\wamp\wamp\www\text\jw2\JW\Runtime\Cache\Index\7fd7366e44b72c25fe3fd6f21ff98f22.php 第 133 行.
INFO: ParseTemplate Behavior ::run [ RunTime:0.021994s ]
INFO: [ view_parse ] --END-- [ RunTime:0.022120s ]
INFO: [ view_filter ] --START--
INFO: ContentReplace Behavior ::run [ RunTime:0.000622s ]
INFO: TokenBuild Behavior ::run [ RunTime:0.000600s ]
INFO: WriteHtmlCache Behavior ::run [ RunTime:0.000449s ]
INFO: ShowRuntime Behavior ::run [ RunTime:0.000656s ]
INFO: [ view_filter ] --END-- [ RunTime:0.002609s ]
INFO: [ view_end ] --START--
INFO: ShowPageTrace Behavior ::run [ RunTime:0.000746s ]
INFO: [ view_end ] --END-- [ RunTime:0.000845s ]

[ 2015-12-29T15:03:03+08:00 ] 127.0.0.1 /jw2/1
INFO: [ route_check ] --START--
INFO: CheckRoute Behavior ::run [ RunTime:0.003473s ]
INFO: [ route_check ] --END-- [ RunTime:0.003630s ]
INFO: [ app_begin ] --START--
INFO: ReadHtmlCache Behavior ::run [ RunTime:0.001223s ]
INFO: [ app_begin ] --END-- [ RunTime:0.001352s ]
SQL: SHOW COLUMNS FROM `jw_user` [ RunTime:0.004434s ]
SQL: SELECT * FROM `jw_user` WHERE ( `id` = 1 )  [ RunTime:0.000371s ]
SQL: SHOW COLUMNS FROM `jw_forum` [ RunTime:0.004003s ]
SQL: SELECT forum.content AS content,forum.time AS time,user.id AS id,user.username AS username,user.img AS img FROM jw_forum forum LEFT JOIN jw_user user ON forum.user_id=user.id WHERE ( user.id = 1 )  [ RunTime:0.000444s ]
SQL: SHOW COLUMNS FROM `jw_answer` [ RunTime:0.004142s ]
SQL: SELECT answer.id AS id,answer.content AS content,answer.time AS time,forum.user_id AS user_id FROM jw_answer answer LEFT JOIN jw_forum forum ON answer.forum_id=forum.id WHERE ( `forum_id` = 1 )  [ RunTime:0.000370s ]
SQL: SELECT user.id AS id,user.username AS username,user.img AS img,answer.user_id AS user_id FROM jw_user user LEFT JOIN jw_answer answer ON user.id=answer.user_id WHERE ( `forum_id` = 1 )  [ RunTime:0.000341s ]
INFO: [ view_parse ] --START--
NOTIC: [8] Use of undefined constant php - assumed 'php' G:\wamp\wamp\www\text\jw2\JW\Runtime\Cache\Index\7fd7366e44b72c25fe3fd6f21ff98f22.php 第 28 行.
NOTIC: [8] Undefined variable: page G:\wamp\wamp\www\text\jw2\JW\Runtime\Cache\Index\7fd7366e44b72c25fe3fd6f21ff98f22.php 第 85 行.
NOTIC: [8] Undefined variable: answer G:\wamp\wamp\www\text\jw2\JW\Runtime\Cache\Index\7fd7366e44b72c25fe3fd6f21ff98f22.php 第 133 行.
INFO: ParseTemplate Behavior ::run [ RunTime:0.025271s ]
INFO: [ view_parse ] --END-- [ RunTime:0.025381s ]
INFO: [ view_filter ] --START--
INFO: ContentReplace Behavior ::run [ RunTime:0.000759s ]
INFO: TokenBuild Behavior ::run [ RunTime:0.000672s ]
INFO: WriteHtmlCache Behavior ::run [ RunTime:0.000551s ]
INFO: ShowRuntime Behavior ::run [ RunTime:0.000729s ]
INFO: [ view_filter ] --END-- [ RunTime:0.002976s ]
INFO: [ view_end ] --START--
INFO: ShowPageTrace Behavior ::run [ RunTime:0.000849s ]
INFO: [ view_end ] --END-- [ RunTime:0.001038s ]

