[ 2015-12-23T12:03:57+08:00 ] 127.0.0.1 /jw2/
INFO: [ app_begin ] --START--
INFO: ReadHtmlCache Behavior ::run [ RunTime:0.001327s ]
INFO: [ app_begin ] --END-- [ RunTime:0.001464s ]
NOTIC: [2048] Declaration of IndexAction::show() should be compatible with that of Action::show() G:\wamp\wamp\www\text\jw2\JW\Modules\Index\Action\IndexAction.class.php 第 18 行.
INFO: [ view_parse ] --START--
NOTIC: [8] Undefined index: username G:\wamp\wamp\www\text\jw2\JW\Runtime\Cache\Index\c02fb85234c57081a27580e176266a3d.php 第 13 行.
NOTIC: [8] Use of undefined constant php - assumed 'php' G:\wamp\wamp\www\text\jw2\JW\Runtime\Cache\Index\c02fb85234c57081a27580e176266a3d.php 第 28 行.
INFO: ParseTemplate Behavior ::run [ RunTime:0.037940s ]
INFO: [ view_parse ] --END-- [ RunTime:0.038063s ]
INFO: [ view_filter ] --START--
INFO: ContentReplace Behavior ::run [ RunTime:0.000884s ]
INFO: TokenBuild Behavior ::run [ RunTime:0.000873s ]
INFO: WriteHtmlCache Behavior ::run [ RunTime:0.000842s ]
INFO: ShowRuntime Behavior ::run [ RunTime:0.001866s ]
INFO: [ view_filter ] --END-- [ RunTime:0.004777s ]
INFO: [ view_end ] --START--
INFO: ShowPageTrace Behavior ::run [ RunTime:0.001164s ]
INFO: [ view_end ] --END-- [ RunTime:0.001276s ]

[ 2015-12-23T12:04:01+08:00 ] 127.0.0.1 /jw2/Index/Forum/forum
INFO: [ route_check ] --START--
INFO: CheckRoute Behavior ::run [ RunTime:0.076285s ]
INFO: [ route_check ] --END-- [ RunTime:0.076437s ]
INFO: [ app_begin ] --START--
INFO: ReadHtmlCache Behavior ::run [ RunTime:0.000811s ]
INFO: [ app_begin ] --END-- [ RunTime:0.000915s ]
SQL: SHOW COLUMNS FROM `jw_forum` [ RunTime:0.004040s ]
ERR: 1146:Table 'jwroom.jw_forum' doesn't exist
 [ SQL语句 ] : SHOW COLUMNS FROM `jw_forum`
SQL: SELECT * FROM `jw_forum`  [ RunTime:0.000310s ]
ERR: 1146:Table 'jwroom.jw_forum' doesn't exist
 [ SQL语句 ] : SELECT * FROM `jw_forum` 
SQL: SELECT COUNT(*) AS tp_count FROM `jw_forum` LIMIT 1   [ RunTime:0.038806s ]
ERR: 1146:Table 'jwroom.jw_forum' doesn't exist
 [ SQL语句 ] : SELECT COUNT(*) AS tp_count FROM `jw_forum` LIMIT 1  
INFO: [ view_parse ] --START--
NOTIC: [8] Undefined index: username G:\wamp\wamp\www\text\jw2\JW\Runtime\Cache\Index\7cb71b68c154dc0d61802663b70af762.php 第 13 行.
NOTIC: [8] Use of undefined constant php - assumed 'php' G:\wamp\wamp\www\text\jw2\JW\Runtime\Cache\Index\7cb71b68c154dc0d61802663b70af762.php 第 28 行.
INFO: ParseTemplate Behavior ::run [ RunTime:0.053981s ]
INFO: [ view_parse ] --END-- [ RunTime:0.054168s ]
INFO: [ view_filter ] --START--
INFO: ContentReplace Behavior ::run [ RunTime:0.000903s ]
INFO: TokenBuild Behavior ::run [ RunTime:0.001268s ]
INFO: WriteHtmlCache Behavior ::run [ RunTime:0.000670s ]
INFO: ShowRuntime Behavior ::run [ RunTime:0.000700s ]
INFO: [ view_filter ] --END-- [ RunTime:0.004014s ]
INFO: [ view_end ] --START--
INFO: ShowPageTrace Behavior ::run [ RunTime:0.000957s ]
INFO: [ view_end ] --END-- [ RunTime:0.001086s ]

[ 2015-12-23T12:04:06+08:00 ] 127.0.0.1 /jw2/Index/Forum/forum
INFO: [ route_check ] --START--
INFO: CheckRoute Behavior ::run [ RunTime:0.001121s ]
INFO: [ route_check ] --END-- [ RunTime:0.001312s ]
INFO: [ app_begin ] --START--
INFO: ReadHtmlCache Behavior ::run [ RunTime:0.000737s ]
INFO: [ app_begin ] --END-- [ RunTime:0.000846s ]
SQL: SHOW COLUMNS FROM `jw_forum` [ RunTime:0.004661s ]
ERR: 1146:Table 'jwroom.jw_forum' doesn't exist
 [ SQL语句 ] : SHOW COLUMNS FROM `jw_forum`
SQL: SELECT * FROM `jw_forum`  [ RunTime:0.000494s ]
ERR: 1146:Table 'jwroom.jw_forum' doesn't exist
 [ SQL语句 ] : SELECT * FROM `jw_forum` 
SQL: SELECT COUNT(*) AS tp_count FROM `jw_forum` LIMIT 1   [ RunTime:0.000271s ]
ERR: 1146:Table 'jwroom.jw_forum' doesn't exist
 [ SQL语句 ] : SELECT COUNT(*) AS tp_count FROM `jw_forum` LIMIT 1  
INFO: [ view_parse ] --START--
NOTIC: [8] Undefined index: username G:\wamp\wamp\www\text\jw2\JW\Runtime\Cache\Index\7cb71b68c154dc0d61802663b70af762.php 第 13 行.
NOTIC: [8] Use of undefined constant php - assumed 'php' G:\wamp\wamp\www\text\jw2\JW\Runtime\Cache\Index\7cb71b68c154dc0d61802663b70af762.php 第 28 行.
INFO: ParseTemplate Behavior ::run [ RunTime:0.015344s ]
INFO: [ view_parse ] --END-- [ RunTime:0.015475s ]
INFO: [ view_filter ] --START--
INFO: ContentReplace Behavior ::run [ RunTime:0.000761s ]
INFO: TokenBuild Behavior ::run [ RunTime:0.000733s ]
INFO: WriteHtmlCache Behavior ::run [ RunTime:0.000538s ]
INFO: ShowRuntime Behavior ::run [ RunTime:0.000663s ]
INFO: [ view_filter ] --END-- [ RunTime:0.003064s ]
INFO: [ view_end ] --START--
INFO: ShowPageTrace Behavior ::run [ RunTime:0.000749s ]
INFO: [ view_end ] --END-- [ RunTime:0.000841s ]

[ 2015-12-23T12:04:07+08:00 ] 127.0.0.1 /jw2/Index/Forum/forum
INFO: [ route_check ] --START--
INFO: CheckRoute Behavior ::run [ RunTime:0.001082s ]
INFO: [ route_check ] --END-- [ RunTime:0.001232s ]
INFO: [ app_begin ] --START--
INFO: ReadHtmlCache Behavior ::run [ RunTime:0.000843s ]
INFO: [ app_begin ] --END-- [ RunTime:0.000993s ]
SQL: SHOW COLUMNS FROM `jw_forum` [ RunTime:0.003954s ]
ERR: 1146:Table 'jwroom.jw_forum' doesn't exist
 [ SQL语句 ] : SHOW COLUMNS FROM `jw_forum`
SQL: SELECT * FROM `jw_forum`  [ RunTime:0.000341s ]
ERR: 1146:Table 'jwroom.jw_forum' doesn't exist
 [ SQL语句 ] : SELECT * FROM `jw_forum` 
SQL: SELECT COUNT(*) AS tp_count FROM `jw_forum` LIMIT 1   [ RunTime:0.000300s ]
ERR: 1146:Table 'jwroom.jw_forum' doesn't exist
 [ SQL语句 ] : SELECT COUNT(*) AS tp_count FROM `jw_forum` LIMIT 1  
INFO: [ view_parse ] --START--
NOTIC: [8] Undefined index: username G:\wamp\wamp\www\text\jw2\JW\Runtime\Cache\Index\7cb71b68c154dc0d61802663b70af762.php 第 13 行.
NOTIC: [8] Use of undefined constant php - assumed 'php' G:\wamp\wamp\www\text\jw2\JW\Runtime\Cache\Index\7cb71b68c154dc0d61802663b70af762.php 第 28 行.
INFO: ParseTemplate Behavior ::run [ RunTime:0.014915s ]
INFO: [ view_parse ] --END-- [ RunTime:0.015050s ]
INFO: [ view_filter ] --START--
INFO: ContentReplace Behavior ::run [ RunTime:0.000583s ]
INFO: TokenBuild Behavior ::run [ RunTime:0.000491s ]
INFO: WriteHtmlCache Behavior ::run [ RunTime:0.000382s ]
INFO: ShowRuntime Behavior ::run [ RunTime:0.000567s ]
INFO: [ view_filter ] --END-- [ RunTime:0.002312s ]
INFO: [ view_end ] --START--
INFO: ShowPageTrace Behavior ::run [ RunTime:0.000700s ]
INFO: [ view_end ] --END-- [ RunTime:0.000798s ]

[ 2015-12-23T12:04:09+08:00 ] 127.0.0.1 /jw2/Index/Person/person
INFO: [ route_check ] --START--
INFO: CheckRoute Behavior ::run [ RunTime:0.001395s ]
INFO: [ route_check ] --END-- [ RunTime:0.001541s ]
INFO: [ app_begin ] --START--
INFO: ReadHtmlCache Behavior ::run [ RunTime:0.000803s ]
INFO: [ app_begin ] --END-- [ RunTime:0.000934s ]
SQL: SHOW COLUMNS FROM `jw_user` [ RunTime:0.054578s ]
NOTIC: [8] Undefined index: username G:\wamp\wamp\www\text\jw2\JW\Modules\Index\Action\PersonAction.class.php 第 4 行.
SQL: SELECT * FROM `jw_user` WHERE ( `username` = null )  [ RunTime:0.032988s ]
INFO: [ view_parse ] --START--
NOTIC: [8] Undefined index: username G:\wamp\wamp\www\text\jw2\JW\Runtime\Cache\Index\bbb369b9d8725270d6b2c30434e39a57.php 第 13 行.
NOTIC: [8] Use of undefined constant php - assumed 'php' G:\wamp\wamp\www\text\jw2\JW\Runtime\Cache\Index\bbb369b9d8725270d6b2c30434e39a57.php 第 28 行.
INFO: ParseTemplate Behavior ::run [ RunTime:0.025835s ]
INFO: [ view_parse ] --END-- [ RunTime:0.026014s ]
INFO: [ view_filter ] --START--
INFO: ContentReplace Behavior ::run [ RunTime:0.000699s ]
INFO: TokenBuild Behavior ::run [ RunTime:0.000649s ]
INFO: WriteHtmlCache Behavior ::run [ RunTime:0.000575s ]
INFO: ShowRuntime Behavior ::run [ RunTime:0.000811s ]
INFO: [ view_filter ] --END-- [ RunTime:0.003118s ]
INFO: [ view_end ] --START--
INFO: ShowPageTrace Behavior ::run [ RunTime:0.000957s ]
INFO: [ view_end ] --END-- [ RunTime:0.001090s ]

[ 2015-12-23T12:04:13+08:00 ] 127.0.0.1 /jw2/Index/Index/logout
INFO: [ route_check ] --START--
INFO: CheckRoute Behavior ::run [ RunTime:0.001374s ]
INFO: [ route_check ] --END-- [ RunTime:0.001552s ]
INFO: [ app_begin ] --START--
INFO: ReadHtmlCache Behavior ::run [ RunTime:0.000951s ]
INFO: [ app_begin ] --END-- [ RunTime:0.001120s ]
NOTIC: [2048] Declaration of IndexAction::show() should be compatible with that of Action::show() G:\wamp\wamp\www\text\jw2\JW\Modules\Index\Action\IndexAction.class.php 第 18 行.

[ 2015-12-23T12:04:13+08:00 ] 127.0.0.1 /jw2/Index/Login
INFO: [ route_check ] --START--
INFO: CheckRoute Behavior ::run [ RunTime:0.001462s ]
INFO: [ route_check ] --END-- [ RunTime:0.001682s ]
INFO: [ app_begin ] --START--
INFO: ReadHtmlCache Behavior ::run [ RunTime:0.001093s ]
INFO: [ app_begin ] --END-- [ RunTime:0.001296s ]
SQL: SHOW COLUMNS FROM `jw_forum` [ RunTime:0.005772s ]
ERR: 1146:Table 'jwroom.jw_forum' doesn't exist
 [ SQL语句 ] : SHOW COLUMNS FROM `jw_forum`
SQL: SELECT * FROM `jw_forum`  [ RunTime:0.000514s ]
ERR: 1146:Table 'jwroom.jw_forum' doesn't exist
 [ SQL语句 ] : SELECT * FROM `jw_forum` 
INFO: [ view_parse ] --START--
INFO: ParseTemplate Behavior ::run [ RunTime:0.035328s ]
INFO: [ view_parse ] --END-- [ RunTime:0.035531s ]
INFO: [ view_filter ] --START--
INFO: ContentReplace Behavior ::run [ RunTime:0.000617s ]
INFO: TokenBuild Behavior ::run [ RunTime:0.000555s ]
INFO: WriteHtmlCache Behavior ::run [ RunTime:0.000414s ]
INFO: ShowRuntime Behavior ::run [ RunTime:0.000631s ]
INFO: [ view_filter ] --END-- [ RunTime:0.002501s ]
INFO: [ view_end ] --START--
INFO: ShowPageTrace Behavior ::run [ RunTime:0.000665s ]
INFO: [ view_end ] --END-- [ RunTime:0.000825s ]

[ 2015-12-23T12:04:14+08:00 ] 127.0.0.1 /jw2/Index/Login/verify
INFO: [ route_check ] --START--
INFO: CheckRoute Behavior ::run [ RunTime:0.001162s ]
INFO: [ route_check ] --END-- [ RunTime:0.001292s ]
INFO: [ app_begin ] --START--
INFO: ReadHtmlCache Behavior ::run [ RunTime:0.000755s ]
INFO: [ app_begin ] --END-- [ RunTime:0.000863s ]

[ 2015-12-23T12:09:44+08:00 ] 127.0.0.1 /jw2/Index/Login
INFO: [ route_check ] --START--
INFO: CheckRoute Behavior ::run [ RunTime:0.002402s ]
INFO: [ route_check ] --END-- [ RunTime:0.002621s ]
INFO: [ app_begin ] --START--
INFO: ReadHtmlCache Behavior ::run [ RunTime:0.001260s ]
INFO: [ app_begin ] --END-- [ RunTime:0.001398s ]
SQL: SHOW COLUMNS FROM `jw_forum` [ RunTime:0.004692s ]
SQL: SELECT * FROM `jw_forum`  [ RunTime:0.000447s ]
INFO: [ view_parse ] --START--
INFO: ParseTemplate Behavior ::run [ RunTime:0.016287s ]
INFO: [ view_parse ] --END-- [ RunTime:0.016473s ]
INFO: [ view_filter ] --START--
INFO: ContentReplace Behavior ::run [ RunTime:0.000913s ]
INFO: TokenBuild Behavior ::run [ RunTime:0.000811s ]
INFO: WriteHtmlCache Behavior ::run [ RunTime:0.000662s ]
INFO: ShowRuntime Behavior ::run [ RunTime:0.000911s ]
INFO: [ view_filter ] --END-- [ RunTime:0.003594s ]
INFO: [ view_end ] --START--
INFO: ShowPageTrace Behavior ::run [ RunTime:0.001226s ]
INFO: [ view_end ] --END-- [ RunTime:0.001366s ]

[ 2015-12-23T12:09:44+08:00 ] 127.0.0.1 /jw2/Index/Login/verify
INFO: [ route_check ] --START--
INFO: CheckRoute Behavior ::run [ RunTime:0.002355s ]
INFO: [ route_check ] --END-- [ RunTime:0.002581s ]
INFO: [ app_begin ] --START--
INFO: ReadHtmlCache Behavior ::run [ RunTime:0.006065s ]
INFO: [ app_begin ] --END-- [ RunTime:0.006301s ]

[ 2015-12-23T12:10:15+08:00 ] 127.0.0.1 /jw2/Index/Login/login
INFO: [ route_check ] --START--
INFO: CheckRoute Behavior ::run [ RunTime:0.001438s ]
INFO: [ route_check ] --END-- [ RunTime:0.001591s ]
INFO: [ app_begin ] --START--
INFO: ReadHtmlCache Behavior ::run [ RunTime:0.002571s ]
INFO: [ app_begin ] --END-- [ RunTime:0.002749s ]
SQL: SHOW COLUMNS FROM `jw_user` [ RunTime:0.016178s ]
SQL: SELECT * FROM `jw_user` WHERE ( `username` = '马莹' ) LIMIT 1   [ RunTime:0.000599s ]
SQL: UPDATE `jw_user` SET `logintime`=1450843815,`loginip`='127.0.0.1' WHERE ( `id` = 3 ) [ RunTime:0.830641s ]

[ 2015-12-23T12:10:16+08:00 ] 127.0.0.1 /jw2/
INFO: [ app_begin ] --START--
INFO: ReadHtmlCache Behavior ::run [ RunTime:0.001289s ]
INFO: [ app_begin ] --END-- [ RunTime:0.001605s ]
NOTIC: [2048] Declaration of IndexAction::show() should be compatible with that of Action::show() G:\wamp\wamp\www\text\jw2\JW\Modules\Index\Action\IndexAction.class.php 第 18 行.
INFO: [ view_parse ] --START--
NOTIC: [8] Use of undefined constant php - assumed 'php' G:\wamp\wamp\www\text\jw2\JW\Runtime\Cache\Index\c02fb85234c57081a27580e176266a3d.php 第 28 行.
INFO: ParseTemplate Behavior ::run [ RunTime:0.020272s ]
INFO: [ view_parse ] --END-- [ RunTime:0.020479s ]
INFO: [ view_filter ] --START--
INFO: ContentReplace Behavior ::run [ RunTime:0.000966s ]
INFO: TokenBuild Behavior ::run [ RunTime:0.000835s ]
INFO: WriteHtmlCache Behavior ::run [ RunTime:0.000744s ]
INFO: ShowRuntime Behavior ::run [ RunTime:0.001258s ]
INFO: [ view_filter ] --END-- [ RunTime:0.004165s ]
INFO: [ view_end ] --START--
INFO: ShowPageTrace Behavior ::run [ RunTime:0.001350s ]
INFO: [ view_end ] --END-- [ RunTime:0.001518s ]

[ 2015-12-23T12:10:20+08:00 ] 127.0.0.1 /jw2/Index/Forum/forum
INFO: [ route_check ] --START--
INFO: CheckRoute Behavior ::run [ RunTime:0.001227s ]
INFO: [ route_check ] --END-- [ RunTime:0.001366s ]
INFO: [ app_begin ] --START--
INFO: ReadHtmlCache Behavior ::run [ RunTime:0.000961s ]
INFO: [ app_begin ] --END-- [ RunTime:0.001087s ]
SQL: SHOW COLUMNS FROM `jw_forum` [ RunTime:0.006020s ]
SQL: SELECT * FROM `jw_forum`  [ RunTime:0.000525s ]
SQL: SELECT COUNT(*) AS tp_count FROM `jw_forum` LIMIT 1   [ RunTime:0.000282s ]
INFO: [ view_parse ] --START--
NOTIC: [8] Use of undefined constant php - assumed 'php' G:\wamp\wamp\www\text\jw2\JW\Runtime\Cache\Index\7cb71b68c154dc0d61802663b70af762.php 第 28 行.
INFO: ParseTemplate Behavior ::run [ RunTime:0.021526s ]
INFO: [ view_parse ] --END-- [ RunTime:0.021689s ]
INFO: [ view_filter ] --START--
INFO: ContentReplace Behavior ::run [ RunTime:0.001089s ]
INFO: TokenBuild Behavior ::run [ RunTime:0.000855s ]
INFO: WriteHtmlCache Behavior ::run [ RunTime:0.000698s ]
INFO: ShowRuntime Behavior ::run [ RunTime:0.000966s ]
INFO: [ view_filter ] --END-- [ RunTime:0.003952s ]
INFO: [ view_end ] --START--
INFO: ShowPageTrace Behavior ::run [ RunTime:0.001061s ]
INFO: [ view_end ] --END-- [ RunTime:0.001189s ]

[ 2015-12-23T12:10:24+08:00 ] 127.0.0.1 /jw2/Index/Forum/forum
INFO: [ route_check ] --START--
INFO: CheckRoute Behavior ::run [ RunTime:0.001361s ]
INFO: [ route_check ] --END-- [ RunTime:0.001511s ]
INFO: [ app_begin ] --START--
INFO: ReadHtmlCache Behavior ::run [ RunTime:0.001131s ]
INFO: [ app_begin ] --END-- [ RunTime:0.001257s ]
SQL: SHOW COLUMNS FROM `jw_forum` [ RunTime:0.004604s ]
SQL: SELECT * FROM `jw_forum`  [ RunTime:0.000421s ]
SQL: SELECT COUNT(*) AS tp_count FROM `jw_forum` LIMIT 1   [ RunTime:0.000258s ]
INFO: [ view_parse ] --START--
NOTIC: [8] Use of undefined constant php - assumed 'php' G:\wamp\wamp\www\text\jw2\JW\Runtime\Cache\Index\7cb71b68c154dc0d61802663b70af762.php 第 28 行.
INFO: ParseTemplate Behavior ::run [ RunTime:0.019916s ]
INFO: [ view_parse ] --END-- [ RunTime:0.020110s ]
INFO: [ view_filter ] --START--
INFO: ContentReplace Behavior ::run [ RunTime:0.001394s ]
INFO: TokenBuild Behavior ::run [ RunTime:0.000915s ]
INFO: WriteHtmlCache Behavior ::run [ RunTime:0.000885s ]
INFO: ShowRuntime Behavior ::run [ RunTime:0.000938s ]
INFO: [ view_filter ] --END-- [ RunTime:0.004487s ]
INFO: [ view_end ] --START--
INFO: ShowPageTrace Behavior ::run [ RunTime:0.001154s ]
INFO: [ view_end ] --END-- [ RunTime:0.001303s ]

[ 2015-12-23T12:10:26+08:00 ] 127.0.0.1 /jw2/Index/Forum/forum
INFO: [ route_check ] --START--
INFO: CheckRoute Behavior ::run [ RunTime:0.001269s ]
INFO: [ route_check ] --END-- [ RunTime:0.001419s ]
INFO: [ app_begin ] --START--
INFO: ReadHtmlCache Behavior ::run [ RunTime:0.001063s ]
INFO: [ app_begin ] --END-- [ RunTime:0.001209s ]
SQL: SHOW COLUMNS FROM `jw_forum` [ RunTime:0.005227s ]
SQL: SELECT * FROM `jw_forum`  [ RunTime:0.000456s ]
SQL: SELECT COUNT(*) AS tp_count FROM `jw_forum` LIMIT 1   [ RunTime:0.000305s ]
INFO: [ view_parse ] --START--
NOTIC: [8] Use of undefined constant php - assumed 'php' G:\wamp\wamp\www\text\jw2\JW\Runtime\Cache\Index\7cb71b68c154dc0d61802663b70af762.php 第 28 行.
INFO: ParseTemplate Behavior ::run [ RunTime:0.019743s ]
INFO: [ view_parse ] --END-- [ RunTime:0.019945s ]
INFO: [ view_filter ] --START--
INFO: ContentReplace Behavior ::run [ RunTime:0.001043s ]
INFO: TokenBuild Behavior ::run [ RunTime:0.000806s ]
INFO: WriteHtmlCache Behavior ::run [ RunTime:0.000639s ]
INFO: ShowRuntime Behavior ::run [ RunTime:0.000922s ]
INFO: [ view_filter ] --END-- [ RunTime:0.003704s ]
INFO: [ view_end ] --START--
INFO: ShowPageTrace Behavior ::run [ RunTime:0.001150s ]
INFO: [ view_end ] --END-- [ RunTime:0.001265s ]

[ 2015-12-23T12:10:27+08:00 ] 127.0.0.1 /jw2/Index/Forum/forum
INFO: [ route_check ] --START--
INFO: CheckRoute Behavior ::run [ RunTime:0.001622s ]
INFO: [ route_check ] --END-- [ RunTime:0.001789s ]
INFO: [ app_begin ] --START--
INFO: ReadHtmlCache Behavior ::run [ RunTime:0.001123s ]
INFO: [ app_begin ] --END-- [ RunTime:0.001269s ]
SQL: SHOW COLUMNS FROM `jw_forum` [ RunTime:0.004975s ]
SQL: SELECT * FROM `jw_forum`  [ RunTime:0.000407s ]
SQL: SELECT COUNT(*) AS tp_count FROM `jw_forum` LIMIT 1   [ RunTime:0.000296s ]
INFO: [ view_parse ] --START--
NOTIC: [8] Use of undefined constant php - assumed 'php' G:\wamp\wamp\www\text\jw2\JW\Runtime\Cache\Index\7cb71b68c154dc0d61802663b70af762.php 第 28 行.
INFO: ParseTemplate Behavior ::run [ RunTime:0.017750s ]
INFO: [ view_parse ] --END-- [ RunTime:0.017908s ]
INFO: [ view_filter ] --START--
INFO: ContentReplace Behavior ::run [ RunTime:0.000843s ]
INFO: TokenBuild Behavior ::run [ RunTime:0.000860s ]
INFO: WriteHtmlCache Behavior ::run [ RunTime:0.000683s ]
INFO: ShowRuntime Behavior ::run [ RunTime:0.000883s ]
INFO: [ view_filter ] --END-- [ RunTime:0.003566s ]
INFO: [ view_end ] --START--
INFO: ShowPageTrace Behavior ::run [ RunTime:0.001017s ]
INFO: [ view_end ] --END-- [ RunTime:0.001123s ]

[ 2015-12-23T12:10:29+08:00 ] 127.0.0.1 /jw2/1
INFO: [ route_check ] --START--
INFO: CheckRoute Behavior ::run [ RunTime:0.001358s ]
INFO: [ route_check ] --END-- [ RunTime:0.001484s ]
INFO: [ app_begin ] --START--
INFO: ReadHtmlCache Behavior ::run [ RunTime:0.001725s ]
INFO: [ app_begin ] --END-- [ RunTime:0.001963s ]
SQL: SHOW COLUMNS FROM `jw_forum` [ RunTime:0.005634s ]
SQL: SELECT * FROM `jw_forum` WHERE ( `id` = 1 )  [ RunTime:0.000455s ]
SQL: SHOW COLUMNS FROM `jw_answer` [ RunTime:0.006559s ]
SQL: SELECT * FROM `jw_answer` WHERE ( `forum_id` = 1 )  [ RunTime:0.000674s ]
SQL: SHOW COLUMNS FROM `jw_user` [ RunTime:0.005853s ]
SQL: SELECT * FROM `jw_user` WHERE ( `id` = 1 )  [ RunTime:0.000394s ]
INFO: [ view_parse ] --START--
NOTIC: [8] Use of undefined constant php - assumed 'php' G:\wamp\wamp\www\text\jw2\JW\Runtime\Cache\Index\7fd7366e44b72c25fe3fd6f21ff98f22.php 第 28 行.
NOTIC: [8] Undefined variable: page G:\wamp\wamp\www\text\jw2\JW\Runtime\Cache\Index\7fd7366e44b72c25fe3fd6f21ff98f22.php 第 85 行.
NOTIC: [8] Undefined index: pic G:\wamp\wamp\www\text\jw2\JW\Runtime\Cache\Index\7fd7366e44b72c25fe3fd6f21ff98f22.php 第 136 行.
NOTIC: [8] Undefined index: pic G:\wamp\wamp\www\text\jw2\JW\Runtime\Cache\Index\7fd7366e44b72c25fe3fd6f21ff98f22.php 第 136 行.
INFO: ParseTemplate Behavior ::run [ RunTime:0.038311s ]
INFO: [ view_parse ] --END-- [ RunTime:0.038456s ]
INFO: [ view_filter ] --START--
INFO: ContentReplace Behavior ::run [ RunTime:0.001798s ]
INFO: TokenBuild Behavior ::run [ RunTime:0.001068s ]
INFO: WriteHtmlCache Behavior ::run [ RunTime:0.000954s ]
INFO: ShowRuntime Behavior ::run [ RunTime:0.001334s ]
INFO: [ view_filter ] --END-- [ RunTime:0.005564s ]
INFO: [ view_end ] --START--
INFO: ShowPageTrace Behavior ::run [ RunTime:0.001161s ]
INFO: [ view_end ] --END-- [ RunTime:0.001294s ]

[ 2015-12-23T12:10:36+08:00 ] 127.0.0.1 /jw2/Index/Forum/forum
INFO: [ route_check ] --START--
INFO: CheckRoute Behavior ::run [ RunTime:0.002570s ]
INFO: [ route_check ] --END-- [ RunTime:0.002724s ]
INFO: [ app_begin ] --START--
INFO: ReadHtmlCache Behavior ::run [ RunTime:0.001024s ]
INFO: [ app_begin ] --END-- [ RunTime:0.001151s ]
SQL: SHOW COLUMNS FROM `jw_forum` [ RunTime:0.026008s ]
SQL: SELECT * FROM `jw_forum`  [ RunTime:0.000382s ]
SQL: SELECT COUNT(*) AS tp_count FROM `jw_forum` LIMIT 1   [ RunTime:0.000329s ]
INFO: [ view_parse ] --START--
NOTIC: [8] Use of undefined constant php - assumed 'php' G:\wamp\wamp\www\text\jw2\JW\Runtime\Cache\Index\7cb71b68c154dc0d61802663b70af762.php 第 28 行.
INFO: ParseTemplate Behavior ::run [ RunTime:0.020529s ]
INFO: [ view_parse ] --END-- [ RunTime:0.020705s ]
INFO: [ view_filter ] --START--
INFO: ContentReplace Behavior ::run [ RunTime:0.000959s ]
INFO: TokenBuild Behavior ::run [ RunTime:0.000782s ]
INFO: WriteHtmlCache Behavior ::run [ RunTime:0.001465s ]
INFO: ShowRuntime Behavior ::run [ RunTime:0.001052s ]
INFO: [ view_filter ] --END-- [ RunTime:0.004912s ]
INFO: [ view_end ] --START--
INFO: ShowPageTrace Behavior ::run [ RunTime:0.001083s ]
INFO: [ view_end ] --END-- [ RunTime:0.001230s ]

[ 2015-12-23T12:10:41+08:00 ] 127.0.0.1 /jw2/Index/System/index
INFO: [ route_check ] --START--
INFO: CheckRoute Behavior ::run [ RunTime:0.002217s ]
INFO: [ route_check ] --END-- [ RunTime:0.002438s ]
INFO: [ app_begin ] --START--
INFO: ReadHtmlCache Behavior ::run [ RunTime:0.001403s ]
INFO: [ app_begin ] --END-- [ RunTime:0.001575s ]
SQL: SHOW COLUMNS FROM `jw_advice` [ RunTime:0.005085s ]
SQL: SELECT * FROM `jw_advice`  [ RunTime:0.000551s ]
INFO: [ view_parse ] --START--
NOTIC: [8] Use of undefined constant php - assumed 'php' G:\wamp\wamp\www\text\jw2\JW\Runtime\Cache\Index\ac917fa67c364b691cfa3dd945c844ec.php 第 28 行.
INFO: ParseTemplate Behavior ::run [ RunTime:0.017564s ]
INFO: [ view_parse ] --END-- [ RunTime:0.017767s ]
INFO: [ view_filter ] --START--
INFO: ContentReplace Behavior ::run [ RunTime:0.000987s ]
INFO: TokenBuild Behavior ::run [ RunTime:0.001018s ]
INFO: WriteHtmlCache Behavior ::run [ RunTime:0.000781s ]
INFO: ShowRuntime Behavior ::run [ RunTime:0.001929s ]
INFO: [ view_filter ] --END-- [ RunTime:0.005177s ]
INFO: [ view_end ] --START--
INFO: ShowPageTrace Behavior ::run [ RunTime:0.001312s ]
INFO: [ view_end ] --END-- [ RunTime:0.001434s ]

[ 2015-12-23T12:10:45+08:00 ] 127.0.0.1 /jw2/Index/List/index/direction/.NET
INFO: [ route_check ] --START--
INFO: CheckRoute Behavior ::run [ RunTime:0.001424s ]
INFO: [ route_check ] --END-- [ RunTime:0.001581s ]
INFO: [ app_begin ] --START--
INFO: ReadHtmlCache Behavior ::run [ RunTime:0.001088s ]
INFO: [ app_begin ] --END-- [ RunTime:0.001211s ]
SQL: SHOW COLUMNS FROM `jw_advice` [ RunTime:0.004773s ]
SQL: SELECT * FROM `jw_advice` WHERE ( `direction` = '.NET' )  [ RunTime:0.000468s ]
INFO: [ view_parse ] --START--
NOTIC: [8] Use of undefined constant php - assumed 'php' G:\wamp\wamp\www\text\jw2\JW\Runtime\Cache\Index\ec733ef0c605587ce5f6df6295499e01.php 第 28 行.
INFO: ParseTemplate Behavior ::run [ RunTime:0.017101s ]
INFO: [ view_parse ] --END-- [ RunTime:0.017305s ]
INFO: [ view_filter ] --START--
INFO: ContentReplace Behavior ::run [ RunTime:0.001113s ]
INFO: TokenBuild Behavior ::run [ RunTime:0.000824s ]
INFO: WriteHtmlCache Behavior ::run [ RunTime:0.000689s ]
INFO: ShowRuntime Behavior ::run [ RunTime:0.000930s ]
INFO: [ view_filter ] --END-- [ RunTime:0.003877s ]
INFO: [ view_end ] --START--
INFO: ShowPageTrace Behavior ::run [ RunTime:0.001089s ]
INFO: [ view_end ] --END-- [ RunTime:0.001202s ]

[ 2015-12-23T12:11:19+08:00 ] 127.0.0.1 /jw2/Admin
INFO: [ route_check ] --START--
INFO: CheckRoute Behavior ::run [ RunTime:0.001235s ]
INFO: [ route_check ] --END-- [ RunTime:0.001370s ]
INFO: [ app_begin ] --START--
INFO: ReadHtmlCache Behavior ::run [ RunTime:0.001275s ]
INFO: [ app_begin ] --END-- [ RunTime:0.001446s ]
INFO: [ view_parse ] --START--
INFO: ParseTemplate Behavior ::run [ RunTime:0.022270s ]
INFO: [ view_parse ] --END-- [ RunTime:0.022413s ]
INFO: [ view_filter ] --START--
INFO: ContentReplace Behavior ::run [ RunTime:0.000890s ]
INFO: TokenBuild Behavior ::run [ RunTime:0.000972s ]
INFO: WriteHtmlCache Behavior ::run [ RunTime:0.001996s ]
INFO: ShowRuntime Behavior ::run [ RunTime:0.001183s ]
INFO: [ view_filter ] --END-- [ RunTime:0.005384s ]
INFO: [ view_end ] --START--
INFO: ShowPageTrace Behavior ::run [ RunTime:0.001034s ]
INFO: [ view_end ] --END-- [ RunTime:0.001143s ]

[ 2015-12-23T12:11:22+08:00 ] 127.0.0.1 /jw2/Admin/Advice/index
INFO: [ route_check ] --START--
INFO: CheckRoute Behavior ::run [ RunTime:0.001678s ]
INFO: [ route_check ] --END-- [ RunTime:0.001814s ]
INFO: [ app_begin ] --START--
INFO: ReadHtmlCache Behavior ::run [ RunTime:0.000904s ]
INFO: [ app_begin ] --END-- [ RunTime:0.001019s ]
NOTIC: [8] Use of undefined constant BLONGS_TO - assumed 'BLONGS_TO' G:\wamp\wamp\www\text\jw2\ThinkPHP\Common\common.php 第 406 行.
SQL: SHOW COLUMNS FROM `jw_advice` [ RunTime:0.006121s ]
SQL: SELECT `id`,`title`,`direction`,`xzname`,`content`,`time`,`click`,`cid` FROM `jw_advice` WHERE ( `del` = 0 )  [ RunTime:0.000530s ]
SQL: SHOW COLUMNS FROM `jw_attr` [ RunTime:0.004485s ]
NOTIC: [8] Undefined index: mapping_order G:\wamp\wamp\www\text\jw2\ThinkPHP\Extend\Model\RelationModel.class.php 第 188 行.
NOTIC: [8] Undefined index: mapping_limit G:\wamp\wamp\www\text\jw2\ThinkPHP\Extend\Model\RelationModel.class.php 第 189 行.
SQL: SELECT b.* FROM jw_advice_attr AS a, jw_attr AS b WHERE a.bid = b.id AND a. aid='2' [ RunTime:0.000416s ]
ERR: 1146:Table 'jwroom.jw_advice_attr' doesn't exist
 [ SQL语句 ] : SELECT b.* FROM jw_advice_attr AS a, jw_attr AS b WHERE a.bid = b.id AND a. aid='2'
SQL: SHOW COLUMNS FROM `jw_cate` [ RunTime:0.004649s ]
ERR: 1146:Table 'jwroom.jw_cate' doesn't exist
 [ SQL语句 ] : SHOW COLUMNS FROM `jw_cate`
NOTIC: [8] Undefined variable: relationData G:\wamp\wamp\www\text\jw2\ThinkPHP\Extend\Model\RelationModel.class.php 第 225 行.
NOTIC: [8] Undefined index: mapping_order G:\wamp\wamp\www\text\jw2\ThinkPHP\Extend\Model\RelationModel.class.php 第 188 行.
NOTIC: [8] Undefined index: mapping_limit G:\wamp\wamp\www\text\jw2\ThinkPHP\Extend\Model\RelationModel.class.php 第 189 行.
SQL: SELECT b.* FROM jw_advice_attr AS a, jw_attr AS b WHERE a.bid = b.id AND a. aid='3' [ RunTime:0.000357s ]
ERR: 1146:Table 'jwroom.jw_advice_attr' doesn't exist
 [ SQL语句 ] : SELECT b.* FROM jw_advice_attr AS a, jw_attr AS b WHERE a.bid = b.id AND a. aid='3'
NOTIC: [8] Undefined variable: relationData G:\wamp\wamp\www\text\jw2\ThinkPHP\Extend\Model\RelationModel.class.php 第 225 行.
NOTIC: [8] Undefined index: mapping_order G:\wamp\wamp\www\text\jw2\ThinkPHP\Extend\Model\RelationModel.class.php 第 188 行.
NOTIC: [8] Undefined index: mapping_limit G:\wamp\wamp\www\text\jw2\ThinkPHP\Extend\Model\RelationModel.class.php 第 189 行.
SQL: SELECT b.* FROM jw_advice_attr AS a, jw_attr AS b WHERE a.bid = b.id AND a. aid='4' [ RunTime:0.000314s ]
ERR: 1146:Table 'jwroom.jw_advice_attr' doesn't exist
 [ SQL语句 ] : SELECT b.* FROM jw_advice_attr AS a, jw_attr AS b WHERE a.bid = b.id AND a. aid='4'
NOTIC: [8] Undefined variable: relationData G:\wamp\wamp\www\text\jw2\ThinkPHP\Extend\Model\RelationModel.class.php 第 225 行.
NOTIC: [8] Undefined index: mapping_order G:\wamp\wamp\www\text\jw2\ThinkPHP\Extend\Model\RelationModel.class.php 第 188 行.
NOTIC: [8] Undefined index: mapping_limit G:\wamp\wamp\www\text\jw2\ThinkPHP\Extend\Model\RelationModel.class.php 第 189 行.
SQL: SELECT b.* FROM jw_advice_attr AS a, jw_attr AS b WHERE a.bid = b.id AND a. aid='7' [ RunTime:0.000267s ]
ERR: 1146:Table 'jwroom.jw_advice_attr' doesn't exist
 [ SQL语句 ] : SELECT b.* FROM jw_advice_attr AS a, jw_attr AS b WHERE a.bid = b.id AND a. aid='7'
NOTIC: [8] Undefined variable: relationData G:\wamp\wamp\www\text\jw2\ThinkPHP\Extend\Model\RelationModel.class.php 第 225 行.
INFO: [ view_parse ] --START--
INFO: ParseTemplate Behavior ::run [ RunTime:0.018577s ]
INFO: [ view_parse ] --END-- [ RunTime:0.018771s ]
INFO: [ view_filter ] --START--
INFO: ContentReplace Behavior ::run [ RunTime:0.001447s ]
INFO: TokenBuild Behavior ::run [ RunTime:0.001350s ]
INFO: WriteHtmlCache Behavior ::run [ RunTime:0.000999s ]
INFO: ShowRuntime Behavior ::run [ RunTime:0.001250s ]
INFO: [ view_filter ] --END-- [ RunTime:0.006035s ]
INFO: [ view_end ] --START--
INFO: ShowPageTrace Behavior ::run [ RunTime:0.002041s ]
INFO: [ view_end ] --END-- [ RunTime:0.002245s ]

[ 2015-12-23T12:11:23+08:00 ] 127.0.0.1 /jw2/Admin/Advice/trach
INFO: [ route_check ] --START--
INFO: CheckRoute Behavior ::run [ RunTime:0.001536s ]
INFO: [ route_check ] --END-- [ RunTime:0.001722s ]
INFO: [ app_begin ] --START--
INFO: ReadHtmlCache Behavior ::run [ RunTime:0.000956s ]
INFO: [ app_begin ] --END-- [ RunTime:0.001074s ]
NOTIC: [8] Use of undefined constant BLONGS_TO - assumed 'BLONGS_TO' G:\wamp\wamp\www\text\jw2\ThinkPHP\Common\common.php 第 406 行.
SQL: SHOW COLUMNS FROM `jw_advice` [ RunTime:0.003982s ]
SQL: SELECT `id`,`title`,`direction`,`xzname`,`content`,`time`,`click`,`cid` FROM `jw_advice` WHERE ( `del` = 1 )  [ RunTime:0.000410s ]
INFO: [ view_parse ] --START--
INFO: ParseTemplate Behavior ::run [ RunTime:0.017822s ]
INFO: [ view_parse ] --END-- [ RunTime:0.018040s ]
INFO: [ view_filter ] --START--
INFO: ContentReplace Behavior ::run [ RunTime:0.000902s ]
INFO: TokenBuild Behavior ::run [ RunTime:0.000824s ]
INFO: WriteHtmlCache Behavior ::run [ RunTime:0.000638s ]
INFO: ShowRuntime Behavior ::run [ RunTime:0.000974s ]
INFO: [ view_filter ] --END-- [ RunTime:0.003699s ]
INFO: [ view_end ] --START--
INFO: ShowPageTrace Behavior ::run [ RunTime:0.000883s ]
INFO: [ view_end ] --END-- [ RunTime:0.001019s ]

[ 2015-12-23T12:11:25+08:00 ] 127.0.0.1 /jw2/Admin/Attribute/index
INFO: [ route_check ] --START--
INFO: CheckRoute Behavior ::run [ RunTime:0.001180s ]
INFO: [ route_check ] --END-- [ RunTime:0.001319s ]
INFO: [ app_begin ] --START--
INFO: ReadHtmlCache Behavior ::run [ RunTime:0.000973s ]
INFO: [ app_begin ] --END-- [ RunTime:0.001098s ]
SQL: SHOW COLUMNS FROM `jw_attr` [ RunTime:0.004664s ]
SQL: SELECT * FROM `jw_attr`  [ RunTime:0.000367s ]
INFO: [ view_parse ] --START--
INFO: ParseTemplate Behavior ::run [ RunTime:0.048270s ]
INFO: [ view_parse ] --END-- [ RunTime:0.048513s ]
INFO: [ view_filter ] --START--
INFO: ContentReplace Behavior ::run [ RunTime:0.001295s ]
INFO: TokenBuild Behavior ::run [ RunTime:0.000945s ]
INFO: WriteHtmlCache Behavior ::run [ RunTime:0.000749s ]
INFO: ShowRuntime Behavior ::run [ RunTime:0.000878s ]
INFO: [ view_filter ] --END-- [ RunTime:0.004214s ]
INFO: [ view_end ] --START--
INFO: ShowPageTrace Behavior ::run [ RunTime:0.000930s ]
INFO: [ view_end ] --END-- [ RunTime:0.001036s ]

[ 2015-12-23T12:11:27+08:00 ] 127.0.0.1 /jw2/Admin/Attribute/addAttr
INFO: [ route_check ] --START--
INFO: CheckRoute Behavior ::run [ RunTime:0.001277s ]
INFO: [ route_check ] --END-- [ RunTime:0.001465s ]
INFO: [ app_begin ] --START--
INFO: ReadHtmlCache Behavior ::run [ RunTime:0.000907s ]
INFO: [ app_begin ] --END-- [ RunTime:0.001048s ]
INFO: [ view_parse ] --START--
INFO: ParseTemplate Behavior ::run [ RunTime:0.042498s ]
INFO: [ view_parse ] --END-- [ RunTime:0.042705s ]
INFO: [ view_filter ] --START--
INFO: ContentReplace Behavior ::run [ RunTime:0.001423s ]
INFO: TokenBuild Behavior ::run [ RunTime:0.001248s ]
INFO: WriteHtmlCache Behavior ::run [ RunTime:0.000968s ]
INFO: ShowRuntime Behavior ::run [ RunTime:0.000994s ]
INFO: [ view_filter ] --END-- [ RunTime:0.005089s ]
INFO: [ view_end ] --START--
INFO: ShowPageTrace Behavior ::run [ RunTime:0.001248s ]
INFO: [ view_end ] --END-- [ RunTime:0.001402s ]

[ 2015-12-23T12:11:29+08:00 ] 127.0.0.1 /jw2/Admin/Category/index
INFO: [ route_check ] --START--
INFO: CheckRoute Behavior ::run [ RunTime:0.002136s ]
INFO: [ route_check ] --END-- [ RunTime:0.002314s ]
INFO: [ app_begin ] --START--
INFO: ReadHtmlCache Behavior ::run [ RunTime:0.001115s ]
INFO: [ app_begin ] --END-- [ RunTime:0.001280s ]
SQL: SHOW COLUMNS FROM `jw_cate` [ RunTime:0.004405s ]
ERR: 1146:Table 'jwroom.jw_cate' doesn't exist
 [ SQL语句 ] : SHOW COLUMNS FROM `jw_cate`
SQL: SELECT * FROM `jw_cate` ORDER BY sort ASC  [ RunTime:0.000354s ]
ERR: 1146:Table 'jwroom.jw_cate' doesn't exist
 [ SQL语句 ] : SELECT * FROM `jw_cate` ORDER BY sort ASC 
NOTIC: [2] Invalid argument supplied for foreach() G:\wamp\wamp\www\text\jw2\JW\Class\Category.class.php 第 6 行.
INFO: [ view_parse ] --START--
INFO: ParseTemplate Behavior ::run [ RunTime:0.016887s ]
INFO: [ view_parse ] --END-- [ RunTime:0.017025s ]
INFO: [ view_filter ] --START--
INFO: ContentReplace Behavior ::run [ RunTime:0.000782s ]
INFO: TokenBuild Behavior ::run [ RunTime:0.000737s ]
INFO: WriteHtmlCache Behavior ::run [ RunTime:0.000578s ]
INFO: ShowRuntime Behavior ::run [ RunTime:0.000773s ]
INFO: [ view_filter ] --END-- [ RunTime:0.003196s ]
INFO: [ view_end ] --START--
INFO: ShowPageTrace Behavior ::run [ RunTime:0.001223s ]
INFO: [ view_end ] --END-- [ RunTime:0.001384s ]

[ 2015-12-23T12:11:29+08:00 ] 127.0.0.1 /jw2/Admin/Category/ys.css
INFO: [ route_check ] --START--
INFO: CheckRoute Behavior ::run [ RunTime:0.001434s ]
INFO: [ route_check ] --END-- [ RunTime:0.001587s ]
INFO: [ app_begin ] --START--
INFO: ReadHtmlCache Behavior ::run [ RunTime:0.000801s ]
INFO: [ app_begin ] --END-- [ RunTime:0.000922s ]
ERR: 非法操作:ys.css

[ 2015-12-23T12:11:31+08:00 ] 127.0.0.1 /jw2/Admin/Category/index
INFO: [ route_check ] --START--
INFO: CheckRoute Behavior ::run [ RunTime:0.002615s ]
INFO: [ route_check ] --END-- [ RunTime:0.002753s ]
INFO: [ app_begin ] --START--
INFO: ReadHtmlCache Behavior ::run [ RunTime:0.000978s ]
INFO: [ app_begin ] --END-- [ RunTime:0.001099s ]
SQL: SHOW COLUMNS FROM `jw_cate` [ RunTime:0.003848s ]
ERR: 1146:Table 'jwroom.jw_cate' doesn't exist
 [ SQL语句 ] : SHOW COLUMNS FROM `jw_cate`
SQL: SELECT * FROM `jw_cate` ORDER BY sort ASC  [ RunTime:0.000379s ]
ERR: 1146:Table 'jwroom.jw_cate' doesn't exist
 [ SQL语句 ] : SELECT * FROM `jw_cate` ORDER BY sort ASC 
NOTIC: [2] Invalid argument supplied for foreach() G:\wamp\wamp\www\text\jw2\JW\Class\Category.class.php 第 6 行.
INFO: [ view_parse ] --START--
INFO: ParseTemplate Behavior ::run [ RunTime:0.011872s ]
INFO: [ view_parse ] --END-- [ RunTime:0.012009s ]
INFO: [ view_filter ] --START--
INFO: ContentReplace Behavior ::run [ RunTime:0.000641s ]
INFO: TokenBuild Behavior ::run [ RunTime:0.000679s ]
INFO: WriteHtmlCache Behavior ::run [ RunTime:0.000613s ]
INFO: ShowRuntime Behavior ::run [ RunTime:0.000770s ]
INFO: [ view_filter ] --END-- [ RunTime:0.003034s ]
INFO: [ view_end ] --START--
INFO: ShowPageTrace Behavior ::run [ RunTime:0.000870s ]
INFO: [ view_end ] --END-- [ RunTime:0.000975s ]

[ 2015-12-23T12:11:31+08:00 ] 127.0.0.1 /jw2/Admin/Category/ys.css
INFO: [ route_check ] --START--
INFO: CheckRoute Behavior ::run [ RunTime:0.001025s ]
INFO: [ route_check ] --END-- [ RunTime:0.001152s ]
INFO: [ app_begin ] --START--
INFO: ReadHtmlCache Behavior ::run [ RunTime:0.001145s ]
INFO: [ app_begin ] --END-- [ RunTime:0.001279s ]
ERR: 非法操作:ys.css

[ 2015-12-23T12:11:33+08:00 ] 127.0.0.1 /jw2/Admin/Category/addCate
INFO: [ route_check ] --START--
INFO: CheckRoute Behavior ::run [ RunTime:0.001194s ]
INFO: [ route_check ] --END-- [ RunTime:0.001357s ]
INFO: [ app_begin ] --START--
INFO: ReadHtmlCache Behavior ::run [ RunTime:0.001150s ]
INFO: [ app_begin ] --END-- [ RunTime:0.001320s ]
INFO: [ view_parse ] --START--
INFO: ParseTemplate Behavior ::run [ RunTime:0.031076s ]
INFO: [ view_parse ] --END-- [ RunTime:0.031197s ]
INFO: [ view_filter ] --START--
INFO: ContentReplace Behavior ::run [ RunTime:0.000771s ]
INFO: TokenBuild Behavior ::run [ RunTime:0.000718s ]
INFO: WriteHtmlCache Behavior ::run [ RunTime:0.000558s ]
INFO: ShowRuntime Behavior ::run [ RunTime:0.000824s ]
INFO: [ view_filter ] --END-- [ RunTime:0.003152s ]
INFO: [ view_end ] --START--
INFO: ShowPageTrace Behavior ::run [ RunTime:0.000909s ]
INFO: [ view_end ] --END-- [ RunTime:0.001045s ]

[ 2015-12-23T12:11:33+08:00 ] 127.0.0.1 /jw2/Admin/Category/ys.css
INFO: [ route_check ] --START--
INFO: CheckRoute Behavior ::run [ RunTime:0.001603s ]
INFO: [ route_check ] --END-- [ RunTime:0.001851s ]
INFO: [ app_begin ] --START--
INFO: ReadHtmlCache Behavior ::run [ RunTime:0.000850s ]
INFO: [ app_begin ] --END-- [ RunTime:0.000971s ]
ERR: 非法操作:ys.css

[ 2015-12-23T12:11:35+08:00 ] 127.0.0.1 /jw2/Admin/Category/index
INFO: [ route_check ] --START--
INFO: CheckRoute Behavior ::run [ RunTime:0.001126s ]
INFO: [ route_check ] --END-- [ RunTime:0.001256s ]
INFO: [ app_begin ] --START--
INFO: ReadHtmlCache Behavior ::run [ RunTime:0.000826s ]
INFO: [ app_begin ] --END-- [ RunTime:0.000942s ]
SQL: SHOW COLUMNS FROM `jw_cate` [ RunTime:0.041242s ]
ERR: 1146:Table 'jwroom.jw_cate' doesn't exist
 [ SQL语句 ] : SHOW COLUMNS FROM `jw_cate`
SQL: SELECT * FROM `jw_cate` ORDER BY sort ASC  [ RunTime:0.000366s ]
ERR: 1146:Table 'jwroom.jw_cate' doesn't exist
 [ SQL语句 ] : SELECT * FROM `jw_cate` ORDER BY sort ASC 
NOTIC: [2] Invalid argument supplied for foreach() G:\wamp\wamp\www\text\jw2\JW\Class\Category.class.php 第 6 行.
INFO: [ view_parse ] --START--
INFO: ParseTemplate Behavior ::run [ RunTime:0.011957s ]
INFO: [ view_parse ] --END-- [ RunTime:0.012136s ]
INFO: [ view_filter ] --START--
INFO: ContentReplace Behavior ::run [ RunTime:0.000762s ]
INFO: TokenBuild Behavior ::run [ RunTime:0.000769s ]
INFO: WriteHtmlCache Behavior ::run [ RunTime:0.000557s ]
INFO: ShowRuntime Behavior ::run [ RunTime:0.001014s ]
INFO: [ view_filter ] --END-- [ RunTime:0.003424s ]
INFO: [ view_end ] --START--
INFO: ShowPageTrace Behavior ::run [ RunTime:0.000845s ]
INFO: [ view_end ] --END-- [ RunTime:0.000942s ]

[ 2015-12-23T12:11:35+08:00 ] 127.0.0.1 /jw2/Admin/Category/ys.css
INFO: [ route_check ] --START--
INFO: CheckRoute Behavior ::run [ RunTime:0.001823s ]
INFO: [ route_check ] --END-- [ RunTime:0.001967s ]
INFO: [ app_begin ] --START--
INFO: ReadHtmlCache Behavior ::run [ RunTime:0.000900s ]
INFO: [ app_begin ] --END-- [ RunTime:0.001024s ]
ERR: 非法操作:ys.css

[ 2015-12-23T12:11:42+08:00 ] 127.0.0.1 /jw2/Admin/System/verify
INFO: [ route_check ] --START--
INFO: CheckRoute Behavior ::run [ RunTime:0.001464s ]
INFO: [ route_check ] --END-- [ RunTime:0.001615s ]
INFO: [ app_begin ] --START--
INFO: ReadHtmlCache Behavior ::run [ RunTime:0.001455s ]
INFO: [ app_begin ] --END-- [ RunTime:0.001626s ]
ERR: 无法加载模块:System

[ 2015-12-23T12:11:44+08:00 ] 127.0.0.1 /jw2/Admin/Category/addCate
INFO: [ route_check ] --START--
INFO: CheckRoute Behavior ::run [ RunTime:0.001213s ]
INFO: [ route_check ] --END-- [ RunTime:0.001382s ]
INFO: [ app_begin ] --START--
INFO: ReadHtmlCache Behavior ::run [ RunTime:0.000935s ]
INFO: [ app_begin ] --END-- [ RunTime:0.001051s ]
INFO: [ view_parse ] --START--
INFO: ParseTemplate Behavior ::run [ RunTime:0.011936s ]
INFO: [ view_parse ] --END-- [ RunTime:0.012060s ]
INFO: [ view_filter ] --START--
INFO: ContentReplace Behavior ::run [ RunTime:0.000706s ]
INFO: TokenBuild Behavior ::run [ RunTime:0.000773s ]
INFO: WriteHtmlCache Behavior ::run [ RunTime:0.000627s ]
INFO: ShowRuntime Behavior ::run [ RunTime:0.000821s ]
INFO: [ view_filter ] --END-- [ RunTime:0.003285s ]
INFO: [ view_end ] --START--
INFO: ShowPageTrace Behavior ::run [ RunTime:0.001032s ]
INFO: [ view_end ] --END-- [ RunTime:0.001160s ]

[ 2015-12-23T12:11:44+08:00 ] 127.0.0.1 /jw2/Admin/Category/ys.css
INFO: [ route_check ] --START--
INFO: CheckRoute Behavior ::run [ RunTime:0.001262s ]
INFO: [ route_check ] --END-- [ RunTime:0.001404s ]
INFO: [ app_begin ] --START--
INFO: ReadHtmlCache Behavior ::run [ RunTime:0.000943s ]
INFO: [ app_begin ] --END-- [ RunTime:0.001074s ]
ERR: 非法操作:ys.css

[ 2015-12-23T12:50:47+08:00 ] 127.0.0.1 /jw2/Admin/Category/index
INFO: [ route_check ] --START--
INFO: CheckRoute Behavior ::run [ RunTime:0.001635s ]
INFO: [ route_check ] --END-- [ RunTime:0.001809s ]
INFO: [ app_begin ] --START--
INFO: ReadHtmlCache Behavior ::run [ RunTime:0.001383s ]
INFO: [ app_begin ] --END-- [ RunTime:0.001506s ]
SQL: SHOW COLUMNS FROM `jw_cate` [ RunTime:0.004548s ]
ERR: 1146:Table 'jwroom.jw_cate' doesn't exist
 [ SQL语句 ] : SHOW COLUMNS FROM `jw_cate`
SQL: SELECT * FROM `jw_cate` ORDER BY sort ASC  [ RunTime:0.000363s ]
ERR: 1146:Table 'jwroom.jw_cate' doesn't exist
 [ SQL语句 ] : SELECT * FROM `jw_cate` ORDER BY sort ASC 
NOTIC: [2] Invalid argument supplied for foreach() G:\wamp\wamp\www\text\jw2\JW\Class\Category.class.php 第 6 行.
INFO: [ view_parse ] --START--
INFO: ParseTemplate Behavior ::run [ RunTime:0.018967s ]
INFO: [ view_parse ] --END-- [ RunTime:0.019139s ]
INFO: [ view_filter ] --START--
INFO: ContentReplace Behavior ::run [ RunTime:0.001061s ]
INFO: TokenBuild Behavior ::run [ RunTime:0.000969s ]
INFO: WriteHtmlCache Behavior ::run [ RunTime:0.000678s ]
INFO: ShowRuntime Behavior ::run [ RunTime:0.000934s ]
INFO: [ view_filter ] --END-- [ RunTime:0.003962s ]
INFO: [ view_end ] --START--
INFO: ShowPageTrace Behavior ::run [ RunTime:0.000969s ]
INFO: [ view_end ] --END-- [ RunTime:0.001069s ]

[ 2015-12-23T12:50:47+08:00 ] 127.0.0.1 /jw2/Admin/Category/ys.css
INFO: [ route_check ] --START--
INFO: CheckRoute Behavior ::run [ RunTime:0.000915s ]
INFO: [ route_check ] --END-- [ RunTime:0.001039s ]
INFO: [ app_begin ] --START--
INFO: ReadHtmlCache Behavior ::run [ RunTime:0.000834s ]
INFO: [ app_begin ] --END-- [ RunTime:0.000942s ]
ERR: 非法操作:ys.css

[ 2015-12-23T12:50:54+08:00 ] 127.0.0.1 /jw2/Index/List/index/direction/.NET
INFO: [ route_check ] --START--
INFO: CheckRoute Behavior ::run [ RunTime:0.001922s ]
INFO: [ route_check ] --END-- [ RunTime:0.002131s ]
INFO: [ app_begin ] --START--
INFO: ReadHtmlCache Behavior ::run [ RunTime:0.000740s ]
INFO: [ app_begin ] --END-- [ RunTime:0.000861s ]
SQL: SHOW COLUMNS FROM `jw_advice` [ RunTime:0.005480s ]
SQL: SELECT * FROM `jw_advice` WHERE ( `direction` = '.NET' )  [ RunTime:0.000673s ]
INFO: [ view_parse ] --START--
NOTIC: [8] Use of undefined constant php - assumed 'php' G:\wamp\wamp\www\text\jw2\JW\Runtime\Cache\Index\ec733ef0c605587ce5f6df6295499e01.php 第 28 行.
INFO: ParseTemplate Behavior ::run [ RunTime:0.053434s ]
INFO: [ view_parse ] --END-- [ RunTime:0.053573s ]
INFO: [ view_filter ] --START--
INFO: ContentReplace Behavior ::run [ RunTime:0.000511s ]
INFO: TokenBuild Behavior ::run [ RunTime:0.000497s ]
INFO: WriteHtmlCache Behavior ::run [ RunTime:0.000379s ]
INFO: ShowRuntime Behavior ::run [ RunTime:0.000570s ]
INFO: [ view_filter ] --END-- [ RunTime:0.002222s ]
INFO: [ view_end ] --START--
INFO: ShowPageTrace Behavior ::run [ RunTime:0.000687s ]
INFO: [ view_end ] --END-- [ RunTime:0.000778s ]

[ 2015-12-23T12:50:56+08:00 ] 127.0.0.1 /jw2/Index/List/index/direction/.NET
INFO: [ route_check ] --START--
INFO: CheckRoute Behavior ::run [ RunTime:0.000929s ]
INFO: [ route_check ] --END-- [ RunTime:0.001062s ]
INFO: [ app_begin ] --START--
INFO: ReadHtmlCache Behavior ::run [ RunTime:0.000813s ]
INFO: [ app_begin ] --END-- [ RunTime:0.000937s ]
SQL: SHOW COLUMNS FROM `jw_advice` [ RunTime:0.004272s ]
SQL: SELECT * FROM `jw_advice` WHERE ( `direction` = '.NET' )  [ RunTime:0.000437s ]
INFO: [ view_parse ] --START--
NOTIC: [8] Use of undefined constant php - assumed 'php' G:\wamp\wamp\www\text\jw2\JW\Runtime\Cache\Index\ec733ef0c605587ce5f6df6295499e01.php 第 28 行.
INFO: ParseTemplate Behavior ::run [ RunTime:0.014232s ]
INFO: [ view_parse ] --END-- [ RunTime:0.014364s ]
INFO: [ view_filter ] --START--
INFO: ContentReplace Behavior ::run [ RunTime:0.000639s ]
INFO: TokenBuild Behavior ::run [ RunTime:0.000552s ]
INFO: WriteHtmlCache Behavior ::run [ RunTime:0.000406s ]
INFO: ShowRuntime Behavior ::run [ RunTime:0.000598s ]
INFO: [ view_filter ] --END-- [ RunTime:0.002484s ]
INFO: [ view_end ] --START--
INFO: ShowPageTrace Behavior ::run [ RunTime:0.000712s ]
INFO: [ view_end ] --END-- [ RunTime:0.000813s ]

[ 2015-12-23T12:50:58+08:00 ] 127.0.0.1 /jw2/Index/Person/person
INFO: [ route_check ] --START--
INFO: CheckRoute Behavior ::run [ RunTime:0.001018s ]
INFO: [ route_check ] --END-- [ RunTime:0.001146s ]
INFO: [ app_begin ] --START--
INFO: ReadHtmlCache Behavior ::run [ RunTime:0.000649s ]
INFO: [ app_begin ] --END-- [ RunTime:0.000760s ]
SQL: SHOW COLUMNS FROM `jw_user` [ RunTime:0.005214s ]
SQL: SELECT * FROM `jw_user` WHERE ( `username` = '马莹' )  [ RunTime:0.000455s ]
INFO: [ view_parse ] --START--
NOTIC: [8] Use of undefined constant php - assumed 'php' G:\wamp\wamp\www\text\jw2\JW\Runtime\Cache\Index\bbb369b9d8725270d6b2c30434e39a57.php 第 28 行.
INFO: ParseTemplate Behavior ::run [ RunTime:0.045890s ]
INFO: [ view_parse ] --END-- [ RunTime:0.046019s ]
INFO: [ view_filter ] --START--
INFO: ContentReplace Behavior ::run [ RunTime:0.000680s ]
INFO: TokenBuild Behavior ::run [ RunTime:0.000613s ]
INFO: WriteHtmlCache Behavior ::run [ RunTime:0.000469s ]
INFO: ShowRuntime Behavior ::run [ RunTime:0.000704s ]
INFO: [ view_filter ] --END-- [ RunTime:0.002778s ]
INFO: [ view_end ] --START--
INFO: ShowPageTrace Behavior ::run [ RunTime:0.000900s ]
INFO: [ view_end ] --END-- [ RunTime:0.001002s ]

[ 2015-12-23T12:51:06+08:00 ] 127.0.0.1 /jw2/Index/Person/person
INFO: [ route_check ] --START--
INFO: CheckRoute Behavior ::run [ RunTime:0.001049s ]
INFO: [ route_check ] --END-- [ RunTime:0.001180s ]
INFO: [ app_begin ] --START--
INFO: ReadHtmlCache Behavior ::run [ RunTime:0.000876s ]
INFO: [ app_begin ] --END-- [ RunTime:0.000994s ]
SQL: SHOW COLUMNS FROM `jw_user` [ RunTime:0.004658s ]
SQL: SELECT * FROM `jw_user` WHERE ( `username` = '马莹' )  [ RunTime:0.000444s ]
INFO: [ view_parse ] --START--
NOTIC: [8] Use of undefined constant php - assumed 'php' G:\wamp\wamp\www\text\jw2\JW\Runtime\Cache\Index\bbb369b9d8725270d6b2c30434e39a57.php 第 28 行.
INFO: ParseTemplate Behavior ::run [ RunTime:0.017088s ]
INFO: [ view_parse ] --END-- [ RunTime:0.017257s ]
INFO: [ view_filter ] --START--
INFO: ContentReplace Behavior ::run [ RunTime:0.000685s ]
INFO: TokenBuild Behavior ::run [ RunTime:0.000599s ]
INFO: WriteHtmlCache Behavior ::run [ RunTime:0.000456s ]
INFO: ShowRuntime Behavior ::run [ RunTime:0.000679s ]
INFO: [ view_filter ] --END-- [ RunTime:0.002723s ]
INFO: [ view_end ] --START--
INFO: ShowPageTrace Behavior ::run [ RunTime:0.000929s ]
INFO: [ view_end ] --END-- [ RunTime:0.001024s ]

[ 2015-12-23T12:51:07+08:00 ] 127.0.0.1 /jw2/Index/Person/person
INFO: [ route_check ] --START--
INFO: CheckRoute Behavior ::run [ RunTime:0.001215s ]
INFO: [ route_check ] --END-- [ RunTime:0.001409s ]
INFO: [ app_begin ] --START--
INFO: ReadHtmlCache Behavior ::run [ RunTime:0.000953s ]
INFO: [ app_begin ] --END-- [ RunTime:0.001067s ]
SQL: SHOW COLUMNS FROM `jw_user` [ RunTime:0.004254s ]
SQL: SELECT * FROM `jw_user` WHERE ( `username` = '马莹' )  [ RunTime:0.000370s ]
INFO: [ view_parse ] --START--
NOTIC: [8] Use of undefined constant php - assumed 'php' G:\wamp\wamp\www\text\jw2\JW\Runtime\Cache\Index\bbb369b9d8725270d6b2c30434e39a57.php 第 28 行.
INFO: ParseTemplate Behavior ::run [ RunTime:0.018150s ]
INFO: [ view_parse ] --END-- [ RunTime:0.018299s ]
INFO: [ view_filter ] --START--
INFO: ContentReplace Behavior ::run [ RunTime:0.000640s ]
INFO: TokenBuild Behavior ::run [ RunTime:0.000593s ]
INFO: WriteHtmlCache Behavior ::run [ RunTime:0.000532s ]
INFO: ShowRuntime Behavior ::run [ RunTime:0.000796s ]
INFO: [ view_filter ] --END-- [ RunTime:0.002900s ]
INFO: [ view_end ] --START--
INFO: ShowPageTrace Behavior ::run [ RunTime:0.000919s ]
INFO: [ view_end ] --END-- [ RunTime:0.001053s ]

[ 2015-12-23T12:51:08+08:00 ] 127.0.0.1 /jw2/Index/Forum/forum
INFO: [ route_check ] --START--
INFO: CheckRoute Behavior ::run [ RunTime:0.000903s ]
INFO: [ route_check ] --END-- [ RunTime:0.001038s ]
INFO: [ app_begin ] --START--
INFO: ReadHtmlCache Behavior ::run [ RunTime:0.001450s ]
INFO: [ app_begin ] --END-- [ RunTime:0.001569s ]
SQL: SHOW COLUMNS FROM `jw_forum` [ RunTime:0.004587s ]
SQL: SELECT * FROM `jw_forum`  [ RunTime:0.000412s ]
SQL: SELECT COUNT(*) AS tp_count FROM `jw_forum` LIMIT 1   [ RunTime:0.000256s ]
INFO: [ view_parse ] --START--
NOTIC: [8] Use of undefined constant php - assumed 'php' G:\wamp\wamp\www\text\jw2\JW\Runtime\Cache\Index\7cb71b68c154dc0d61802663b70af762.php 第 28 行.
INFO: ParseTemplate Behavior ::run [ RunTime:0.027940s ]
INFO: [ view_parse ] --END-- [ RunTime:0.028105s ]
INFO: [ view_filter ] --START--
INFO: ContentReplace Behavior ::run [ RunTime:0.000695s ]
INFO: TokenBuild Behavior ::run [ RunTime:0.000597s ]
INFO: WriteHtmlCache Behavior ::run [ RunTime:0.000512s ]
INFO: ShowRuntime Behavior ::run [ RunTime:0.000802s ]
INFO: [ view_filter ] --END-- [ RunTime:0.002913s ]
INFO: [ view_end ] --START--
INFO: ShowPageTrace Behavior ::run [ RunTime:0.000941s ]
INFO: [ view_end ] --END-- [ RunTime:0.001065s ]

[ 2015-12-23T12:51:23+08:00 ] 127.0.0.1 /jw2/1
INFO: [ route_check ] --START--
INFO: CheckRoute Behavior ::run [ RunTime:0.002491s ]
INFO: [ route_check ] --END-- [ RunTime:0.002756s ]
INFO: [ app_begin ] --START--
INFO: ReadHtmlCache Behavior ::run [ RunTime:0.000790s ]
INFO: [ app_begin ] --END-- [ RunTime:0.000917s ]
SQL: SHOW COLUMNS FROM `jw_forum` [ RunTime:0.004440s ]
SQL: SELECT * FROM `jw_forum` WHERE ( `id` = 1 )  [ RunTime:0.000421s ]
SQL: SHOW COLUMNS FROM `jw_answer` [ RunTime:0.009873s ]
SQL: SELECT * FROM `jw_answer` WHERE ( `forum_id` = 1 )  [ RunTime:0.000463s ]
SQL: SHOW COLUMNS FROM `jw_user` [ RunTime:0.004861s ]
SQL: SELECT * FROM `jw_user` WHERE ( `id` = 1 )  [ RunTime:0.000410s ]
INFO: [ view_parse ] --START--
NOTIC: [8] Use of undefined constant php - assumed 'php' G:\wamp\wamp\www\text\jw2\JW\Runtime\Cache\Index\7fd7366e44b72c25fe3fd6f21ff98f22.php 第 28 行.
NOTIC: [8] Undefined variable: page G:\wamp\wamp\www\text\jw2\JW\Runtime\Cache\Index\7fd7366e44b72c25fe3fd6f21ff98f22.php 第 85 行.
NOTIC: [8] Undefined index: pic G:\wamp\wamp\www\text\jw2\JW\Runtime\Cache\Index\7fd7366e44b72c25fe3fd6f21ff98f22.php 第 136 行.
NOTIC: [8] Undefined index: pic G:\wamp\wamp\www\text\jw2\JW\Runtime\Cache\Index\7fd7366e44b72c25fe3fd6f21ff98f22.php 第 136 行.
INFO: ParseTemplate Behavior ::run [ RunTime:0.060459s ]
INFO: [ view_parse ] --END-- [ RunTime:0.060664s ]
INFO: [ view_filter ] --START--
INFO: ContentReplace Behavior ::run [ RunTime:0.000948s ]
INFO: TokenBuild Behavior ::run [ RunTime:0.000665s ]
INFO: WriteHtmlCache Behavior ::run [ RunTime:0.000447s ]
INFO: ShowRuntime Behavior ::run [ RunTime:0.000740s ]
INFO: [ view_filter ] --END-- [ RunTime:0.003127s ]
INFO: [ view_end ] --START--
INFO: ShowPageTrace Behavior ::run [ RunTime:0.001185s ]
INFO: [ view_end ] --END-- [ RunTime:0.001344s ]

[ 2015-12-23T12:51:43+08:00 ] 127.0.0.1 /jw2/2
INFO: [ route_check ] --START--
INFO: CheckRoute Behavior ::run [ RunTime:0.001403s ]
INFO: [ route_check ] --END-- [ RunTime:0.001667s ]
INFO: [ app_begin ] --START--
INFO: ReadHtmlCache Behavior ::run [ RunTime:0.003102s ]
INFO: [ app_begin ] --END-- [ RunTime:0.003376s ]
SQL: SHOW COLUMNS FROM `jw_forum` [ RunTime:0.005511s ]
SQL: SELECT * FROM `jw_forum` WHERE ( `id` = 2 )  [ RunTime:0.000657s ]
SQL: SHOW COLUMNS FROM `jw_answer` [ RunTime:0.007570s ]
SQL: SELECT * FROM `jw_answer` WHERE ( `forum_id` = 2 )  [ RunTime:0.000397s ]
SQL: SHOW COLUMNS FROM `jw_user` [ RunTime:0.005471s ]
SQL: SELECT * FROM `jw_user` WHERE ( `id` = 2 )  [ RunTime:0.000394s ]
INFO: [ view_parse ] --START--
NOTIC: [8] Use of undefined constant php - assumed 'php' G:\wamp\wamp\www\text\jw2\JW\Runtime\Cache\Index\7fd7366e44b72c25fe3fd6f21ff98f22.php 第 28 行.
NOTIC: [8] Undefined variable: page G:\wamp\wamp\www\text\jw2\JW\Runtime\Cache\Index\7fd7366e44b72c25fe3fd6f21ff98f22.php 第 85 行.
INFO: ParseTemplate Behavior ::run [ RunTime:0.027001s ]
INFO: [ view_parse ] --END-- [ RunTime:0.027184s ]
INFO: [ view_filter ] --START--
INFO: ContentReplace Behavior ::run [ RunTime:0.000845s ]
INFO: TokenBuild Behavior ::run [ RunTime:0.000622s ]
INFO: WriteHtmlCache Behavior ::run [ RunTime:0.000421s ]
INFO: ShowRuntime Behavior ::run [ RunTime:0.000735s ]
INFO: [ view_filter ] --END-- [ RunTime:0.002966s ]
INFO: [ view_end ] --START--
INFO: ShowPageTrace Behavior ::run [ RunTime:0.001436s ]
INFO: [ view_end ] --END-- [ RunTime:0.001598s ]

[ 2015-12-23T18:33:16+08:00 ] 127.0.0.1 /jw2/
INFO: [ app_begin ] --START--
INFO: ReadHtmlCache Behavior ::run [ RunTime:0.001275s ]
INFO: [ app_begin ] --END-- [ RunTime:0.001468s ]
NOTIC: [2048] Declaration of IndexAction::show() should be compatible with that of Action::show() G:\wamp\wamp\www\text\jw2\JW\Modules\Index\Action\IndexAction.class.php 第 18 行.
INFO: [ view_parse ] --START--
NOTIC: [8] Undefined index: username G:\wamp\wamp\www\text\jw2\JW\Runtime\Cache\Index\c02fb85234c57081a27580e176266a3d.php 第 13 行.
NOTIC: [8] Use of undefined constant php - assumed 'php' G:\wamp\wamp\www\text\jw2\JW\Runtime\Cache\Index\c02fb85234c57081a27580e176266a3d.php 第 28 行.
INFO: ParseTemplate Behavior ::run [ RunTime:0.021627s ]
INFO: [ view_parse ] --END-- [ RunTime:0.021829s ]
INFO: [ view_filter ] --START--
INFO: ContentReplace Behavior ::run [ RunTime:0.000947s ]
INFO: TokenBuild Behavior ::run [ RunTime:0.000960s ]
INFO: WriteHtmlCache Behavior ::run [ RunTime:0.000707s ]
INFO: ShowRuntime Behavior ::run [ RunTime:0.000996s ]
INFO: [ view_filter ] --END-- [ RunTime:0.003940s ]
INFO: [ view_end ] --START--
INFO: ShowPageTrace Behavior ::run [ RunTime:0.001131s ]
INFO: [ view_end ] --END-- [ RunTime:0.001254s ]

[ 2015-12-23T18:33:18+08:00 ] 127.0.0.1 /jw2/Index/Index/logout
INFO: [ route_check ] --START--
INFO: CheckRoute Behavior ::run [ RunTime:0.031129s ]
INFO: [ route_check ] --END-- [ RunTime:0.031274s ]
INFO: [ app_begin ] --START--
INFO: ReadHtmlCache Behavior ::run [ RunTime:0.000727s ]
INFO: [ app_begin ] --END-- [ RunTime:0.000837s ]
NOTIC: [2048] Declaration of IndexAction::show() should be compatible with that of Action::show() G:\wamp\wamp\www\text\jw2\JW\Modules\Index\Action\IndexAction.class.php 第 18 行.

[ 2015-12-23T18:33:19+08:00 ] 127.0.0.1 /jw2/Index/Login
INFO: [ route_check ] --START--
INFO: CheckRoute Behavior ::run [ RunTime:0.000910s ]
INFO: [ route_check ] --END-- [ RunTime:0.001041s ]
INFO: [ app_begin ] --START--
INFO: ReadHtmlCache Behavior ::run [ RunTime:0.000664s ]
INFO: [ app_begin ] --END-- [ RunTime:0.000772s ]
SQL: SHOW COLUMNS FROM `jw_forum` [ RunTime:0.031800s ]
SQL: SELECT * FROM `jw_forum`  [ RunTime:0.000363s ]
INFO: [ view_parse ] --START--
INFO: ParseTemplate Behavior ::run [ RunTime:0.025903s ]
INFO: [ view_parse ] --END-- [ RunTime:0.026033s ]
INFO: [ view_filter ] --START--
INFO: ContentReplace Behavior ::run [ RunTime:0.000670s ]
INFO: TokenBuild Behavior ::run [ RunTime:0.000621s ]
INFO: WriteHtmlCache Behavior ::run [ RunTime:0.000397s ]
INFO: ShowRuntime Behavior ::run [ RunTime:0.000744s ]
INFO: [ view_filter ] --END-- [ RunTime:0.002717s ]
INFO: [ view_end ] --START--
INFO: ShowPageTrace Behavior ::run [ RunTime:0.001148s ]
INFO: [ view_end ] --END-- [ RunTime:0.001259s ]

[ 2015-12-23T18:33:20+08:00 ] 127.0.0.1 /jw2/Index/Login/verify
INFO: [ route_check ] --START--
INFO: CheckRoute Behavior ::run [ RunTime:0.001185s ]
INFO: [ route_check ] --END-- [ RunTime:0.001334s ]
INFO: [ app_begin ] --START--
INFO: ReadHtmlCache Behavior ::run [ RunTime:0.000691s ]
INFO: [ app_begin ] --END-- [ RunTime:0.000795s ]

[ 2015-12-23T18:33:34+08:00 ] 127.0.0.1 /jw2/Index/Login/login
INFO: [ route_check ] --START--
INFO: CheckRoute Behavior ::run [ RunTime:0.002045s ]
INFO: [ route_check ] --END-- [ RunTime:0.002208s ]
INFO: [ app_begin ] --START--
INFO: ReadHtmlCache Behavior ::run [ RunTime:0.000952s ]
INFO: [ app_begin ] --END-- [ RunTime:0.001097s ]
SQL: SHOW COLUMNS FROM `jw_user` [ RunTime:0.260341s ]
SQL: SELECT * FROM `jw_user` WHERE ( `username` = '马莹' ) LIMIT 1   [ RunTime:0.000390s ]
SQL: UPDATE `jw_user` SET `logintime`=1450866814,`loginip`='127.0.0.1' WHERE ( `id` = 3 ) [ RunTime:0.085824s ]

[ 2015-12-23T18:33:34+08:00 ] 127.0.0.1 /jw2/
INFO: [ app_begin ] --START--
INFO: ReadHtmlCache Behavior ::run [ RunTime:0.000856s ]
INFO: [ app_begin ] --END-- [ RunTime:0.000988s ]
NOTIC: [2048] Declaration of IndexAction::show() should be compatible with that of Action::show() G:\wamp\wamp\www\text\jw2\JW\Modules\Index\Action\IndexAction.class.php 第 18 行.
INFO: [ view_parse ] --START--
NOTIC: [8] Use of undefined constant php - assumed 'php' G:\wamp\wamp\www\text\jw2\JW\Runtime\Cache\Index\c02fb85234c57081a27580e176266a3d.php 第 28 行.
INFO: ParseTemplate Behavior ::run [ RunTime:0.017257s ]
INFO: [ view_parse ] --END-- [ RunTime:0.017444s ]
INFO: [ view_filter ] --START--
INFO: ContentReplace Behavior ::run [ RunTime:0.001837s ]
INFO: TokenBuild Behavior ::run [ RunTime:0.001852s ]
INFO: WriteHtmlCache Behavior ::run [ RunTime:0.000910s ]
INFO: ShowRuntime Behavior ::run [ RunTime:0.001304s ]
INFO: [ view_filter ] --END-- [ RunTime:0.006616s ]
INFO: [ view_end ] --START--
INFO: ShowPageTrace Behavior ::run [ RunTime:0.001451s ]
INFO: [ view_end ] --END-- [ RunTime:0.001654s ]

[ 2015-12-23T18:33:42+08:00 ] 127.0.0.1 /jw2/Index/Forum/forum
INFO: [ route_check ] --START--
INFO: CheckRoute Behavior ::run [ RunTime:0.001486s ]
INFO: [ route_check ] --END-- [ RunTime:0.001736s ]
INFO: [ app_begin ] --START--
INFO: ReadHtmlCache Behavior ::run [ RunTime:0.000949s ]
INFO: [ app_begin ] --END-- [ RunTime:0.001056s ]
SQL: SHOW COLUMNS FROM `jw_forum` [ RunTime:0.005050s ]
SQL: SELECT * FROM `jw_forum`  [ RunTime:0.000453s ]
SQL: SELECT COUNT(*) AS tp_count FROM `jw_forum` LIMIT 1   [ RunTime:0.000272s ]
INFO: [ view_parse ] --START--
NOTIC: [8] Use of undefined constant php - assumed 'php' G:\wamp\wamp\www\text\jw2\JW\Runtime\Cache\Index\7cb71b68c154dc0d61802663b70af762.php 第 28 行.
INFO: ParseTemplate Behavior ::run [ RunTime:0.027531s ]
INFO: [ view_parse ] --END-- [ RunTime:0.027763s ]
INFO: [ view_filter ] --START--
INFO: ContentReplace Behavior ::run [ RunTime:0.000859s ]
INFO: TokenBuild Behavior ::run [ RunTime:0.000787s ]
INFO: WriteHtmlCache Behavior ::run [ RunTime:0.000640s ]
INFO: ShowRuntime Behavior ::run [ RunTime:0.001562s ]
INFO: [ view_filter ] --END-- [ RunTime:0.004201s ]
INFO: [ view_end ] --START--
INFO: ShowPageTrace Behavior ::run [ RunTime:0.001157s ]
INFO: [ view_end ] --END-- [ RunTime:0.001297s ]

[ 2015-12-23T18:36:56+08:00 ] 127.0.0.1 /jw2/c_1
INFO: [ route_check ] --START--
INFO: CheckRoute Behavior ::run [ RunTime:0.001437s ]
INFO: [ route_check ] --END-- [ RunTime:0.001578s ]
INFO: [ app_begin ] --START--
INFO: ReadHtmlCache Behavior ::run [ RunTime:0.001025s ]
INFO: [ app_begin ] --END-- [ RunTime:0.001150s ]
SQL: SHOW COLUMNS FROM `jw_forum` [ RunTime:0.004998s ]
SQL: SELECT * FROM `jw_forum`  [ RunTime:0.000421s ]
SQL: SELECT COUNT(*) AS tp_count FROM `jw_forum` LIMIT 1   [ RunTime:0.000216s ]
INFO: [ view_parse ] --START--
NOTIC: [8] Use of undefined constant php - assumed 'php' G:\wamp\wamp\www\text\jw2\JW\Runtime\Cache\Index\7cb71b68c154dc0d61802663b70af762.php 第 28 行.
INFO: ParseTemplate Behavior ::run [ RunTime:0.017098s ]
INFO: [ view_parse ] --END-- [ RunTime:0.017256s ]
INFO: [ view_filter ] --START--
INFO: ContentReplace Behavior ::run [ RunTime:0.000780s ]
INFO: TokenBuild Behavior ::run [ RunTime:0.000715s ]
INFO: WriteHtmlCache Behavior ::run [ RunTime:0.000578s ]
INFO: ShowRuntime Behavior ::run [ RunTime:0.000843s ]
INFO: [ view_filter ] --END-- [ RunTime:0.003188s ]
INFO: [ view_end ] --START--
INFO: ShowPageTrace Behavior ::run [ RunTime:0.001271s ]
INFO: [ view_end ] --END-- [ RunTime:0.001414s ]

[ 2015-12-23T18:37:02+08:00 ] 127.0.0.1 /jw2/5
INFO: [ route_check ] --START--
INFO: CheckRoute Behavior ::run [ RunTime:0.001239s ]
INFO: [ route_check ] --END-- [ RunTime:0.001377s ]
INFO: [ app_begin ] --START--
INFO: ReadHtmlCache Behavior ::run [ RunTime:0.001001s ]
INFO: [ app_begin ] --END-- [ RunTime:0.001125s ]
SQL: SHOW COLUMNS FROM `jw_forum` [ RunTime:0.004751s ]
SQL: SELECT * FROM `jw_forum` WHERE ( `id` = 5 )  [ RunTime:0.000654s ]
SQL: SHOW COLUMNS FROM `jw_answer` [ RunTime:0.004525s ]
SQL: SELECT * FROM `jw_answer` WHERE ( `forum_id` = 5 )  [ RunTime:0.000351s ]
SQL: SHOW COLUMNS FROM `jw_user` [ RunTime:0.004429s ]
SQL: SELECT * FROM `jw_user` WHERE ( `id` = 5 )  [ RunTime:0.000385s ]
INFO: [ view_parse ] --START--
NOTIC: [8] Use of undefined constant php - assumed 'php' G:\wamp\wamp\www\text\jw2\JW\Runtime\Cache\Index\7fd7366e44b72c25fe3fd6f21ff98f22.php 第 28 行.
NOTIC: [8] Undefined variable: page G:\wamp\wamp\www\text\jw2\JW\Runtime\Cache\Index\7fd7366e44b72c25fe3fd6f21ff98f22.php 第 85 行.
INFO: ParseTemplate Behavior ::run [ RunTime:0.043426s ]
INFO: [ view_parse ] --END-- [ RunTime:0.043598s ]
INFO: [ view_filter ] --START--
INFO: ContentReplace Behavior ::run [ RunTime:0.000839s ]
INFO: TokenBuild Behavior ::run [ RunTime:0.000789s ]
INFO: WriteHtmlCache Behavior ::run [ RunTime:0.000631s ]
INFO: ShowRuntime Behavior ::run [ RunTime:0.000877s ]
INFO: [ view_filter ] --END-- [ RunTime:0.003478s ]
INFO: [ view_end ] --START--
INFO: ShowPageTrace Behavior ::run [ RunTime:0.001210s ]
INFO: [ view_end ] --END-- [ RunTime:0.001340s ]

[ 2015-12-23T18:37:21+08:00 ] 127.0.0.1 /jw2/1
INFO: [ route_check ] --START--
INFO: CheckRoute Behavior ::run [ RunTime:0.001236s ]
INFO: [ route_check ] --END-- [ RunTime:0.001365s ]
INFO: [ app_begin ] --START--
INFO: ReadHtmlCache Behavior ::run [ RunTime:0.000936s ]
INFO: [ app_begin ] --END-- [ RunTime:0.001048s ]
SQL: SHOW COLUMNS FROM `jw_forum` [ RunTime:0.004370s ]
SQL: SELECT * FROM `jw_forum` WHERE ( `id` = 1 )  [ RunTime:0.000346s ]
SQL: SHOW COLUMNS FROM `jw_answer` [ RunTime:0.004908s ]
SQL: SELECT * FROM `jw_answer` WHERE ( `forum_id` = 1 )  [ RunTime:0.030191s ]
SQL: SHOW COLUMNS FROM `jw_user` [ RunTime:0.004600s ]
SQL: SELECT * FROM `jw_user` WHERE ( `id` = 1 )  [ RunTime:0.000347s ]
INFO: [ view_parse ] --START--
NOTIC: [8] Use of undefined constant php - assumed 'php' G:\wamp\wamp\www\text\jw2\JW\Runtime\Cache\Index\7fd7366e44b72c25fe3fd6f21ff98f22.php 第 28 行.
NOTIC: [8] Undefined variable: page G:\wamp\wamp\www\text\jw2\JW\Runtime\Cache\Index\7fd7366e44b72c25fe3fd6f21ff98f22.php 第 85 行.
NOTIC: [8] Undefined index: pic G:\wamp\wamp\www\text\jw2\JW\Runtime\Cache\Index\7fd7366e44b72c25fe3fd6f21ff98f22.php 第 136 行.
NOTIC: [8] Undefined index: pic G:\wamp\wamp\www\text\jw2\JW\Runtime\Cache\Index\7fd7366e44b72c25fe3fd6f21ff98f22.php 第 136 行.
INFO: ParseTemplate Behavior ::run [ RunTime:0.023049s ]
INFO: [ view_parse ] --END-- [ RunTime:0.023163s ]
INFO: [ view_filter ] --START--
INFO: ContentReplace Behavior ::run [ RunTime:0.000790s ]
INFO: TokenBuild Behavior ::run [ RunTime:0.000745s ]
INFO: WriteHtmlCache Behavior ::run [ RunTime:0.000589s ]
INFO: ShowRuntime Behavior ::run [ RunTime:0.000796s ]
INFO: [ view_filter ] --END-- [ RunTime:0.003180s ]
INFO: [ view_end ] --START--
INFO: ShowPageTrace Behavior ::run [ RunTime:0.000884s ]
INFO: [ view_end ] --END-- [ RunTime:0.000987s ]

[ 2015-12-23T18:48:48+08:00 ] 127.0.0.1 /jw2/c_1
INFO: [ route_check ] --START--
INFO: CheckRoute Behavior ::run [ RunTime:0.001583s ]
INFO: [ route_check ] --END-- [ RunTime:0.001734s ]
INFO: [ app_begin ] --START--
INFO: ReadHtmlCache Behavior ::run [ RunTime:0.001056s ]
INFO: [ app_begin ] --END-- [ RunTime:0.001185s ]
SQL: SHOW COLUMNS FROM `jw_forum` [ RunTime:0.003975s ]
SQL: SELECT * FROM `jw_forum`  [ RunTime:0.000397s ]
SQL: SELECT COUNT(*) AS tp_count FROM `jw_forum` LIMIT 1   [ RunTime:0.000309s ]
INFO: [ view_parse ] --START--
NOTIC: [8] Use of undefined constant php - assumed 'php' G:\wamp\wamp\www\text\jw2\JW\Runtime\Cache\Index\7cb71b68c154dc0d61802663b70af762.php 第 28 行.
INFO: ParseTemplate Behavior ::run [ RunTime:0.027687s ]
INFO: [ view_parse ] --END-- [ RunTime:0.027828s ]
INFO: [ view_filter ] --START--
INFO: ContentReplace Behavior ::run [ RunTime:0.013529s ]
INFO: TokenBuild Behavior ::run [ RunTime:0.001060s ]
INFO: WriteHtmlCache Behavior ::run [ RunTime:0.000793s ]
INFO: ShowRuntime Behavior ::run [ RunTime:0.001022s ]
INFO: [ view_filter ] --END-- [ RunTime:0.016728s ]
INFO: [ view_end ] --START--
INFO: ShowPageTrace Behavior ::run [ RunTime:0.001208s ]
INFO: [ view_end ] --END-- [ RunTime:0.001308s ]

[ 2015-12-23T18:48:52+08:00 ] 127.0.0.1 /jw2/2
INFO: [ route_check ] --START--
INFO: CheckRoute Behavior ::run [ RunTime:0.001089s ]
INFO: [ route_check ] --END-- [ RunTime:0.001238s ]
INFO: [ app_begin ] --START--
INFO: ReadHtmlCache Behavior ::run [ RunTime:0.000725s ]
INFO: [ app_begin ] --END-- [ RunTime:0.000842s ]
SQL: SHOW COLUMNS FROM `jw_forum` [ RunTime:0.004621s ]
SQL: SELECT * FROM `jw_forum` WHERE ( `id` = 2 )  [ RunTime:0.000469s ]
SQL: SHOW COLUMNS FROM `jw_answer` [ RunTime:0.005792s ]
SQL: SELECT * FROM `jw_answer` WHERE ( `forum_id` = 2 )  [ RunTime:0.000682s ]
SQL: SHOW COLUMNS FROM `jw_user` [ RunTime:0.005910s ]
SQL: SELECT * FROM `jw_user` WHERE ( `id` = 2 )  [ RunTime:0.000473s ]
INFO: [ view_parse ] --START--
NOTIC: [8] Use of undefined constant php - assumed 'php' G:\wamp\wamp\www\text\jw2\JW\Runtime\Cache\Index\7fd7366e44b72c25fe3fd6f21ff98f22.php 第 28 行.
NOTIC: [8] Undefined variable: page G:\wamp\wamp\www\text\jw2\JW\Runtime\Cache\Index\7fd7366e44b72c25fe3fd6f21ff98f22.php 第 85 行.
INFO: ParseTemplate Behavior ::run [ RunTime:0.024646s ]
INFO: [ view_parse ] --END-- [ RunTime:0.024835s ]
INFO: [ view_filter ] --START--
INFO: ContentReplace Behavior ::run [ RunTime:0.000820s ]
INFO: TokenBuild Behavior ::run [ RunTime:0.000581s ]
INFO: WriteHtmlCache Behavior ::run [ RunTime:0.000487s ]
INFO: ShowRuntime Behavior ::run [ RunTime:0.000683s ]
INFO: [ view_filter ] --END-- [ RunTime:0.003000s ]
INFO: [ view_end ] --START--
INFO: ShowPageTrace Behavior ::run [ RunTime:0.000817s ]
INFO: [ view_end ] --END-- [ RunTime:0.000939s ]

[ 2015-12-23T18:49:15+08:00 ] 127.0.0.1 /jw2/3
INFO: [ route_check ] --START--
INFO: CheckRoute Behavior ::run [ RunTime:0.001078s ]
INFO: [ route_check ] --END-- [ RunTime:0.001256s ]
INFO: [ app_begin ] --START--
INFO: ReadHtmlCache Behavior ::run [ RunTime:0.000977s ]
INFO: [ app_begin ] --END-- [ RunTime:0.001136s ]
SQL: SHOW COLUMNS FROM `jw_forum` [ RunTime:0.005184s ]
SQL: SELECT * FROM `jw_forum` WHERE ( `id` = 3 )  [ RunTime:0.000446s ]
SQL: SHOW COLUMNS FROM `jw_answer` [ RunTime:0.007643s ]
SQL: SELECT * FROM `jw_answer` WHERE ( `forum_id` = 3 )  [ RunTime:0.000423s ]
SQL: SHOW COLUMNS FROM `jw_user` [ RunTime:0.005123s ]
SQL: SELECT * FROM `jw_user` WHERE ( `id` = 3 )  [ RunTime:0.000419s ]
INFO: [ view_parse ] --START--
NOTIC: [8] Use of undefined constant php - assumed 'php' G:\wamp\wamp\www\text\jw2\JW\Runtime\Cache\Index\7fd7366e44b72c25fe3fd6f21ff98f22.php 第 28 行.
NOTIC: [8] Undefined variable: page G:\wamp\wamp\www\text\jw2\JW\Runtime\Cache\Index\7fd7366e44b72c25fe3fd6f21ff98f22.php 第 85 行.
INFO: ParseTemplate Behavior ::run [ RunTime:0.032401s ]
INFO: [ view_parse ] --END-- [ RunTime:0.032524s ]
INFO: [ view_filter ] --START--
INFO: ContentReplace Behavior ::run [ RunTime:0.000643s ]
INFO: TokenBuild Behavior ::run [ RunTime:0.000566s ]
INFO: WriteHtmlCache Behavior ::run [ RunTime:0.000385s ]
INFO: ShowRuntime Behavior ::run [ RunTime:0.000641s ]
INFO: [ view_filter ] --END-- [ RunTime:0.002524s ]
INFO: [ view_end ] --START--
INFO: ShowPageTrace Behavior ::run [ RunTime:0.001986s ]
INFO: [ view_end ] --END-- [ RunTime:0.002225s ]

[ 2015-12-23T18:49:26+08:00 ] 127.0.0.1 /jw2/3
INFO: [ route_check ] --START--
INFO: CheckRoute Behavior ::run [ RunTime:0.001300s ]
INFO: [ route_check ] --END-- [ RunTime:0.001530s ]
INFO: [ app_begin ] --START--
INFO: ReadHtmlCache Behavior ::run [ RunTime:0.000764s ]
INFO: [ app_begin ] --END-- [ RunTime:0.000891s ]
SQL: SHOW COLUMNS FROM `jw_forum` [ RunTime:0.005934s ]
SQL: SELECT * FROM `jw_forum` WHERE ( `id` = 3 )  [ RunTime:0.000420s ]
SQL: SHOW COLUMNS FROM `jw_answer` [ RunTime:0.006720s ]
SQL: SELECT * FROM `jw_answer` WHERE ( `forum_id` = 3 )  [ RunTime:0.000450s ]
SQL: SHOW COLUMNS FROM `jw_user` [ RunTime:0.004898s ]
SQL: SELECT * FROM `jw_user` WHERE ( `id` = 3 )  [ RunTime:0.000420s ]
INFO: [ view_parse ] --START--
NOTIC: [8] Use of undefined constant php - assumed 'php' G:\wamp\wamp\www\text\jw2\JW\Runtime\Cache\Index\7fd7366e44b72c25fe3fd6f21ff98f22.php 第 28 行.
NOTIC: [8] Undefined variable: page G:\wamp\wamp\www\text\jw2\JW\Runtime\Cache\Index\7fd7366e44b72c25fe3fd6f21ff98f22.php 第 85 行.
INFO: ParseTemplate Behavior ::run [ RunTime:0.031119s ]
INFO: [ view_parse ] --END-- [ RunTime:0.031320s ]
INFO: [ view_filter ] --START--
INFO: ContentReplace Behavior ::run [ RunTime:0.001016s ]
INFO: TokenBuild Behavior ::run [ RunTime:0.000944s ]
INFO: WriteHtmlCache Behavior ::run [ RunTime:0.000471s ]
INFO: ShowRuntime Behavior ::run [ RunTime:0.000686s ]
INFO: [ view_filter ] --END-- [ RunTime:0.003489s ]
INFO: [ view_end ] --START--
INFO: ShowPageTrace Behavior ::run [ RunTime:0.000744s ]
INFO: [ view_end ] --END-- [ RunTime:0.000852s ]

[ 2015-12-23T18:54:05+08:00 ] 127.0.0.1 /jw2/4
INFO: [ route_check ] --START--
INFO: CheckRoute Behavior ::run [ RunTime:0.001368s ]
INFO: [ route_check ] --END-- [ RunTime:0.001504s ]
INFO: [ app_begin ] --START--
INFO: ReadHtmlCache Behavior ::run [ RunTime:0.000964s ]
INFO: [ app_begin ] --END-- [ RunTime:0.001090s ]
SQL: SHOW COLUMNS FROM `jw_forum` [ RunTime:0.004400s ]
SQL: SELECT * FROM `jw_forum` WHERE ( `id` = 4 )  [ RunTime:0.000362s ]
SQL: SHOW COLUMNS FROM `jw_answer` [ RunTime:0.003917s ]
SQL: SELECT * FROM `jw_answer` WHERE ( `forum_id` = 4 )  [ RunTime:0.000293s ]
SQL: SHOW COLUMNS FROM `jw_user` [ RunTime:0.004093s ]
SQL: SELECT * FROM `jw_user` WHERE ( `id` = 4 )  [ RunTime:0.000297s ]
INFO: [ view_parse ] --START--
NOTIC: [8] Use of undefined constant php - assumed 'php' G:\wamp\wamp\www\text\jw2\JW\Runtime\Cache\Index\7fd7366e44b72c25fe3fd6f21ff98f22.php 第 28 行.
NOTIC: [8] Undefined variable: page G:\wamp\wamp\www\text\jw2\JW\Runtime\Cache\Index\7fd7366e44b72c25fe3fd6f21ff98f22.php 第 85 行.
INFO: ParseTemplate Behavior ::run [ RunTime:0.060037s ]
INFO: [ view_parse ] --END-- [ RunTime:0.060159s ]
INFO: [ view_filter ] --START--
INFO: ContentReplace Behavior ::run [ RunTime:0.000768s ]
INFO: TokenBuild Behavior ::run [ RunTime:0.000737s ]
INFO: WriteHtmlCache Behavior ::run [ RunTime:0.000629s ]
INFO: ShowRuntime Behavior ::run [ RunTime:0.001961s ]
INFO: [ view_filter ] --END-- [ RunTime:0.004623s ]
INFO: [ view_end ] --START--
INFO: ShowPageTrace Behavior ::run [ RunTime:0.000941s ]
INFO: [ view_end ] --END-- [ RunTime:0.001044s ]

[ 2015-12-23T18:54:16+08:00 ] 127.0.0.1 /jw2/2
INFO: [ route_check ] --START--
INFO: CheckRoute Behavior ::run [ RunTime:0.001097s ]
INFO: [ route_check ] --END-- [ RunTime:0.001220s ]
INFO: [ app_begin ] --START--
INFO: ReadHtmlCache Behavior ::run [ RunTime:0.000870s ]
INFO: [ app_begin ] --END-- [ RunTime:0.000978s ]
SQL: SHOW COLUMNS FROM `jw_forum` [ RunTime:0.004739s ]
SQL: SELECT * FROM `jw_forum` WHERE ( `id` = 2 )  [ RunTime:0.000388s ]
SQL: SHOW COLUMNS FROM `jw_answer` [ RunTime:0.005138s ]
SQL: SELECT * FROM `jw_answer` WHERE ( `forum_id` = 2 )  [ RunTime:0.000377s ]
SQL: SHOW COLUMNS FROM `jw_user` [ RunTime:0.003997s ]
SQL: SELECT * FROM `jw_user` WHERE ( `id` = 2 )  [ RunTime:0.000321s ]
INFO: [ view_parse ] --START--
NOTIC: [8] Use of undefined constant php - assumed 'php' G:\wamp\wamp\www\text\jw2\JW\Runtime\Cache\Index\7fd7366e44b72c25fe3fd6f21ff98f22.php 第 28 行.
NOTIC: [8] Undefined variable: page G:\wamp\wamp\www\text\jw2\JW\Runtime\Cache\Index\7fd7366e44b72c25fe3fd6f21ff98f22.php 第 85 行.
INFO: ParseTemplate Behavior ::run [ RunTime:0.022362s ]
INFO: [ view_parse ] --END-- [ RunTime:0.022506s ]
INFO: [ view_filter ] --START--
INFO: ContentReplace Behavior ::run [ RunTime:0.000944s ]
INFO: TokenBuild Behavior ::run [ RunTime:0.001198s ]
INFO: WriteHtmlCache Behavior ::run [ RunTime:0.000752s ]
INFO: ShowRuntime Behavior ::run [ RunTime:0.000903s ]
INFO: [ view_filter ] --END-- [ RunTime:0.004130s ]
INFO: [ view_end ] --START--
INFO: ShowPageTrace Behavior ::run [ RunTime:0.000915s ]
INFO: [ view_end ] --END-- [ RunTime:0.001020s ]

[ 2015-12-23T18:54:26+08:00 ] 127.0.0.1 /jw2/1
INFO: [ route_check ] --START--
INFO: CheckRoute Behavior ::run [ RunTime:0.001572s ]
INFO: [ route_check ] --END-- [ RunTime:0.001726s ]
INFO: [ app_begin ] --START--
INFO: ReadHtmlCache Behavior ::run [ RunTime:0.000999s ]
INFO: [ app_begin ] --END-- [ RunTime:0.001127s ]
SQL: SHOW COLUMNS FROM `jw_forum` [ RunTime:0.004334s ]
SQL: SELECT * FROM `jw_forum` WHERE ( `id` = 1 )  [ RunTime:0.000394s ]
SQL: SHOW COLUMNS FROM `jw_answer` [ RunTime:0.004065s ]
SQL: SELECT * FROM `jw_answer` WHERE ( `forum_id` = 1 )  [ RunTime:0.000355s ]
SQL: SHOW COLUMNS FROM `jw_user` [ RunTime:0.005252s ]
SQL: SELECT * FROM `jw_user` WHERE ( `id` = 1 )  [ RunTime:0.000341s ]
INFO: [ view_parse ] --START--
NOTIC: [8] Use of undefined constant php - assumed 'php' G:\wamp\wamp\www\text\jw2\JW\Runtime\Cache\Index\7fd7366e44b72c25fe3fd6f21ff98f22.php 第 28 行.
NOTIC: [8] Undefined variable: page G:\wamp\wamp\www\text\jw2\JW\Runtime\Cache\Index\7fd7366e44b72c25fe3fd6f21ff98f22.php 第 85 行.
NOTIC: [8] Undefined index: pic G:\wamp\wamp\www\text\jw2\JW\Runtime\Cache\Index\7fd7366e44b72c25fe3fd6f21ff98f22.php 第 136 行.
NOTIC: [8] Undefined index: pic G:\wamp\wamp\www\text\jw2\JW\Runtime\Cache\Index\7fd7366e44b72c25fe3fd6f21ff98f22.php 第 136 行.
INFO: ParseTemplate Behavior ::run [ RunTime:0.024310s ]
INFO: [ view_parse ] --END-- [ RunTime:0.024458s ]
INFO: [ view_filter ] --START--
INFO: ContentReplace Behavior ::run [ RunTime:0.000922s ]
INFO: TokenBuild Behavior ::run [ RunTime:0.001052s ]
INFO: WriteHtmlCache Behavior ::run [ RunTime:0.000741s ]
INFO: ShowRuntime Behavior ::run [ RunTime:0.000853s ]
INFO: [ view_filter ] --END-- [ RunTime:0.003940s ]
INFO: [ view_end ] --START--
INFO: ShowPageTrace Behavior ::run [ RunTime:0.000904s ]
INFO: [ view_end ] --END-- [ RunTime:0.001008s ]

