[ 2015-10-21T20:53:36+08:00 ] 127.0.0.1 /jw/
INFO: [ app_begin ] --START--
INFO: ReadHtmlCache Behavior ::run [ RunTime:0.001268s ]
INFO: [ app_begin ] --END-- [ RunTime:0.020184s ]
INFO: [ view_parse ] --START--
INFO: ParseTemplate Behavior ::run [ RunTime:0.035562s ]
INFO: [ view_parse ] --END-- [ RunTime:0.035716s ]
INFO: [ view_filter ] --START--
INFO: ContentReplace Behavior ::run [ RunTime:0.011501s ]
INFO: TokenBuild Behavior ::run [ RunTime:0.001479s ]
INFO: WriteHtmlCache Behavior ::run [ RunTime:0.000696s ]
INFO: ShowRuntime Behavior ::run [ RunTime:0.001113s ]
INFO: [ view_filter ] --END-- [ RunTime:0.015121s ]
INFO: [ view_end ] --START--
INFO: ShowPageTrace Behavior ::run [ RunTime:0.001729s ]
INFO: [ view_end ] --END-- [ RunTime:0.001849s ]

[ 2015-10-21T20:53:56+08:00 ] 127.0.0.1 /jw/index.php/Index/Index/blog
INFO: [ route_check ] --START--
INFO: CheckRoute Behavior ::run [ RunTime:0.035263s ]
INFO: [ route_check ] --END-- [ RunTime:0.035455s ]
INFO: [ app_begin ] --START--
INFO: ReadHtmlCache Behavior ::run [ RunTime:0.000671s ]
INFO: [ app_begin ] --END-- [ RunTime:0.000785s ]
ERR: 非法操作:blog

[ 2015-10-21T20:54:04+08:00 ] 127.0.0.1 /jw/index.php/Index/Index/Login
INFO: [ route_check ] --START--
INFO: CheckRoute Behavior ::run [ RunTime:0.000826s ]
INFO: [ route_check ] --END-- [ RunTime:0.000978s ]
INFO: [ app_begin ] --START--
INFO: ReadHtmlCache Behavior ::run [ RunTime:0.000653s ]
INFO: [ app_begin ] --END-- [ RunTime:0.000761s ]
ERR: 非法操作:Login

[ 2015-10-21T20:54:14+08:00 ] 127.0.0.1 /jw/index.php/Index/Index/
INFO: [ route_check ] --START--
INFO: CheckRoute Behavior ::run [ RunTime:0.000858s ]
INFO: [ route_check ] --END-- [ RunTime:0.000993s ]
INFO: [ app_begin ] --START--
INFO: ReadHtmlCache Behavior ::run [ RunTime:0.000854s ]
INFO: [ app_begin ] --END-- [ RunTime:0.000979s ]
INFO: [ view_parse ] --START--
INFO: ParseTemplate Behavior ::run [ RunTime:0.008235s ]
INFO: [ view_parse ] --END-- [ RunTime:0.008380s ]
INFO: [ view_filter ] --START--
INFO: ContentReplace Behavior ::run [ RunTime:0.000574s ]
INFO: TokenBuild Behavior ::run [ RunTime:0.000487s ]
INFO: WriteHtmlCache Behavior ::run [ RunTime:0.000341s ]
INFO: ShowRuntime Behavior ::run [ RunTime:0.000554s ]
INFO: [ view_filter ] --END-- [ RunTime:0.002236s ]
INFO: [ view_end ] --START--
INFO: ShowPageTrace Behavior ::run [ RunTime:0.000687s ]
INFO: [ view_end ] --END-- [ RunTime:0.000790s ]

[ 2015-10-21T20:54:22+08:00 ] 127.0.0.1 /jw/index.php/Login/
INFO: [ route_check ] --START--
INFO: CheckRoute Behavior ::run [ RunTime:0.000829s ]
INFO: [ route_check ] --END-- [ RunTime:0.000975s ]
INFO: [ app_begin ] --START--
INFO: ReadHtmlCache Behavior ::run [ RunTime:0.000608s ]
INFO: [ app_begin ] --END-- [ RunTime:0.000719s ]
INFO: [ view_parse ] --START--
INFO: ParseTemplate Behavior ::run [ RunTime:0.011196s ]
INFO: [ view_parse ] --END-- [ RunTime:0.011341s ]
INFO: [ view_filter ] --START--
INFO: ContentReplace Behavior ::run [ RunTime:0.000738s ]
INFO: TokenBuild Behavior ::run [ RunTime:0.000645s ]
INFO: WriteHtmlCache Behavior ::run [ RunTime:0.000453s ]
INFO: ShowRuntime Behavior ::run [ RunTime:0.000625s ]
INFO: [ view_filter ] --END-- [ RunTime:0.002742s ]
INFO: [ view_end ] --START--
INFO: ShowPageTrace Behavior ::run [ RunTime:0.000670s ]
INFO: [ view_end ] --END-- [ RunTime:0.000765s ]

[ 2015-10-21T20:54:23+08:00 ] 127.0.0.1 /jw/index.php/Index/Login/verify
INFO: [ route_check ] --START--
INFO: CheckRoute Behavior ::run [ RunTime:0.000714s ]
INFO: [ route_check ] --END-- [ RunTime:0.000866s ]
INFO: [ app_begin ] --START--
INFO: ReadHtmlCache Behavior ::run [ RunTime:0.000655s ]
INFO: [ app_begin ] --END-- [ RunTime:0.000766s ]

[ 2015-10-21T20:54:33+08:00 ] 127.0.0.1 /jw/index.php/Index/Index/index
INFO: [ route_check ] --START--
INFO: CheckRoute Behavior ::run [ RunTime:0.001045s ]
INFO: [ route_check ] --END-- [ RunTime:0.001194s ]
INFO: [ app_begin ] --START--
INFO: ReadHtmlCache Behavior ::run [ RunTime:0.000829s ]
INFO: [ app_begin ] --END-- [ RunTime:0.000958s ]
INFO: [ view_parse ] --START--
INFO: ParseTemplate Behavior ::run [ RunTime:0.013262s ]
INFO: [ view_parse ] --END-- [ RunTime:0.013463s ]
INFO: [ view_filter ] --START--
INFO: ContentReplace Behavior ::run [ RunTime:0.001808s ]
INFO: TokenBuild Behavior ::run [ RunTime:0.001949s ]
INFO: WriteHtmlCache Behavior ::run [ RunTime:0.001006s ]
INFO: ShowRuntime Behavior ::run [ RunTime:0.000802s ]
INFO: [ view_filter ] --END-- [ RunTime:0.006425s ]
INFO: [ view_end ] --START--
INFO: ShowPageTrace Behavior ::run [ RunTime:0.001225s ]
INFO: [ view_end ] --END-- [ RunTime:0.001394s ]

[ 2015-10-21T20:54:48+08:00 ] 127.0.0.1 /jw/index.php/Index/Index/index
INFO: [ route_check ] --START--
INFO: CheckRoute Behavior ::run [ RunTime:0.001394s ]
INFO: [ route_check ] --END-- [ RunTime:0.001592s ]
INFO: [ app_begin ] --START--
INFO: ReadHtmlCache Behavior ::run [ RunTime:0.001066s ]
INFO: [ app_begin ] --END-- [ RunTime:0.001234s ]
INFO: [ view_parse ] --START--
INFO: ParseTemplate Behavior ::run [ RunTime:0.007932s ]
INFO: [ view_parse ] --END-- [ RunTime:0.008095s ]
INFO: [ view_filter ] --START--
INFO: ContentReplace Behavior ::run [ RunTime:0.000455s ]
INFO: TokenBuild Behavior ::run [ RunTime:0.000478s ]
INFO: WriteHtmlCache Behavior ::run [ RunTime:0.000337s ]
INFO: ShowRuntime Behavior ::run [ RunTime:0.000571s ]
INFO: [ view_filter ] --END-- [ RunTime:0.002131s ]
INFO: [ view_end ] --START--
INFO: ShowPageTrace Behavior ::run [ RunTime:0.000762s ]
INFO: [ view_end ] --END-- [ RunTime:0.000879s ]

[ 2015-10-21T21:03:20+08:00 ] 127.0.0.1 /jw/index.php/Index/Index/index
INFO: [ route_check ] --START--
INFO: CheckRoute Behavior ::run [ RunTime:0.001155s ]
INFO: [ route_check ] --END-- [ RunTime:0.001404s ]
INFO: [ app_begin ] --START--
INFO: ReadHtmlCache Behavior ::run [ RunTime:0.001259s ]
INFO: [ app_begin ] --END-- [ RunTime:0.001420s ]
INFO: [ view_parse ] --START--
INFO: ParseTemplate Behavior ::run [ RunTime:0.009645s ]
INFO: [ view_parse ] --END-- [ RunTime:0.009834s ]
INFO: [ view_filter ] --START--
INFO: ContentReplace Behavior ::run [ RunTime:0.000595s ]
INFO: TokenBuild Behavior ::run [ RunTime:0.000542s ]
INFO: WriteHtmlCache Behavior ::run [ RunTime:0.000467s ]
INFO: ShowRuntime Behavior ::run [ RunTime:0.000578s ]
INFO: [ view_filter ] --END-- [ RunTime:0.002501s ]
INFO: [ view_end ] --START--
INFO: ShowPageTrace Behavior ::run [ RunTime:0.000707s ]
INFO: [ view_end ] --END-- [ RunTime:0.000816s ]

[ 2015-10-21T21:04:08+08:00 ] 127.0.0.1 /jw/index.php/Index/Index/index
INFO: [ route_check ] --START--
INFO: CheckRoute Behavior ::run [ RunTime:0.001391s ]
INFO: [ route_check ] --END-- [ RunTime:0.001553s ]
INFO: [ app_begin ] --START--
INFO: ReadHtmlCache Behavior ::run [ RunTime:0.000711s ]
INFO: [ app_begin ] --END-- [ RunTime:0.000820s ]
INFO: [ view_parse ] --START--
INFO: ParseTemplate Behavior ::run [ RunTime:0.009305s ]
INFO: [ view_parse ] --END-- [ RunTime:0.009444s ]
INFO: [ view_filter ] --START--
INFO: ContentReplace Behavior ::run [ RunTime:0.000548s ]
INFO: TokenBuild Behavior ::run [ RunTime:0.000564s ]
INFO: WriteHtmlCache Behavior ::run [ RunTime:0.000405s ]
INFO: ShowRuntime Behavior ::run [ RunTime:0.000636s ]
INFO: [ view_filter ] --END-- [ RunTime:0.002459s ]
INFO: [ view_end ] --START--
INFO: ShowPageTrace Behavior ::run [ RunTime:0.000727s ]
INFO: [ view_end ] --END-- [ RunTime:0.000828s ]

[ 2015-10-21T21:04:11+08:00 ] 127.0.0.1 /jw/index.php/Index/Index/index
INFO: [ route_check ] --START--
INFO: CheckRoute Behavior ::run [ RunTime:0.000898s ]
INFO: [ route_check ] --END-- [ RunTime:0.001046s ]
INFO: [ app_begin ] --START--
INFO: ReadHtmlCache Behavior ::run [ RunTime:0.000702s ]
INFO: [ app_begin ] --END-- [ RunTime:0.000830s ]
INFO: [ view_parse ] --START--
INFO: ParseTemplate Behavior ::run [ RunTime:0.008596s ]
INFO: [ view_parse ] --END-- [ RunTime:0.008773s ]
INFO: [ view_filter ] --START--
INFO: ContentReplace Behavior ::run [ RunTime:0.000514s ]
INFO: TokenBuild Behavior ::run [ RunTime:0.000518s ]
INFO: WriteHtmlCache Behavior ::run [ RunTime:0.000364s ]
INFO: ShowRuntime Behavior ::run [ RunTime:0.000604s ]
INFO: [ view_filter ] --END-- [ RunTime:0.002312s ]
INFO: [ view_end ] --START--
INFO: ShowPageTrace Behavior ::run [ RunTime:0.000760s ]
INFO: [ view_end ] --END-- [ RunTime:0.000879s ]

