[ 2016-03-17T20:43:41+08:00 ] 127.0.0.1 /jw2/
INFO: [ app_begin ] --START--
INFO: ReadHtmlCache Behavior ::run [ RunTime:0.001578s ]
INFO: [ app_begin ] --END-- [ RunTime:0.001743s ]
NOTIC: [2048] Declaration of IndexAction::show() should be compatible with that of Action::show() G:\wamp\wamp\www\text\jw2\JW\Modules\Index\Action\IndexAction.class.php 第 18 行.
INFO: [ view_parse ] --START--
NOTIC: [8] Use of undefined constant php - assumed 'php' G:\wamp\wamp\www\text\jw2\JW\Runtime\Cache\Index\c02fb85234c57081a27580e176266a3d.php 第 28 行.
INFO: ParseTemplate Behavior ::run [ RunTime:0.030102s ]
INFO: [ view_parse ] --END-- [ RunTime:0.030247s ]
INFO: [ view_filter ] --START--
INFO: ContentReplace Behavior ::run [ RunTime:0.001282s ]
INFO: TokenBuild Behavior ::run [ RunTime:0.001091s ]
INFO: WriteHtmlCache Behavior ::run [ RunTime:0.000914s ]
INFO: ShowRuntime Behavior ::run [ RunTime:0.001164s ]
INFO: [ view_filter ] --END-- [ RunTime:0.004778s ]
INFO: [ view_end ] --START--
INFO: ShowPageTrace Behavior ::run [ RunTime:0.001350s ]
INFO: [ view_end ] --END-- [ RunTime:0.001475s ]

[ 2016-03-17T20:43:46+08:00 ] 127.0.0.1 /jw2/Index/Forum/forum
INFO: [ route_check ] --START--
INFO: CheckRoute Behavior ::run [ RunTime:0.040434s ]
INFO: [ route_check ] --END-- [ RunTime:0.040640s ]
INFO: [ app_begin ] --START--
INFO: ReadHtmlCache Behavior ::run [ RunTime:0.001091s ]
INFO: [ app_begin ] --END-- [ RunTime:0.001214s ]
SQL: SHOW COLUMNS FROM `jw_forum` [ RunTime:0.049325s ]
SQL: SELECT * FROM `jw_forum`  [ RunTime:0.000433s ]
SQL: SELECT COUNT(*) AS tp_count FROM `jw_forum` LIMIT 1   [ RunTime:0.000243s ]
INFO: [ view_parse ] --START--
NOTIC: [8] Use of undefined constant php - assumed 'php' G:\wamp\wamp\www\text\jw2\JW\Runtime\Cache\Index\7cb71b68c154dc0d61802663b70af762.php 第 28 行.
INFO: ParseTemplate Behavior ::run [ RunTime:0.058227s ]
INFO: [ view_parse ] --END-- [ RunTime:0.058387s ]
INFO: [ view_filter ] --START--
INFO: ContentReplace Behavior ::run [ RunTime:0.000904s ]
INFO: TokenBuild Behavior ::run [ RunTime:0.000721s ]
INFO: WriteHtmlCache Behavior ::run [ RunTime:0.000642s ]
INFO: ShowRuntime Behavior ::run [ RunTime:0.000966s ]
INFO: [ view_filter ] --END-- [ RunTime:0.003577s ]
INFO: [ view_end ] --START--
INFO: ShowPageTrace Behavior ::run [ RunTime:0.001520s ]
INFO: [ view_end ] --END-- [ RunTime:0.001691s ]

