[ 2016-02-22T20:13:52+08:00 ] 127.0.0.1 /jw2/Admin/Advice/index
INFO: [ route_check ] --START--
INFO: CheckRoute Behavior ::run [ RunTime:0.002171s ]
INFO: [ route_check ] --END-- [ RunTime:0.002379s ]
INFO: [ app_begin ] --START--
INFO: ReadHtmlCache Behavior ::run [ RunTime:0.005100s ]
INFO: [ app_begin ] --END-- [ RunTime:0.005524s ]
NOTIC: [8] Use of undefined constant BLONGS_TO - assumed 'BLONGS_TO' G:\wamp\wamp\www\text\jw2\ThinkPHP\Common\common.php 第 406 行.
SQL: SHOW COLUMNS FROM `jw_advice` [ RunTime:0.283447s ]
SQL: SELECT `id`,`title`,`direction`,`xzname`,`content`,`time`,`click`,`cid` FROM `jw_advice` WHERE ( `del` = 0 )  [ RunTime:0.118780s ]
SQL: SHOW COLUMNS FROM `jw_attr` [ RunTime:0.290851s ]
NOTIC: [8] Undefined index: mapping_order G:\wamp\wamp\www\text\jw2\ThinkPHP\Extend\Model\RelationModel.class.php 第 188 行.
NOTIC: [8] Undefined index: mapping_limit G:\wamp\wamp\www\text\jw2\ThinkPHP\Extend\Model\RelationModel.class.php 第 189 行.
SQL: SELECT b.* FROM jw_advice_attr AS a, jw_attr AS b WHERE a.bid = b.id AND a. aid='2' [ RunTime:0.516741s ]
ERR: 1146:Table 'jwroom.jw_advice_attr' doesn't exist
 [ SQL语句 ] : SELECT b.* FROM jw_advice_attr AS a, jw_attr AS b WHERE a.bid = b.id AND a. aid='2'
SQL: SHOW COLUMNS FROM `jw_cate` [ RunTime:0.063863s ]
ERR: 1146:Table 'jwroom.jw_cate' doesn't exist
 [ SQL语句 ] : SHOW COLUMNS FROM `jw_cate`
NOTIC: [8] Undefined variable: relationData G:\wamp\wamp\www\text\jw2\ThinkPHP\Extend\Model\RelationModel.class.php 第 225 行.
NOTIC: [8] Undefined index: mapping_order G:\wamp\wamp\www\text\jw2\ThinkPHP\Extend\Model\RelationModel.class.php 第 188 行.
NOTIC: [8] Undefined index: mapping_limit G:\wamp\wamp\www\text\jw2\ThinkPHP\Extend\Model\RelationModel.class.php 第 189 行.
SQL: SELECT b.* FROM jw_advice_attr AS a, jw_attr AS b WHERE a.bid = b.id AND a. aid='3' [ RunTime:0.001602s ]
ERR: 1146:Table 'jwroom.jw_advice_attr' doesn't exist
 [ SQL语句 ] : SELECT b.* FROM jw_advice_attr AS a, jw_attr AS b WHERE a.bid = b.id AND a. aid='3'
NOTIC: [8] Undefined variable: relationData G:\wamp\wamp\www\text\jw2\ThinkPHP\Extend\Model\RelationModel.class.php 第 225 行.
NOTIC: [8] Undefined index: mapping_order G:\wamp\wamp\www\text\jw2\ThinkPHP\Extend\Model\RelationModel.class.php 第 188 行.
NOTIC: [8] Undefined index: mapping_limit G:\wamp\wamp\www\text\jw2\ThinkPHP\Extend\Model\RelationModel.class.php 第 189 行.
SQL: SELECT b.* FROM jw_advice_attr AS a, jw_attr AS b WHERE a.bid = b.id AND a. aid='4' [ RunTime:0.000510s ]
ERR: 1146:Table 'jwroom.jw_advice_attr' doesn't exist
 [ SQL语句 ] : SELECT b.* FROM jw_advice_attr AS a, jw_attr AS b WHERE a.bid = b.id AND a. aid='4'
NOTIC: [8] Undefined variable: relationData G:\wamp\wamp\www\text\jw2\ThinkPHP\Extend\Model\RelationModel.class.php 第 225 行.
NOTIC: [8] Undefined index: mapping_order G:\wamp\wamp\www\text\jw2\ThinkPHP\Extend\Model\RelationModel.class.php 第 188 行.
NOTIC: [8] Undefined index: mapping_limit G:\wamp\wamp\www\text\jw2\ThinkPHP\Extend\Model\RelationModel.class.php 第 189 行.
SQL: SELECT b.* FROM jw_advice_attr AS a, jw_attr AS b WHERE a.bid = b.id AND a. aid='7' [ RunTime:0.000365s ]
ERR: 1146:Table 'jwroom.jw_advice_attr' doesn't exist
 [ SQL语句 ] : SELECT b.* FROM jw_advice_attr AS a, jw_attr AS b WHERE a.bid = b.id AND a. aid='7'
NOTIC: [8] Undefined variable: relationData G:\wamp\wamp\www\text\jw2\ThinkPHP\Extend\Model\RelationModel.class.php 第 225 行.
INFO: [ view_parse ] --START--
INFO: ParseTemplate Behavior ::run [ RunTime:0.483347s ]
INFO: [ view_parse ] --END-- [ RunTime:0.483559s ]
INFO: [ view_filter ] --START--
INFO: ContentReplace Behavior ::run [ RunTime:0.009539s ]
INFO: TokenBuild Behavior ::run [ RunTime:0.001798s ]
INFO: WriteHtmlCache Behavior ::run [ RunTime:0.000915s ]
INFO: ShowRuntime Behavior ::run [ RunTime:0.001546s ]
INFO: [ view_filter ] --END-- [ RunTime:0.014221s ]
INFO: [ view_end ] --START--
INFO: ShowPageTrace Behavior ::run [ RunTime:0.001383s ]
INFO: [ view_end ] --END-- [ RunTime:0.001512s ]

