[ 2016-02-19T16:56:04+08:00 ] 127.0.0.1 /jw2/index.php/Index/Login
INFO: [ route_check ] --START--
INFO: CheckRoute Behavior ::run [ RunTime:0.011581s ]
INFO: [ route_check ] --END-- [ RunTime:0.011859s ]
INFO: [ app_begin ] --START--
INFO: ReadHtmlCache Behavior ::run [ RunTime:0.001416s ]
INFO: [ app_begin ] --END-- [ RunTime:0.001535s ]
SQL: SHOW COLUMNS FROM `jw_forum` [ RunTime:0.945295s ]
SQL: SELECT * FROM `jw_forum`  [ RunTime:0.042062s ]
INFO: [ view_parse ] --START--
INFO: ParseTemplate Behavior ::run [ RunTime:0.193675s ]
INFO: [ view_parse ] --END-- [ RunTime:0.193860s ]
INFO: [ view_filter ] --START--
INFO: ContentReplace Behavior ::run [ RunTime:0.058199s ]
INFO: TokenBuild Behavior ::run [ RunTime:0.001409s ]
INFO: WriteHtmlCache Behavior ::run [ RunTime:0.076460s ]
INFO: ShowRuntime Behavior ::run [ RunTime:0.002160s ]
INFO: [ view_filter ] --END-- [ RunTime:0.138723s ]
INFO: [ view_end ] --START--
INFO: ShowPageTrace Behavior ::run [ RunTime:0.024390s ]
INFO: [ view_end ] --END-- [ RunTime:0.024567s ]

[ 2016-02-19T16:56:05+08:00 ] 127.0.0.1 /jw2/Index/Login/verify
INFO: [ route_check ] --START--
INFO: CheckRoute Behavior ::run [ RunTime:0.001212s ]
INFO: [ route_check ] --END-- [ RunTime:0.001363s ]
INFO: [ app_begin ] --START--
INFO: ReadHtmlCache Behavior ::run [ RunTime:0.001007s ]
INFO: [ app_begin ] --END-- [ RunTime:0.001113s ]

