[ 2016-04-14T20:02:02+08:00 ] 127.0.0.1 /MyThink/
INFO: [ app_begin ] --START--
INFO: ReadHtmlCache Behavior ::run [ RunTime:0.008272s ]
INFO: [ app_begin ] --END-- [ RunTime:0.008925s ]
SQL: SHOW COLUMNS FROM `think_move` [ RunTime:0.031132s ]
SQL: SELECT * FROM `think_move`  [ RunTime:0.000237s ]
INFO: [ view_parse ] --START--
SQL: SHOW COLUMNS FROM `think_menu` [ RunTime:0.007549s ]
SQL: SELECT * FROM `think_menu`  [ RunTime:0.000200s ]
SQL: SELECT * FROM `think_move` WHERE ( `id` = 1 ) LIMIT 1   [ RunTime:0.000517s ]
SQL: SELECT * FROM `think_move` WHERE ( `id` = 2 ) LIMIT 1   [ RunTime:0.000167s ]
SQL: SELECT * FROM `think_move` WHERE ( `id` = 3 ) LIMIT 1   [ RunTime:0.000163s ]
SQL: SELECT * FROM `think_move` WHERE ( `id` = 4 ) LIMIT 1   [ RunTime:0.000165s ]
INFO: ParseTemplate Behavior ::run [ RunTime:0.092124s ]
INFO: [ view_parse ] --END-- [ RunTime:0.092194s ]
INFO: [ view_filter ] --START--
INFO: ContentReplace Behavior ::run [ RunTime:0.000970s ]
INFO: TokenBuild Behavior ::run [ RunTime:0.000734s ]
INFO: WriteHtmlCache Behavior ::run [ RunTime:0.000691s ]
INFO: ShowRuntime Behavior ::run [ RunTime:0.000779s ]
INFO: [ view_filter ] --END-- [ RunTime:0.003347s ]
INFO: [ view_end ] --START--
INFO: ShowPageTrace Behavior ::run [ RunTime:0.000844s ]
INFO: [ view_end ] --END-- [ RunTime:0.000915s ]

[ 2016-04-14T20:02:07+08:00 ] 127.0.0.1 /MyThink/index.php/Admin
INFO: [ route_check ] --START--
INFO: CheckRoute Behavior ::run [ RunTime:0.001200s ]
INFO: [ route_check ] --END-- [ RunTime:0.001283s ]
INFO: [ app_begin ] --START--
INFO: ReadHtmlCache Behavior ::run [ RunTime:0.000749s ]
INFO: [ app_begin ] --END-- [ RunTime:0.000820s ]

[ 2016-04-14T20:02:07+08:00 ] 127.0.0.1 /MyThink/index.php/Admin/Login/index
INFO: [ route_check ] --START--
INFO: CheckRoute Behavior ::run [ RunTime:0.000729s ]
INFO: [ route_check ] --END-- [ RunTime:0.000814s ]
INFO: [ app_begin ] --START--
INFO: ReadHtmlCache Behavior ::run [ RunTime:0.000567s ]
INFO: [ app_begin ] --END-- [ RunTime:0.000636s ]
INFO: [ view_parse ] --START--
INFO: ParseTemplate Behavior ::run [ RunTime:0.026310s ]
INFO: [ view_parse ] --END-- [ RunTime:0.026394s ]
INFO: [ view_filter ] --START--
INFO: ContentReplace Behavior ::run [ RunTime:0.000800s ]
INFO: TokenBuild Behavior ::run [ RunTime:0.000700s ]
INFO: WriteHtmlCache Behavior ::run [ RunTime:0.000694s ]
INFO: ShowRuntime Behavior ::run [ RunTime:0.000730s ]
INFO: [ view_filter ] --END-- [ RunTime:0.003116s ]
INFO: [ view_end ] --START--
INFO: ShowPageTrace Behavior ::run [ RunTime:0.000763s ]
INFO: [ view_end ] --END-- [ RunTime:0.000829s ]

[ 2016-04-14T20:02:07+08:00 ] 127.0.0.1 /MyThink/index.php/Admin/Login/js/prefixfree.min.js
INFO: [ route_check ] --START--
INFO: CheckRoute Behavior ::run [ RunTime:0.000980s ]
INFO: [ route_check ] --END-- [ RunTime:0.001062s ]
INFO: [ app_begin ] --START--
INFO: ReadHtmlCache Behavior ::run [ RunTime:0.000712s ]
INFO: [ app_begin ] --END-- [ RunTime:0.000793s ]
ERR: 非法操作:js

[ 2016-04-14T20:02:11+08:00 ] 127.0.0.1 /MyThink/index.php/Admin/Login/login
INFO: [ route_check ] --START--
INFO: CheckRoute Behavior ::run [ RunTime:0.000787s ]
INFO: [ route_check ] --END-- [ RunTime:0.000881s ]
INFO: [ app_begin ] --START--
INFO: ReadHtmlCache Behavior ::run [ RunTime:0.000699s ]
INFO: [ app_begin ] --END-- [ RunTime:0.000779s ]
SQL: SHOW COLUMNS FROM `think_user` [ RunTime:0.049071s ]
SQL: SELECT * FROM `think_user` WHERE ( `username` = 'zxy' ) LIMIT 1   [ RunTime:0.000215s ]
INFO: [ view_parse ] --START--
INFO: ParseTemplate Behavior ::run [ RunTime:0.022432s ]
INFO: [ view_parse ] --END-- [ RunTime:0.022542s ]
INFO: [ view_filter ] --START--
INFO: ContentReplace Behavior ::run [ RunTime:0.000539s ]
INFO: TokenBuild Behavior ::run [ RunTime:0.000524s ]
INFO: WriteHtmlCache Behavior ::run [ RunTime:0.000431s ]
INFO: ShowRuntime Behavior ::run [ RunTime:0.000575s ]
INFO: [ view_filter ] --END-- [ RunTime:0.002259s ]
INFO: [ view_end ] --START--
INFO: ShowPageTrace Behavior ::run [ RunTime:0.000597s ]
INFO: [ view_end ] --END-- [ RunTime:0.000661s ]

[ 2016-04-14T20:02:16+08:00 ] 127.0.0.1 /MyThink/index.php/Admin/Login/login
INFO: [ route_check ] --START--
INFO: CheckRoute Behavior ::run [ RunTime:0.000691s ]
INFO: [ route_check ] --END-- [ RunTime:0.000774s ]
INFO: [ app_begin ] --START--
INFO: ReadHtmlCache Behavior ::run [ RunTime:0.000538s ]
INFO: [ app_begin ] --END-- [ RunTime:0.000602s ]
SQL: SHOW COLUMNS FROM `think_user` [ RunTime:0.006145s ]
SQL: SELECT * FROM `think_user` WHERE ( `username` = 'zxy' ) LIMIT 1   [ RunTime:0.000279s ]
INFO: [ view_parse ] --START--
INFO: ParseTemplate Behavior ::run [ RunTime:0.006050s ]
INFO: [ view_parse ] --END-- [ RunTime:0.006191s ]
INFO: [ view_filter ] --START--
INFO: ContentReplace Behavior ::run [ RunTime:0.000576s ]
INFO: TokenBuild Behavior ::run [ RunTime:0.000753s ]
INFO: WriteHtmlCache Behavior ::run [ RunTime:0.000517s ]
INFO: ShowRuntime Behavior ::run [ RunTime:0.000788s ]
INFO: [ view_filter ] --END-- [ RunTime:0.002938s ]
INFO: [ view_end ] --START--
INFO: ShowPageTrace Behavior ::run [ RunTime:0.000749s ]
INFO: [ view_end ] --END-- [ RunTime:0.000818s ]

[ 2016-04-14T20:02:22+08:00 ] 127.0.0.1 /MyThink/index.php/Admin/Login/login
INFO: [ route_check ] --START--
INFO: CheckRoute Behavior ::run [ RunTime:0.000856s ]
INFO: [ route_check ] --END-- [ RunTime:0.001012s ]
INFO: [ app_begin ] --START--
INFO: ReadHtmlCache Behavior ::run [ RunTime:0.000569s ]
INFO: [ app_begin ] --END-- [ RunTime:0.000635s ]
SQL: SHOW COLUMNS FROM `think_user` [ RunTime:0.006941s ]
SQL: SELECT * FROM `think_user` WHERE ( `username` = 'zxy' ) LIMIT 1   [ RunTime:0.000202s ]
SQL: UPDATE `think_user` SET `logintime`=1460635341,`loginip`='127.0.0.1' WHERE ( `id` = 1 ) [ RunTime:0.075621s ]

[ 2016-04-14T20:02:22+08:00 ] 127.0.0.1 /MyThink/index.php/Admin
INFO: [ route_check ] --START--
INFO: CheckRoute Behavior ::run [ RunTime:0.002018s ]
INFO: [ route_check ] --END-- [ RunTime:0.002262s ]
INFO: [ app_begin ] --START--
INFO: ReadHtmlCache Behavior ::run [ RunTime:0.001929s ]
INFO: [ app_begin ] --END-- [ RunTime:0.002148s ]
INFO: [ view_parse ] --START--
INFO: ParseTemplate Behavior ::run [ RunTime:0.028882s ]
INFO: [ view_parse ] --END-- [ RunTime:0.029091s ]
INFO: [ view_filter ] --START--
INFO: ContentReplace Behavior ::run [ RunTime:0.001017s ]
INFO: TokenBuild Behavior ::run [ RunTime:0.000927s ]
INFO: WriteHtmlCache Behavior ::run [ RunTime:0.000767s ]
INFO: ShowRuntime Behavior ::run [ RunTime:0.001040s ]
INFO: [ view_filter ] --END-- [ RunTime:0.004097s ]
INFO: [ view_end ] --START--
INFO: ShowPageTrace Behavior ::run [ RunTime:0.001067s ]
INFO: [ view_end ] --END-- [ RunTime:0.001185s ]

[ 2016-04-14T20:02:22+08:00 ] 127.0.0.1 /MyThink/index.php/themes/default/style.css
INFO: [ route_check ] --START--
INFO: CheckRoute Behavior ::run [ RunTime:0.001072s ]
INFO: [ route_check ] --END-- [ RunTime:0.001187s ]
INFO: [ app_begin ] --START--
INFO: ReadHtmlCache Behavior ::run [ RunTime:0.000875s ]
INFO: [ app_begin ] --END-- [ RunTime:0.000978s ]
ERR: 无法加载模块:themes

[ 2016-04-14T20:02:22+08:00 ] 127.0.0.1 /MyThink/index.php/themes/css/core.css
INFO: [ route_check ] --START--
INFO: CheckRoute Behavior ::run [ RunTime:0.001106s ]
INFO: [ route_check ] --END-- [ RunTime:0.001227s ]
INFO: [ app_begin ] --START--
INFO: ReadHtmlCache Behavior ::run [ RunTime:0.000972s ]
INFO: [ app_begin ] --END-- [ RunTime:0.001222s ]
ERR: 无法加载模块:themes

[ 2016-04-14T20:02:22+08:00 ] 127.0.0.1 /MyThink/index.php/js/jquery-2.1.4.min.js
INFO: [ route_check ] --START--
INFO: CheckRoute Behavior ::run [ RunTime:0.001862s ]
INFO: [ route_check ] --END-- [ RunTime:0.002001s ]
INFO: [ app_begin ] --START--
INFO: ReadHtmlCache Behavior ::run [ RunTime:0.001034s ]
INFO: [ app_begin ] --END-- [ RunTime:0.001182s ]
ERR: 无法加载模块:js

[ 2016-04-14T20:02:22+08:00 ] 127.0.0.1 /MyThink/index.php/themes/css/print.css
INFO: [ route_check ] --START--
INFO: CheckRoute Behavior ::run [ RunTime:0.001307s ]
INFO: [ route_check ] --END-- [ RunTime:0.001414s ]
INFO: [ app_begin ] --START--
INFO: ReadHtmlCache Behavior ::run [ RunTime:0.001114s ]
INFO: [ app_begin ] --END-- [ RunTime:0.001251s ]
ERR: 无法加载模块:themes

[ 2016-04-14T20:02:22+08:00 ] 127.0.0.1 /MyThink/index.php/uploadify/css/uploadify.css
INFO: [ route_check ] --START--
INFO: CheckRoute Behavior ::run [ RunTime:0.001744s ]
INFO: [ route_check ] --END-- [ RunTime:0.001848s ]
INFO: [ app_begin ] --START--
INFO: ReadHtmlCache Behavior ::run [ RunTime:0.001102s ]
INFO: [ app_begin ] --END-- [ RunTime:0.001452s ]
ERR: 无法加载模块:uploadify

[ 2016-04-14T20:02:22+08:00 ] 127.0.0.1 /MyThink/index.php/js/jquery.cookie.js
INFO: [ route_check ] --START--
INFO: CheckRoute Behavior ::run [ RunTime:0.001873s ]
INFO: [ route_check ] --END-- [ RunTime:0.002057s ]
INFO: [ app_begin ] --START--
INFO: ReadHtmlCache Behavior ::run [ RunTime:0.001199s ]
INFO: [ app_begin ] --END-- [ RunTime:0.001344s ]
ERR: 无法加载模块:js

[ 2016-04-14T20:02:22+08:00 ] 127.0.0.1 /MyThink/index.php/js/jquery.validate.js
INFO: [ route_check ] --START--
INFO: CheckRoute Behavior ::run [ RunTime:0.000865s ]
INFO: [ route_check ] --END-- [ RunTime:0.001009s ]
INFO: [ app_begin ] --START--
INFO: ReadHtmlCache Behavior ::run [ RunTime:0.000828s ]
INFO: [ app_begin ] --END-- [ RunTime:0.000942s ]
ERR: 无法加载模块:js

[ 2016-04-14T20:02:22+08:00 ] 127.0.0.1 /MyThink/index.php/js/jquery.bgiframe.js
INFO: [ route_check ] --START--
INFO: CheckRoute Behavior ::run [ RunTime:0.001020s ]
INFO: [ route_check ] --END-- [ RunTime:0.001178s ]
INFO: [ app_begin ] --START--
INFO: ReadHtmlCache Behavior ::run [ RunTime:0.000966s ]
INFO: [ app_begin ] --END-- [ RunTime:0.001080s ]
ERR: 无法加载模块:js

[ 2016-04-14T20:02:22+08:00 ] 127.0.0.1 /MyThink/index.php/xheditor/xheditor-1.2.2.min.js
INFO: [ route_check ] --START--
INFO: CheckRoute Behavior ::run [ RunTime:0.001203s ]
INFO: [ route_check ] --END-- [ RunTime:0.001355s ]
INFO: [ app_begin ] --START--
INFO: ReadHtmlCache Behavior ::run [ RunTime:0.000893s ]
INFO: [ app_begin ] --END-- [ RunTime:0.000996s ]
ERR: 无法加载模块:xheditor

[ 2016-04-14T20:02:22+08:00 ] 127.0.0.1 /MyThink/index.php/xheditor/xheditor_lang/zh-cn.js
INFO: [ route_check ] --START--
INFO: CheckRoute Behavior ::run [ RunTime:0.000958s ]
INFO: [ route_check ] --END-- [ RunTime:0.001085s ]
INFO: [ app_begin ] --START--
INFO: ReadHtmlCache Behavior ::run [ RunTime:0.000992s ]
INFO: [ app_begin ] --END-- [ RunTime:0.001117s ]
ERR: 无法加载模块:xheditor

[ 2016-04-14T20:02:22+08:00 ] 127.0.0.1 /MyThink/index.php/uploadify/scripts/jquery.uploadify.js
INFO: [ route_check ] --START--
INFO: CheckRoute Behavior ::run [ RunTime:0.001119s ]
INFO: [ route_check ] --END-- [ RunTime:0.001264s ]
INFO: [ app_begin ] --START--
INFO: ReadHtmlCache Behavior ::run [ RunTime:0.000669s ]
INFO: [ app_begin ] --END-- [ RunTime:0.000782s ]
ERR: 无法加载模块:uploadify

[ 2016-04-14T20:02:22+08:00 ] 127.0.0.1 /MyThink/index.php/chart/raphael.js
INFO: [ route_check ] --START--
INFO: CheckRoute Behavior ::run [ RunTime:0.001777s ]
INFO: [ route_check ] --END-- [ RunTime:0.001909s ]
INFO: [ app_begin ] --START--
INFO: ReadHtmlCache Behavior ::run [ RunTime:0.000885s ]
INFO: [ app_begin ] --END-- [ RunTime:0.001016s ]
ERR: 无法加载模块:chart

[ 2016-04-14T20:02:22+08:00 ] 127.0.0.1 /MyThink/index.php/chart/g.raphael.js
INFO: [ route_check ] --START--
INFO: CheckRoute Behavior ::run [ RunTime:0.001909s ]
INFO: [ route_check ] --END-- [ RunTime:0.002159s ]
INFO: [ app_begin ] --START--
INFO: ReadHtmlCache Behavior ::run [ RunTime:0.000823s ]
INFO: [ app_begin ] --END-- [ RunTime:0.000936s ]
ERR: 无法加载模块:chart

[ 2016-04-14T20:02:22+08:00 ] 127.0.0.1 /MyThink/index.php/chart/g.bar.js
INFO: [ route_check ] --START--
INFO: CheckRoute Behavior ::run [ RunTime:0.001013s ]
INFO: [ route_check ] --END-- [ RunTime:0.001166s ]
INFO: [ app_begin ] --START--
INFO: ReadHtmlCache Behavior ::run [ RunTime:0.000827s ]
INFO: [ app_begin ] --END-- [ RunTime:0.000932s ]
ERR: 无法加载模块:chart

[ 2016-04-14T20:02:22+08:00 ] 127.0.0.1 /MyThink/index.php/chart/g.line.js
INFO: [ route_check ] --START--
INFO: CheckRoute Behavior ::run [ RunTime:0.000979s ]
INFO: [ route_check ] --END-- [ RunTime:0.001114s ]
INFO: [ app_begin ] --START--
INFO: ReadHtmlCache Behavior ::run [ RunTime:0.000982s ]
INFO: [ app_begin ] --END-- [ RunTime:0.001113s ]
ERR: 无法加载模块:chart

[ 2016-04-14T20:02:22+08:00 ] 127.0.0.1 /MyThink/index.php/chart/g.pie.js
INFO: [ route_check ] --START--
INFO: CheckRoute Behavior ::run [ RunTime:0.001015s ]
INFO: [ route_check ] --END-- [ RunTime:0.001117s ]
INFO: [ app_begin ] --START--
INFO: ReadHtmlCache Behavior ::run [ RunTime:0.000774s ]
INFO: [ app_begin ] --END-- [ RunTime:0.000890s ]
ERR: 无法加载模块:chart

[ 2016-04-14T20:02:22+08:00 ] 127.0.0.1 /MyThink/index.php/chart/g.dot.js
INFO: [ route_check ] --START--
INFO: CheckRoute Behavior ::run [ RunTime:0.001056s ]
INFO: [ route_check ] --END-- [ RunTime:0.001149s ]
INFO: [ app_begin ] --START--
INFO: ReadHtmlCache Behavior ::run [ RunTime:0.000860s ]
INFO: [ app_begin ] --END-- [ RunTime:0.001005s ]
ERR: 无法加载模块:chart

[ 2016-04-14T20:02:22+08:00 ] 127.0.0.1 /MyThink/index.php/js/dwz.core.js
INFO: [ route_check ] --START--
INFO: CheckRoute Behavior ::run [ RunTime:0.000903s ]
INFO: [ route_check ] --END-- [ RunTime:0.001212s ]
INFO: [ app_begin ] --START--
INFO: ReadHtmlCache Behavior ::run [ RunTime:0.000868s ]
INFO: [ app_begin ] --END-- [ RunTime:0.001010s ]
ERR: 无法加载模块:js

[ 2016-04-14T20:02:22+08:00 ] 127.0.0.1 /MyThink/index.php/js/dwz.util.date.js
INFO: [ route_check ] --START--
INFO: CheckRoute Behavior ::run [ RunTime:0.001056s ]
INFO: [ route_check ] --END-- [ RunTime:0.001208s ]
INFO: [ app_begin ] --START--
INFO: ReadHtmlCache Behavior ::run [ RunTime:0.000626s ]
INFO: [ app_begin ] --END-- [ RunTime:0.000700s ]
ERR: 无法加载模块:js

[ 2016-04-14T20:02:22+08:00 ] 127.0.0.1 /MyThink/index.php/js/dwz.validate.method.js
INFO: [ route_check ] --START--
INFO: CheckRoute Behavior ::run [ RunTime:0.000937s ]
INFO: [ route_check ] --END-- [ RunTime:0.001025s ]
INFO: [ app_begin ] --START--
INFO: ReadHtmlCache Behavior ::run [ RunTime:0.000842s ]
INFO: [ app_begin ] --END-- [ RunTime:0.000958s ]
ERR: 无法加载模块:js

[ 2016-04-14T20:02:22+08:00 ] 127.0.0.1 /MyThink/index.php/js/dwz.barDrag.js
INFO: [ route_check ] --START--
INFO: CheckRoute Behavior ::run [ RunTime:0.000987s ]
INFO: [ route_check ] --END-- [ RunTime:0.001127s ]
INFO: [ app_begin ] --START--
INFO: ReadHtmlCache Behavior ::run [ RunTime:0.001253s ]
INFO: [ app_begin ] --END-- [ RunTime:0.001437s ]
ERR: 无法加载模块:js

[ 2016-04-14T20:02:22+08:00 ] 127.0.0.1 /MyThink/index.php/js/dwz.drag.js
INFO: [ route_check ] --START--
INFO: CheckRoute Behavior ::run [ RunTime:0.001315s ]
INFO: [ route_check ] --END-- [ RunTime:0.001453s ]
INFO: [ app_begin ] --START--
INFO: ReadHtmlCache Behavior ::run [ RunTime:0.000896s ]
INFO: [ app_begin ] --END-- [ RunTime:0.001076s ]
ERR: 无法加载模块:js

[ 2016-04-14T20:02:22+08:00 ] 127.0.0.1 /MyThink/index.php/js/dwz.tree.js
INFO: [ route_check ] --START--
INFO: CheckRoute Behavior ::run [ RunTime:0.001197s ]
INFO: [ route_check ] --END-- [ RunTime:0.001343s ]
INFO: [ app_begin ] --START--
INFO: ReadHtmlCache Behavior ::run [ RunTime:0.000813s ]
INFO: [ app_begin ] --END-- [ RunTime:0.000956s ]
ERR: 无法加载模块:js

[ 2016-04-14T20:02:22+08:00 ] 127.0.0.1 /MyThink/index.php/js/dwz.accordion.js
INFO: [ route_check ] --START--
INFO: CheckRoute Behavior ::run [ RunTime:0.001025s ]
INFO: [ route_check ] --END-- [ RunTime:0.001173s ]
INFO: [ app_begin ] --START--
INFO: ReadHtmlCache Behavior ::run [ RunTime:0.000605s ]
INFO: [ app_begin ] --END-- [ RunTime:0.000713s ]
ERR: 无法加载模块:js

[ 2016-04-14T20:02:22+08:00 ] 127.0.0.1 /MyThink/index.php/js/dwz.ui.js
INFO: [ route_check ] --START--
INFO: CheckRoute Behavior ::run [ RunTime:0.000901s ]
INFO: [ route_check ] --END-- [ RunTime:0.001031s ]
INFO: [ app_begin ] --START--
INFO: ReadHtmlCache Behavior ::run [ RunTime:0.000839s ]
INFO: [ app_begin ] --END-- [ RunTime:0.000937s ]
ERR: 无法加载模块:js

[ 2016-04-14T20:02:22+08:00 ] 127.0.0.1 /MyThink/index.php/js/dwz.theme.js
INFO: [ route_check ] --START--
INFO: CheckRoute Behavior ::run [ RunTime:0.000777s ]
INFO: [ route_check ] --END-- [ RunTime:0.000876s ]
INFO: [ app_begin ] --START--
INFO: ReadHtmlCache Behavior ::run [ RunTime:0.000608s ]
INFO: [ app_begin ] --END-- [ RunTime:0.000693s ]
ERR: 无法加载模块:js

[ 2016-04-14T20:02:22+08:00 ] 127.0.0.1 /MyThink/index.php/js/dwz.switchEnv.js
INFO: [ route_check ] --START--
INFO: CheckRoute Behavior ::run [ RunTime:0.000968s ]
INFO: [ route_check ] --END-- [ RunTime:0.001105s ]
INFO: [ app_begin ] --START--
INFO: ReadHtmlCache Behavior ::run [ RunTime:0.000882s ]
INFO: [ app_begin ] --END-- [ RunTime:0.000998s ]
ERR: 无法加载模块:js

[ 2016-04-14T20:02:22+08:00 ] 127.0.0.1 /MyThink/index.php/js/dwz.alertMsg.js
INFO: [ route_check ] --START--
INFO: CheckRoute Behavior ::run [ RunTime:0.000918s ]
INFO: [ route_check ] --END-- [ RunTime:0.001050s ]
INFO: [ app_begin ] --START--
INFO: ReadHtmlCache Behavior ::run [ RunTime:0.000955s ]
INFO: [ app_begin ] --END-- [ RunTime:0.001079s ]
ERR: 无法加载模块:js

[ 2016-04-14T20:02:22+08:00 ] 127.0.0.1 /MyThink/index.php/js/dwz.contextmenu.js
INFO: [ route_check ] --START--
INFO: CheckRoute Behavior ::run [ RunTime:0.000868s ]
INFO: [ route_check ] --END-- [ RunTime:0.000987s ]
INFO: [ app_begin ] --START--
INFO: ReadHtmlCache Behavior ::run [ RunTime:0.000878s ]
INFO: [ app_begin ] --END-- [ RunTime:0.001044s ]
ERR: 无法加载模块:js

[ 2016-04-14T20:02:22+08:00 ] 127.0.0.1 /MyThink/index.php/js/dwz.navTab.js
INFO: [ route_check ] --START--
INFO: CheckRoute Behavior ::run [ RunTime:0.002565s ]
INFO: [ route_check ] --END-- [ RunTime:0.002807s ]
INFO: [ app_begin ] --START--
INFO: ReadHtmlCache Behavior ::run [ RunTime:0.000577s ]
INFO: [ app_begin ] --END-- [ RunTime:0.000684s ]
ERR: 无法加载模块:js

[ 2016-04-14T20:02:22+08:00 ] 127.0.0.1 /MyThink/index.php/js/dwz.tab.js
INFO: [ route_check ] --START--
INFO: CheckRoute Behavior ::run [ RunTime:0.001038s ]
INFO: [ route_check ] --END-- [ RunTime:0.001193s ]
INFO: [ app_begin ] --START--
INFO: ReadHtmlCache Behavior ::run [ RunTime:0.000854s ]
INFO: [ app_begin ] --END-- [ RunTime:0.000988s ]
ERR: 无法加载模块:js

[ 2016-04-14T20:02:22+08:00 ] 127.0.0.1 /MyThink/index.php/js/dwz.resize.js
INFO: [ route_check ] --START--
INFO: CheckRoute Behavior ::run [ RunTime:0.001482s ]
INFO: [ route_check ] --END-- [ RunTime:0.001665s ]
INFO: [ app_begin ] --START--
INFO: ReadHtmlCache Behavior ::run [ RunTime:0.000963s ]
INFO: [ app_begin ] --END-- [ RunTime:0.001086s ]
ERR: 无法加载模块:js

[ 2016-04-14T20:02:22+08:00 ] 127.0.0.1 /MyThink/index.php/js/dwz.dialog.js
INFO: [ route_check ] --START--
INFO: CheckRoute Behavior ::run [ RunTime:0.001179s ]
INFO: [ route_check ] --END-- [ RunTime:0.001323s ]
INFO: [ app_begin ] --START--
INFO: ReadHtmlCache Behavior ::run [ RunTime:0.001474s ]
INFO: [ app_begin ] --END-- [ RunTime:0.001685s ]
ERR: 无法加载模块:js

[ 2016-04-14T20:02:22+08:00 ] 127.0.0.1 /MyThink/index.php/js/dwz.dialogDrag.js
INFO: [ route_check ] --START--
INFO: CheckRoute Behavior ::run [ RunTime:0.001241s ]
INFO: [ route_check ] --END-- [ RunTime:0.001379s ]
INFO: [ app_begin ] --START--
INFO: ReadHtmlCache Behavior ::run [ RunTime:0.000890s ]
INFO: [ app_begin ] --END-- [ RunTime:0.001011s ]
ERR: 无法加载模块:js

[ 2016-04-14T20:02:22+08:00 ] 127.0.0.1 /MyThink/index.php/js/dwz.sortDrag.js
INFO: [ route_check ] --START--
INFO: CheckRoute Behavior ::run [ RunTime:0.001042s ]
INFO: [ route_check ] --END-- [ RunTime:0.001202s ]
INFO: [ app_begin ] --START--
INFO: ReadHtmlCache Behavior ::run [ RunTime:0.000743s ]
INFO: [ app_begin ] --END-- [ RunTime:0.000873s ]
ERR: 无法加载模块:js

[ 2016-04-14T20:02:22+08:00 ] 127.0.0.1 /MyThink/index.php/js/dwz.cssTable.js
INFO: [ route_check ] --START--
INFO: CheckRoute Behavior ::run [ RunTime:0.001089s ]
INFO: [ route_check ] --END-- [ RunTime:0.001227s ]
INFO: [ app_begin ] --START--
INFO: ReadHtmlCache Behavior ::run [ RunTime:0.001100s ]
INFO: [ app_begin ] --END-- [ RunTime:0.001226s ]
ERR: 无法加载模块:js

[ 2016-04-14T20:02:22+08:00 ] 127.0.0.1 /MyThink/index.php/js/dwz.stable.js
INFO: [ route_check ] --START--
INFO: CheckRoute Behavior ::run [ RunTime:0.001143s ]
INFO: [ route_check ] --END-- [ RunTime:0.001307s ]
INFO: [ app_begin ] --START--
INFO: ReadHtmlCache Behavior ::run [ RunTime:0.000984s ]
INFO: [ app_begin ] --END-- [ RunTime:0.001159s ]
ERR: 无法加载模块:js

[ 2016-04-14T20:02:22+08:00 ] 127.0.0.1 /MyThink/index.php/js/dwz.taskBar.js
INFO: [ route_check ] --START--
INFO: CheckRoute Behavior ::run [ RunTime:0.001041s ]
INFO: [ route_check ] --END-- [ RunTime:0.001188s ]
INFO: [ app_begin ] --START--
INFO: ReadHtmlCache Behavior ::run [ RunTime:0.000864s ]
INFO: [ app_begin ] --END-- [ RunTime:0.000983s ]
ERR: 无法加载模块:js

[ 2016-04-14T20:02:22+08:00 ] 127.0.0.1 /MyThink/index.php/js/dwz.pagination.js
INFO: [ route_check ] --START--
INFO: CheckRoute Behavior ::run [ RunTime:0.001061s ]
INFO: [ route_check ] --END-- [ RunTime:0.001194s ]
INFO: [ app_begin ] --START--
INFO: ReadHtmlCache Behavior ::run [ RunTime:0.000929s ]
INFO: [ app_begin ] --END-- [ RunTime:0.001082s ]
ERR: 无法加载模块:js

[ 2016-04-14T20:02:22+08:00 ] 127.0.0.1 /MyThink/index.php/js/dwz.ajax.js
INFO: [ route_check ] --START--
INFO: CheckRoute Behavior ::run [ RunTime:0.001049s ]
INFO: [ route_check ] --END-- [ RunTime:0.001434s ]
INFO: [ app_begin ] --START--
INFO: ReadHtmlCache Behavior ::run [ RunTime:0.000991s ]
INFO: [ app_begin ] --END-- [ RunTime:0.001121s ]
ERR: 无法加载模块:js

[ 2016-04-14T20:02:22+08:00 ] 127.0.0.1 /MyThink/index.php/js/dwz.database.js
INFO: [ route_check ] --START--
INFO: CheckRoute Behavior ::run [ RunTime:0.001452s ]
INFO: [ route_check ] --END-- [ RunTime:0.001605s ]
INFO: [ app_begin ] --START--
INFO: ReadHtmlCache Behavior ::run [ RunTime:0.000972s ]
INFO: [ app_begin ] --END-- [ RunTime:0.001125s ]
ERR: 无法加载模块:js

[ 2016-04-14T20:02:22+08:00 ] 127.0.0.1 /MyThink/index.php/js/dwz.datepicker.js
INFO: [ route_check ] --START--
INFO: CheckRoute Behavior ::run [ RunTime:0.000955s ]
INFO: [ route_check ] --END-- [ RunTime:0.001063s ]
INFO: [ app_begin ] --START--
INFO: ReadHtmlCache Behavior ::run [ RunTime:0.000879s ]
INFO: [ app_begin ] --END-- [ RunTime:0.001016s ]
ERR: 无法加载模块:js

[ 2016-04-14T20:02:22+08:00 ] 127.0.0.1 /MyThink/index.php/js/dwz.panel.js
INFO: [ route_check ] --START--
INFO: CheckRoute Behavior ::run [ RunTime:0.001329s ]
INFO: [ route_check ] --END-- [ RunTime:0.001479s ]
INFO: [ app_begin ] --START--
INFO: ReadHtmlCache Behavior ::run [ RunTime:0.000662s ]
INFO: [ app_begin ] --END-- [ RunTime:0.000759s ]
ERR: 无法加载模块:js

[ 2016-04-14T20:02:22+08:00 ] 127.0.0.1 /MyThink/index.php/js/dwz.effects.js
INFO: [ route_check ] --START--
INFO: CheckRoute Behavior ::run [ RunTime:0.001546s ]
INFO: [ route_check ] --END-- [ RunTime:0.001707s ]
INFO: [ app_begin ] --START--
INFO: ReadHtmlCache Behavior ::run [ RunTime:0.000900s ]
INFO: [ app_begin ] --END-- [ RunTime:0.001019s ]
ERR: 无法加载模块:js

[ 2016-04-14T20:02:22+08:00 ] 127.0.0.1 /MyThink/index.php/js/dwz.checkbox.js
INFO: [ route_check ] --START--
INFO: CheckRoute Behavior ::run [ RunTime:0.000814s ]
INFO: [ route_check ] --END-- [ RunTime:0.000926s ]
INFO: [ app_begin ] --START--
INFO: ReadHtmlCache Behavior ::run [ RunTime:0.000800s ]
INFO: [ app_begin ] --END-- [ RunTime:0.000916s ]
ERR: 无法加载模块:js

[ 2016-04-14T20:02:22+08:00 ] 127.0.0.1 /MyThink/index.php/js/dwz.history.js
INFO: [ route_check ] --START--
INFO: CheckRoute Behavior ::run [ RunTime:0.000993s ]
INFO: [ route_check ] --END-- [ RunTime:0.001253s ]
INFO: [ app_begin ] --START--
INFO: ReadHtmlCache Behavior ::run [ RunTime:0.000989s ]
INFO: [ app_begin ] --END-- [ RunTime:0.001118s ]
ERR: 无法加载模块:js

[ 2016-04-14T20:02:22+08:00 ] 127.0.0.1 /MyThink/index.php/js/dwz.combox.js
INFO: [ route_check ] --START--
INFO: CheckRoute Behavior ::run [ RunTime:0.000754s ]
INFO: [ route_check ] --END-- [ RunTime:0.000969s ]
INFO: [ app_begin ] --START--
INFO: ReadHtmlCache Behavior ::run [ RunTime:0.000694s ]
INFO: [ app_begin ] --END-- [ RunTime:0.000805s ]
ERR: 无法加载模块:js

[ 2016-04-14T20:02:22+08:00 ] 127.0.0.1 /MyThink/index.php/js/dwz.print.js
INFO: [ route_check ] --START--
INFO: CheckRoute Behavior ::run [ RunTime:0.000692s ]
INFO: [ route_check ] --END-- [ RunTime:0.000845s ]
INFO: [ app_begin ] --START--
INFO: ReadHtmlCache Behavior ::run [ RunTime:0.000577s ]
INFO: [ app_begin ] --END-- [ RunTime:0.000664s ]
ERR: 无法加载模块:js

[ 2016-04-14T20:02:22+08:00 ] 127.0.0.1 /MyThink/index.php/js/dwz.regional.zh.js
INFO: [ route_check ] --START--
INFO: CheckRoute Behavior ::run [ RunTime:0.000641s ]
INFO: [ route_check ] --END-- [ RunTime:0.000728s ]
INFO: [ app_begin ] --START--
INFO: ReadHtmlCache Behavior ::run [ RunTime:0.000531s ]
INFO: [ app_begin ] --END-- [ RunTime:0.000599s ]
ERR: 无法加载模块:js

