[ 2016-04-23T11:53:58+08:00 ] 127.0.0.1 /MyThink/
INFO: [ app_begin ] --START--
INFO: ReadHtmlCache Behavior ::run [ RunTime:0.002183s ]
INFO: [ app_begin ] --END-- [ RunTime:0.002283s ]
SQL: SHOW COLUMNS FROM `think_move` [ RunTime:0.037473s ]
SQL: SELECT * FROM `think_move`  [ RunTime:0.001348s ]
INFO: [ view_parse ] --START--
INFO: ParseTemplate Behavior ::run [ RunTime:0.094519s ]
INFO: [ view_parse ] --END-- [ RunTime:0.094934s ]
INFO: [ view_filter ] --START--
INFO: ContentReplace Behavior ::run [ RunTime:0.005027s ]
INFO: TokenBuild Behavior ::run [ RunTime:0.003350s ]
INFO: WriteHtmlCache Behavior ::run [ RunTime:0.003442s ]
INFO: ShowRuntime Behavior ::run [ RunTime:0.003493s ]
INFO: [ view_filter ] --END-- [ RunTime:0.015969s ]
INFO: [ view_end ] --START--
INFO: ShowPageTrace Behavior ::run [ RunTime:0.003652s ]
INFO: [ view_end ] --END-- [ RunTime:0.003857s ]

[ 2016-04-23T11:54:09+08:00 ] 127.0.0.1 /MyThink/index.php/Admin
INFO: [ route_check ] --START--
INFO: CheckRoute Behavior ::run [ RunTime:0.001788s ]
INFO: [ route_check ] --END-- [ RunTime:0.001929s ]
INFO: [ app_begin ] --START--
INFO: ReadHtmlCache Behavior ::run [ RunTime:0.001155s ]
INFO: [ app_begin ] --END-- [ RunTime:0.001240s ]

[ 2016-04-23T11:54:09+08:00 ] 127.0.0.1 /MyThink/index.php/Admin/Login/index
INFO: [ route_check ] --START--
INFO: CheckRoute Behavior ::run [ RunTime:0.001269s ]
INFO: [ route_check ] --END-- [ RunTime:0.001363s ]
INFO: [ app_begin ] --START--
INFO: ReadHtmlCache Behavior ::run [ RunTime:0.001048s ]
INFO: [ app_begin ] --END-- [ RunTime:0.001117s ]
INFO: [ view_parse ] --START--
INFO: ParseTemplate Behavior ::run [ RunTime:0.082656s ]
INFO: [ view_parse ] --END-- [ RunTime:0.082761s ]
INFO: [ view_filter ] --START--
INFO: ContentReplace Behavior ::run [ RunTime:0.001467s ]
INFO: TokenBuild Behavior ::run [ RunTime:0.001096s ]
INFO: WriteHtmlCache Behavior ::run [ RunTime:0.001230s ]
INFO: ShowRuntime Behavior ::run [ RunTime:0.001234s ]
INFO: [ view_filter ] --END-- [ RunTime:0.005257s ]
INFO: [ view_end ] --START--
INFO: ShowPageTrace Behavior ::run [ RunTime:0.001323s ]
INFO: [ view_end ] --END-- [ RunTime:0.001414s ]

[ 2016-04-23T11:54:09+08:00 ] 127.0.0.1 /MyThink/index.php/Admin/Login/js/prefixfree.min.js
INFO: [ route_check ] --START--
INFO: CheckRoute Behavior ::run [ RunTime:0.001358s ]
INFO: [ route_check ] --END-- [ RunTime:0.001446s ]
INFO: [ app_begin ] --START--
INFO: ReadHtmlCache Behavior ::run [ RunTime:0.001307s ]
INFO: [ app_begin ] --END-- [ RunTime:0.001374s ]
ERR: 非法操作:js

[ 2016-04-23T11:54:17+08:00 ] 127.0.0.1 /MyThink/index.php/Admin/Login/login
INFO: [ route_check ] --START--
INFO: CheckRoute Behavior ::run [ RunTime:0.001313s ]
INFO: [ route_check ] --END-- [ RunTime:0.001399s ]
INFO: [ app_begin ] --START--
INFO: ReadHtmlCache Behavior ::run [ RunTime:0.001093s ]
INFO: [ app_begin ] --END-- [ RunTime:0.001181s ]
SQL: SHOW COLUMNS FROM `think_user` [ RunTime:0.050407s ]
SQL: SELECT * FROM `think_user` WHERE ( `username` = 'zxy' ) LIMIT 1   [ RunTime:0.000749s ]
INFO: [ view_parse ] --START--
INFO: ParseTemplate Behavior ::run [ RunTime:0.015545s ]
INFO: [ view_parse ] --END-- [ RunTime:0.015640s ]
INFO: [ view_filter ] --START--
INFO: ContentReplace Behavior ::run [ RunTime:0.001141s ]
INFO: TokenBuild Behavior ::run [ RunTime:0.001175s ]
INFO: WriteHtmlCache Behavior ::run [ RunTime:0.001241s ]
INFO: ShowRuntime Behavior ::run [ RunTime:0.001245s ]
INFO: [ view_filter ] --END-- [ RunTime:0.004993s ]
INFO: [ view_end ] --START--
INFO: ShowPageTrace Behavior ::run [ RunTime:0.001318s ]
INFO: [ view_end ] --END-- [ RunTime:0.001384s ]

[ 2016-04-23T11:54:22+08:00 ] 127.0.0.1 /MyThink/index.php/Admin/Login/login
INFO: [ route_check ] --START--
INFO: CheckRoute Behavior ::run [ RunTime:0.001524s ]
INFO: [ route_check ] --END-- [ RunTime:0.001633s ]
INFO: [ app_begin ] --START--
INFO: ReadHtmlCache Behavior ::run [ RunTime:0.001130s ]
INFO: [ app_begin ] --END-- [ RunTime:0.001204s ]
SQL: SHOW COLUMNS FROM `think_user` [ RunTime:0.022765s ]
SQL: SELECT * FROM `think_user` WHERE ( `username` = 'zxy' ) LIMIT 1   [ RunTime:0.000833s ]
SQL: UPDATE `think_user` SET `logintime`=1461383662,`loginip`='127.0.0.1' WHERE ( `id` = 1 ) [ RunTime:0.070841s ]

[ 2016-04-23T11:54:22+08:00 ] 127.0.0.1 /MyThink/index.php/Admin
INFO: [ route_check ] --START--
INFO: CheckRoute Behavior ::run [ RunTime:0.001363s ]
INFO: [ route_check ] --END-- [ RunTime:0.001447s ]
INFO: [ app_begin ] --START--
INFO: ReadHtmlCache Behavior ::run [ RunTime:0.001450s ]
INFO: [ app_begin ] --END-- [ RunTime:0.001534s ]
INFO: [ view_parse ] --START--
INFO: ParseTemplate Behavior ::run [ RunTime:0.031468s ]
INFO: [ view_parse ] --END-- [ RunTime:0.031594s ]
INFO: [ view_filter ] --START--
INFO: ContentReplace Behavior ::run [ RunTime:0.001258s ]
INFO: TokenBuild Behavior ::run [ RunTime:0.001154s ]
INFO: WriteHtmlCache Behavior ::run [ RunTime:0.001094s ]
INFO: ShowRuntime Behavior ::run [ RunTime:0.001192s ]
INFO: [ view_filter ] --END-- [ RunTime:0.004881s ]
INFO: [ view_end ] --START--
INFO: ShowPageTrace Behavior ::run [ RunTime:0.001248s ]
INFO: [ view_end ] --END-- [ RunTime:0.001345s ]

[ 2016-04-23T12:04:15+08:00 ] 127.0.0.1 /MyThink/
INFO: [ app_begin ] --START--
INFO: ReadHtmlCache Behavior ::run [ RunTime:0.000949s ]
INFO: [ app_begin ] --END-- [ RunTime:0.001038s ]
SQL: SHOW COLUMNS FROM `think_move` [ RunTime:0.024428s ]
SQL: SELECT * FROM `think_move`  [ RunTime:0.000645s ]
INFO: [ view_parse ] --START--
INFO: ParseTemplate Behavior ::run [ RunTime:0.009391s ]
INFO: [ view_parse ] --END-- [ RunTime:0.009476s ]
INFO: [ view_filter ] --START--
INFO: ContentReplace Behavior ::run [ RunTime:0.000676s ]
INFO: TokenBuild Behavior ::run [ RunTime:0.000671s ]
INFO: WriteHtmlCache Behavior ::run [ RunTime:0.000765s ]
INFO: ShowRuntime Behavior ::run [ RunTime:0.000714s ]
INFO: [ view_filter ] --END-- [ RunTime:0.003037s ]
INFO: [ view_end ] --START--
INFO: ShowPageTrace Behavior ::run [ RunTime:0.000752s ]
INFO: [ view_end ] --END-- [ RunTime:0.000819s ]

[ 2016-04-23T12:04:19+08:00 ] 127.0.0.1 /MyThink/index.php/Admin
INFO: [ route_check ] --START--
INFO: CheckRoute Behavior ::run [ RunTime:0.000911s ]
INFO: [ route_check ] --END-- [ RunTime:0.000995s ]
INFO: [ app_begin ] --START--
INFO: ReadHtmlCache Behavior ::run [ RunTime:0.000566s ]
INFO: [ app_begin ] --END-- [ RunTime:0.000636s ]
INFO: [ view_parse ] --START--
NOTIC: [8] Undefined index: username E:\wamp\www\myphp\MyThink\APP\Runtime\Cache\Admin\d5d869f892812d2ed4c181611a673552.php 第 19 行.
INFO: ParseTemplate Behavior ::run [ RunTime:0.007090s ]
INFO: [ view_parse ] --END-- [ RunTime:0.007168s ]
INFO: [ view_filter ] --START--
INFO: ContentReplace Behavior ::run [ RunTime:0.000573s ]
INFO: TokenBuild Behavior ::run [ RunTime:0.000569s ]
INFO: WriteHtmlCache Behavior ::run [ RunTime:0.000475s ]
INFO: ShowRuntime Behavior ::run [ RunTime:0.000611s ]
INFO: [ view_filter ] --END-- [ RunTime:0.002421s ]
INFO: [ view_end ] --START--
INFO: ShowPageTrace Behavior ::run [ RunTime:0.000668s ]
INFO: [ view_end ] --END-- [ RunTime:0.000736s ]

[ 2016-04-23T12:04:23+08:00 ] 127.0.0.1 /MyThink/index.php/Admin/Menu/index
INFO: [ route_check ] --START--
INFO: CheckRoute Behavior ::run [ RunTime:0.000723s ]
INFO: [ route_check ] --END-- [ RunTime:0.000810s ]
INFO: [ app_begin ] --START--
INFO: ReadHtmlCache Behavior ::run [ RunTime:0.000569s ]
INFO: [ app_begin ] --END-- [ RunTime:0.000639s ]
SQL: SHOW COLUMNS FROM `think_menu` [ RunTime:0.004063s ]
SQL: SELECT * FROM `think_menu`  [ RunTime:0.000316s ]
INFO: [ view_parse ] --START--
INFO: ParseTemplate Behavior ::run [ RunTime:0.033684s ]
INFO: [ view_parse ] --END-- [ RunTime:0.033776s ]
INFO: [ view_filter ] --START--
INFO: ContentReplace Behavior ::run [ RunTime:0.000568s ]
INFO: TokenBuild Behavior ::run [ RunTime:0.000573s ]
INFO: WriteHtmlCache Behavior ::run [ RunTime:0.000480s ]
INFO: ShowRuntime Behavior ::run [ RunTime:0.000659s ]
INFO: [ view_filter ] --END-- [ RunTime:0.002470s ]
INFO: [ view_end ] --START--
INFO: ShowPageTrace Behavior ::run [ RunTime:0.000622s ]
INFO: [ view_end ] --END-- [ RunTime:0.000689s ]

[ 2016-04-23T12:24:21+08:00 ] 127.0.0.1 /MyThink/index.php/Admin
INFO: [ route_check ] --START--
INFO: CheckRoute Behavior ::run [ RunTime:0.001393s ]
INFO: [ route_check ] --END-- [ RunTime:0.001489s ]
INFO: [ app_begin ] --START--
INFO: ReadHtmlCache Behavior ::run [ RunTime:0.001297s ]
INFO: [ app_begin ] --END-- [ RunTime:0.001384s ]
INFO: [ view_parse ] --START--
NOTIC: [8] Undefined index: username E:\wamp\www\myphp\MyThink\APP\Runtime\Cache\Admin\d5d869f892812d2ed4c181611a673552.php 第 19 行.
INFO: ParseTemplate Behavior ::run [ RunTime:0.011814s ]
INFO: [ view_parse ] --END-- [ RunTime:0.011903s ]
INFO: [ view_filter ] --START--
INFO: ContentReplace Behavior ::run [ RunTime:0.001222s ]
INFO: TokenBuild Behavior ::run [ RunTime:0.001237s ]
INFO: WriteHtmlCache Behavior ::run [ RunTime:0.001130s ]
INFO: ShowRuntime Behavior ::run [ RunTime:0.001066s ]
INFO: [ view_filter ] --END-- [ RunTime:0.004864s ]
INFO: [ view_end ] --START--
INFO: ShowPageTrace Behavior ::run [ RunTime:0.001155s ]
INFO: [ view_end ] --END-- [ RunTime:0.001217s ]

