[ 2015-11-05T20:11:34+08:00 ] 127.0.0.1 /blog/index.php/Admin/Login/index
INFO: [ route_check ] --START--
INFO: CheckRoute Behavior ::run [ RunTime:0.006485s ]
INFO: [ route_check ] --END-- [ RunTime:0.007489s ]
INFO: [ app_begin ] --START--
INFO: ReadHtmlCache Behavior ::run [ RunTime:0.010545s ]
INFO: [ app_begin ] --END-- [ RunTime:0.010714s ]
INFO: [ view_parse ] --START--
INFO: ParseTemplate Behavior ::run [ RunTime:0.040287s ]
INFO: [ view_parse ] --END-- [ RunTime:0.040461s ]
INFO: [ view_filter ] --START--
INFO: ContentReplace Behavior ::run [ RunTime:0.027848s ]
INFO: TokenBuild Behavior ::run [ RunTime:0.014357s ]
INFO: WriteHtmlCache Behavior ::run [ RunTime:0.001375s ]
INFO: ShowRuntime Behavior ::run [ RunTime:0.002708s ]
INFO: [ view_filter ] --END-- [ RunTime:0.047002s ]
INFO: [ view_end ] --START--
INFO: ShowPageTrace Behavior ::run [ RunTime:0.002964s ]
INFO: [ view_end ] --END-- [ RunTime:0.003323s ]

[ 2015-11-05T20:11:35+08:00 ] 127.0.0.1 /blog/index.php/Admin/Login/verify
INFO: [ route_check ] --START--
INFO: CheckRoute Behavior ::run [ RunTime:0.000817s ]
INFO: [ route_check ] --END-- [ RunTime:0.000944s ]
INFO: [ app_begin ] --START--
INFO: ReadHtmlCache Behavior ::run [ RunTime:0.000634s ]
INFO: [ app_begin ] --END-- [ RunTime:0.000744s ]

