[ 2016-07-21T16:20:53+08:00 ] 127.0.0.1 /StudySystem/
INFO: [ app_begin ] --START--
INFO: ReadHtmlCache Behavior ::run [ RunTime:0.009930s ]
INFO: [ app_begin ] --END-- [ RunTime:0.010175s ]
ERR: 无法加载模块:Index

[ 2016-07-21T16:21:01+08:00 ] 127.0.0.1 /StudySystem/index.php/Admin
INFO: [ route_check ] --START--
INFO: CheckRoute Behavior ::run [ RunTime:0.000780s ]
INFO: [ route_check ] --END-- [ RunTime:0.000866s ]
INFO: [ app_begin ] --START--
INFO: ReadHtmlCache Behavior ::run [ RunTime:0.000351s ]
INFO: [ app_begin ] --END-- [ RunTime:0.000421s ]
NOTIC: [8] A session had already been started - ignoring session_start() E:\wamp\www\myphp\StudySystem\APP\Modules\Admin\Action\IndexAction.class.php 第 3 行.
INFO: [ view_parse ] --START--
INFO: ParseTemplate Behavior ::run [ RunTime:0.013474s ]
INFO: [ view_parse ] --END-- [ RunTime:0.013562s ]
INFO: [ view_filter ] --START--
INFO: ContentReplace Behavior ::run [ RunTime:0.000733s ]
INFO: TokenBuild Behavior ::run [ RunTime:0.000561s ]
INFO: WriteHtmlCache Behavior ::run [ RunTime:0.000459s ]
INFO: ShowRuntime Behavior ::run [ RunTime:0.000686s ]
INFO: [ view_filter ] --END-- [ RunTime:0.002660s ]
INFO: [ view_end ] --START--
INFO: ShowPageTrace Behavior ::run [ RunTime:0.000633s ]
INFO: [ view_end ] --END-- [ RunTime:0.000700s ]

[ 2016-07-21T16:21:01+08:00 ] 127.0.0.1 /StudySystem/index.php/js/bootstrap.min.js
INFO: [ route_check ] --START--
INFO: CheckRoute Behavior ::run [ RunTime:0.000615s ]
INFO: [ route_check ] --END-- [ RunTime:0.000696s ]
INFO: [ app_begin ] --START--
INFO: ReadHtmlCache Behavior ::run [ RunTime:0.000419s ]
INFO: [ app_begin ] --END-- [ RunTime:0.000492s ]
ERR: 无法加载模块:js

[ 2016-07-21T16:21:07+08:00 ] 127.0.0.1 /StudySystem/index.php/
INFO: [ route_check ] --START--
INFO: CheckRoute Behavior ::run [ RunTime:0.000660s ]
INFO: [ route_check ] --END-- [ RunTime:0.000753s ]
INFO: [ app_begin ] --START--
INFO: ReadHtmlCache Behavior ::run [ RunTime:0.000800s ]
INFO: [ app_begin ] --END-- [ RunTime:0.000927s ]
ERR: 无法加载模块:Index

[ 2016-07-21T16:21:11+08:00 ] 127.0.0.1 /StudySystem/index.php/Admin
INFO: [ route_check ] --START--
INFO: CheckRoute Behavior ::run [ RunTime:0.000451s ]
INFO: [ route_check ] --END-- [ RunTime:0.000529s ]
INFO: [ app_begin ] --START--
INFO: ReadHtmlCache Behavior ::run [ RunTime:0.000345s ]
INFO: [ app_begin ] --END-- [ RunTime:0.000408s ]
NOTIC: [8] A session had already been started - ignoring session_start() E:\wamp\www\myphp\StudySystem\APP\Modules\Admin\Action\IndexAction.class.php 第 3 行.
INFO: [ view_parse ] --START--
INFO: ParseTemplate Behavior ::run [ RunTime:0.006320s ]
INFO: [ view_parse ] --END-- [ RunTime:0.006422s ]
INFO: [ view_filter ] --START--
INFO: ContentReplace Behavior ::run [ RunTime:0.000535s ]
INFO: TokenBuild Behavior ::run [ RunTime:0.000398s ]
INFO: WriteHtmlCache Behavior ::run [ RunTime:0.000284s ]
INFO: ShowRuntime Behavior ::run [ RunTime:0.000400s ]
INFO: [ view_filter ] --END-- [ RunTime:0.001849s ]
INFO: [ view_end ] --START--
INFO: ShowPageTrace Behavior ::run [ RunTime:0.000835s ]
INFO: [ view_end ] --END-- [ RunTime:0.000917s ]

[ 2016-07-21T16:21:11+08:00 ] 127.0.0.1 /StudySystem/index.php/js/bootstrap.min.js
INFO: [ route_check ] --START--
INFO: CheckRoute Behavior ::run [ RunTime:0.000465s ]
INFO: [ route_check ] --END-- [ RunTime:0.000582s ]
INFO: [ app_begin ] --START--
INFO: ReadHtmlCache Behavior ::run [ RunTime:0.000414s ]
INFO: [ app_begin ] --END-- [ RunTime:0.000497s ]
ERR: 无法加载模块:js

[ 2016-07-21T16:21:56+08:00 ] 127.0.0.1 /StudySystem/index.php/Admin
INFO: [ route_check ] --START--
INFO: CheckRoute Behavior ::run [ RunTime:0.000463s ]
INFO: [ route_check ] --END-- [ RunTime:0.000547s ]
INFO: [ app_begin ] --START--
INFO: ReadHtmlCache Behavior ::run [ RunTime:0.000345s ]
INFO: [ app_begin ] --END-- [ RunTime:0.000412s ]
NOTIC: [8] A session had already been started - ignoring session_start() E:\wamp\www\myphp\StudySystem\APP\Modules\Admin\Action\IndexAction.class.php 第 3 行.
INFO: [ view_parse ] --START--
INFO: ParseTemplate Behavior ::run [ RunTime:0.004791s ]
INFO: [ view_parse ] --END-- [ RunTime:0.004897s ]
INFO: [ view_filter ] --START--
INFO: ContentReplace Behavior ::run [ RunTime:0.000314s ]
INFO: TokenBuild Behavior ::run [ RunTime:0.000283s ]
INFO: WriteHtmlCache Behavior ::run [ RunTime:0.000192s ]
INFO: ShowRuntime Behavior ::run [ RunTime:0.000332s ]
INFO: [ view_filter ] --END-- [ RunTime:0.001304s ]
INFO: [ view_end ] --START--
INFO: ShowPageTrace Behavior ::run [ RunTime:0.000387s ]
INFO: [ view_end ] --END-- [ RunTime:0.000450s ]

[ 2016-07-21T16:21:56+08:00 ] 127.0.0.1 /StudySystem/index.php/js/bootstrap.min.js
INFO: [ route_check ] --START--
INFO: CheckRoute Behavior ::run [ RunTime:0.000433s ]
INFO: [ route_check ] --END-- [ RunTime:0.000516s ]
INFO: [ app_begin ] --START--
INFO: ReadHtmlCache Behavior ::run [ RunTime:0.000341s ]
INFO: [ app_begin ] --END-- [ RunTime:0.000404s ]
ERR: 无法加载模块:js

[ 2016-07-21T16:22:22+08:00 ] 127.0.0.1 /StudySystem/index.php/Admin
INFO: [ route_check ] --START--
INFO: CheckRoute Behavior ::run [ RunTime:0.000516s ]
INFO: [ route_check ] --END-- [ RunTime:0.000610s ]
INFO: [ app_begin ] --START--
INFO: ReadHtmlCache Behavior ::run [ RunTime:0.000392s ]
INFO: [ app_begin ] --END-- [ RunTime:0.000467s ]
ERR: 无法加载模块:Index

[ 2016-07-21T16:22:24+08:00 ] 127.0.0.1 /StudySystem/index.php/
INFO: [ route_check ] --START--
INFO: CheckRoute Behavior ::run [ RunTime:0.000451s ]
INFO: [ route_check ] --END-- [ RunTime:0.000533s ]
INFO: [ app_begin ] --START--
INFO: ReadHtmlCache Behavior ::run [ RunTime:0.000346s ]
INFO: [ app_begin ] --END-- [ RunTime:0.000413s ]
NOTIC: [8] A session had already been started - ignoring session_start() E:\wamp\www\myphp\StudySystem\APP\Modules\Index\Action\IndexAction.class.php 第 3 行.
INFO: [ view_parse ] --START--
INFO: ParseTemplate Behavior ::run [ RunTime:0.004870s ]
INFO: [ view_parse ] --END-- [ RunTime:0.004967s ]
INFO: [ view_filter ] --START--
INFO: ContentReplace Behavior ::run [ RunTime:0.000279s ]
INFO: TokenBuild Behavior ::run [ RunTime:0.000276s ]
INFO: WriteHtmlCache Behavior ::run [ RunTime:0.000197s ]
INFO: ShowRuntime Behavior ::run [ RunTime:0.000336s ]
INFO: [ view_filter ] --END-- [ RunTime:0.001267s ]
INFO: [ view_end ] --START--
INFO: ShowPageTrace Behavior ::run [ RunTime:0.000387s ]
INFO: [ view_end ] --END-- [ RunTime:0.000451s ]

[ 2016-07-21T16:22:24+08:00 ] 127.0.0.1 /StudySystem/index.php/js/bootstrap.min.js
INFO: [ route_check ] --START--
INFO: CheckRoute Behavior ::run [ RunTime:0.000468s ]
INFO: [ route_check ] --END-- [ RunTime:0.000554s ]
INFO: [ app_begin ] --START--
INFO: ReadHtmlCache Behavior ::run [ RunTime:0.000549s ]
INFO: [ app_begin ] --END-- [ RunTime:0.000696s ]
ERR: 无法加载模块:js

