[ 2016-06-20T18:36:40+08:00 ] 127.0.0.1 /StudySystem/
INFO: [ app_begin ] --START--
INFO: ReadHtmlCache Behavior ::run [ RunTime:0.001990s ]
INFO: [ app_begin ] --END-- [ RunTime:0.002080s ]
ERR: 无法加载模块:Index

[ 2016-06-20T18:36:45+08:00 ] 127.0.0.1 /StudySystem/index.php/Admin/Index/ajax
INFO: [ route_check ] --START--
INFO: CheckRoute Behavior ::run [ RunTime:0.002321s ]
INFO: [ route_check ] --END-- [ RunTime:0.002444s ]
INFO: [ app_begin ] --START--
INFO: ReadHtmlCache Behavior ::run [ RunTime:0.001534s ]
INFO: [ app_begin ] --END-- [ RunTime:0.001609s ]
NOTIC: [8] A session had already been started - ignoring session_start() E:\wamp\www\myphp\StudySystem\APP\Modules\Admin\Action\IndexAction.class.php 第 2 行.
SQL: SHOW COLUMNS FROM `hd_user` [ RunTime:0.034963s ]
SQL: SELECT * FROM `hd_user`  [ RunTime:0.000322s ]
NOTIC: [8] Undefined index: user E:\wamp\www\myphp\StudySystem\APP\Modules\Admin\Action\IndexAction.class.php 第 12 行.
NOTIC: [8] Undefined index: user E:\wamp\www\myphp\StudySystem\APP\Modules\Admin\Action\IndexAction.class.php 第 23 行.

[ 2016-06-20T18:36:47+08:00 ] 127.0.0.1 /StudySystem/index.php/Admin/Index/
INFO: [ route_check ] --START--
INFO: CheckRoute Behavior ::run [ RunTime:0.001736s ]
INFO: [ route_check ] --END-- [ RunTime:0.001885s ]
INFO: [ app_begin ] --START--
INFO: ReadHtmlCache Behavior ::run [ RunTime:0.001482s ]
INFO: [ app_begin ] --END-- [ RunTime:0.001573s ]
NOTIC: [8] A session had already been started - ignoring session_start() E:\wamp\www\myphp\StudySystem\APP\Modules\Admin\Action\IndexAction.class.php 第 2 行.
INFO: [ view_parse ] --START--
INFO: ParseTemplate Behavior ::run [ RunTime:0.021979s ]
INFO: [ view_parse ] --END-- [ RunTime:0.022063s ]
INFO: [ view_filter ] --START--
INFO: ContentReplace Behavior ::run [ RunTime:0.001577s ]
INFO: TokenBuild Behavior ::run [ RunTime:0.001971s ]
INFO: WriteHtmlCache Behavior ::run [ RunTime:0.001952s ]
INFO: ShowRuntime Behavior ::run [ RunTime:0.001855s ]
INFO: [ view_filter ] --END-- [ RunTime:0.007559s ]
INFO: [ view_end ] --START--
INFO: ShowPageTrace Behavior ::run [ RunTime:0.001742s ]
INFO: [ view_end ] --END-- [ RunTime:0.001807s ]

[ 2016-06-20T18:36:47+08:00 ] 127.0.0.1 /StudySystem/index.php/Admin/Index/js/bootstrap.min.js
INFO: [ route_check ] --START--
INFO: CheckRoute Behavior ::run [ RunTime:0.001602s ]
INFO: [ route_check ] --END-- [ RunTime:0.001685s ]
INFO: [ app_begin ] --START--
INFO: ReadHtmlCache Behavior ::run [ RunTime:0.001665s ]
INFO: [ app_begin ] --END-- [ RunTime:0.001738s ]
NOTIC: [8] A session had already been started - ignoring session_start() E:\wamp\www\myphp\StudySystem\APP\Modules\Admin\Action\IndexAction.class.php 第 2 行.
ERR: 非法操作:js

[ 2016-06-20T18:36:51+08:00 ] 127.0.0.1 /StudySystem/index.php/Admin/Index/
INFO: [ route_check ] --START--
INFO: CheckRoute Behavior ::run [ RunTime:0.001546s ]
INFO: [ route_check ] --END-- [ RunTime:0.001627s ]
INFO: [ app_begin ] --START--
INFO: ReadHtmlCache Behavior ::run [ RunTime:0.001400s ]
INFO: [ app_begin ] --END-- [ RunTime:0.001502s ]
NOTIC: [8] A session had already been started - ignoring session_start() E:\wamp\www\myphp\StudySystem\APP\Modules\Admin\Action\IndexAction.class.php 第 2 行.
INFO: [ view_parse ] --START--
INFO: ParseTemplate Behavior ::run [ RunTime:0.010811s ]
INFO: [ view_parse ] --END-- [ RunTime:0.010886s ]
INFO: [ view_filter ] --START--
INFO: ContentReplace Behavior ::run [ RunTime:0.001383s ]
INFO: TokenBuild Behavior ::run [ RunTime:0.001312s ]
INFO: WriteHtmlCache Behavior ::run [ RunTime:0.001724s ]
INFO: ShowRuntime Behavior ::run [ RunTime:0.001433s ]
INFO: [ view_filter ] --END-- [ RunTime:0.006024s ]
INFO: [ view_end ] --START--
INFO: ShowPageTrace Behavior ::run [ RunTime:0.001455s ]
INFO: [ view_end ] --END-- [ RunTime:0.001534s ]

[ 2016-06-20T18:36:51+08:00 ] 127.0.0.1 /StudySystem/index.php/Admin/Index/js/bootstrap.min.js
INFO: [ route_check ] --START--
INFO: CheckRoute Behavior ::run [ RunTime:0.001676s ]
INFO: [ route_check ] --END-- [ RunTime:0.001777s ]
INFO: [ app_begin ] --START--
INFO: ReadHtmlCache Behavior ::run [ RunTime:0.001742s ]
INFO: [ app_begin ] --END-- [ RunTime:0.001834s ]
NOTIC: [8] A session had already been started - ignoring session_start() E:\wamp\www\myphp\StudySystem\APP\Modules\Admin\Action\IndexAction.class.php 第 2 行.
ERR: 非法操作:js

[ 2016-06-20T18:36:55+08:00 ] 127.0.0.1 /StudySystem/index.php/Admin/Index/ajax
INFO: [ route_check ] --START--
INFO: CheckRoute Behavior ::run [ RunTime:0.001672s ]
INFO: [ route_check ] --END-- [ RunTime:0.001763s ]
INFO: [ app_begin ] --START--
INFO: ReadHtmlCache Behavior ::run [ RunTime:0.001530s ]
INFO: [ app_begin ] --END-- [ RunTime:0.001593s ]
NOTIC: [8] A session had already been started - ignoring session_start() E:\wamp\www\myphp\StudySystem\APP\Modules\Admin\Action\IndexAction.class.php 第 2 行.
SQL: SHOW COLUMNS FROM `hd_user` [ RunTime:0.003588s ]
SQL: SELECT * FROM `hd_user`  [ RunTime:0.000335s ]

