[ 2016-05-07T20:52:36+08:00 ] 127.0.0.1 /inside_system/
INFO: [ app_begin ] --START--
INFO: ReadHtmlCache Behavior ::run [ RunTime:0.001452s ]
INFO: [ app_begin ] --END-- [ RunTime:0.001549s ]
INFO: [ view_parse ] --START--
NOTIC: [8] Undefined index: pd E:\wamp\www\myphp\inside_system\APP\Runtime\Cache\Index\dff44c8e9ebea4949049842757e96f1a.php 第 109 行.
INFO: ParseTemplate Behavior ::run [ RunTime:0.017893s ]
INFO: [ view_parse ] --END-- [ RunTime:0.017970s ]
INFO: [ view_filter ] --START--
INFO: ContentReplace Behavior ::run [ RunTime:0.001229s ]
INFO: TokenBuild Behavior ::run [ RunTime:0.001233s ]
INFO: WriteHtmlCache Behavior ::run [ RunTime:0.001107s ]
INFO: ShowRuntime Behavior ::run [ RunTime:0.001270s ]
INFO: [ view_filter ] --END-- [ RunTime:0.005042s ]
INFO: [ view_end ] --START--
INFO: ShowPageTrace Behavior ::run [ RunTime:0.001378s ]
INFO: [ view_end ] --END-- [ RunTime:0.001445s ]
NOTIC: [8] Undefined index: u E:\wamp\www\myphp\inside_system\APP\Modules\Index\Action\IndexAction.class.php 第 9 行.

[ 2016-05-07T20:52:36+08:00 ] 127.0.0.1 /inside_system/index.php/Index/Index/verify
INFO: [ route_check ] --START--
INFO: CheckRoute Behavior ::run [ RunTime:0.001467s ]
INFO: [ route_check ] --END-- [ RunTime:0.001567s ]
INFO: [ app_begin ] --START--
INFO: ReadHtmlCache Behavior ::run [ RunTime:0.001179s ]
INFO: [ app_begin ] --END-- [ RunTime:0.001279s ]

[ 2016-05-07T20:52:41+08:00 ] 127.0.0.1 /inside_system/
INFO: [ app_begin ] --START--
INFO: ReadHtmlCache Behavior ::run [ RunTime:0.001172s ]
INFO: [ app_begin ] --END-- [ RunTime:0.001262s ]
INFO: [ view_parse ] --START--
NOTIC: [8] Undefined index: pd E:\wamp\www\myphp\inside_system\APP\Runtime\Cache\Index\dff44c8e9ebea4949049842757e96f1a.php 第 109 行.
INFO: ParseTemplate Behavior ::run [ RunTime:0.011041s ]
INFO: [ view_parse ] --END-- [ RunTime:0.011106s ]
INFO: [ view_filter ] --START--
INFO: ContentReplace Behavior ::run [ RunTime:0.001038s ]
INFO: TokenBuild Behavior ::run [ RunTime:0.001132s ]
INFO: WriteHtmlCache Behavior ::run [ RunTime:0.000900s ]
INFO: ShowRuntime Behavior ::run [ RunTime:0.001079s ]
INFO: [ view_filter ] --END-- [ RunTime:0.004372s ]
INFO: [ view_end ] --START--
INFO: ShowPageTrace Behavior ::run [ RunTime:0.001073s ]
INFO: [ view_end ] --END-- [ RunTime:0.001133s ]
NOTIC: [8] Undefined index: u E:\wamp\www\myphp\inside_system\APP\Modules\Index\Action\IndexAction.class.php 第 9 行.

[ 2016-05-07T20:52:41+08:00 ] 127.0.0.1 /inside_system/index.php/Index/Index/verify
INFO: [ route_check ] --START--
INFO: CheckRoute Behavior ::run [ RunTime:0.001207s ]
INFO: [ route_check ] --END-- [ RunTime:0.001301s ]
INFO: [ app_begin ] --START--
INFO: ReadHtmlCache Behavior ::run [ RunTime:0.001089s ]
INFO: [ app_begin ] --END-- [ RunTime:0.001165s ]

[ 2016-05-07T20:53:16+08:00 ] 127.0.0.1 /inside_system/index.php/Index/Login/index
INFO: [ route_check ] --START--
INFO: CheckRoute Behavior ::run [ RunTime:0.001310s ]
INFO: [ route_check ] --END-- [ RunTime:0.001465s ]
INFO: [ app_begin ] --START--
INFO: ReadHtmlCache Behavior ::run [ RunTime:0.001378s ]
INFO: [ app_begin ] --END-- [ RunTime:0.001495s ]
ERR: Unknown database 'inside_system'

