[ 2015-10-30T19:16:16+08:00 ] 127.0.0.1 /inside_system/index.php/Index/Index/index
INFO: [ route_check ] --START--
INFO: CheckRoute Behavior ::run [ RunTime:0.002541s ]
INFO: [ route_check ] --END-- [ RunTime:0.030581s ]
INFO: [ app_begin ] --START--
INFO: ReadHtmlCache Behavior ::run [ RunTime:0.014563s ]
INFO: [ app_begin ] --END-- [ RunTime:0.014696s ]
INFO: [ view_parse ] --START--
NOTIC: [8] Undefined index: pd D:\JWroom\wamp\www\myphp\inside_system\APP\Runtime\Cache\Index\dff44c8e9ebea4949049842757e96f1a.php 第 109 行.
INFO: ParseTemplate Behavior ::run [ RunTime:0.102000s ]
INFO: [ view_parse ] --END-- [ RunTime:0.102127s ]
INFO: [ view_filter ] --START--
INFO: ContentReplace Behavior ::run [ RunTime:0.001230s ]
INFO: TokenBuild Behavior ::run [ RunTime:0.001145s ]
INFO: WriteHtmlCache Behavior ::run [ RunTime:0.000819s ]
INFO: ShowRuntime Behavior ::run [ RunTime:0.002294s ]
INFO: [ view_filter ] --END-- [ RunTime:0.005852s ]
INFO: [ view_end ] --START--
INFO: ShowPageTrace Behavior ::run [ RunTime:0.001415s ]
INFO: [ view_end ] --END-- [ RunTime:0.001530s ]
NOTIC: [8] Undefined index: u D:\JWroom\wamp\www\myphp\inside_system\APP\Modules\Index\Action\IndexAction.class.php 第 9 行.

[ 2015-10-30T19:16:16+08:00 ] 127.0.0.1 /inside_system/index.php/Index/Index/index.php/Index/Index/verify
INFO: [ route_check ] --START--
INFO: CheckRoute Behavior ::run [ RunTime:0.001363s ]
INFO: [ route_check ] --END-- [ RunTime:0.001560s ]
INFO: [ app_begin ] --START--
INFO: ReadHtmlCache Behavior ::run [ RunTime:0.001073s ]
INFO: [ app_begin ] --END-- [ RunTime:0.001204s ]
ERR: 非法操作:index.php

[ 2015-10-30T19:16:18+08:00 ] 127.0.0.1 /inside_system/index.php
INFO: [ app_begin ] --START--
INFO: ReadHtmlCache Behavior ::run [ RunTime:0.001066s ]
INFO: [ app_begin ] --END-- [ RunTime:0.001210s ]
INFO: [ view_parse ] --START--
NOTIC: [8] Undefined index: pd D:\JWroom\wamp\www\myphp\inside_system\APP\Runtime\Cache\Index\dff44c8e9ebea4949049842757e96f1a.php 第 109 行.
INFO: ParseTemplate Behavior ::run [ RunTime:0.020884s ]
INFO: [ view_parse ] --END-- [ RunTime:0.021056s ]
INFO: [ view_filter ] --START--
INFO: ContentReplace Behavior ::run [ RunTime:0.001050s ]
INFO: TokenBuild Behavior ::run [ RunTime:0.001071s ]
INFO: WriteHtmlCache Behavior ::run [ RunTime:0.001652s ]
INFO: ShowRuntime Behavior ::run [ RunTime:0.001013s ]
INFO: [ view_filter ] --END-- [ RunTime:0.005153s ]
INFO: [ view_end ] --START--
INFO: ShowPageTrace Behavior ::run [ RunTime:0.001068s ]
INFO: [ view_end ] --END-- [ RunTime:0.001177s ]
NOTIC: [8] Undefined index: u D:\JWroom\wamp\www\myphp\inside_system\APP\Modules\Index\Action\IndexAction.class.php 第 9 行.

[ 2015-10-30T19:16:18+08:00 ] 127.0.0.1 /inside_system/index.php/Index/Index/verify
INFO: [ route_check ] --START--
INFO: CheckRoute Behavior ::run [ RunTime:0.001288s ]
INFO: [ route_check ] --END-- [ RunTime:0.001478s ]
INFO: [ app_begin ] --START--
INFO: ReadHtmlCache Behavior ::run [ RunTime:0.001188s ]
INFO: [ app_begin ] --END-- [ RunTime:0.001342s ]

[ 2015-10-30T19:23:47+08:00 ] 127.0.0.1 /inside_system/index.php/Index/Index/forget
INFO: [ route_check ] --START--
INFO: CheckRoute Behavior ::run [ RunTime:0.002017s ]
INFO: [ route_check ] --END-- [ RunTime:0.002183s ]
INFO: [ app_begin ] --START--
INFO: ReadHtmlCache Behavior ::run [ RunTime:0.001641s ]
INFO: [ app_begin ] --END-- [ RunTime:0.001814s ]
INFO: [ view_parse ] --START--
NOTIC: [8] Undefined variable: pid D:\JWroom\wamp\www\myphp\inside_system\APP\Runtime\Cache\Index\2d3f9206ed689aeb47447af024e61ceb.php 第 64 行.
INFO: ParseTemplate Behavior ::run [ RunTime:0.051610s ]
INFO: [ view_parse ] --END-- [ RunTime:0.051800s ]
INFO: [ view_filter ] --START--
INFO: ContentReplace Behavior ::run [ RunTime:0.000854s ]
INFO: TokenBuild Behavior ::run [ RunTime:0.000765s ]
INFO: WriteHtmlCache Behavior ::run [ RunTime:0.000667s ]
INFO: ShowRuntime Behavior ::run [ RunTime:0.001121s ]
INFO: [ view_filter ] --END-- [ RunTime:0.003686s ]
INFO: [ view_end ] --START--
INFO: ShowPageTrace Behavior ::run [ RunTime:0.001378s ]
INFO: [ view_end ] --END-- [ RunTime:0.001500s ]

[ 2015-10-30T19:24:29+08:00 ] 127.0.0.1 /inside_system/index.php/Index/Login/Login
INFO: [ route_check ] --START--
INFO: CheckRoute Behavior ::run [ RunTime:0.001888s ]
INFO: [ route_check ] --END-- [ RunTime:0.002028s ]
INFO: [ app_begin ] --START--
INFO: ReadHtmlCache Behavior ::run [ RunTime:0.001386s ]
INFO: [ app_begin ] --END-- [ RunTime:0.001517s ]
INFO: [ view_parse ] --START--
NOTIC: [8] Undefined variable: pid D:\JWroom\wamp\www\myphp\inside_system\APP\Runtime\Cache\Index\898a685d56ed1672605d9b627b307072.php 第 151 行.
INFO: ParseTemplate Behavior ::run [ RunTime:0.026453s ]
INFO: [ view_parse ] --END-- [ RunTime:0.026675s ]
INFO: [ view_filter ] --START--
INFO: ContentReplace Behavior ::run [ RunTime:0.000820s ]
INFO: TokenBuild Behavior ::run [ RunTime:0.000818s ]
INFO: WriteHtmlCache Behavior ::run [ RunTime:0.000690s ]
INFO: ShowRuntime Behavior ::run [ RunTime:0.001367s ]
INFO: [ view_filter ] --END-- [ RunTime:0.004061s ]
INFO: [ view_end ] --START--
INFO: ShowPageTrace Behavior ::run [ RunTime:0.002758s ]
INFO: [ view_end ] --END-- [ RunTime:0.002962s ]

[ 2015-10-30T19:24:29+08:00 ] 127.0.0.1 /inside_system/index.php/Index/Index/verify
INFO: [ route_check ] --START--
INFO: CheckRoute Behavior ::run [ RunTime:0.001105s ]
INFO: [ route_check ] --END-- [ RunTime:0.001247s ]
INFO: [ app_begin ] --START--
INFO: ReadHtmlCache Behavior ::run [ RunTime:0.000925s ]
INFO: [ app_begin ] --END-- [ RunTime:0.001042s ]

