[ 2015-10-17T09:43:39+08:00 ] 127.0.0.1 /blog/index.php/Admin
INFO: [ route_check ] --START--
INFO: CheckRoute Behavior ::run [ RunTime:0.012399s ]
INFO: [ route_check ] --END-- [ RunTime:0.012745s ]
INFO: [ app_begin ] --START--
INFO: ReadHtmlCache Behavior ::run [ RunTime:0.003403s ]
INFO: [ app_begin ] --END-- [ RunTime:0.003723s ]

[ 2015-10-17T09:43:39+08:00 ] 127.0.0.1 /blog/index.php/Admin/Login/index
INFO: [ route_check ] --START--
INFO: CheckRoute Behavior ::run [ RunTime:0.001172s ]
INFO: [ route_check ] --END-- [ RunTime:0.001301s ]
INFO: [ app_begin ] --START--
INFO: ReadHtmlCache Behavior ::run [ RunTime:0.001255s ]
INFO: [ app_begin ] --END-- [ RunTime:0.001444s ]
INFO: [ view_parse ] --START--
INFO: ParseTemplate Behavior ::run [ RunTime:0.438274s ]
INFO: [ view_parse ] --END-- [ RunTime:0.438422s ]
INFO: [ view_filter ] --START--
INFO: ContentReplace Behavior ::run [ RunTime:0.062893s ]
INFO: TokenBuild Behavior ::run [ RunTime:0.001068s ]
INFO: WriteHtmlCache Behavior ::run [ RunTime:0.000792s ]
INFO: ShowRuntime Behavior ::run [ RunTime:0.000947s ]
INFO: [ view_filter ] --END-- [ RunTime:0.065989s ]
INFO: [ view_end ] --START--
INFO: ShowPageTrace Behavior ::run [ RunTime:0.001506s ]
INFO: [ view_end ] --END-- [ RunTime:0.001602s ]

[ 2015-10-17T09:43:40+08:00 ] 127.0.0.1 /blog/index.php/Admin/Login/verify
INFO: [ route_check ] --START--
INFO: CheckRoute Behavior ::run [ RunTime:0.000983s ]
INFO: [ route_check ] --END-- [ RunTime:0.001107s ]
INFO: [ app_begin ] --START--
INFO: ReadHtmlCache Behavior ::run [ RunTime:0.000768s ]
INFO: [ app_begin ] --END-- [ RunTime:0.000869s ]

[ 2015-10-17T09:43:41+08:00 ] 127.0.0.1 /blog/index.php/Admin/Login/index
INFO: [ route_check ] --START--
INFO: CheckRoute Behavior ::run [ RunTime:0.001685s ]
INFO: [ route_check ] --END-- [ RunTime:0.001853s ]
INFO: [ app_begin ] --START--
INFO: ReadHtmlCache Behavior ::run [ RunTime:0.004373s ]
INFO: [ app_begin ] --END-- [ RunTime:0.004914s ]
INFO: [ view_parse ] --START--
INFO: ParseTemplate Behavior ::run [ RunTime:0.016939s ]
INFO: [ view_parse ] --END-- [ RunTime:0.017104s ]
INFO: [ view_filter ] --START--
INFO: ContentReplace Behavior ::run [ RunTime:0.000837s ]
INFO: TokenBuild Behavior ::run [ RunTime:0.000830s ]
INFO: WriteHtmlCache Behavior ::run [ RunTime:0.000759s ]
INFO: ShowRuntime Behavior ::run [ RunTime:0.000911s ]
INFO: [ view_filter ] --END-- [ RunTime:0.003661s ]
INFO: [ view_end ] --START--
INFO: ShowPageTrace Behavior ::run [ RunTime:0.000938s ]
INFO: [ view_end ] --END-- [ RunTime:0.001063s ]

[ 2015-10-17T09:43:41+08:00 ] 127.0.0.1 /blog/index.php/Admin/Login/verify
INFO: [ route_check ] --START--
INFO: CheckRoute Behavior ::run [ RunTime:0.001010s ]
INFO: [ route_check ] --END-- [ RunTime:0.001131s ]
INFO: [ app_begin ] --START--
INFO: ReadHtmlCache Behavior ::run [ RunTime:0.000870s ]
INFO: [ app_begin ] --END-- [ RunTime:0.000988s ]

[ 2015-10-17T20:19:41+08:00 ] 127.0.0.1 /blog/index.php/Admin
INFO: [ route_check ] --START--
INFO: CheckRoute Behavior ::run [ RunTime:0.002105s ]
INFO: [ route_check ] --END-- [ RunTime:0.002320s ]
INFO: [ app_begin ] --START--
INFO: ReadHtmlCache Behavior ::run [ RunTime:0.001178s ]
INFO: [ app_begin ] --END-- [ RunTime:0.001281s ]

[ 2015-10-17T20:19:41+08:00 ] 127.0.0.1 /blog/index.php/Admin/Login/index
INFO: [ route_check ] --START--
INFO: CheckRoute Behavior ::run [ RunTime:0.000949s ]
INFO: [ route_check ] --END-- [ RunTime:0.001055s ]
INFO: [ app_begin ] --START--
INFO: ReadHtmlCache Behavior ::run [ RunTime:0.000664s ]
INFO: [ app_begin ] --END-- [ RunTime:0.000753s ]
INFO: [ view_parse ] --START--
INFO: ParseTemplate Behavior ::run [ RunTime:0.203025s ]
INFO: [ view_parse ] --END-- [ RunTime:0.203261s ]
INFO: [ view_filter ] --START--
INFO: ContentReplace Behavior ::run [ RunTime:0.002974s ]
INFO: TokenBuild Behavior ::run [ RunTime:0.019874s ]
INFO: WriteHtmlCache Behavior ::run [ RunTime:0.001378s ]
INFO: ShowRuntime Behavior ::run [ RunTime:0.001407s ]
INFO: [ view_filter ] --END-- [ RunTime:0.026419s ]
INFO: [ view_end ] --START--
INFO: ShowPageTrace Behavior ::run [ RunTime:0.001630s ]
INFO: [ view_end ] --END-- [ RunTime:0.001764s ]

[ 2015-10-17T20:19:41+08:00 ] 127.0.0.1 /blog/index.php/Admin/Login/verify
INFO: [ route_check ] --START--
INFO: CheckRoute Behavior ::run [ RunTime:0.001557s ]
INFO: [ route_check ] --END-- [ RunTime:0.001735s ]
INFO: [ app_begin ] --START--
INFO: ReadHtmlCache Behavior ::run [ RunTime:0.000920s ]
INFO: [ app_begin ] --END-- [ RunTime:0.001048s ]

