[ 2015-09-09T13:18:58+08:00 ] 127.0.0.1 /think/admin.php
INFO: [ app_begin ] --START--
INFO: ReadHtmlCache Behavior ::run [ RunTime:0.001958s ]
INFO: [ app_begin ] --END-- [ RunTime:0.002178s ]
INFO: [ view_parse ] --START--
INFO: ParseTemplate Behavior ::run [ RunTime:0.117622s ]
INFO: [ view_parse ] --END-- [ RunTime:0.117825s ]
INFO: [ view_filter ] --START--
NOTIC: [8] Use of undefined constant APP_TMPL_PATH - assumed 'APP_TMPL_PATH' D:\JWroom\wamp\www\myphp\think\ThinkPHP\Lib\Behavior\ContentReplaceBehavior.class.php 第 40 行.
NOTIC: [8] Use of undefined constant APP_TMPL_PATH - assumed 'APP_TMPL_PATH' D:\JWroom\wamp\www\myphp\think\ThinkPHP\Lib\Behavior\ContentReplaceBehavior.class.php 第 47 行.
INFO: ContentReplace Behavior ::run [ RunTime:0.025380s ]
INFO: TokenBuild Behavior ::run [ RunTime:0.013242s ]
INFO: WriteHtmlCache Behavior ::run [ RunTime:0.001132s ]
INFO: ShowRuntime Behavior ::run [ RunTime:0.001311s ]
INFO: [ view_filter ] --END-- [ RunTime:0.041594s ]
INFO: [ view_end ] --START--
INFO: ShowPageTrace Behavior ::run [ RunTime:0.001383s ]
INFO: [ view_end ] --END-- [ RunTime:0.001567s ]

[ 2015-09-09T15:56:53+08:00 ] 127.0.0.1 /think/admin.php
INFO: [ app_begin ] --START--
INFO: ReadHtmlCache Behavior ::run [ RunTime:0.001314s ]
INFO: [ app_begin ] --END-- [ RunTime:0.001602s ]
INFO: [ view_parse ] --START--
INFO: ParseTemplate Behavior ::run [ RunTime:0.001513s ]
INFO: [ view_parse ] --END-- [ RunTime:0.001629s ]
INFO: [ view_filter ] --START--
NOTIC: [8] Use of undefined constant APP_TMPL_PATH - assumed 'APP_TMPL_PATH' D:\JWroom\wamp\www\myphp\think\ThinkPHP\Lib\Behavior\ContentReplaceBehavior.class.php 第 40 行.
NOTIC: [8] Use of undefined constant APP_TMPL_PATH - assumed 'APP_TMPL_PATH' D:\JWroom\wamp\www\myphp\think\ThinkPHP\Lib\Behavior\ContentReplaceBehavior.class.php 第 47 行.
INFO: ContentReplace Behavior ::run [ RunTime:0.000954s ]
INFO: TokenBuild Behavior ::run [ RunTime:0.001624s ]
INFO: WriteHtmlCache Behavior ::run [ RunTime:0.000829s ]
INFO: ShowRuntime Behavior ::run [ RunTime:0.000844s ]
INFO: [ view_filter ] --END-- [ RunTime:0.004725s ]
INFO: [ view_end ] --START--
INFO: ShowPageTrace Behavior ::run [ RunTime:0.001105s ]
INFO: [ view_end ] --END-- [ RunTime:0.001253s ]

[ 2015-09-09T16:01:27+08:00 ] 127.0.0.1 /think/admin.php
INFO: [ app_begin ] --START--
INFO: ReadHtmlCache Behavior ::run [ RunTime:0.001665s ]
INFO: [ app_begin ] --END-- [ RunTime:0.002047s ]

[ 2015-09-09T16:01:30+08:00 ] 127.0.0.1 /think/admin.php
INFO: [ app_begin ] --START--
INFO: ReadHtmlCache Behavior ::run [ RunTime:0.001648s ]
INFO: [ app_begin ] --END-- [ RunTime:0.001886s ]

[ 2015-09-09T16:01:40+08:00 ] 127.0.0.1 /think/admin.php
INFO: [ app_begin ] --START--
INFO: ReadHtmlCache Behavior ::run [ RunTime:0.000883s ]
INFO: [ app_begin ] --END-- [ RunTime:0.000999s ]

[ 2015-09-09T16:07:58+08:00 ] 127.0.0.1 /think/admin.php
INFO: [ app_begin ] --START--
INFO: ReadHtmlCache Behavior ::run [ RunTime:0.000908s ]
INFO: [ app_begin ] --END-- [ RunTime:0.001029s ]

[ 2015-09-09T16:08:01+08:00 ] 127.0.0.1 /think/admin.php
INFO: [ app_begin ] --START--
INFO: ReadHtmlCache Behavior ::run [ RunTime:0.001212s ]
INFO: [ app_begin ] --END-- [ RunTime:0.001374s ]

[ 2015-09-09T16:08:02+08:00 ] 127.0.0.1 /think/admin.php
INFO: [ app_begin ] --START--
INFO: ReadHtmlCache Behavior ::run [ RunTime:0.001340s ]
INFO: [ app_begin ] --END-- [ RunTime:0.001518s ]

[ 2015-09-09T16:08:03+08:00 ] 127.0.0.1 /think/admin.php
INFO: [ app_begin ] --START--
INFO: ReadHtmlCache Behavior ::run [ RunTime:0.001491s ]
INFO: [ app_begin ] --END-- [ RunTime:0.001762s ]

[ 2015-09-09T16:08:04+08:00 ] 127.0.0.1 /think/admin.php
INFO: [ app_begin ] --START--
INFO: ReadHtmlCache Behavior ::run [ RunTime:0.001428s ]
INFO: [ app_begin ] --END-- [ RunTime:0.001652s ]

[ 2015-09-09T16:13:59+08:00 ] 127.0.0.1 /think/admin.php
INFO: [ app_begin ] --START--
INFO: ReadHtmlCache Behavior ::run [ RunTime:0.001504s ]
INFO: [ app_begin ] --END-- [ RunTime:0.001714s ]

[ 2015-09-09T16:14:00+08:00 ] 127.0.0.1 /think/admin.php
INFO: [ app_begin ] --START--
INFO: ReadHtmlCache Behavior ::run [ RunTime:0.000774s ]
INFO: [ app_begin ] --END-- [ RunTime:0.000883s ]

[ 2015-09-09T16:14:00+08:00 ] 127.0.0.1 /think/admin.php
INFO: [ app_begin ] --START--
INFO: ReadHtmlCache Behavior ::run [ RunTime:0.000857s ]
INFO: [ app_begin ] --END-- [ RunTime:0.000971s ]

[ 2015-09-09T16:14:01+08:00 ] 127.0.0.1 /think/admin.php
INFO: [ app_begin ] --START--
INFO: ReadHtmlCache Behavior ::run [ RunTime:0.001398s ]
INFO: [ app_begin ] --END-- [ RunTime:0.001585s ]

[ 2015-09-09T16:14:01+08:00 ] 127.0.0.1 /think/admin.php
INFO: [ app_begin ] --START--
INFO: ReadHtmlCache Behavior ::run [ RunTime:0.000918s ]
INFO: [ app_begin ] --END-- [ RunTime:0.001040s ]

[ 2015-09-09T16:14:01+08:00 ] 127.0.0.1 /think/admin.php
INFO: [ app_begin ] --START--
INFO: ReadHtmlCache Behavior ::run [ RunTime:0.001371s ]
INFO: [ app_begin ] --END-- [ RunTime:0.001575s ]

[ 2015-09-09T16:16:31+08:00 ] 127.0.0.1 /think/admin.php
INFO: [ app_begin ] --START--
INFO: ReadHtmlCache Behavior ::run [ RunTime:0.001217s ]
INFO: [ app_begin ] --END-- [ RunTime:0.001378s ]

[ 2015-09-09T16:16:54+08:00 ] 127.0.0.1 /think/admin.php
INFO: [ app_begin ] --START--
INFO: ReadHtmlCache Behavior ::run [ RunTime:0.000902s ]
INFO: [ app_begin ] --END-- [ RunTime:0.001033s ]

[ 2015-09-09T16:16:54+08:00 ] 127.0.0.1 /think/admin.php
INFO: [ app_begin ] --START--
INFO: ReadHtmlCache Behavior ::run [ RunTime:0.000955s ]
INFO: [ app_begin ] --END-- [ RunTime:0.001082s ]

[ 2015-09-09T16:16:54+08:00 ] 127.0.0.1 /think/admin.php
INFO: [ app_begin ] --START--
INFO: ReadHtmlCache Behavior ::run [ RunTime:0.001362s ]
INFO: [ app_begin ] --END-- [ RunTime:0.001556s ]

[ 2015-09-09T16:16:54+08:00 ] 127.0.0.1 /think/admin.php
INFO: [ app_begin ] --START--
INFO: ReadHtmlCache Behavior ::run [ RunTime:0.001195s ]
INFO: [ app_begin ] --END-- [ RunTime:0.001512s ]

[ 2015-09-09T16:19:47+08:00 ] 127.0.0.1 /think/admin.php
INFO: [ app_begin ] --START--
INFO: ReadHtmlCache Behavior ::run [ RunTime:0.001317s ]
INFO: [ app_begin ] --END-- [ RunTime:0.001564s ]

[ 2015-09-09T16:19:56+08:00 ] 127.0.0.1 /think/admin.php
INFO: [ app_begin ] --START--
INFO: ReadHtmlCache Behavior ::run [ RunTime:0.001176s ]
INFO: [ app_begin ] --END-- [ RunTime:0.001343s ]

[ 2015-09-09T16:19:56+08:00 ] 127.0.0.1 /think/admin.php
INFO: [ app_begin ] --START--
INFO: ReadHtmlCache Behavior ::run [ RunTime:0.001064s ]
INFO: [ app_begin ] --END-- [ RunTime:0.001254s ]

[ 2015-09-09T16:19:56+08:00 ] 127.0.0.1 /think/admin.php
INFO: [ app_begin ] --START--
INFO: ReadHtmlCache Behavior ::run [ RunTime:0.000866s ]
INFO: [ app_begin ] --END-- [ RunTime:0.000986s ]

[ 2015-09-09T18:23:38+08:00 ] 127.0.0.1 /think/admin.php
INFO: [ app_begin ] --START--
INFO: ReadHtmlCache Behavior ::run [ RunTime:0.001345s ]
INFO: [ app_begin ] --END-- [ RunTime:0.001525s ]

[ 2015-09-09T18:28:15+08:00 ] 127.0.0.1 /think/admin.php
INFO: [ app_begin ] --START--
INFO: ReadHtmlCache Behavior ::run [ RunTime:0.000938s ]
INFO: [ app_begin ] --END-- [ RunTime:0.001059s ]

[ 2015-09-09T18:35:48+08:00 ] 127.0.0.1 /think/admin.php
INFO: [ app_begin ] --START--
INFO: ReadHtmlCache Behavior ::run [ RunTime:0.001364s ]
INFO: [ app_begin ] --END-- [ RunTime:0.001550s ]

[ 2015-09-09T18:36:08+08:00 ] 127.0.0.1 /think/admin.php
INFO: [ app_begin ] --START--
INFO: ReadHtmlCache Behavior ::run [ RunTime:0.001227s ]
INFO: [ app_begin ] --END-- [ RunTime:0.001395s ]

[ 2015-09-09T18:37:16+08:00 ] 127.0.0.1 /think/admin.php
INFO: [ app_begin ] --START--
INFO: ReadHtmlCache Behavior ::run [ RunTime:0.000915s ]
INFO: [ app_begin ] --END-- [ RunTime:0.001040s ]

