[ 2016-05-21T19:53:05+08:00 ] 127.0.0.1 /SoftwareEngineering/
INFO: [ app_begin ] --START--
INFO: ReadHtmlCache Behavior ::run [ RunTime:0.034863s ]
INFO: [ app_begin ] --END-- [ RunTime:0.035054s ]
INFO: [ view_parse ] --START--
INFO: ParseTemplate Behavior ::run [ RunTime:0.030479s ]
INFO: [ view_parse ] --END-- [ RunTime:0.030652s ]
INFO: [ view_filter ] --START--
INFO: ContentReplace Behavior ::run [ RunTime:0.001099s ]
INFO: TokenBuild Behavior ::run [ RunTime:0.000840s ]
INFO: WriteHtmlCache Behavior ::run [ RunTime:0.000639s ]
INFO: ShowRuntime Behavior ::run [ RunTime:0.000735s ]
INFO: [ view_filter ] --END-- [ RunTime:0.003515s ]
INFO: [ view_end ] --START--
INFO: ShowPageTrace Behavior ::run [ RunTime:0.000781s ]
INFO: [ view_end ] --END-- [ RunTime:0.000842s ]

[ 2016-05-21T19:53:08+08:00 ] 127.0.0.1 /SoftwareEngineering/index.php/Msystem/Registered/index
INFO: [ route_check ] --START--
INFO: CheckRoute Behavior ::run [ RunTime:0.001202s ]
INFO: [ route_check ] --END-- [ RunTime:0.001306s ]
INFO: [ app_begin ] --START--
INFO: ReadHtmlCache Behavior ::run [ RunTime:0.000747s ]
INFO: [ app_begin ] --END-- [ RunTime:0.000874s ]
INFO: [ view_parse ] --START--
INFO: ParseTemplate Behavior ::run [ RunTime:0.024635s ]
INFO: [ view_parse ] --END-- [ RunTime:0.024822s ]
INFO: [ view_filter ] --START--
INFO: ContentReplace Behavior ::run [ RunTime:0.000554s ]
INFO: TokenBuild Behavior ::run [ RunTime:0.000526s ]
INFO: WriteHtmlCache Behavior ::run [ RunTime:0.000482s ]
INFO: ShowRuntime Behavior ::run [ RunTime:0.000626s ]
INFO: [ view_filter ] --END-- [ RunTime:0.002370s ]
INFO: [ view_end ] --START--
INFO: ShowPageTrace Behavior ::run [ RunTime:0.000734s ]
INFO: [ view_end ] --END-- [ RunTime:0.000817s ]

[ 2016-05-21T20:15:21+08:00 ] 127.0.0.1 /SoftwareEngineering/index.php/Msystem/Index/submit
INFO: [ route_check ] --START--
INFO: CheckRoute Behavior ::run [ RunTime:0.000984s ]
INFO: [ route_check ] --END-- [ RunTime:0.001076s ]
INFO: [ app_begin ] --START--
INFO: ReadHtmlCache Behavior ::run [ RunTime:0.001752s ]
INFO: [ app_begin ] --END-- [ RunTime:0.001919s ]
SQL: SHOW COLUMNS FROM `zxy_user` [ RunTime:0.028150s ]
SQL: SELECT * FROM `zxy_user`  [ RunTime:0.002325s ]
NOTIC: [8] A session had already been started - ignoring session_start() E:\wamp\www\myphp\SoftwareEngineering\APP\Modules\Msystem\Action\IndexAction.class.php 第 26 行.
NOTIC: [8] Undefined index: username E:\wamp\www\myphp\SoftwareEngineering\APP\Modules\Msystem\Action\IndexAction.class.php 第 28 行.
INFO: [ view_parse ] --START--
INFO: ParseTemplate Behavior ::run [ RunTime:0.012060s ]
INFO: [ view_parse ] --END-- [ RunTime:0.012289s ]
INFO: [ view_filter ] --START--
INFO: ContentReplace Behavior ::run [ RunTime:0.000746s ]
INFO: TokenBuild Behavior ::run [ RunTime:0.000738s ]
INFO: WriteHtmlCache Behavior ::run [ RunTime:0.000567s ]
INFO: ShowRuntime Behavior ::run [ RunTime:0.000708s ]
INFO: [ view_filter ] --END-- [ RunTime:0.002958s ]
INFO: [ view_end ] --START--
INFO: ShowPageTrace Behavior ::run [ RunTime:0.000878s ]
INFO: [ view_end ] --END-- [ RunTime:0.000968s ]

[ 2016-05-21T20:15:22+08:00 ] 127.0.0.1 /SoftwareEngineering/index.php/Main/index?username=zxy
INFO: [ route_check ] --START--
INFO: CheckRoute Behavior ::run [ RunTime:0.000717s ]
INFO: [ route_check ] --END-- [ RunTime:0.000863s ]
INFO: [ app_begin ] --START--
INFO: ReadHtmlCache Behavior ::run [ RunTime:0.000874s ]
INFO: [ app_begin ] --END-- [ RunTime:0.000995s ]
SQL: SHOW COLUMNS FROM `zxy_user` [ RunTime:0.004330s ]
SQL: SELECT * FROM `zxy_user` WHERE ( `username` = 'zxy' )  [ RunTime:0.000663s ]
INFO: [ view_parse ] --START--
INFO: ParseTemplate Behavior ::run [ RunTime:0.017367s ]
INFO: [ view_parse ] --END-- [ RunTime:0.017491s ]
INFO: [ view_filter ] --START--
INFO: ContentReplace Behavior ::run [ RunTime:0.000854s ]
INFO: TokenBuild Behavior ::run [ RunTime:0.000805s ]
INFO: WriteHtmlCache Behavior ::run [ RunTime:0.000500s ]
INFO: ShowRuntime Behavior ::run [ RunTime:0.000679s ]
INFO: [ view_filter ] --END-- [ RunTime:0.003101s ]
INFO: [ view_end ] --START--
INFO: ShowPageTrace Behavior ::run [ RunTime:0.000788s ]
INFO: [ view_end ] --END-- [ RunTime:0.000911s ]

[ 2016-05-21T20:15:24+08:00 ] 127.0.0.1 /SoftwareEngineering/index.php/Msystem/Information/select
INFO: [ route_check ] --START--
INFO: CheckRoute Behavior ::run [ RunTime:0.000775s ]
INFO: [ route_check ] --END-- [ RunTime:0.000869s ]
INFO: [ app_begin ] --START--
INFO: ReadHtmlCache Behavior ::run [ RunTime:0.000562s ]
INFO: [ app_begin ] --END-- [ RunTime:0.000631s ]
NOTIC: [8] Undefined index: submit E:\wamp\www\myphp\SoftwareEngineering\APP\Modules\Msystem\Action\InformationAction.class.php 第 81 行.
INFO: [ view_parse ] --START--
NOTIC: [8] Undefined variable: select E:\wamp\www\myphp\SoftwareEngineering\APP\Runtime\Cache\Msystem\21475d8ba582a4e17fdc557314f74205.php 第 21 行.
INFO: ParseTemplate Behavior ::run [ RunTime:0.016283s ]
INFO: [ view_parse ] --END-- [ RunTime:0.016371s ]
INFO: [ view_filter ] --START--
INFO: ContentReplace Behavior ::run [ RunTime:0.000491s ]
INFO: TokenBuild Behavior ::run [ RunTime:0.000502s ]
INFO: WriteHtmlCache Behavior ::run [ RunTime:0.000498s ]
INFO: ShowRuntime Behavior ::run [ RunTime:0.000714s ]
INFO: [ view_filter ] --END-- [ RunTime:0.002421s ]
INFO: [ view_end ] --START--
INFO: ShowPageTrace Behavior ::run [ RunTime:0.000661s ]
INFO: [ view_end ] --END-- [ RunTime:0.000743s ]

[ 2016-05-21T20:16:45+08:00 ] 127.0.0.1 /SoftwareEngineering/index.php/Msystem/Innovate/Iinsert
INFO: [ route_check ] --START--
INFO: CheckRoute Behavior ::run [ RunTime:0.002397s ]
INFO: [ route_check ] --END-- [ RunTime:0.002576s ]
INFO: [ app_begin ] --START--
INFO: ReadHtmlCache Behavior ::run [ RunTime:0.000618s ]
INFO: [ app_begin ] --END-- [ RunTime:0.000694s ]
NOTIC: [8] Undefined index: submit E:\wamp\www\myphp\SoftwareEngineering\APP\Modules\Msystem\Action\InnovateAction.class.php 第 6 行.
INFO: [ view_parse ] --START--
INFO: ParseTemplate Behavior ::run [ RunTime:0.025041s ]
INFO: [ view_parse ] --END-- [ RunTime:0.025129s ]
INFO: [ view_filter ] --START--
INFO: ContentReplace Behavior ::run [ RunTime:0.000604s ]
INFO: TokenBuild Behavior ::run [ RunTime:0.000646s ]
INFO: WriteHtmlCache Behavior ::run [ RunTime:0.000444s ]
INFO: ShowRuntime Behavior ::run [ RunTime:0.000749s ]
INFO: [ view_filter ] --END-- [ RunTime:0.002656s ]
INFO: [ view_end ] --START--
INFO: ShowPageTrace Behavior ::run [ RunTime:0.000701s ]
INFO: [ view_end ] --END-- [ RunTime:0.000791s ]

[ 2016-05-21T20:46:12+08:00 ] 127.0.0.1 /SoftwareEngineering/index.php/Msystem/RandP/insert
INFO: [ route_check ] --START--
INFO: CheckRoute Behavior ::run [ RunTime:0.000972s ]
INFO: [ route_check ] --END-- [ RunTime:0.001061s ]
INFO: [ app_begin ] --START--
INFO: ReadHtmlCache Behavior ::run [ RunTime:0.000693s ]
INFO: [ app_begin ] --END-- [ RunTime:0.000764s ]
NOTIC: [8] Undefined index: submit E:\wamp\www\myphp\SoftwareEngineering\APP\Modules\Msystem\Action\RandPAction.class.php 第 7 行.
INFO: [ view_parse ] --START--
INFO: ParseTemplate Behavior ::run [ RunTime:0.031127s ]
INFO: [ view_parse ] --END-- [ RunTime:0.031215s ]
INFO: [ view_filter ] --START--
INFO: ContentReplace Behavior ::run [ RunTime:0.000666s ]
INFO: TokenBuild Behavior ::run [ RunTime:0.000669s ]
INFO: WriteHtmlCache Behavior ::run [ RunTime:0.000567s ]
INFO: ShowRuntime Behavior ::run [ RunTime:0.000723s ]
INFO: [ view_filter ] --END-- [ RunTime:0.002817s ]
INFO: [ view_end ] --START--
INFO: ShowPageTrace Behavior ::run [ RunTime:0.000756s ]
INFO: [ view_end ] --END-- [ RunTime:0.000826s ]

[ 2016-05-21T21:06:38+08:00 ] 127.0.0.1 /SoftwareEngineering/index.php/Msystem/RandP/select?username=zxy
INFO: [ route_check ] --START--
INFO: CheckRoute Behavior ::run [ RunTime:0.001013s ]
INFO: [ route_check ] --END-- [ RunTime:0.001102s ]
INFO: [ app_begin ] --START--
INFO: ReadHtmlCache Behavior ::run [ RunTime:0.000812s ]
INFO: [ app_begin ] --END-- [ RunTime:0.000895s ]
SQL: SHOW COLUMNS FROM `zxy_user` [ RunTime:0.005890s ]
SQL: SELECT * FROM `zxy_user` WHERE ( `username` = 'zxy' )  [ RunTime:0.000987s ]
NOTIC: [8] Undefined index: submitS E:\wamp\www\myphp\SoftwareEngineering\APP\Modules\Msystem\Action\RandPAction.class.php 第 82 行.
NOTIC: [8] Undefined index: submitI E:\wamp\www\myphp\SoftwareEngineering\APP\Modules\Msystem\Action\RandPAction.class.php 第 87 行.
INFO: [ view_parse ] --START--
NOTIC: [8] Undefined variable: reason E:\wamp\www\myphp\SoftwareEngineering\APP\Runtime\Cache\Msystem\079d25789a22adf788084e8d2e3d6590.php 第 30 行.
INFO: ParseTemplate Behavior ::run [ RunTime:0.058506s ]
INFO: [ view_parse ] --END-- [ RunTime:0.058605s ]
INFO: [ view_filter ] --START--
INFO: ContentReplace Behavior ::run [ RunTime:0.000702s ]
INFO: TokenBuild Behavior ::run [ RunTime:0.000671s ]
INFO: WriteHtmlCache Behavior ::run [ RunTime:0.000530s ]
INFO: ShowRuntime Behavior ::run [ RunTime:0.000663s ]
INFO: [ view_filter ] --END-- [ RunTime:0.002767s ]
INFO: [ view_end ] --START--
INFO: ShowPageTrace Behavior ::run [ RunTime:0.000708s ]
INFO: [ view_end ] --END-- [ RunTime:0.000775s ]

[ 2016-05-21T21:06:41+08:00 ] 127.0.0.1 /SoftwareEngineering/index.php/Msystem/RandP/select
INFO: [ route_check ] --START--
INFO: CheckRoute Behavior ::run [ RunTime:0.000674s ]
INFO: [ route_check ] --END-- [ RunTime:0.000761s ]
INFO: [ app_begin ] --START--
INFO: ReadHtmlCache Behavior ::run [ RunTime:0.000575s ]
INFO: [ app_begin ] --END-- [ RunTime:0.000645s ]
NOTIC: [8] Undefined index: username E:\wamp\www\myphp\SoftwareEngineering\APP\Modules\Msystem\Action\RandPAction.class.php 第 79 行.
SQL: SHOW COLUMNS FROM `zxy_user` [ RunTime:0.022400s ]
SQL: SELECT * FROM `zxy_user` WHERE ( `username` = null )  [ RunTime:0.047344s ]
SQL: SHOW COLUMNS FROM `zxy_randp` [ RunTime:0.021889s ]
SQL: SELECT * FROM `zxy_randp` WHERE ( num=1 )  [ RunTime:0.032327s ]
NOTIC: [8] Undefined index: submitI E:\wamp\www\myphp\SoftwareEngineering\APP\Modules\Msystem\Action\RandPAction.class.php 第 87 行.
INFO: [ view_parse ] --START--
NOTIC: [2] Invalid argument supplied for foreach() E:\wamp\www\myphp\SoftwareEngineering\APP\Runtime\Cache\Msystem\079d25789a22adf788084e8d2e3d6590.php 第 38 行.
NOTIC: [8] Undefined variable: pd E:\wamp\www\myphp\SoftwareEngineering\APP\Runtime\Cache\Msystem\079d25789a22adf788084e8d2e3d6590.php 第 38 行.
INFO: ParseTemplate Behavior ::run [ RunTime:0.007122s ]
INFO: [ view_parse ] --END-- [ RunTime:0.007208s ]
INFO: [ view_filter ] --START--
INFO: ContentReplace Behavior ::run [ RunTime:0.000492s ]
INFO: TokenBuild Behavior ::run [ RunTime:0.000506s ]
INFO: WriteHtmlCache Behavior ::run [ RunTime:0.000417s ]
INFO: ShowRuntime Behavior ::run [ RunTime:0.000564s ]
INFO: [ view_filter ] --END-- [ RunTime:0.002172s ]
INFO: [ view_end ] --START--
INFO: ShowPageTrace Behavior ::run [ RunTime:0.000616s ]
INFO: [ view_end ] --END-- [ RunTime:0.000684s ]

[ 2016-05-21T21:09:08+08:00 ] 127.0.0.1 /SoftwareEngineering/index.php/Msystem/RandP/select?username=zxy
INFO: [ route_check ] --START--
INFO: CheckRoute Behavior ::run [ RunTime:0.001505s ]
INFO: [ route_check ] --END-- [ RunTime:0.001609s ]
INFO: [ app_begin ] --START--
INFO: ReadHtmlCache Behavior ::run [ RunTime:0.000758s ]
INFO: [ app_begin ] --END-- [ RunTime:0.000855s ]
SQL: SHOW COLUMNS FROM `zxy_user` [ RunTime:0.005978s ]
SQL: SELECT * FROM `zxy_user` WHERE ( `username` = 'zxy' )  [ RunTime:0.001807s ]
NOTIC: [8] Undefined index: submitS E:\wamp\www\myphp\SoftwareEngineering\APP\Modules\Msystem\Action\RandPAction.class.php 第 82 行.
NOTIC: [8] Undefined index: submitI E:\wamp\www\myphp\SoftwareEngineering\APP\Modules\Msystem\Action\RandPAction.class.php 第 87 行.
INFO: [ view_parse ] --START--
NOTIC: [8] Undefined variable: reason E:\wamp\www\myphp\SoftwareEngineering\APP\Runtime\Cache\Msystem\079d25789a22adf788084e8d2e3d6590.php 第 30 行.
INFO: ParseTemplate Behavior ::run [ RunTime:0.008995s ]
INFO: [ view_parse ] --END-- [ RunTime:0.009076s ]
INFO: [ view_filter ] --START--
INFO: ContentReplace Behavior ::run [ RunTime:0.000799s ]
INFO: TokenBuild Behavior ::run [ RunTime:0.000760s ]
INFO: WriteHtmlCache Behavior ::run [ RunTime:0.000575s ]
INFO: ShowRuntime Behavior ::run [ RunTime:0.000680s ]
INFO: [ view_filter ] --END-- [ RunTime:0.003029s ]
INFO: [ view_end ] --START--
INFO: ShowPageTrace Behavior ::run [ RunTime:0.000953s ]
INFO: [ view_end ] --END-- [ RunTime:0.001020s ]

