[ 2016-05-03T17:28:49+08:00 ] 127.0.0.1 /SoftwareEngineering/index.php/Index/index
INFO: [ route_check ] --START--
INFO: CheckRoute Behavior ::run [ RunTime:0.003946s ]
INFO: [ route_check ] --END-- [ RunTime:0.004051s ]
INFO: [ app_begin ] --START--
INFO: ReadHtmlCache Behavior ::run [ RunTime:0.000798s ]
INFO: [ app_begin ] --END-- [ RunTime:0.000864s ]
INFO: [ view_parse ] --START--
INFO: ParseTemplate Behavior ::run [ RunTime:0.053085s ]
INFO: [ view_parse ] --END-- [ RunTime:0.053542s ]
INFO: [ view_filter ] --START--
INFO: ContentReplace Behavior ::run [ RunTime:0.003380s ]
INFO: TokenBuild Behavior ::run [ RunTime:0.003779s ]
INFO: WriteHtmlCache Behavior ::run [ RunTime:0.002933s ]
INFO: ShowRuntime Behavior ::run [ RunTime:0.003984s ]
INFO: [ view_filter ] --END-- [ RunTime:0.015083s ]
INFO: [ view_end ] --START--
INFO: ShowPageTrace Behavior ::run [ RunTime:0.003824s ]
INFO: [ view_end ] --END-- [ RunTime:0.004130s ]

[ 2016-05-03T20:35:09+08:00 ] 127.0.0.1 /SoftwareEngineering/
INFO: [ app_begin ] --START--
INFO: ReadHtmlCache Behavior ::run [ RunTime:0.001236s ]
INFO: [ app_begin ] --END-- [ RunTime:0.001369s ]
INFO: [ view_parse ] --START--
INFO: ParseTemplate Behavior ::run [ RunTime:0.006857s ]
INFO: [ view_parse ] --END-- [ RunTime:0.006937s ]
INFO: [ view_filter ] --START--
INFO: ContentReplace Behavior ::run [ RunTime:0.000686s ]
INFO: TokenBuild Behavior ::run [ RunTime:0.000651s ]
INFO: WriteHtmlCache Behavior ::run [ RunTime:0.000599s ]
INFO: ShowRuntime Behavior ::run [ RunTime:0.000860s ]
INFO: [ view_filter ] --END-- [ RunTime:0.002995s ]
INFO: [ view_end ] --START--
INFO: ShowPageTrace Behavior ::run [ RunTime:0.000732s ]
INFO: [ view_end ] --END-- [ RunTime:0.000799s ]

[ 2016-05-03T20:35:10+08:00 ] 127.0.0.1 /SoftwareEngineering/index.php/Msystem/Index/submit
INFO: [ route_check ] --START--
INFO: CheckRoute Behavior ::run [ RunTime:0.001260s ]
INFO: [ route_check ] --END-- [ RunTime:0.001394s ]
INFO: [ app_begin ] --START--
INFO: ReadHtmlCache Behavior ::run [ RunTime:0.000700s ]
INFO: [ app_begin ] --END-- [ RunTime:0.000771s ]
SQL: SHOW COLUMNS FROM `zxy_user` [ RunTime:0.041275s ]
SQL: SELECT * FROM `zxy_user`  [ RunTime:0.001009s ]
NOTIC: [8] A session had already been started - ignoring session_start() E:\wamp\www\myphp\SoftwareEngineering\APP\Modules\Msystem\Action\IndexAction.class.php 第 26 行.
NOTIC: [8] Undefined index: username E:\wamp\www\myphp\SoftwareEngineering\APP\Modules\Msystem\Action\IndexAction.class.php 第 28 行.
INFO: [ view_parse ] --START--
INFO: ParseTemplate Behavior ::run [ RunTime:0.008983s ]
INFO: [ view_parse ] --END-- [ RunTime:0.009091s ]
INFO: [ view_filter ] --START--
INFO: ContentReplace Behavior ::run [ RunTime:0.000653s ]
INFO: TokenBuild Behavior ::run [ RunTime:0.000666s ]
INFO: WriteHtmlCache Behavior ::run [ RunTime:0.000547s ]
INFO: ShowRuntime Behavior ::run [ RunTime:0.000796s ]
INFO: [ view_filter ] --END-- [ RunTime:0.002861s ]
INFO: [ view_end ] --START--
INFO: ShowPageTrace Behavior ::run [ RunTime:0.000780s ]
INFO: [ view_end ] --END-- [ RunTime:0.000870s ]

[ 2016-05-03T20:35:11+08:00 ] 127.0.0.1 /SoftwareEngineering/index.php/Main/index?username=zxy
INFO: [ route_check ] --START--
INFO: CheckRoute Behavior ::run [ RunTime:0.000688s ]
INFO: [ route_check ] --END-- [ RunTime:0.000800s ]
INFO: [ app_begin ] --START--
INFO: ReadHtmlCache Behavior ::run [ RunTime:0.000548s ]
INFO: [ app_begin ] --END-- [ RunTime:0.000618s ]
SQL: SHOW COLUMNS FROM `zxy_user` [ RunTime:0.004883s ]
SQL: SELECT * FROM `zxy_user` WHERE ( `username` = 'zxy' )  [ RunTime:0.000863s ]
INFO: [ view_parse ] --START--
INFO: ParseTemplate Behavior ::run [ RunTime:0.032926s ]
INFO: [ view_parse ] --END-- [ RunTime:0.033018s ]
INFO: [ view_filter ] --START--
INFO: ContentReplace Behavior ::run [ RunTime:0.000592s ]
INFO: TokenBuild Behavior ::run [ RunTime:0.000530s ]
INFO: WriteHtmlCache Behavior ::run [ RunTime:0.000435s ]
INFO: ShowRuntime Behavior ::run [ RunTime:0.000575s ]
INFO: [ view_filter ] --END-- [ RunTime:0.002314s ]
INFO: [ view_end ] --START--
INFO: ShowPageTrace Behavior ::run [ RunTime:0.000684s ]
INFO: [ view_end ] --END-- [ RunTime:0.000749s ]

[ 2016-05-03T20:35:12+08:00 ] 127.0.0.1 /SoftwareEngineering/index.php/Main/index?username=zxy
INFO: [ route_check ] --START--
INFO: CheckRoute Behavior ::run [ RunTime:0.000686s ]
INFO: [ route_check ] --END-- [ RunTime:0.000768s ]
INFO: [ app_begin ] --START--
INFO: ReadHtmlCache Behavior ::run [ RunTime:0.001042s ]
INFO: [ app_begin ] --END-- [ RunTime:0.001155s ]
SQL: SHOW COLUMNS FROM `zxy_user` [ RunTime:0.005454s ]
SQL: SELECT * FROM `zxy_user` WHERE ( `username` = 'zxy' )  [ RunTime:0.000900s ]
INFO: [ view_parse ] --START--
INFO: ParseTemplate Behavior ::run [ RunTime:0.008945s ]
INFO: [ view_parse ] --END-- [ RunTime:0.009042s ]
INFO: [ view_filter ] --START--
INFO: ContentReplace Behavior ::run [ RunTime:0.000532s ]
INFO: TokenBuild Behavior ::run [ RunTime:0.000495s ]
INFO: WriteHtmlCache Behavior ::run [ RunTime:0.000413s ]
INFO: ShowRuntime Behavior ::run [ RunTime:0.000575s ]
INFO: [ view_filter ] --END-- [ RunTime:0.002245s ]
INFO: [ view_end ] --START--
INFO: ShowPageTrace Behavior ::run [ RunTime:0.000667s ]
INFO: [ view_end ] --END-- [ RunTime:0.000738s ]

[ 2016-05-03T20:35:13+08:00 ] 127.0.0.1 /SoftwareEngineering/index.php/Msystem/Grade/Grank
INFO: [ route_check ] --START--
INFO: CheckRoute Behavior ::run [ RunTime:0.000793s ]
INFO: [ route_check ] --END-- [ RunTime:0.000886s ]
INFO: [ app_begin ] --START--
INFO: ReadHtmlCache Behavior ::run [ RunTime:0.000628s ]
INFO: [ app_begin ] --END-- [ RunTime:0.000701s ]
NOTIC: [8] Undefined index: submit E:\wamp\www\myphp\SoftwareEngineering\APP\Modules\Msystem\Action\GradeAction.class.php 第 225 行.
INFO: [ view_parse ] --START--
NOTIC: [8] Undefined index: department E:\wamp\www\myphp\SoftwareEngineering\APP\Runtime\Cache\Msystem\23dacfc7228fa47aca0c6ce9d1f6c82b.php 第 17 行.
NOTIC: [8] Undefined index: department E:\wamp\www\myphp\SoftwareEngineering\APP\Runtime\Cache\Msystem\23dacfc7228fa47aca0c6ce9d1f6c82b.php 第 18 行.
NOTIC: [8] Undefined index: department E:\wamp\www\myphp\SoftwareEngineering\APP\Runtime\Cache\Msystem\23dacfc7228fa47aca0c6ce9d1f6c82b.php 第 19 行.
NOTIC: [8] Undefined variable: gra E:\wamp\www\myphp\SoftwareEngineering\APP\Runtime\Cache\Msystem\23dacfc7228fa47aca0c6ce9d1f6c82b.php 第 28 行.
INFO: ParseTemplate Behavior ::run [ RunTime:0.033763s ]
INFO: [ view_parse ] --END-- [ RunTime:0.033911s ]
INFO: [ view_filter ] --START--
INFO: ContentReplace Behavior ::run [ RunTime:0.000801s ]
INFO: TokenBuild Behavior ::run [ RunTime:0.000655s ]
INFO: WriteHtmlCache Behavior ::run [ RunTime:0.000745s ]
INFO: ShowRuntime Behavior ::run [ RunTime:0.000643s ]
INFO: [ view_filter ] --END-- [ RunTime:0.003164s ]
INFO: [ view_end ] --START--
INFO: ShowPageTrace Behavior ::run [ RunTime:0.000761s ]
INFO: [ view_end ] --END-- [ RunTime:0.000841s ]

[ 2016-05-03T20:35:14+08:00 ] 127.0.0.1 /SoftwareEngineering/index.php/Msystem/Innovate/Iselect
INFO: [ route_check ] --START--
INFO: CheckRoute Behavior ::run [ RunTime:0.000691s ]
INFO: [ route_check ] --END-- [ RunTime:0.000776s ]
INFO: [ app_begin ] --START--
INFO: ReadHtmlCache Behavior ::run [ RunTime:0.000516s ]
INFO: [ app_begin ] --END-- [ RunTime:0.000582s ]
NOTIC: [8] Undefined index: submit E:\wamp\www\myphp\SoftwareEngineering\APP\Modules\Msystem\Action\InnovateAction.class.php 第 40 行.
INFO: [ view_parse ] --START--
NOTIC: [8] Undefined variable: foreach E:\wamp\www\myphp\SoftwareEngineering\APP\Runtime\Cache\Msystem\f2a96a4d6cdd1b2800256a765c9f346a.php 第 28 行.
INFO: ParseTemplate Behavior ::run [ RunTime:0.014405s ]
INFO: [ view_parse ] --END-- [ RunTime:0.014487s ]
INFO: [ view_filter ] --START--
INFO: ContentReplace Behavior ::run [ RunTime:0.000550s ]
INFO: TokenBuild Behavior ::run [ RunTime:0.000550s ]
INFO: WriteHtmlCache Behavior ::run [ RunTime:0.000387s ]
INFO: ShowRuntime Behavior ::run [ RunTime:0.000539s ]
INFO: [ view_filter ] --END-- [ RunTime:0.002266s ]
INFO: [ view_end ] --START--
INFO: ShowPageTrace Behavior ::run [ RunTime:0.000643s ]
INFO: [ view_end ] --END-- [ RunTime:0.000704s ]

[ 2016-05-03T20:35:15+08:00 ] 127.0.0.1 /SoftwareEngineering/index.php/Msystem/Innovate/Iinsert
INFO: [ route_check ] --START--
INFO: CheckRoute Behavior ::run [ RunTime:0.000770s ]
INFO: [ route_check ] --END-- [ RunTime:0.000854s ]
INFO: [ app_begin ] --START--
INFO: ReadHtmlCache Behavior ::run [ RunTime:0.000584s ]
INFO: [ app_begin ] --END-- [ RunTime:0.000653s ]
NOTIC: [8] Undefined index: submit E:\wamp\www\myphp\SoftwareEngineering\APP\Modules\Msystem\Action\InnovateAction.class.php 第 6 行.
INFO: [ view_parse ] --START--
INFO: ParseTemplate Behavior ::run [ RunTime:0.019012s ]
INFO: [ view_parse ] --END-- [ RunTime:0.019105s ]
INFO: [ view_filter ] --START--
INFO: ContentReplace Behavior ::run [ RunTime:0.000480s ]
INFO: TokenBuild Behavior ::run [ RunTime:0.000474s ]
INFO: WriteHtmlCache Behavior ::run [ RunTime:0.000388s ]
INFO: ShowRuntime Behavior ::run [ RunTime:0.000521s ]
INFO: [ view_filter ] --END-- [ RunTime:0.002060s ]
INFO: [ view_end ] --START--
INFO: ShowPageTrace Behavior ::run [ RunTime:0.000583s ]
INFO: [ view_end ] --END-- [ RunTime:0.000649s ]

[ 2016-05-03T20:35:17+08:00 ] 127.0.0.1 /SoftwareEngineering/index.php/Msystem/RandP/select?username=zxy
INFO: [ route_check ] --START--
INFO: CheckRoute Behavior ::run [ RunTime:0.000662s ]
INFO: [ route_check ] --END-- [ RunTime:0.000748s ]
INFO: [ app_begin ] --START--
INFO: ReadHtmlCache Behavior ::run [ RunTime:0.000827s ]
INFO: [ app_begin ] --END-- [ RunTime:0.000916s ]
SQL: SHOW COLUMNS FROM `zxy_user` [ RunTime:0.004927s ]
SQL: SELECT * FROM `zxy_user` WHERE ( `username` = 'zxy' )  [ RunTime:0.000872s ]
NOTIC: [8] Undefined index: submitS E:\wamp\www\myphp\SoftwareEngineering\APP\Modules\Msystem\Action\RandPAction.class.php 第 81 行.
NOTIC: [8] Undefined index: submitI E:\wamp\www\myphp\SoftwareEngineering\APP\Modules\Msystem\Action\RandPAction.class.php 第 86 行.
INFO: [ view_parse ] --START--
NOTIC: [8] Undefined variable: reason E:\wamp\www\myphp\SoftwareEngineering\APP\Runtime\Cache\Msystem\079d25789a22adf788084e8d2e3d6590.php 第 30 行.
INFO: ParseTemplate Behavior ::run [ RunTime:0.028941s ]
INFO: [ view_parse ] --END-- [ RunTime:0.029025s ]
INFO: [ view_filter ] --START--
INFO: ContentReplace Behavior ::run [ RunTime:0.000534s ]
INFO: TokenBuild Behavior ::run [ RunTime:0.000623s ]
INFO: WriteHtmlCache Behavior ::run [ RunTime:0.000538s ]
INFO: ShowRuntime Behavior ::run [ RunTime:0.000555s ]
INFO: [ view_filter ] --END-- [ RunTime:0.002441s ]
INFO: [ view_end ] --START--
INFO: ShowPageTrace Behavior ::run [ RunTime:0.000677s ]
INFO: [ view_end ] --END-- [ RunTime:0.000738s ]

[ 2016-05-03T20:35:17+08:00 ] 127.0.0.1 /SoftwareEngineering/index.php/Msystem/RandP/insert
INFO: [ route_check ] --START--
INFO: CheckRoute Behavior ::run [ RunTime:0.000745s ]
INFO: [ route_check ] --END-- [ RunTime:0.000835s ]
INFO: [ app_begin ] --START--
INFO: ReadHtmlCache Behavior ::run [ RunTime:0.000631s ]
INFO: [ app_begin ] --END-- [ RunTime:0.000700s ]
NOTIC: [8] Undefined index: submit E:\wamp\www\myphp\SoftwareEngineering\APP\Modules\Msystem\Action\RandPAction.class.php 第 6 行.
INFO: [ view_parse ] --START--
INFO: ParseTemplate Behavior ::run [ RunTime:0.023896s ]
INFO: [ view_parse ] --END-- [ RunTime:0.023987s ]
INFO: [ view_filter ] --START--
INFO: ContentReplace Behavior ::run [ RunTime:0.000505s ]
INFO: TokenBuild Behavior ::run [ RunTime:0.000505s ]
INFO: WriteHtmlCache Behavior ::run [ RunTime:0.000428s ]
INFO: ShowRuntime Behavior ::run [ RunTime:0.000558s ]
INFO: [ view_filter ] --END-- [ RunTime:0.002210s ]
INFO: [ view_end ] --START--
INFO: ShowPageTrace Behavior ::run [ RunTime:0.000619s ]
INFO: [ view_end ] --END-- [ RunTime:0.000687s ]

[ 2016-05-03T20:35:20+08:00 ] 127.0.0.1 /SoftwareEngineering/index.php/Msystem/RandP/insert
INFO: [ route_check ] --START--
INFO: CheckRoute Behavior ::run [ RunTime:0.000721s ]
INFO: [ route_check ] --END-- [ RunTime:0.000831s ]
INFO: [ app_begin ] --START--
INFO: ReadHtmlCache Behavior ::run [ RunTime:0.000763s ]
INFO: [ app_begin ] --END-- [ RunTime:0.000857s ]
NOTIC: [8] Undefined index: submit E:\wamp\www\myphp\SoftwareEngineering\APP\Modules\Msystem\Action\RandPAction.class.php 第 6 行.
INFO: [ view_parse ] --START--
INFO: ParseTemplate Behavior ::run [ RunTime:0.006707s ]
INFO: [ view_parse ] --END-- [ RunTime:0.006802s ]
INFO: [ view_filter ] --START--
INFO: ContentReplace Behavior ::run [ RunTime:0.000586s ]
INFO: TokenBuild Behavior ::run [ RunTime:0.000542s ]
INFO: WriteHtmlCache Behavior ::run [ RunTime:0.000444s ]
INFO: ShowRuntime Behavior ::run [ RunTime:0.000522s ]
INFO: [ view_filter ] --END-- [ RunTime:0.002307s ]
INFO: [ view_end ] --START--
INFO: ShowPageTrace Behavior ::run [ RunTime:0.000697s ]
INFO: [ view_end ] --END-- [ RunTime:0.000760s ]

[ 2016-05-03T20:35:51+08:00 ] 127.0.0.1 /SoftwareEngineering/index.php/Msystem/RandP/select?username=zxy
INFO: [ route_check ] --START--
INFO: CheckRoute Behavior ::run [ RunTime:0.000968s ]
INFO: [ route_check ] --END-- [ RunTime:0.001050s ]
INFO: [ app_begin ] --START--
INFO: ReadHtmlCache Behavior ::run [ RunTime:0.000743s ]
INFO: [ app_begin ] --END-- [ RunTime:0.000816s ]
SQL: SHOW COLUMNS FROM `zxy_user` [ RunTime:0.004531s ]
SQL: SELECT * FROM `zxy_user` WHERE ( `username` = 'zxy' )  [ RunTime:0.000571s ]
NOTIC: [8] Undefined index: submitS E:\wamp\www\myphp\SoftwareEngineering\APP\Modules\Msystem\Action\RandPAction.class.php 第 81 行.
NOTIC: [8] Undefined index: submitI E:\wamp\www\myphp\SoftwareEngineering\APP\Modules\Msystem\Action\RandPAction.class.php 第 86 行.
INFO: [ view_parse ] --START--
NOTIC: [8] Undefined variable: reason E:\wamp\www\myphp\SoftwareEngineering\APP\Runtime\Cache\Msystem\079d25789a22adf788084e8d2e3d6590.php 第 30 行.
INFO: ParseTemplate Behavior ::run [ RunTime:0.007889s ]
INFO: [ view_parse ] --END-- [ RunTime:0.008002s ]
INFO: [ view_filter ] --START--
INFO: ContentReplace Behavior ::run [ RunTime:0.000767s ]
INFO: TokenBuild Behavior ::run [ RunTime:0.000715s ]
INFO: WriteHtmlCache Behavior ::run [ RunTime:0.000577s ]
INFO: ShowRuntime Behavior ::run [ RunTime:0.000696s ]
INFO: [ view_filter ] --END-- [ RunTime:0.002980s ]
INFO: [ view_end ] --START--
INFO: ShowPageTrace Behavior ::run [ RunTime:0.000744s ]
INFO: [ view_end ] --END-- [ RunTime:0.000814s ]

[ 2016-05-03T20:35:53+08:00 ] 127.0.0.1 /SoftwareEngineering/index.php/Msystem/RandP/insert
INFO: [ route_check ] --START--
INFO: CheckRoute Behavior ::run [ RunTime:0.000958s ]
INFO: [ route_check ] --END-- [ RunTime:0.001096s ]
INFO: [ app_begin ] --START--
INFO: ReadHtmlCache Behavior ::run [ RunTime:0.000613s ]
INFO: [ app_begin ] --END-- [ RunTime:0.000692s ]
NOTIC: [8] Undefined index: submit E:\wamp\www\myphp\SoftwareEngineering\APP\Modules\Msystem\Action\RandPAction.class.php 第 6 行.
INFO: [ view_parse ] --START--
INFO: ParseTemplate Behavior ::run [ RunTime:0.006219s ]
INFO: [ view_parse ] --END-- [ RunTime:0.006296s ]
INFO: [ view_filter ] --START--
INFO: ContentReplace Behavior ::run [ RunTime:0.000515s ]
INFO: TokenBuild Behavior ::run [ RunTime:0.000595s ]
INFO: WriteHtmlCache Behavior ::run [ RunTime:0.000680s ]
INFO: ShowRuntime Behavior ::run [ RunTime:0.001103s ]
INFO: [ view_filter ] --END-- [ RunTime:0.003127s ]
INFO: [ view_end ] --START--
INFO: ShowPageTrace Behavior ::run [ RunTime:0.000884s ]
INFO: [ view_end ] --END-- [ RunTime:0.000969s ]

[ 2016-05-03T21:15:19+08:00 ] 127.0.0.1 /SoftwareEngineering/
INFO: [ app_begin ] --START--
INFO: ReadHtmlCache Behavior ::run [ RunTime:0.000907s ]
INFO: [ app_begin ] --END-- [ RunTime:0.001014s ]
INFO: [ view_parse ] --START--
INFO: ParseTemplate Behavior ::run [ RunTime:0.007146s ]
INFO: [ view_parse ] --END-- [ RunTime:0.007228s ]
INFO: [ view_filter ] --START--
INFO: ContentReplace Behavior ::run [ RunTime:0.000667s ]
INFO: TokenBuild Behavior ::run [ RunTime:0.000773s ]
INFO: WriteHtmlCache Behavior ::run [ RunTime:0.000571s ]
INFO: ShowRuntime Behavior ::run [ RunTime:0.000706s ]
INFO: [ view_filter ] --END-- [ RunTime:0.002914s ]
INFO: [ view_end ] --START--
INFO: ShowPageTrace Behavior ::run [ RunTime:0.000764s ]
INFO: [ view_end ] --END-- [ RunTime:0.000832s ]

[ 2016-05-03T21:15:25+08:00 ] 127.0.0.1 /SoftwareEngineering/index.php/Msystem/Index/submit
INFO: [ route_check ] --START--
INFO: CheckRoute Behavior ::run [ RunTime:0.000833s ]
INFO: [ route_check ] --END-- [ RunTime:0.000922s ]
INFO: [ app_begin ] --START--
INFO: ReadHtmlCache Behavior ::run [ RunTime:0.000574s ]
INFO: [ app_begin ] --END-- [ RunTime:0.000645s ]
SQL: SHOW COLUMNS FROM `zxy_user` [ RunTime:0.026154s ]
SQL: SELECT * FROM `zxy_user`  [ RunTime:0.001552s ]
NOTIC: [8] A session had already been started - ignoring session_start() E:\wamp\www\myphp\SoftwareEngineering\APP\Modules\Msystem\Action\IndexAction.class.php 第 26 行.
NOTIC: [8] Undefined index: username E:\wamp\www\myphp\SoftwareEngineering\APP\Modules\Msystem\Action\IndexAction.class.php 第 28 行.
INFO: [ view_parse ] --START--
INFO: ParseTemplate Behavior ::run [ RunTime:0.006062s ]
INFO: [ view_parse ] --END-- [ RunTime:0.006167s ]
INFO: [ view_filter ] --START--
INFO: ContentReplace Behavior ::run [ RunTime:0.000541s ]
INFO: TokenBuild Behavior ::run [ RunTime:0.000550s ]
INFO: WriteHtmlCache Behavior ::run [ RunTime:0.000452s ]
INFO: ShowRuntime Behavior ::run [ RunTime:0.000644s ]
INFO: [ view_filter ] --END-- [ RunTime:0.002365s ]
INFO: [ view_end ] --START--
INFO: ShowPageTrace Behavior ::run [ RunTime:0.000677s ]
INFO: [ view_end ] --END-- [ RunTime:0.000739s ]

[ 2016-05-03T21:15:26+08:00 ] 127.0.0.1 /SoftwareEngineering/index.php/Main/index?username=zxy
INFO: [ route_check ] --START--
INFO: CheckRoute Behavior ::run [ RunTime:0.001805s ]
INFO: [ route_check ] --END-- [ RunTime:0.002129s ]
INFO: [ app_begin ] --START--
INFO: ReadHtmlCache Behavior ::run [ RunTime:0.001474s ]
INFO: [ app_begin ] --END-- [ RunTime:0.001695s ]
SQL: SHOW COLUMNS FROM `zxy_user` [ RunTime:0.006444s ]
SQL: SELECT * FROM `zxy_user` WHERE ( `username` = 'zxy' )  [ RunTime:0.001338s ]
INFO: [ view_parse ] --START--
INFO: ParseTemplate Behavior ::run [ RunTime:0.012364s ]
INFO: [ view_parse ] --END-- [ RunTime:0.012495s ]
INFO: [ view_filter ] --START--
INFO: ContentReplace Behavior ::run [ RunTime:0.000825s ]
INFO: TokenBuild Behavior ::run [ RunTime:0.000789s ]
INFO: WriteHtmlCache Behavior ::run [ RunTime:0.000714s ]
INFO: ShowRuntime Behavior ::run [ RunTime:0.000860s ]
INFO: [ view_filter ] --END-- [ RunTime:0.003479s ]
INFO: [ view_end ] --START--
INFO: ShowPageTrace Behavior ::run [ RunTime:0.000968s ]
INFO: [ view_end ] --END-- [ RunTime:0.001071s ]

[ 2016-05-03T21:15:28+08:00 ] 127.0.0.1 /SoftwareEngineering/index.php/Msystem/RandP/insert
INFO: [ route_check ] --START--
INFO: CheckRoute Behavior ::run [ RunTime:0.000762s ]
INFO: [ route_check ] --END-- [ RunTime:0.000856s ]
INFO: [ app_begin ] --START--
INFO: ReadHtmlCache Behavior ::run [ RunTime:0.000572s ]
INFO: [ app_begin ] --END-- [ RunTime:0.000645s ]
NOTIC: [8] Undefined index: submit E:\wamp\www\myphp\SoftwareEngineering\APP\Modules\Msystem\Action\RandPAction.class.php 第 6 行.
INFO: [ view_parse ] --START--
INFO: ParseTemplate Behavior ::run [ RunTime:0.006670s ]
INFO: [ view_parse ] --END-- [ RunTime:0.006744s ]
INFO: [ view_filter ] --START--
INFO: ContentReplace Behavior ::run [ RunTime:0.000509s ]
INFO: TokenBuild Behavior ::run [ RunTime:0.000559s ]
INFO: WriteHtmlCache Behavior ::run [ RunTime:0.000466s ]
INFO: ShowRuntime Behavior ::run [ RunTime:0.000624s ]
INFO: [ view_filter ] --END-- [ RunTime:0.002350s ]
INFO: [ view_end ] --START--
INFO: ShowPageTrace Behavior ::run [ RunTime:0.000658s ]
INFO: [ view_end ] --END-- [ RunTime:0.000726s ]

[ 2016-05-03T21:15:30+08:00 ] 127.0.0.1 /SoftwareEngineering/index.php/Msystem/RandP/select?username=zxy
INFO: [ route_check ] --START--
INFO: CheckRoute Behavior ::run [ RunTime:0.000677s ]
INFO: [ route_check ] --END-- [ RunTime:0.000760s ]
INFO: [ app_begin ] --START--
INFO: ReadHtmlCache Behavior ::run [ RunTime:0.000617s ]
INFO: [ app_begin ] --END-- [ RunTime:0.000687s ]
SQL: SHOW COLUMNS FROM `zxy_user` [ RunTime:0.004693s ]
SQL: SELECT * FROM `zxy_user` WHERE ( `username` = 'zxy' )  [ RunTime:0.000952s ]
NOTIC: [8] Undefined index: submitS E:\wamp\www\myphp\SoftwareEngineering\APP\Modules\Msystem\Action\RandPAction.class.php 第 81 行.
NOTIC: [8] Undefined index: submitI E:\wamp\www\myphp\SoftwareEngineering\APP\Modules\Msystem\Action\RandPAction.class.php 第 86 行.
INFO: [ view_parse ] --START--
NOTIC: [8] Undefined variable: reason E:\wamp\www\myphp\SoftwareEngineering\APP\Runtime\Cache\Msystem\079d25789a22adf788084e8d2e3d6590.php 第 30 行.
INFO: ParseTemplate Behavior ::run [ RunTime:0.007746s ]
INFO: [ view_parse ] --END-- [ RunTime:0.007880s ]
INFO: [ view_filter ] --START--
INFO: ContentReplace Behavior ::run [ RunTime:0.000545s ]
INFO: TokenBuild Behavior ::run [ RunTime:0.000512s ]
INFO: WriteHtmlCache Behavior ::run [ RunTime:0.000407s ]
INFO: ShowRuntime Behavior ::run [ RunTime:0.000551s ]
INFO: [ view_filter ] --END-- [ RunTime:0.002211s ]
INFO: [ view_end ] --START--
INFO: ShowPageTrace Behavior ::run [ RunTime:0.000581s ]
INFO: [ view_end ] --END-- [ RunTime:0.000640s ]

[ 2016-05-03T21:15:31+08:00 ] 127.0.0.1 /SoftwareEngineering/index.php/Msystem/RandP/select
INFO: [ route_check ] --START--
INFO: CheckRoute Behavior ::run [ RunTime:0.000740s ]
INFO: [ route_check ] --END-- [ RunTime:0.000825s ]
INFO: [ app_begin ] --START--
INFO: ReadHtmlCache Behavior ::run [ RunTime:0.000584s ]
INFO: [ app_begin ] --END-- [ RunTime:0.000657s ]
NOTIC: [8] Undefined index: username E:\wamp\www\myphp\SoftwareEngineering\APP\Modules\Msystem\Action\RandPAction.class.php 第 78 行.
SQL: SHOW COLUMNS FROM `zxy_user` [ RunTime:0.004677s ]
SQL: SELECT * FROM `zxy_user` WHERE ( `username` = null )  [ RunTime:0.023871s ]
SQL: SHOW COLUMNS FROM `zxy_randp` [ RunTime:0.005614s ]
SQL: SELECT * FROM `zxy_randp` WHERE ( num= )  [ RunTime:0.000823s ]
ERR: 1064:You have an error in your SQL syntax; check the manual that corresponds to your MySQL server version for the right syntax to use near ')' at line 1
 [ SQL语句 ] : SELECT * FROM `zxy_randp` WHERE ( num= ) 
NOTIC: [8] Undefined index: submitI E:\wamp\www\myphp\SoftwareEngineering\APP\Modules\Msystem\Action\RandPAction.class.php 第 86 行.
INFO: [ view_parse ] --START--
NOTIC: [2] Invalid argument supplied for foreach() E:\wamp\www\myphp\SoftwareEngineering\APP\Runtime\Cache\Msystem\079d25789a22adf788084e8d2e3d6590.php 第 38 行.
NOTIC: [8] Undefined variable: pd E:\wamp\www\myphp\SoftwareEngineering\APP\Runtime\Cache\Msystem\079d25789a22adf788084e8d2e3d6590.php 第 38 行.
INFO: ParseTemplate Behavior ::run [ RunTime:0.008111s ]
INFO: [ view_parse ] --END-- [ RunTime:0.008196s ]
INFO: [ view_filter ] --START--
INFO: ContentReplace Behavior ::run [ RunTime:0.000519s ]
INFO: TokenBuild Behavior ::run [ RunTime:0.000522s ]
INFO: WriteHtmlCache Behavior ::run [ RunTime:0.000442s ]
INFO: ShowRuntime Behavior ::run [ RunTime:0.000622s ]
INFO: [ view_filter ] --END-- [ RunTime:0.002297s ]
INFO: [ view_end ] --START--
INFO: ShowPageTrace Behavior ::run [ RunTime:0.000661s ]
INFO: [ view_end ] --END-- [ RunTime:0.000728s ]

[ 2016-05-03T21:15:33+08:00 ] 127.0.0.1 /SoftwareEngineering/index.php/Msystem/RandP/select
INFO: [ route_check ] --START--
INFO: CheckRoute Behavior ::run [ RunTime:0.000677s ]
INFO: [ route_check ] --END-- [ RunTime:0.000766s ]
INFO: [ app_begin ] --START--
INFO: ReadHtmlCache Behavior ::run [ RunTime:0.000561s ]
INFO: [ app_begin ] --END-- [ RunTime:0.000634s ]
NOTIC: [8] Undefined index: username E:\wamp\www\myphp\SoftwareEngineering\APP\Modules\Msystem\Action\RandPAction.class.php 第 78 行.
SQL: SHOW COLUMNS FROM `zxy_user` [ RunTime:0.006150s ]
SQL: SELECT * FROM `zxy_user` WHERE ( `username` = null )  [ RunTime:0.001117s ]
SQL: SHOW COLUMNS FROM `zxy_randp` [ RunTime:0.025205s ]
SQL: SELECT * FROM `zxy_randp` WHERE ( num=1 )  [ RunTime:0.034000s ]
NOTIC: [8] Undefined index: submitI E:\wamp\www\myphp\SoftwareEngineering\APP\Modules\Msystem\Action\RandPAction.class.php 第 86 行.
INFO: [ view_parse ] --START--
NOTIC: [2] Invalid argument supplied for foreach() E:\wamp\www\myphp\SoftwareEngineering\APP\Runtime\Cache\Msystem\079d25789a22adf788084e8d2e3d6590.php 第 38 行.
NOTIC: [8] Undefined variable: pd E:\wamp\www\myphp\SoftwareEngineering\APP\Runtime\Cache\Msystem\079d25789a22adf788084e8d2e3d6590.php 第 38 行.
INFO: ParseTemplate Behavior ::run [ RunTime:0.007707s ]
INFO: [ view_parse ] --END-- [ RunTime:0.007796s ]
INFO: [ view_filter ] --START--
INFO: ContentReplace Behavior ::run [ RunTime:0.000503s ]
INFO: TokenBuild Behavior ::run [ RunTime:0.000525s ]
INFO: WriteHtmlCache Behavior ::run [ RunTime:0.000441s ]
INFO: ShowRuntime Behavior ::run [ RunTime:0.000576s ]
INFO: [ view_filter ] --END-- [ RunTime:0.002248s ]
INFO: [ view_end ] --START--
INFO: ShowPageTrace Behavior ::run [ RunTime:0.000612s ]
INFO: [ view_end ] --END-- [ RunTime:0.000680s ]

[ 2016-05-03T21:16:35+08:00 ] 127.0.0.1 /SoftwareEngineering/index.php/Msystem/RandP/select?username=zxy
INFO: [ route_check ] --START--
INFO: CheckRoute Behavior ::run [ RunTime:0.000731s ]
INFO: [ route_check ] --END-- [ RunTime:0.000815s ]
INFO: [ app_begin ] --START--
INFO: ReadHtmlCache Behavior ::run [ RunTime:0.000566s ]
INFO: [ app_begin ] --END-- [ RunTime:0.000636s ]
SQL: SHOW COLUMNS FROM `zxy_user` [ RunTime:0.004670s ]
SQL: SELECT * FROM `zxy_user` WHERE ( `username` = 'zxy' )  [ RunTime:0.000441s ]
NOTIC: [8] Undefined index: submitS E:\wamp\www\myphp\SoftwareEngineering\APP\Modules\Msystem\Action\RandPAction.class.php 第 81 行.
NOTIC: [8] Undefined index: submitI E:\wamp\www\myphp\SoftwareEngineering\APP\Modules\Msystem\Action\RandPAction.class.php 第 86 行.
INFO: [ view_parse ] --START--
NOTIC: [8] Undefined variable: reason E:\wamp\www\myphp\SoftwareEngineering\APP\Runtime\Cache\Msystem\079d25789a22adf788084e8d2e3d6590.php 第 30 行.
INFO: ParseTemplate Behavior ::run [ RunTime:0.007876s ]
INFO: [ view_parse ] --END-- [ RunTime:0.007966s ]
INFO: [ view_filter ] --START--
INFO: ContentReplace Behavior ::run [ RunTime:0.000548s ]
INFO: TokenBuild Behavior ::run [ RunTime:0.000528s ]
INFO: WriteHtmlCache Behavior ::run [ RunTime:0.000447s ]
INFO: ShowRuntime Behavior ::run [ RunTime:0.000590s ]
INFO: [ view_filter ] --END-- [ RunTime:0.002302s ]
INFO: [ view_end ] --START--
INFO: ShowPageTrace Behavior ::run [ RunTime:0.000660s ]
INFO: [ view_end ] --END-- [ RunTime:0.000727s ]

[ 2016-05-03T21:16:36+08:00 ] 127.0.0.1 /SoftwareEngineering/index.php/Main/index?username=zxy
INFO: [ route_check ] --START--
INFO: CheckRoute Behavior ::run [ RunTime:0.000711s ]
INFO: [ route_check ] --END-- [ RunTime:0.000807s ]
INFO: [ app_begin ] --START--
INFO: ReadHtmlCache Behavior ::run [ RunTime:0.000620s ]
INFO: [ app_begin ] --END-- [ RunTime:0.000700s ]
SQL: SHOW COLUMNS FROM `zxy_user` [ RunTime:0.004408s ]
SQL: SELECT * FROM `zxy_user` WHERE ( `username` = 'zxy' )  [ RunTime:0.000363s ]
INFO: [ view_parse ] --START--
INFO: ParseTemplate Behavior ::run [ RunTime:0.008647s ]
INFO: [ view_parse ] --END-- [ RunTime:0.008765s ]
INFO: [ view_filter ] --START--
INFO: ContentReplace Behavior ::run [ RunTime:0.000567s ]
INFO: TokenBuild Behavior ::run [ RunTime:0.000583s ]
INFO: WriteHtmlCache Behavior ::run [ RunTime:0.000492s ]
INFO: ShowRuntime Behavior ::run [ RunTime:0.000610s ]
INFO: [ view_filter ] --END-- [ RunTime:0.002440s ]
INFO: [ view_end ] --START--
INFO: ShowPageTrace Behavior ::run [ RunTime:0.000603s ]
INFO: [ view_end ] --END-- [ RunTime:0.000665s ]

[ 2016-05-03T21:16:36+08:00 ] 127.0.0.1 /SoftwareEngineering/index.php/Msystem/Index/index
INFO: [ route_check ] --START--
INFO: CheckRoute Behavior ::run [ RunTime:0.001048s ]
INFO: [ route_check ] --END-- [ RunTime:0.001152s ]
INFO: [ app_begin ] --START--
INFO: ReadHtmlCache Behavior ::run [ RunTime:0.000787s ]
INFO: [ app_begin ] --END-- [ RunTime:0.000887s ]
INFO: [ view_parse ] --START--
INFO: ParseTemplate Behavior ::run [ RunTime:0.008352s ]
INFO: [ view_parse ] --END-- [ RunTime:0.008515s ]
INFO: [ view_filter ] --START--
INFO: ContentReplace Behavior ::run [ RunTime:0.000770s ]
INFO: TokenBuild Behavior ::run [ RunTime:0.000696s ]
INFO: WriteHtmlCache Behavior ::run [ RunTime:0.000673s ]
INFO: ShowRuntime Behavior ::run [ RunTime:0.000853s ]
INFO: [ view_filter ] --END-- [ RunTime:0.003235s ]
INFO: [ view_end ] --START--
INFO: ShowPageTrace Behavior ::run [ RunTime:0.000779s ]
INFO: [ view_end ] --END-- [ RunTime:0.000890s ]

[ 2016-05-03T21:16:39+08:00 ] 127.0.0.1 /SoftwareEngineering/index.php/Msystem/Index/submit
INFO: [ route_check ] --START--
INFO: CheckRoute Behavior ::run [ RunTime:0.001019s ]
INFO: [ route_check ] --END-- [ RunTime:0.001231s ]
INFO: [ app_begin ] --START--
INFO: ReadHtmlCache Behavior ::run [ RunTime:0.000709s ]
INFO: [ app_begin ] --END-- [ RunTime:0.000812s ]
SQL: SHOW COLUMNS FROM `zxy_user` [ RunTime:0.025350s ]
SQL: SELECT * FROM `zxy_user`  [ RunTime:0.000893s ]
NOTIC: [8] A session had already been started - ignoring session_start() E:\wamp\www\myphp\SoftwareEngineering\APP\Modules\Msystem\Action\IndexAction.class.php 第 26 行.
NOTIC: [8] Undefined index: username E:\wamp\www\myphp\SoftwareEngineering\APP\Modules\Msystem\Action\IndexAction.class.php 第 28 行.
INFO: [ view_parse ] --START--
INFO: ParseTemplate Behavior ::run [ RunTime:0.006046s ]
INFO: [ view_parse ] --END-- [ RunTime:0.006162s ]
INFO: [ view_filter ] --START--
INFO: ContentReplace Behavior ::run [ RunTime:0.000613s ]
INFO: TokenBuild Behavior ::run [ RunTime:0.000606s ]
INFO: WriteHtmlCache Behavior ::run [ RunTime:0.000725s ]
INFO: ShowRuntime Behavior ::run [ RunTime:0.000666s ]
INFO: [ view_filter ] --END-- [ RunTime:0.002900s ]
INFO: [ view_end ] --START--
INFO: ShowPageTrace Behavior ::run [ RunTime:0.000817s ]
INFO: [ view_end ] --END-- [ RunTime:0.000908s ]

[ 2016-05-03T21:16:40+08:00 ] 127.0.0.1 /SoftwareEngineering/index.php/Main/index?username=333
INFO: [ route_check ] --START--
INFO: CheckRoute Behavior ::run [ RunTime:0.001223s ]
INFO: [ route_check ] --END-- [ RunTime:0.001383s ]
INFO: [ app_begin ] --START--
INFO: ReadHtmlCache Behavior ::run [ RunTime:0.001146s ]
INFO: [ app_begin ] --END-- [ RunTime:0.001317s ]
SQL: SHOW COLUMNS FROM `zxy_user` [ RunTime:0.008387s ]
SQL: SELECT * FROM `zxy_user` WHERE ( `username` = '333' )  [ RunTime:0.001793s ]
INFO: [ view_parse ] --START--
INFO: ParseTemplate Behavior ::run [ RunTime:0.014425s ]
INFO: [ view_parse ] --END-- [ RunTime:0.014590s ]
INFO: [ view_filter ] --START--
INFO: ContentReplace Behavior ::run [ RunTime:0.000962s ]
INFO: TokenBuild Behavior ::run [ RunTime:0.000952s ]
INFO: WriteHtmlCache Behavior ::run [ RunTime:0.000791s ]
INFO: ShowRuntime Behavior ::run [ RunTime:0.001054s ]
INFO: [ view_filter ] --END-- [ RunTime:0.004137s ]
INFO: [ view_end ] --START--
INFO: ShowPageTrace Behavior ::run [ RunTime:0.001132s ]
INFO: [ view_end ] --END-- [ RunTime:0.001252s ]

[ 2016-05-03T21:17:23+08:00 ] 127.0.0.1 /SoftwareEngineering/index.php/Msystem/RandP/select?username=333
INFO: [ route_check ] --START--
INFO: CheckRoute Behavior ::run [ RunTime:0.000689s ]
INFO: [ route_check ] --END-- [ RunTime:0.000788s ]
INFO: [ app_begin ] --START--
INFO: ReadHtmlCache Behavior ::run [ RunTime:0.000858s ]
INFO: [ app_begin ] --END-- [ RunTime:0.000930s ]
SQL: SHOW COLUMNS FROM `zxy_user` [ RunTime:0.004669s ]
SQL: SELECT * FROM `zxy_user` WHERE ( `username` = '333' )  [ RunTime:0.000369s ]
NOTIC: [8] Undefined index: submitS E:\wamp\www\myphp\SoftwareEngineering\APP\Modules\Msystem\Action\RandPAction.class.php 第 81 行.
NOTIC: [8] Undefined index: submitI E:\wamp\www\myphp\SoftwareEngineering\APP\Modules\Msystem\Action\RandPAction.class.php 第 86 行.
INFO: [ view_parse ] --START--
NOTIC: [8] Undefined variable: reason E:\wamp\www\myphp\SoftwareEngineering\APP\Runtime\Cache\Msystem\079d25789a22adf788084e8d2e3d6590.php 第 30 行.
INFO: ParseTemplate Behavior ::run [ RunTime:0.008613s ]
INFO: [ view_parse ] --END-- [ RunTime:0.008703s ]
INFO: [ view_filter ] --START--
INFO: ContentReplace Behavior ::run [ RunTime:0.000653s ]
INFO: TokenBuild Behavior ::run [ RunTime:0.000671s ]
INFO: WriteHtmlCache Behavior ::run [ RunTime:0.000576s ]
INFO: ShowRuntime Behavior ::run [ RunTime:0.000708s ]
INFO: [ view_filter ] --END-- [ RunTime:0.002821s ]
INFO: [ view_end ] --START--
INFO: ShowPageTrace Behavior ::run [ RunTime:0.000769s ]
INFO: [ view_end ] --END-- [ RunTime:0.000838s ]

[ 2016-05-03T21:17:25+08:00 ] 127.0.0.1 /SoftwareEngineering/index.php/Msystem/RandP/select?username=333
INFO: [ route_check ] --START--
INFO: CheckRoute Behavior ::run [ RunTime:0.000872s ]
INFO: [ route_check ] --END-- [ RunTime:0.000970s ]
INFO: [ app_begin ] --START--
INFO: ReadHtmlCache Behavior ::run [ RunTime:0.000577s ]
INFO: [ app_begin ] --END-- [ RunTime:0.000648s ]
SQL: SHOW COLUMNS FROM `zxy_user` [ RunTime:0.004618s ]
SQL: SELECT * FROM `zxy_user` WHERE ( `username` = '333' )  [ RunTime:0.000600s ]
NOTIC: [8] Undefined index: submitS E:\wamp\www\myphp\SoftwareEngineering\APP\Modules\Msystem\Action\RandPAction.class.php 第 81 行.
NOTIC: [8] Undefined index: submitI E:\wamp\www\myphp\SoftwareEngineering\APP\Modules\Msystem\Action\RandPAction.class.php 第 86 行.
INFO: [ view_parse ] --START--
NOTIC: [8] Undefined variable: reason E:\wamp\www\myphp\SoftwareEngineering\APP\Runtime\Cache\Msystem\079d25789a22adf788084e8d2e3d6590.php 第 30 行.
INFO: ParseTemplate Behavior ::run [ RunTime:0.008714s ]
INFO: [ view_parse ] --END-- [ RunTime:0.008808s ]
INFO: [ view_filter ] --START--
INFO: ContentReplace Behavior ::run [ RunTime:0.000515s ]
INFO: TokenBuild Behavior ::run [ RunTime:0.000549s ]
INFO: WriteHtmlCache Behavior ::run [ RunTime:0.000650s ]
INFO: ShowRuntime Behavior ::run [ RunTime:0.001114s ]
INFO: [ view_filter ] --END-- [ RunTime:0.003102s ]
INFO: [ view_end ] --START--
INFO: ShowPageTrace Behavior ::run [ RunTime:0.000640s ]
INFO: [ view_end ] --END-- [ RunTime:0.000718s ]

[ 2016-05-03T21:18:05+08:00 ] 127.0.0.1 /SoftwareEngineering/index.php/Msystem/RandP/select
INFO: [ route_check ] --START--
INFO: CheckRoute Behavior ::run [ RunTime:0.000687s ]
INFO: [ route_check ] --END-- [ RunTime:0.000785s ]
INFO: [ app_begin ] --START--
INFO: ReadHtmlCache Behavior ::run [ RunTime:0.001026s ]
INFO: [ app_begin ] --END-- [ RunTime:0.001160s ]
NOTIC: [8] Undefined index: username E:\wamp\www\myphp\SoftwareEngineering\APP\Modules\Msystem\Action\RandPAction.class.php 第 78 行.
SQL: SHOW COLUMNS FROM `zxy_user` [ RunTime:0.005242s ]
SQL: SELECT * FROM `zxy_user` WHERE ( `username` = null )  [ RunTime:0.000689s ]
NOTIC: [8] Undefined index: submitS E:\wamp\www\myphp\SoftwareEngineering\APP\Modules\Msystem\Action\RandPAction.class.php 第 81 行.
SQL: SHOW COLUMNS FROM `zxy_mistake` [ RunTime:0.005207s ]
SQL: INSERT INTO `zxy_mistake` (`num`,`content`) VALUES (0,'               ad') [ RunTime:0.168662s ]
INFO: [ view_parse ] --START--
INFO: ParseTemplate Behavior ::run [ RunTime:0.006392s ]
INFO: [ view_parse ] --END-- [ RunTime:0.006548s ]
INFO: [ view_filter ] --START--
INFO: ContentReplace Behavior ::run [ RunTime:0.000515s ]
INFO: TokenBuild Behavior ::run [ RunTime:0.000531s ]
INFO: WriteHtmlCache Behavior ::run [ RunTime:0.000424s ]
INFO: ShowRuntime Behavior ::run [ RunTime:0.000586s ]
INFO: [ view_filter ] --END-- [ RunTime:0.002273s ]
INFO: [ view_end ] --START--
INFO: ShowPageTrace Behavior ::run [ RunTime:0.000592s ]
INFO: [ view_end ] --END-- [ RunTime:0.000661s ]

[ 2016-05-03T21:18:06+08:00 ] 127.0.0.1 /SoftwareEngineering/index.php/Msystem/RandP/select?username=333
INFO: [ route_check ] --START--
INFO: CheckRoute Behavior ::run [ RunTime:0.000946s ]
INFO: [ route_check ] --END-- [ RunTime:0.001188s ]
INFO: [ app_begin ] --START--
INFO: ReadHtmlCache Behavior ::run [ RunTime:0.002072s ]
INFO: [ app_begin ] --END-- [ RunTime:0.002260s ]
SQL: SHOW COLUMNS FROM `zxy_user` [ RunTime:0.009855s ]
SQL: SELECT * FROM `zxy_user` WHERE ( `username` = '333' )  [ RunTime:0.003275s ]
NOTIC: [8] Undefined index: submitS E:\wamp\www\myphp\SoftwareEngineering\APP\Modules\Msystem\Action\RandPAction.class.php 第 81 行.
NOTIC: [8] Undefined index: submitI E:\wamp\www\myphp\SoftwareEngineering\APP\Modules\Msystem\Action\RandPAction.class.php 第 86 行.
INFO: [ view_parse ] --START--
NOTIC: [8] Undefined variable: reason E:\wamp\www\myphp\SoftwareEngineering\APP\Runtime\Cache\Msystem\079d25789a22adf788084e8d2e3d6590.php 第 30 行.
INFO: ParseTemplate Behavior ::run [ RunTime:0.013422s ]
INFO: [ view_parse ] --END-- [ RunTime:0.013526s ]
INFO: [ view_filter ] --START--
INFO: ContentReplace Behavior ::run [ RunTime:0.000584s ]
INFO: TokenBuild Behavior ::run [ RunTime:0.000547s ]
INFO: WriteHtmlCache Behavior ::run [ RunTime:0.000444s ]
INFO: ShowRuntime Behavior ::run [ RunTime:0.000785s ]
INFO: [ view_filter ] --END-- [ RunTime:0.002627s ]
INFO: [ view_end ] --START--
INFO: ShowPageTrace Behavior ::run [ RunTime:0.000776s ]
INFO: [ view_end ] --END-- [ RunTime:0.000868s ]

