[ 2016-05-17T10:33:32+08:00 ] 127.0.0.1 /SoftwareEngineering/index.php/Msystem/Index/index
INFO: [ route_check ] --START--
INFO: CheckRoute Behavior ::run [ RunTime:0.001686s ]
INFO: [ route_check ] --END-- [ RunTime:0.001853s ]
INFO: [ app_begin ] --START--
INFO: ReadHtmlCache Behavior ::run [ RunTime:0.002169s ]
INFO: [ app_begin ] --END-- [ RunTime:0.002292s ]
INFO: [ view_parse ] --START--
INFO: ParseTemplate Behavior ::run [ RunTime:0.020849s ]
INFO: [ view_parse ] --END-- [ RunTime:0.020979s ]
INFO: [ view_filter ] --START--
INFO: ContentReplace Behavior ::run [ RunTime:0.001307s ]
INFO: TokenBuild Behavior ::run [ RunTime:0.000857s ]
INFO: WriteHtmlCache Behavior ::run [ RunTime:0.000743s ]
INFO: ShowRuntime Behavior ::run [ RunTime:0.000956s ]
INFO: [ view_filter ] --END-- [ RunTime:0.004100s ]
INFO: [ view_end ] --START--
INFO: ShowPageTrace Behavior ::run [ RunTime:0.001043s ]
INFO: [ view_end ] --END-- [ RunTime:0.001121s ]

[ 2016-05-17T19:58:18+08:00 ] 127.0.0.1 /SoftwareEngineering/
INFO: [ app_begin ] --START--
INFO: ReadHtmlCache Behavior ::run [ RunTime:0.001059s ]
INFO: [ app_begin ] --END-- [ RunTime:0.001188s ]
INFO: [ view_parse ] --START--
INFO: ParseTemplate Behavior ::run [ RunTime:0.009310s ]
INFO: [ view_parse ] --END-- [ RunTime:0.009421s ]
INFO: [ view_filter ] --START--
INFO: ContentReplace Behavior ::run [ RunTime:0.000862s ]
INFO: TokenBuild Behavior ::run [ RunTime:0.000825s ]
INFO: WriteHtmlCache Behavior ::run [ RunTime:0.000709s ]
INFO: ShowRuntime Behavior ::run [ RunTime:0.000873s ]
INFO: [ view_filter ] --END-- [ RunTime:0.003504s ]
INFO: [ view_end ] --START--
INFO: ShowPageTrace Behavior ::run [ RunTime:0.000969s ]
INFO: [ view_end ] --END-- [ RunTime:0.001047s ]

[ 2016-05-17T19:58:23+08:00 ] 127.0.0.1 /SoftwareEngineering/index.php/Msystem/Index/submit
INFO: [ route_check ] --START--
INFO: CheckRoute Behavior ::run [ RunTime:0.001160s ]
INFO: [ route_check ] --END-- [ RunTime:0.001274s ]
INFO: [ app_begin ] --START--
INFO: ReadHtmlCache Behavior ::run [ RunTime:0.000965s ]
INFO: [ app_begin ] --END-- [ RunTime:0.001121s ]
SQL: SHOW COLUMNS FROM `zxy_user` [ RunTime:0.016072s ]
SQL: SELECT * FROM `zxy_user`  [ RunTime:0.000665s ]
NOTIC: [8] A session had already been started - ignoring session_start() E:\wamp\www\myphp\SoftwareEngineering\APP\Modules\Msystem\Action\IndexAction.class.php 第 26 行.
NOTIC: [8] Undefined index: username E:\wamp\www\myphp\SoftwareEngineering\APP\Modules\Msystem\Action\IndexAction.class.php 第 28 行.
INFO: [ view_parse ] --START--
INFO: ParseTemplate Behavior ::run [ RunTime:0.008333s ]
INFO: [ view_parse ] --END-- [ RunTime:0.008457s ]
INFO: [ view_filter ] --START--
INFO: ContentReplace Behavior ::run [ RunTime:0.000921s ]
INFO: TokenBuild Behavior ::run [ RunTime:0.000812s ]
INFO: WriteHtmlCache Behavior ::run [ RunTime:0.001034s ]
INFO: ShowRuntime Behavior ::run [ RunTime:0.000926s ]
INFO: [ view_filter ] --END-- [ RunTime:0.003941s ]
INFO: [ view_end ] --START--
INFO: ShowPageTrace Behavior ::run [ RunTime:0.001100s ]
INFO: [ view_end ] --END-- [ RunTime:0.001180s ]

[ 2016-05-17T19:58:24+08:00 ] 127.0.0.1 /SoftwareEngineering/index.php/Main/index?username=zxy
INFO: [ route_check ] --START--
INFO: CheckRoute Behavior ::run [ RunTime:0.001348s ]
INFO: [ route_check ] --END-- [ RunTime:0.001477s ]
INFO: [ app_begin ] --START--
INFO: ReadHtmlCache Behavior ::run [ RunTime:0.000913s ]
INFO: [ app_begin ] --END-- [ RunTime:0.000996s ]
SQL: SHOW COLUMNS FROM `zxy_user` [ RunTime:0.004831s ]
SQL: SELECT * FROM `zxy_user` WHERE ( `username` = 'zxy' )  [ RunTime:0.013321s ]
INFO: [ view_parse ] --START--
INFO: ParseTemplate Behavior ::run [ RunTime:0.019409s ]
INFO: [ view_parse ] --END-- [ RunTime:0.019513s ]
INFO: [ view_filter ] --START--
INFO: ContentReplace Behavior ::run [ RunTime:0.000905s ]
INFO: TokenBuild Behavior ::run [ RunTime:0.000805s ]
INFO: WriteHtmlCache Behavior ::run [ RunTime:0.000711s ]
INFO: ShowRuntime Behavior ::run [ RunTime:0.000873s ]
INFO: [ view_filter ] --END-- [ RunTime:0.003509s ]
INFO: [ view_end ] --START--
INFO: ShowPageTrace Behavior ::run [ RunTime:0.000913s ]
INFO: [ view_end ] --END-- [ RunTime:0.000985s ]

[ 2016-05-17T19:58:26+08:00 ] 127.0.0.1 /SoftwareEngineering/index.php/Msystem/Information/select
INFO: [ route_check ] --START--
INFO: CheckRoute Behavior ::run [ RunTime:0.001000s ]
INFO: [ route_check ] --END-- [ RunTime:0.001088s ]
INFO: [ app_begin ] --START--
INFO: ReadHtmlCache Behavior ::run [ RunTime:0.000874s ]
INFO: [ app_begin ] --END-- [ RunTime:0.000984s ]
NOTIC: [8] Undefined index: submit E:\wamp\www\myphp\SoftwareEngineering\APP\Modules\Msystem\Action\InformationAction.class.php 第 81 行.
INFO: [ view_parse ] --START--
NOTIC: [8] Undefined variable: select E:\wamp\www\myphp\SoftwareEngineering\APP\Runtime\Cache\Msystem\21475d8ba582a4e17fdc557314f74205.php 第 21 行.
INFO: ParseTemplate Behavior ::run [ RunTime:0.013846s ]
INFO: [ view_parse ] --END-- [ RunTime:0.013929s ]
INFO: [ view_filter ] --START--
INFO: ContentReplace Behavior ::run [ RunTime:0.000843s ]
INFO: TokenBuild Behavior ::run [ RunTime:0.000828s ]
INFO: WriteHtmlCache Behavior ::run [ RunTime:0.000690s ]
INFO: ShowRuntime Behavior ::run [ RunTime:0.000849s ]
INFO: [ view_filter ] --END-- [ RunTime:0.003442s ]
INFO: [ view_end ] --START--
INFO: ShowPageTrace Behavior ::run [ RunTime:0.001349s ]
INFO: [ view_end ] --END-- [ RunTime:0.001437s ]

[ 2016-05-17T19:58:27+08:00 ] 127.0.0.1 /SoftwareEngineering/index.php/Msystem/Information/update
INFO: [ route_check ] --START--
INFO: CheckRoute Behavior ::run [ RunTime:0.001050s ]
INFO: [ route_check ] --END-- [ RunTime:0.001145s ]
INFO: [ app_begin ] --START--
INFO: ReadHtmlCache Behavior ::run [ RunTime:0.000940s ]
INFO: [ app_begin ] --END-- [ RunTime:0.001014s ]
NOTIC: [8] Undefined index: submit E:\wamp\www\myphp\SoftwareEngineering\APP\Modules\Msystem\Action\InformationAction.class.php 第 38 行.
INFO: [ view_parse ] --START--
INFO: ParseTemplate Behavior ::run [ RunTime:0.012707s ]
INFO: [ view_parse ] --END-- [ RunTime:0.012798s ]
INFO: [ view_filter ] --START--
INFO: ContentReplace Behavior ::run [ RunTime:0.000934s ]
INFO: TokenBuild Behavior ::run [ RunTime:0.001050s ]
INFO: WriteHtmlCache Behavior ::run [ RunTime:0.000710s ]
INFO: ShowRuntime Behavior ::run [ RunTime:0.000862s ]
INFO: [ view_filter ] --END-- [ RunTime:0.003795s ]
INFO: [ view_end ] --START--
INFO: ShowPageTrace Behavior ::run [ RunTime:0.000922s ]
INFO: [ view_end ] --END-- [ RunTime:0.001007s ]

[ 2016-05-17T19:58:33+08:00 ] 127.0.0.1 /SoftwareEngineering/index.php/Msystem/Information/select
INFO: [ route_check ] --START--
INFO: CheckRoute Behavior ::run [ RunTime:0.000971s ]
INFO: [ route_check ] --END-- [ RunTime:0.001060s ]
INFO: [ app_begin ] --START--
INFO: ReadHtmlCache Behavior ::run [ RunTime:0.000869s ]
INFO: [ app_begin ] --END-- [ RunTime:0.000941s ]
NOTIC: [8] Undefined index: submit E:\wamp\www\myphp\SoftwareEngineering\APP\Modules\Msystem\Action\InformationAction.class.php 第 81 行.
INFO: [ view_parse ] --START--
NOTIC: [8] Undefined variable: select E:\wamp\www\myphp\SoftwareEngineering\APP\Runtime\Cache\Msystem\21475d8ba582a4e17fdc557314f74205.php 第 21 行.
INFO: ParseTemplate Behavior ::run [ RunTime:0.008953s ]
INFO: [ view_parse ] --END-- [ RunTime:0.009044s ]
INFO: [ view_filter ] --START--
INFO: ContentReplace Behavior ::run [ RunTime:0.000822s ]
INFO: TokenBuild Behavior ::run [ RunTime:0.000791s ]
INFO: WriteHtmlCache Behavior ::run [ RunTime:0.000705s ]
INFO: ShowRuntime Behavior ::run [ RunTime:0.000849s ]
INFO: [ view_filter ] --END-- [ RunTime:0.003377s ]
INFO: [ view_end ] --START--
INFO: ShowPageTrace Behavior ::run [ RunTime:0.000910s ]
INFO: [ view_end ] --END-- [ RunTime:0.000982s ]

[ 2016-05-17T19:58:36+08:00 ] 127.0.0.1 /SoftwareEngineering/index.php/Msystem/Grade/Gcalculate
INFO: [ route_check ] --START--
INFO: CheckRoute Behavior ::run [ RunTime:0.001975s ]
INFO: [ route_check ] --END-- [ RunTime:0.002177s ]
INFO: [ app_begin ] --START--
INFO: ReadHtmlCache Behavior ::run [ RunTime:0.001557s ]
INFO: [ app_begin ] --END-- [ RunTime:0.001706s ]
SQL: SHOW COLUMNS FROM `zxy_information` [ RunTime:0.005458s ]
SQL: SHOW COLUMNS FROM `zxy_table` [ RunTime:0.012760s ]
SQL: SHOW COLUMNS FROM `zxy_grade` [ RunTime:0.005178s ]
NOTIC: [8] Undefined index: submit E:\wamp\www\myphp\SoftwareEngineering\APP\Modules\Msystem\Action\GradeAction.class.php 第 167 行.
INFO: [ view_parse ] --START--
NOTIC: [8] Undefined index: a E:\wamp\www\myphp\SoftwareEngineering\APP\Runtime\Cache\Msystem\23037b2f7230624cba2cf879baae484d.php 第 25 行.
NOTIC: [8] Undefined index: b E:\wamp\www\myphp\SoftwareEngineering\APP\Runtime\Cache\Msystem\23037b2f7230624cba2cf879baae484d.php 第 26 行.
NOTIC: [8] Undefined index: c E:\wamp\www\myphp\SoftwareEngineering\APP\Runtime\Cache\Msystem\23037b2f7230624cba2cf879baae484d.php 第 27 行.
NOTIC: [8] Undefined index: d E:\wamp\www\myphp\SoftwareEngineering\APP\Runtime\Cache\Msystem\23037b2f7230624cba2cf879baae484d.php 第 28 行.
NOTIC: [8] Undefined index: e E:\wamp\www\myphp\SoftwareEngineering\APP\Runtime\Cache\Msystem\23037b2f7230624cba2cf879baae484d.php 第 29 行.
NOTIC: [8] Undefined index: num E:\wamp\www\myphp\SoftwareEngineering\APP\Runtime\Cache\Msystem\23037b2f7230624cba2cf879baae484d.php 第 35 行.
NOTIC: [8] Undefined index: name E:\wamp\www\myphp\SoftwareEngineering\APP\Runtime\Cache\Msystem\23037b2f7230624cba2cf879baae484d.php 第 36 行.
NOTIC: [8] Undefined index: A E:\wamp\www\myphp\SoftwareEngineering\APP\Runtime\Cache\Msystem\23037b2f7230624cba2cf879baae484d.php 第 37 行.
NOTIC: [8] Undefined index: B E:\wamp\www\myphp\SoftwareEngineering\APP\Runtime\Cache\Msystem\23037b2f7230624cba2cf879baae484d.php 第 38 行.
NOTIC: [8] Undefined index: C E:\wamp\www\myphp\SoftwareEngineering\APP\Runtime\Cache\Msystem\23037b2f7230624cba2cf879baae484d.php 第 39 行.
NOTIC: [8] Undefined index: D E:\wamp\www\myphp\SoftwareEngineering\APP\Runtime\Cache\Msystem\23037b2f7230624cba2cf879baae484d.php 第 40 行.
NOTIC: [8] Undefined index: E E:\wamp\www\myphp\SoftwareEngineering\APP\Runtime\Cache\Msystem\23037b2f7230624cba2cf879baae484d.php 第 41 行.
NOTIC: [8] Undefined index: f E:\wamp\www\myphp\SoftwareEngineering\APP\Runtime\Cache\Msystem\23037b2f7230624cba2cf879baae484d.php 第 44 行.
NOTIC: [8] Undefined index: g E:\wamp\www\myphp\SoftwareEngineering\APP\Runtime\Cache\Msystem\23037b2f7230624cba2cf879baae484d.php 第 45 行.
NOTIC: [8] Undefined index: h E:\wamp\www\myphp\SoftwareEngineering\APP\Runtime\Cache\Msystem\23037b2f7230624cba2cf879baae484d.php 第 46 行.
NOTIC: [8] Undefined index: i E:\wamp\www\myphp\SoftwareEngineering\APP\Runtime\Cache\Msystem\23037b2f7230624cba2cf879baae484d.php 第 47 行.
NOTIC: [8] Undefined index: F E:\wamp\www\myphp\SoftwareEngineering\APP\Runtime\Cache\Msystem\23037b2f7230624cba2cf879baae484d.php 第 53 行.
NOTIC: [8] Undefined index: G E:\wamp\www\myphp\SoftwareEngineering\APP\Runtime\Cache\Msystem\23037b2f7230624cba2cf879baae484d.php 第 54 行.
NOTIC: [8] Undefined index: H E:\wamp\www\myphp\SoftwareEngineering\APP\Runtime\Cache\Msystem\23037b2f7230624cba2cf879baae484d.php 第 55 行.
NOTIC: [8] Undefined index: I E:\wamp\www\myphp\SoftwareEngineering\APP\Runtime\Cache\Msystem\23037b2f7230624cba2cf879baae484d.php 第 56 行.
NOTIC: [8] Undefined index: sports E:\wamp\www\myphp\SoftwareEngineering\APP\Runtime\Cache\Msystem\23037b2f7230624cba2cf879baae484d.php 第 57 行.
NOTIC: [8] Undefined index: active E:\wamp\www\myphp\SoftwareEngineering\APP\Runtime\Cache\Msystem\23037b2f7230624cba2cf879baae484d.php 第 58 行.
NOTIC: [8] Undefined index: all E:\wamp\www\myphp\SoftwareEngineering\APP\Runtime\Cache\Msystem\23037b2f7230624cba2cf879baae484d.php 第 59 行.
INFO: ParseTemplate Behavior ::run [ RunTime:0.015810s ]
INFO: [ view_parse ] --END-- [ RunTime:0.015897s ]
INFO: [ view_filter ] --START--
INFO: ContentReplace Behavior ::run [ RunTime:0.000853s ]
INFO: TokenBuild Behavior ::run [ RunTime:0.000791s ]
INFO: WriteHtmlCache Behavior ::run [ RunTime:0.000659s ]
INFO: ShowRuntime Behavior ::run [ RunTime:0.000802s ]
INFO: [ view_filter ] --END-- [ RunTime:0.003331s ]
INFO: [ view_end ] --START--
INFO: ShowPageTrace Behavior ::run [ RunTime:0.000906s ]
INFO: [ view_end ] --END-- [ RunTime:0.000989s ]

[ 2016-05-17T19:58:37+08:00 ] 127.0.0.1 /SoftwareEngineering/index.php/Msystem/Grade/Grank
INFO: [ route_check ] --START--
INFO: CheckRoute Behavior ::run [ RunTime:0.001415s ]
INFO: [ route_check ] --END-- [ RunTime:0.001573s ]
INFO: [ app_begin ] --START--
INFO: ReadHtmlCache Behavior ::run [ RunTime:0.001315s ]
INFO: [ app_begin ] --END-- [ RunTime:0.001441s ]
NOTIC: [8] Undefined index: submit E:\wamp\www\myphp\SoftwareEngineering\APP\Modules\Msystem\Action\GradeAction.class.php 第 225 行.
INFO: [ view_parse ] --START--
NOTIC: [8] Undefined index: department E:\wamp\www\myphp\SoftwareEngineering\APP\Runtime\Cache\Msystem\23dacfc7228fa47aca0c6ce9d1f6c82b.php 第 17 行.
NOTIC: [8] Undefined index: department E:\wamp\www\myphp\SoftwareEngineering\APP\Runtime\Cache\Msystem\23dacfc7228fa47aca0c6ce9d1f6c82b.php 第 18 行.
NOTIC: [8] Undefined index: department E:\wamp\www\myphp\SoftwareEngineering\APP\Runtime\Cache\Msystem\23dacfc7228fa47aca0c6ce9d1f6c82b.php 第 19 行.
NOTIC: [8] Undefined variable: gra E:\wamp\www\myphp\SoftwareEngineering\APP\Runtime\Cache\Msystem\23dacfc7228fa47aca0c6ce9d1f6c82b.php 第 28 行.
INFO: ParseTemplate Behavior ::run [ RunTime:0.024333s ]
INFO: [ view_parse ] --END-- [ RunTime:0.024475s ]
INFO: [ view_filter ] --START--
INFO: ContentReplace Behavior ::run [ RunTime:0.000861s ]
INFO: TokenBuild Behavior ::run [ RunTime:0.000866s ]
INFO: WriteHtmlCache Behavior ::run [ RunTime:0.000736s ]
INFO: ShowRuntime Behavior ::run [ RunTime:0.000855s ]
INFO: [ view_filter ] --END-- [ RunTime:0.003551s ]
INFO: [ view_end ] --START--
INFO: ShowPageTrace Behavior ::run [ RunTime:0.000907s ]
INFO: [ view_end ] --END-- [ RunTime:0.000986s ]

[ 2016-05-17T19:58:38+08:00 ] 127.0.0.1 /SoftwareEngineering/index.php/Msystem/Grade/Grank
INFO: [ route_check ] --START--
INFO: CheckRoute Behavior ::run [ RunTime:0.000934s ]
INFO: [ route_check ] --END-- [ RunTime:0.001021s ]
INFO: [ app_begin ] --START--
INFO: ReadHtmlCache Behavior ::run [ RunTime:0.001123s ]
INFO: [ app_begin ] --END-- [ RunTime:0.001212s ]
SQL: SHOW COLUMNS FROM `zxy_information` [ RunTime:0.004675s ]
SQL: SHOW COLUMNS FROM `zxy_grade` [ RunTime:0.003896s ]
SQL: SELECT * FROM `zxy_information` WHERE ( `department` = '软件工程' ) ORDER BY num asc  [ RunTime:0.036576s ]
SQL: SHOW COLUMNS FROM `zxy_table` [ RunTime:0.004730s ]
SQL: SELECT * FROM `zxy_table` WHERE ( `department` = '软件工程' )  [ RunTime:0.001024s ]
SQL: SELECT * FROM `zxy_grade` WHERE ( classId=0 and num between 0 and 2 ) ORDER BY grade desc  [ RunTime:0.047887s ]
INFO: [ view_parse ] --START--
SQL: SELECT * FROM `zxy_grade` WHERE ( num=1 and classId = 1 )  [ RunTime:0.001129s ]
SQL: SELECT * FROM `zxy_grade` WHERE ( num=1 and classId = 2 )  [ RunTime:0.000930s ]
SQL: SELECT * FROM `zxy_grade` WHERE ( num=1 and classId = 3 )  [ RunTime:0.000861s ]
SQL: SELECT * FROM `zxy_grade` WHERE ( num=1 and classId = 12 )  [ RunTime:0.000788s ]
SQL: SELECT * FROM `zxy_grade` WHERE ( num=1 and classId = 11 )  [ RunTime:0.000773s ]
SQL: SELECT * FROM `zxy_information` WHERE ( num=1 )  [ RunTime:0.023540s ]
SQL: SELECT * FROM `zxy_grade` WHERE ( num=2 and classId = 1 )  [ RunTime:0.001491s ]
SQL: SELECT * FROM `zxy_grade` WHERE ( num=2 and classId = 2 )  [ RunTime:0.000722s ]
SQL: SELECT * FROM `zxy_grade` WHERE ( num=2 and classId = 3 )  [ RunTime:0.000476s ]
SQL: SELECT * FROM `zxy_grade` WHERE ( num=2 and classId = 12 )  [ RunTime:0.000423s ]
SQL: SELECT * FROM `zxy_grade` WHERE ( num=2 and classId = 11 )  [ RunTime:0.000504s ]
SQL: SELECT * FROM `zxy_information` WHERE ( num=2 )  [ RunTime:0.000536s ]
INFO: ParseTemplate Behavior ::run [ RunTime:0.045705s ]
INFO: [ view_parse ] --END-- [ RunTime:0.045786s ]
INFO: [ view_filter ] --START--
INFO: ContentReplace Behavior ::run [ RunTime:0.000941s ]
INFO: TokenBuild Behavior ::run [ RunTime:0.000797s ]
INFO: WriteHtmlCache Behavior ::run [ RunTime:0.000719s ]
INFO: ShowRuntime Behavior ::run [ RunTime:0.000871s ]
INFO: [ view_filter ] --END-- [ RunTime:0.003537s ]
INFO: [ view_end ] --START--
INFO: ShowPageTrace Behavior ::run [ RunTime:0.000876s ]
INFO: [ view_end ] --END-- [ RunTime:0.000952s ]

[ 2016-05-17T19:58:41+08:00 ] 127.0.0.1 /SoftwareEngineering/index.php/Msystem/Innovate/Iselect
INFO: [ route_check ] --START--
INFO: CheckRoute Behavior ::run [ RunTime:0.000954s ]
INFO: [ route_check ] --END-- [ RunTime:0.001071s ]
INFO: [ app_begin ] --START--
INFO: ReadHtmlCache Behavior ::run [ RunTime:0.000840s ]
INFO: [ app_begin ] --END-- [ RunTime:0.000916s ]
NOTIC: [8] Undefined index: submit E:\wamp\www\myphp\SoftwareEngineering\APP\Modules\Msystem\Action\InnovateAction.class.php 第 40 行.
INFO: [ view_parse ] --START--
NOTIC: [8] Undefined variable: foreach E:\wamp\www\myphp\SoftwareEngineering\APP\Runtime\Cache\Msystem\f2a96a4d6cdd1b2800256a765c9f346a.php 第 28 行.
INFO: ParseTemplate Behavior ::run [ RunTime:0.008872s ]
INFO: [ view_parse ] --END-- [ RunTime:0.008955s ]
INFO: [ view_filter ] --START--
INFO: ContentReplace Behavior ::run [ RunTime:0.000942s ]
INFO: TokenBuild Behavior ::run [ RunTime:0.000889s ]
INFO: WriteHtmlCache Behavior ::run [ RunTime:0.000643s ]
INFO: ShowRuntime Behavior ::run [ RunTime:0.001031s ]
INFO: [ view_filter ] --END-- [ RunTime:0.003737s ]
INFO: [ view_end ] --START--
INFO: ShowPageTrace Behavior ::run [ RunTime:0.000969s ]
INFO: [ view_end ] --END-- [ RunTime:0.001088s ]

[ 2016-05-17T19:58:42+08:00 ] 127.0.0.1 /SoftwareEngineering/index.php/Msystem/Innovate/Iselect
INFO: [ route_check ] --START--
INFO: CheckRoute Behavior ::run [ RunTime:0.000916s ]
INFO: [ route_check ] --END-- [ RunTime:0.000997s ]
INFO: [ app_begin ] --START--
INFO: ReadHtmlCache Behavior ::run [ RunTime:0.000837s ]
INFO: [ app_begin ] --END-- [ RunTime:0.000927s ]
SQL: SHOW COLUMNS FROM `zxy_innovate` [ RunTime:0.004894s ]
SQL: SELECT * FROM `zxy_innovate` WHERE ( `num` = 0 )  [ RunTime:0.000339s ]
INFO: [ view_parse ] --START--
INFO: ParseTemplate Behavior ::run [ RunTime:0.009181s ]
INFO: [ view_parse ] --END-- [ RunTime:0.009296s ]
INFO: [ view_filter ] --START--
INFO: ContentReplace Behavior ::run [ RunTime:0.000940s ]
INFO: TokenBuild Behavior ::run [ RunTime:0.001383s ]
INFO: WriteHtmlCache Behavior ::run [ RunTime:0.000959s ]
INFO: ShowRuntime Behavior ::run [ RunTime:0.000879s ]
INFO: [ view_filter ] --END-- [ RunTime:0.004478s ]
INFO: [ view_end ] --START--
INFO: ShowPageTrace Behavior ::run [ RunTime:0.000936s ]
INFO: [ view_end ] --END-- [ RunTime:0.001018s ]

[ 2016-05-17T19:58:45+08:00 ] 127.0.0.1 /SoftwareEngineering/index.php/Msystem/Innovate/Iselect
INFO: [ route_check ] --START--
INFO: CheckRoute Behavior ::run [ RunTime:0.000941s ]
INFO: [ route_check ] --END-- [ RunTime:0.001028s ]
INFO: [ app_begin ] --START--
INFO: ReadHtmlCache Behavior ::run [ RunTime:0.000865s ]
INFO: [ app_begin ] --END-- [ RunTime:0.000946s ]
SQL: SHOW COLUMNS FROM `zxy_innovate` [ RunTime:0.031782s ]
SQL: SELECT * FROM `zxy_innovate` WHERE ( `num` = 1 )  [ RunTime:0.000654s ]
INFO: [ view_parse ] --START--
INFO: ParseTemplate Behavior ::run [ RunTime:0.008445s ]
INFO: [ view_parse ] --END-- [ RunTime:0.008541s ]
INFO: [ view_filter ] --START--
INFO: ContentReplace Behavior ::run [ RunTime:0.000780s ]
INFO: TokenBuild Behavior ::run [ RunTime:0.000771s ]
INFO: WriteHtmlCache Behavior ::run [ RunTime:0.000665s ]
INFO: ShowRuntime Behavior ::run [ RunTime:0.000814s ]
INFO: [ view_filter ] --END-- [ RunTime:0.003230s ]
INFO: [ view_end ] --START--
INFO: ShowPageTrace Behavior ::run [ RunTime:0.000836s ]
INFO: [ view_end ] --END-- [ RunTime:0.000930s ]

[ 2016-05-17T19:59:12+08:00 ] 127.0.0.1 /SoftwareEngineering/index.php/Msystem/RandP/insert
INFO: [ route_check ] --START--
INFO: CheckRoute Behavior ::run [ RunTime:0.000961s ]
INFO: [ route_check ] --END-- [ RunTime:0.001053s ]
INFO: [ app_begin ] --START--
INFO: ReadHtmlCache Behavior ::run [ RunTime:0.000841s ]
INFO: [ app_begin ] --END-- [ RunTime:0.000912s ]
NOTIC: [8] Undefined index: submit E:\wamp\www\myphp\SoftwareEngineering\APP\Modules\Msystem\Action\RandPAction.class.php 第 7 行.
INFO: [ view_parse ] --START--
INFO: ParseTemplate Behavior ::run [ RunTime:0.017720s ]
INFO: [ view_parse ] --END-- [ RunTime:0.017812s ]
INFO: [ view_filter ] --START--
INFO: ContentReplace Behavior ::run [ RunTime:0.000751s ]
INFO: TokenBuild Behavior ::run [ RunTime:0.000777s ]
INFO: WriteHtmlCache Behavior ::run [ RunTime:0.000701s ]
INFO: ShowRuntime Behavior ::run [ RunTime:0.000939s ]
INFO: [ view_filter ] --END-- [ RunTime:0.003424s ]
INFO: [ view_end ] --START--
INFO: ShowPageTrace Behavior ::run [ RunTime:0.000869s ]
INFO: [ view_end ] --END-- [ RunTime:0.000948s ]

[ 2016-05-17T19:59:54+08:00 ] 127.0.0.1 /SoftwareEngineering/index.php/Msystem/Information/select
INFO: [ route_check ] --START--
INFO: CheckRoute Behavior ::run [ RunTime:0.000931s ]
INFO: [ route_check ] --END-- [ RunTime:0.001022s ]
INFO: [ app_begin ] --START--
INFO: ReadHtmlCache Behavior ::run [ RunTime:0.000885s ]
INFO: [ app_begin ] --END-- [ RunTime:0.000956s ]
NOTIC: [8] Undefined index: submit E:\wamp\www\myphp\SoftwareEngineering\APP\Modules\Msystem\Action\InformationAction.class.php 第 81 行.
INFO: [ view_parse ] --START--
NOTIC: [8] Undefined variable: select E:\wamp\www\myphp\SoftwareEngineering\APP\Runtime\Cache\Msystem\21475d8ba582a4e17fdc557314f74205.php 第 21 行.
INFO: ParseTemplate Behavior ::run [ RunTime:0.013867s ]
INFO: [ view_parse ] --END-- [ RunTime:0.013947s ]
INFO: [ view_filter ] --START--
INFO: ContentReplace Behavior ::run [ RunTime:0.000811s ]
INFO: TokenBuild Behavior ::run [ RunTime:0.000777s ]
INFO: WriteHtmlCache Behavior ::run [ RunTime:0.000674s ]
INFO: ShowRuntime Behavior ::run [ RunTime:0.000808s ]
INFO: [ view_filter ] --END-- [ RunTime:0.003277s ]
INFO: [ view_end ] --START--
INFO: ShowPageTrace Behavior ::run [ RunTime:0.001114s ]
INFO: [ view_end ] --END-- [ RunTime:0.001221s ]

[ 2016-05-17T20:01:11+08:00 ] 127.0.0.1 /SoftwareEngineering/index.php/Msystem/Index/index
INFO: [ route_check ] --START--
INFO: CheckRoute Behavior ::run [ RunTime:0.001105s ]
INFO: [ route_check ] --END-- [ RunTime:0.001218s ]
INFO: [ app_begin ] --START--
INFO: ReadHtmlCache Behavior ::run [ RunTime:0.000854s ]
INFO: [ app_begin ] --END-- [ RunTime:0.000926s ]
INFO: [ view_parse ] --START--
INFO: ParseTemplate Behavior ::run [ RunTime:0.008455s ]
INFO: [ view_parse ] --END-- [ RunTime:0.008575s ]
INFO: [ view_filter ] --START--
INFO: ContentReplace Behavior ::run [ RunTime:0.001171s ]
INFO: TokenBuild Behavior ::run [ RunTime:0.001011s ]
INFO: WriteHtmlCache Behavior ::run [ RunTime:0.000723s ]
INFO: ShowRuntime Behavior ::run [ RunTime:0.000874s ]
INFO: [ view_filter ] --END-- [ RunTime:0.004019s ]
INFO: [ view_end ] --START--
INFO: ShowPageTrace Behavior ::run [ RunTime:0.000882s ]
INFO: [ view_end ] --END-- [ RunTime:0.000960s ]

[ 2016-05-17T20:01:11+08:00 ] 127.0.0.1 /SoftwareEngineering/index.php/Main/index?username=zxy
INFO: [ route_check ] --START--
INFO: CheckRoute Behavior ::run [ RunTime:0.001264s ]
INFO: [ route_check ] --END-- [ RunTime:0.001349s ]
INFO: [ app_begin ] --START--
INFO: ReadHtmlCache Behavior ::run [ RunTime:0.001196s ]
INFO: [ app_begin ] --END-- [ RunTime:0.001281s ]

[ 2016-05-17T20:01:12+08:00 ] 127.0.0.1 /SoftwareEngineering/index.php/Msystem/Index/index
INFO: [ route_check ] --START--
INFO: CheckRoute Behavior ::run [ RunTime:0.000915s ]
INFO: [ route_check ] --END-- [ RunTime:0.001008s ]
INFO: [ app_begin ] --START--
INFO: ReadHtmlCache Behavior ::run [ RunTime:0.000877s ]
INFO: [ app_begin ] --END-- [ RunTime:0.000975s ]
INFO: [ view_parse ] --START--
INFO: ParseTemplate Behavior ::run [ RunTime:0.010863s ]
INFO: [ view_parse ] --END-- [ RunTime:0.010970s ]
INFO: [ view_filter ] --START--
INFO: ContentReplace Behavior ::run [ RunTime:0.000751s ]
INFO: TokenBuild Behavior ::run [ RunTime:0.000768s ]
INFO: WriteHtmlCache Behavior ::run [ RunTime:0.000725s ]
INFO: ShowRuntime Behavior ::run [ RunTime:0.000933s ]
INFO: [ view_filter ] --END-- [ RunTime:0.003376s ]
INFO: [ view_end ] --START--
INFO: ShowPageTrace Behavior ::run [ RunTime:0.000896s ]
INFO: [ view_end ] --END-- [ RunTime:0.000973s ]

[ 2016-05-17T20:01:14+08:00 ] 127.0.0.1 /SoftwareEngineering/index.php/Msystem/Registered/index
INFO: [ route_check ] --START--
INFO: CheckRoute Behavior ::run [ RunTime:0.000955s ]
INFO: [ route_check ] --END-- [ RunTime:0.001056s ]
INFO: [ app_begin ] --START--
INFO: ReadHtmlCache Behavior ::run [ RunTime:0.001252s ]
INFO: [ app_begin ] --END-- [ RunTime:0.001345s ]
INFO: [ view_parse ] --START--
INFO: ParseTemplate Behavior ::run [ RunTime:0.021225s ]
INFO: [ view_parse ] --END-- [ RunTime:0.021318s ]
INFO: [ view_filter ] --START--
INFO: ContentReplace Behavior ::run [ RunTime:0.000765s ]
INFO: TokenBuild Behavior ::run [ RunTime:0.000797s ]
INFO: WriteHtmlCache Behavior ::run [ RunTime:0.000634s ]
INFO: ShowRuntime Behavior ::run [ RunTime:0.000782s ]
INFO: [ view_filter ] --END-- [ RunTime:0.003182s ]
INFO: [ view_end ] --START--
INFO: ShowPageTrace Behavior ::run [ RunTime:0.001032s ]
INFO: [ view_end ] --END-- [ RunTime:0.001124s ]

[ 2016-05-17T20:01:35+08:00 ] 127.0.0.1 /SoftwareEngineering/index.php/Main/index?username=zxy
INFO: [ route_check ] --START--
INFO: CheckRoute Behavior ::run [ RunTime:0.001495s ]
INFO: [ route_check ] --END-- [ RunTime:0.001641s ]
INFO: [ app_begin ] --START--
INFO: ReadHtmlCache Behavior ::run [ RunTime:0.001387s ]
INFO: [ app_begin ] --END-- [ RunTime:0.001522s ]

[ 2016-05-17T20:01:35+08:00 ] 127.0.0.1 /SoftwareEngineering/index.php/Main/index?username=zxy
INFO: [ route_check ] --START--
INFO: CheckRoute Behavior ::run [ RunTime:0.001361s ]
INFO: [ route_check ] --END-- [ RunTime:0.001491s ]
INFO: [ app_begin ] --START--
INFO: ReadHtmlCache Behavior ::run [ RunTime:0.000842s ]
INFO: [ app_begin ] --END-- [ RunTime:0.000917s ]

[ 2016-05-17T20:01:41+08:00 ] 127.0.0.1 /SoftwareEngineering/index.php/Msystem/Index/submit
INFO: [ route_check ] --START--
INFO: CheckRoute Behavior ::run [ RunTime:0.000991s ]
INFO: [ route_check ] --END-- [ RunTime:0.001096s ]
INFO: [ app_begin ] --START--
INFO: ReadHtmlCache Behavior ::run [ RunTime:0.000911s ]
INFO: [ app_begin ] --END-- [ RunTime:0.001017s ]
SQL: SHOW COLUMNS FROM `zxy_user` [ RunTime:0.004157s ]
SQL: SELECT * FROM `zxy_user`  [ RunTime:0.000676s ]
NOTIC: [8] A session had already been started - ignoring session_start() E:\wamp\www\myphp\SoftwareEngineering\APP\Modules\Msystem\Action\IndexAction.class.php 第 26 行.
NOTIC: [8] Undefined index: username E:\wamp\www\myphp\SoftwareEngineering\APP\Modules\Msystem\Action\IndexAction.class.php 第 28 行.
INFO: [ view_parse ] --START--
INFO: ParseTemplate Behavior ::run [ RunTime:0.011240s ]
INFO: [ view_parse ] --END-- [ RunTime:0.011354s ]
INFO: [ view_filter ] --START--
INFO: ContentReplace Behavior ::run [ RunTime:0.000760s ]
INFO: TokenBuild Behavior ::run [ RunTime:0.000761s ]
INFO: WriteHtmlCache Behavior ::run [ RunTime:0.000666s ]
INFO: ShowRuntime Behavior ::run [ RunTime:0.000773s ]
INFO: [ view_filter ] --END-- [ RunTime:0.003174s ]
INFO: [ view_end ] --START--
INFO: ShowPageTrace Behavior ::run [ RunTime:0.000834s ]
INFO: [ view_end ] --END-- [ RunTime:0.000908s ]

[ 2016-05-17T20:01:42+08:00 ] 127.0.0.1 /SoftwareEngineering/index.php/Main/index?username=zxy
INFO: [ route_check ] --START--
INFO: CheckRoute Behavior ::run [ RunTime:0.001465s ]
INFO: [ route_check ] --END-- [ RunTime:0.001589s ]
INFO: [ app_begin ] --START--
INFO: ReadHtmlCache Behavior ::run [ RunTime:0.001109s ]
INFO: [ app_begin ] --END-- [ RunTime:0.001185s ]
SQL: SHOW COLUMNS FROM `zxy_user` [ RunTime:0.003921s ]
SQL: SELECT * FROM `zxy_user` WHERE ( `username` = 'zxy' )  [ RunTime:0.000328s ]
INFO: [ view_parse ] --START--
INFO: ParseTemplate Behavior ::run [ RunTime:0.009058s ]
INFO: [ view_parse ] --END-- [ RunTime:0.009150s ]
INFO: [ view_filter ] --START--
INFO: ContentReplace Behavior ::run [ RunTime:0.000787s ]
INFO: TokenBuild Behavior ::run [ RunTime:0.000769s ]
INFO: WriteHtmlCache Behavior ::run [ RunTime:0.000629s ]
INFO: ShowRuntime Behavior ::run [ RunTime:0.000807s ]
INFO: [ view_filter ] --END-- [ RunTime:0.003181s ]
INFO: [ view_end ] --START--
INFO: ShowPageTrace Behavior ::run [ RunTime:0.000864s ]
INFO: [ view_end ] --END-- [ RunTime:0.000935s ]

[ 2016-05-17T20:03:16+08:00 ] 127.0.0.1 /SoftwareEngineering/index.php/Msystem/Information/select
INFO: [ route_check ] --START--
INFO: CheckRoute Behavior ::run [ RunTime:0.001048s ]
INFO: [ route_check ] --END-- [ RunTime:0.001139s ]
INFO: [ app_begin ] --START--
INFO: ReadHtmlCache Behavior ::run [ RunTime:0.000831s ]
INFO: [ app_begin ] --END-- [ RunTime:0.000904s ]
NOTIC: [8] Undefined index: submit E:\wamp\www\myphp\SoftwareEngineering\APP\Modules\Msystem\Action\InformationAction.class.php 第 81 行.
INFO: [ view_parse ] --START--
NOTIC: [8] Undefined variable: select E:\wamp\www\myphp\SoftwareEngineering\APP\Runtime\Cache\Msystem\21475d8ba582a4e17fdc557314f74205.php 第 21 行.
INFO: ParseTemplate Behavior ::run [ RunTime:0.009308s ]
INFO: [ view_parse ] --END-- [ RunTime:0.009387s ]
INFO: [ view_filter ] --START--
INFO: ContentReplace Behavior ::run [ RunTime:0.000867s ]
INFO: TokenBuild Behavior ::run [ RunTime:0.000824s ]
INFO: WriteHtmlCache Behavior ::run [ RunTime:0.000701s ]
INFO: ShowRuntime Behavior ::run [ RunTime:0.000893s ]
INFO: [ view_filter ] --END-- [ RunTime:0.003517s ]
INFO: [ view_end ] --START--
INFO: ShowPageTrace Behavior ::run [ RunTime:0.001545s ]
INFO: [ view_end ] --END-- [ RunTime:0.001705s ]

[ 2016-05-17T20:03:19+08:00 ] 127.0.0.1 /SoftwareEngineering/index.php/Msystem/Information/select
INFO: [ route_check ] --START--
INFO: CheckRoute Behavior ::run [ RunTime:0.000919s ]
INFO: [ route_check ] --END-- [ RunTime:0.001011s ]
INFO: [ app_begin ] --START--
INFO: ReadHtmlCache Behavior ::run [ RunTime:0.000809s ]
INFO: [ app_begin ] --END-- [ RunTime:0.000884s ]
NOTIC: [8] Undefined index: submit E:\wamp\www\myphp\SoftwareEngineering\APP\Modules\Msystem\Action\InformationAction.class.php 第 81 行.
INFO: [ view_parse ] --START--
NOTIC: [8] Undefined variable: select E:\wamp\www\myphp\SoftwareEngineering\APP\Runtime\Cache\Msystem\21475d8ba582a4e17fdc557314f74205.php 第 21 行.
INFO: ParseTemplate Behavior ::run [ RunTime:0.011624s ]
INFO: [ view_parse ] --END-- [ RunTime:0.011701s ]
INFO: [ view_filter ] --START--
INFO: ContentReplace Behavior ::run [ RunTime:0.000731s ]
INFO: TokenBuild Behavior ::run [ RunTime:0.000729s ]
INFO: WriteHtmlCache Behavior ::run [ RunTime:0.000633s ]
INFO: ShowRuntime Behavior ::run [ RunTime:0.000776s ]
INFO: [ view_filter ] --END-- [ RunTime:0.003078s ]
INFO: [ view_end ] --START--
INFO: ShowPageTrace Behavior ::run [ RunTime:0.000866s ]
INFO: [ view_end ] --END-- [ RunTime:0.000951s ]

[ 2016-05-17T20:03:20+08:00 ] 127.0.0.1 /SoftwareEngineering/index.php/Msystem/Information/update
INFO: [ route_check ] --START--
INFO: CheckRoute Behavior ::run [ RunTime:0.001671s ]
INFO: [ route_check ] --END-- [ RunTime:0.001806s ]
INFO: [ app_begin ] --START--
INFO: ReadHtmlCache Behavior ::run [ RunTime:0.000813s ]
INFO: [ app_begin ] --END-- [ RunTime:0.000887s ]
NOTIC: [8] Undefined index: submit E:\wamp\www\myphp\SoftwareEngineering\APP\Modules\Msystem\Action\InformationAction.class.php 第 38 行.
INFO: [ view_parse ] --START--
INFO: ParseTemplate Behavior ::run [ RunTime:0.007435s ]
INFO: [ view_parse ] --END-- [ RunTime:0.007575s ]
INFO: [ view_filter ] --START--
INFO: ContentReplace Behavior ::run [ RunTime:0.001059s ]
INFO: TokenBuild Behavior ::run [ RunTime:0.000798s ]
INFO: WriteHtmlCache Behavior ::run [ RunTime:0.000678s ]
INFO: ShowRuntime Behavior ::run [ RunTime:0.000811s ]
INFO: [ view_filter ] --END-- [ RunTime:0.003577s ]
INFO: [ view_end ] --START--
INFO: ShowPageTrace Behavior ::run [ RunTime:0.000921s ]
INFO: [ view_end ] --END-- [ RunTime:0.000998s ]

[ 2016-05-17T20:03:54+08:00 ] 127.0.0.1 /SoftwareEngineering/index.php/Msystem/Information/select
INFO: [ route_check ] --START--
INFO: CheckRoute Behavior ::run [ RunTime:0.001108s ]
INFO: [ route_check ] --END-- [ RunTime:0.001248s ]
INFO: [ app_begin ] --START--
INFO: ReadHtmlCache Behavior ::run [ RunTime:0.000694s ]
INFO: [ app_begin ] --END-- [ RunTime:0.000800s ]
NOTIC: [8] Undefined index: submit E:\wamp\www\myphp\SoftwareEngineering\APP\Modules\Msystem\Action\InformationAction.class.php 第 81 行.
INFO: [ view_parse ] --START--
NOTIC: [8] Undefined variable: select E:\wamp\www\myphp\SoftwareEngineering\APP\Runtime\Cache\Msystem\21475d8ba582a4e17fdc557314f74205.php 第 21 行.
INFO: ParseTemplate Behavior ::run [ RunTime:0.010699s ]
INFO: [ view_parse ] --END-- [ RunTime:0.010809s ]
INFO: [ view_filter ] --START--
INFO: ContentReplace Behavior ::run [ RunTime:0.000718s ]
INFO: TokenBuild Behavior ::run [ RunTime:0.000744s ]
INFO: WriteHtmlCache Behavior ::run [ RunTime:0.000413s ]
INFO: ShowRuntime Behavior ::run [ RunTime:0.000647s ]
INFO: [ view_filter ] --END-- [ RunTime:0.002804s ]
INFO: [ view_end ] --START--
INFO: ShowPageTrace Behavior ::run [ RunTime:0.000654s ]
INFO: [ view_end ] --END-- [ RunTime:0.000722s ]

[ 2016-05-17T20:03:55+08:00 ] 127.0.0.1 /SoftwareEngineering/index.php/Msystem/Information/update
INFO: [ route_check ] --START--
INFO: CheckRoute Behavior ::run [ RunTime:0.000692s ]
INFO: [ route_check ] --END-- [ RunTime:0.000792s ]
INFO: [ app_begin ] --START--
INFO: ReadHtmlCache Behavior ::run [ RunTime:0.000452s ]
INFO: [ app_begin ] --END-- [ RunTime:0.000533s ]
NOTIC: [8] Undefined index: submit E:\wamp\www\myphp\SoftwareEngineering\APP\Modules\Msystem\Action\InformationAction.class.php 第 38 行.
INFO: [ view_parse ] --START--
INFO: ParseTemplate Behavior ::run [ RunTime:0.005173s ]
INFO: [ view_parse ] --END-- [ RunTime:0.005257s ]
INFO: [ view_filter ] --START--
INFO: ContentReplace Behavior ::run [ RunTime:0.000343s ]
INFO: TokenBuild Behavior ::run [ RunTime:0.000332s ]
INFO: WriteHtmlCache Behavior ::run [ RunTime:0.000238s ]
INFO: ShowRuntime Behavior ::run [ RunTime:0.000360s ]
INFO: [ view_filter ] --END-- [ RunTime:0.001488s ]
INFO: [ view_end ] --START--
INFO: ShowPageTrace Behavior ::run [ RunTime:0.000430s ]
INFO: [ view_end ] --END-- [ RunTime:0.000490s ]

[ 2016-05-17T20:03:56+08:00 ] 127.0.0.1 /SoftwareEngineering/index.php/Msystem/Information/select
INFO: [ route_check ] --START--
INFO: CheckRoute Behavior ::run [ RunTime:0.000527s ]
INFO: [ route_check ] --END-- [ RunTime:0.000626s ]
INFO: [ app_begin ] --START--
INFO: ReadHtmlCache Behavior ::run [ RunTime:0.000413s ]
INFO: [ app_begin ] --END-- [ RunTime:0.000485s ]
NOTIC: [8] Undefined index: submit E:\wamp\www\myphp\SoftwareEngineering\APP\Modules\Msystem\Action\InformationAction.class.php 第 81 行.
INFO: [ view_parse ] --START--
NOTIC: [8] Undefined variable: select E:\wamp\www\myphp\SoftwareEngineering\APP\Runtime\Cache\Msystem\21475d8ba582a4e17fdc557314f74205.php 第 21 行.
INFO: ParseTemplate Behavior ::run [ RunTime:0.006203s ]
INFO: [ view_parse ] --END-- [ RunTime:0.006276s ]
INFO: [ view_filter ] --START--
INFO: ContentReplace Behavior ::run [ RunTime:0.000299s ]
INFO: TokenBuild Behavior ::run [ RunTime:0.000344s ]
INFO: WriteHtmlCache Behavior ::run [ RunTime:0.000227s ]
INFO: ShowRuntime Behavior ::run [ RunTime:0.000387s ]
INFO: [ view_filter ] --END-- [ RunTime:0.001431s ]
INFO: [ view_end ] --START--
INFO: ShowPageTrace Behavior ::run [ RunTime:0.000474s ]
INFO: [ view_end ] --END-- [ RunTime:0.000535s ]

[ 2016-05-17T20:03:56+08:00 ] 127.0.0.1 /SoftwareEngineering/index.php/Msystem/Information/selClass
INFO: [ route_check ] --START--
INFO: CheckRoute Behavior ::run [ RunTime:0.000465s ]
INFO: [ route_check ] --END-- [ RunTime:0.000540s ]
INFO: [ app_begin ] --START--
INFO: ReadHtmlCache Behavior ::run [ RunTime:0.000536s ]
INFO: [ app_begin ] --END-- [ RunTime:0.000602s ]
NOTIC: [8] Undefined index: department E:\wamp\www\myphp\SoftwareEngineering\APP\Modules\Msystem\Action\InformationAction.class.php 第 98 行.
NOTIC: [8] Undefined index: class E:\wamp\www\myphp\SoftwareEngineering\APP\Modules\Msystem\Action\InformationAction.class.php 第 99 行.
SQL: SHOW COLUMNS FROM `zxy_information` [ RunTime:0.005750s ]
SQL: SELECT * FROM `zxy_information` WHERE ( `department` = null ) AND ( `class` = null )  [ RunTime:0.007817s ]
INFO: [ view_parse ] --START--
NOTIC: [8] Undefined index: department E:\wamp\www\myphp\SoftwareEngineering\APP\Runtime\Cache\Msystem\7c3c855d981ecbbc3db75da3e719b590.php 第 33 行.
NOTIC: [8] Undefined index: class E:\wamp\www\myphp\SoftwareEngineering\APP\Runtime\Cache\Msystem\7c3c855d981ecbbc3db75da3e719b590.php 第 33 行.
SQL: SELECT * FROM `zxy_information` WHERE ( `department` = null ) AND ( `class` = null )  [ RunTime:0.001052s ]
INFO: ParseTemplate Behavior ::run [ RunTime:0.016554s ]
INFO: [ view_parse ] --END-- [ RunTime:0.016630s ]
INFO: [ view_filter ] --START--
INFO: ContentReplace Behavior ::run [ RunTime:0.000387s ]
INFO: TokenBuild Behavior ::run [ RunTime:0.000407s ]
INFO: WriteHtmlCache Behavior ::run [ RunTime:0.000438s ]
INFO: ShowRuntime Behavior ::run [ RunTime:0.000626s ]
INFO: [ view_filter ] --END-- [ RunTime:0.002162s ]
INFO: [ view_end ] --START--
INFO: ShowPageTrace Behavior ::run [ RunTime:0.000894s ]
INFO: [ view_end ] --END-- [ RunTime:0.001005s ]

[ 2016-05-17T20:03:58+08:00 ] 127.0.0.1 /SoftwareEngineering/index.php/Msystem/Grade/Ginsert
INFO: [ route_check ] --START--
INFO: CheckRoute Behavior ::run [ RunTime:0.000587s ]
INFO: [ route_check ] --END-- [ RunTime:0.000692s ]
INFO: [ app_begin ] --START--
INFO: ReadHtmlCache Behavior ::run [ RunTime:0.000385s ]
INFO: [ app_begin ] --END-- [ RunTime:0.000453s ]
NOTIC: [8] Undefined index: submitS E:\wamp\www\myphp\SoftwareEngineering\APP\Modules\Msystem\Action\GradeAction.class.php 第 7 行.
NOTIC: [8] Undefined index: submitI E:\wamp\www\myphp\SoftwareEngineering\APP\Modules\Msystem\Action\GradeAction.class.php 第 26 行.
INFO: [ view_parse ] --START--
NOTIC: [8] Undefined variable: tab E:\wamp\www\myphp\SoftwareEngineering\APP\Runtime\Cache\Msystem\e0024ec7ecbd63d122870ff96b0e4b1e.php 第 28 行.
INFO: ParseTemplate Behavior ::run [ RunTime:0.021689s ]
INFO: [ view_parse ] --END-- [ RunTime:0.021805s ]
INFO: [ view_filter ] --START--
INFO: ContentReplace Behavior ::run [ RunTime:0.000376s ]
INFO: TokenBuild Behavior ::run [ RunTime:0.000350s ]
INFO: WriteHtmlCache Behavior ::run [ RunTime:0.000232s ]
INFO: ShowRuntime Behavior ::run [ RunTime:0.000397s ]
INFO: [ view_filter ] --END-- [ RunTime:0.001547s ]
INFO: [ view_end ] --START--
INFO: ShowPageTrace Behavior ::run [ RunTime:0.000426s ]
INFO: [ view_end ] --END-- [ RunTime:0.000503s ]

[ 2016-05-17T20:04:06+08:00 ] 127.0.0.1 /SoftwareEngineering/index.php/Msystem/Grade/Gupdate
INFO: [ route_check ] --START--
INFO: CheckRoute Behavior ::run [ RunTime:0.000506s ]
INFO: [ route_check ] --END-- [ RunTime:0.000586s ]
INFO: [ app_begin ] --START--
INFO: ReadHtmlCache Behavior ::run [ RunTime:0.000404s ]
INFO: [ app_begin ] --END-- [ RunTime:0.000477s ]
NOTIC: [8] Undefined index: submitS E:\wamp\www\myphp\SoftwareEngineering\APP\Modules\Msystem\Action\GradeAction.class.php 第 94 行.
NOTIC: [8] Undefined index: submitU E:\wamp\www\myphp\SoftwareEngineering\APP\Modules\Msystem\Action\GradeAction.class.php 第 112 行.
INFO: [ view_parse ] --START--
NOTIC: [8] Undefined variable: tab E:\wamp\www\myphp\SoftwareEngineering\APP\Runtime\Cache\Msystem\93ebd9f131f8cbae147802f41d50eee2.php 第 28 行.
INFO: ParseTemplate Behavior ::run [ RunTime:0.021567s ]
INFO: [ view_parse ] --END-- [ RunTime:0.021675s ]
INFO: [ view_filter ] --START--
INFO: ContentReplace Behavior ::run [ RunTime:0.000504s ]
INFO: TokenBuild Behavior ::run [ RunTime:0.000516s ]
INFO: WriteHtmlCache Behavior ::run [ RunTime:0.000364s ]
INFO: ShowRuntime Behavior ::run [ RunTime:0.000599s ]
INFO: [ view_filter ] --END-- [ RunTime:0.002289s ]
INFO: [ view_end ] --START--
INFO: ShowPageTrace Behavior ::run [ RunTime:0.000680s ]
INFO: [ view_end ] --END-- [ RunTime:0.000791s ]

[ 2016-05-17T20:04:07+08:00 ] 127.0.0.1 /SoftwareEngineering/index.php/Msystem/Grade/Gcalculate
INFO: [ route_check ] --START--
INFO: CheckRoute Behavior ::run [ RunTime:0.000496s ]
INFO: [ route_check ] --END-- [ RunTime:0.000573s ]
INFO: [ app_begin ] --START--
INFO: ReadHtmlCache Behavior ::run [ RunTime:0.000397s ]
INFO: [ app_begin ] --END-- [ RunTime:0.000498s ]
SQL: SHOW COLUMNS FROM `zxy_information` [ RunTime:0.004188s ]
SQL: SHOW COLUMNS FROM `zxy_table` [ RunTime:0.004276s ]
SQL: SHOW COLUMNS FROM `zxy_grade` [ RunTime:0.004456s ]
NOTIC: [8] Undefined index: submit E:\wamp\www\myphp\SoftwareEngineering\APP\Modules\Msystem\Action\GradeAction.class.php 第 167 行.
INFO: [ view_parse ] --START--
NOTIC: [8] Undefined index: a E:\wamp\www\myphp\SoftwareEngineering\APP\Runtime\Cache\Msystem\23037b2f7230624cba2cf879baae484d.php 第 25 行.
NOTIC: [8] Undefined index: b E:\wamp\www\myphp\SoftwareEngineering\APP\Runtime\Cache\Msystem\23037b2f7230624cba2cf879baae484d.php 第 26 行.
NOTIC: [8] Undefined index: c E:\wamp\www\myphp\SoftwareEngineering\APP\Runtime\Cache\Msystem\23037b2f7230624cba2cf879baae484d.php 第 27 行.
NOTIC: [8] Undefined index: d E:\wamp\www\myphp\SoftwareEngineering\APP\Runtime\Cache\Msystem\23037b2f7230624cba2cf879baae484d.php 第 28 行.
NOTIC: [8] Undefined index: e E:\wamp\www\myphp\SoftwareEngineering\APP\Runtime\Cache\Msystem\23037b2f7230624cba2cf879baae484d.php 第 29 行.
NOTIC: [8] Undefined index: num E:\wamp\www\myphp\SoftwareEngineering\APP\Runtime\Cache\Msystem\23037b2f7230624cba2cf879baae484d.php 第 35 行.
NOTIC: [8] Undefined index: name E:\wamp\www\myphp\SoftwareEngineering\APP\Runtime\Cache\Msystem\23037b2f7230624cba2cf879baae484d.php 第 36 行.
NOTIC: [8] Undefined index: A E:\wamp\www\myphp\SoftwareEngineering\APP\Runtime\Cache\Msystem\23037b2f7230624cba2cf879baae484d.php 第 37 行.
NOTIC: [8] Undefined index: B E:\wamp\www\myphp\SoftwareEngineering\APP\Runtime\Cache\Msystem\23037b2f7230624cba2cf879baae484d.php 第 38 行.
NOTIC: [8] Undefined index: C E:\wamp\www\myphp\SoftwareEngineering\APP\Runtime\Cache\Msystem\23037b2f7230624cba2cf879baae484d.php 第 39 行.
NOTIC: [8] Undefined index: D E:\wamp\www\myphp\SoftwareEngineering\APP\Runtime\Cache\Msystem\23037b2f7230624cba2cf879baae484d.php 第 40 行.
NOTIC: [8] Undefined index: E E:\wamp\www\myphp\SoftwareEngineering\APP\Runtime\Cache\Msystem\23037b2f7230624cba2cf879baae484d.php 第 41 行.
NOTIC: [8] Undefined index: f E:\wamp\www\myphp\SoftwareEngineering\APP\Runtime\Cache\Msystem\23037b2f7230624cba2cf879baae484d.php 第 44 行.
NOTIC: [8] Undefined index: g E:\wamp\www\myphp\SoftwareEngineering\APP\Runtime\Cache\Msystem\23037b2f7230624cba2cf879baae484d.php 第 45 行.
NOTIC: [8] Undefined index: h E:\wamp\www\myphp\SoftwareEngineering\APP\Runtime\Cache\Msystem\23037b2f7230624cba2cf879baae484d.php 第 46 行.
NOTIC: [8] Undefined index: i E:\wamp\www\myphp\SoftwareEngineering\APP\Runtime\Cache\Msystem\23037b2f7230624cba2cf879baae484d.php 第 47 行.
NOTIC: [8] Undefined index: F E:\wamp\www\myphp\SoftwareEngineering\APP\Runtime\Cache\Msystem\23037b2f7230624cba2cf879baae484d.php 第 53 行.
NOTIC: [8] Undefined index: G E:\wamp\www\myphp\SoftwareEngineering\APP\Runtime\Cache\Msystem\23037b2f7230624cba2cf879baae484d.php 第 54 行.
NOTIC: [8] Undefined index: H E:\wamp\www\myphp\SoftwareEngineering\APP\Runtime\Cache\Msystem\23037b2f7230624cba2cf879baae484d.php 第 55 行.
NOTIC: [8] Undefined index: I E:\wamp\www\myphp\SoftwareEngineering\APP\Runtime\Cache\Msystem\23037b2f7230624cba2cf879baae484d.php 第 56 行.
NOTIC: [8] Undefined index: sports E:\wamp\www\myphp\SoftwareEngineering\APP\Runtime\Cache\Msystem\23037b2f7230624cba2cf879baae484d.php 第 57 行.
NOTIC: [8] Undefined index: active E:\wamp\www\myphp\SoftwareEngineering\APP\Runtime\Cache\Msystem\23037b2f7230624cba2cf879baae484d.php 第 58 行.
NOTIC: [8] Undefined index: all E:\wamp\www\myphp\SoftwareEngineering\APP\Runtime\Cache\Msystem\23037b2f7230624cba2cf879baae484d.php 第 59 行.
INFO: ParseTemplate Behavior ::run [ RunTime:0.007210s ]
INFO: [ view_parse ] --END-- [ RunTime:0.007293s ]
INFO: [ view_filter ] --START--
INFO: ContentReplace Behavior ::run [ RunTime:0.000355s ]
INFO: TokenBuild Behavior ::run [ RunTime:0.000352s ]
INFO: WriteHtmlCache Behavior ::run [ RunTime:0.000254s ]
INFO: ShowRuntime Behavior ::run [ RunTime:0.000409s ]
INFO: [ view_filter ] --END-- [ RunTime:0.001578s ]
INFO: [ view_end ] --START--
INFO: ShowPageTrace Behavior ::run [ RunTime:0.000428s ]
INFO: [ view_end ] --END-- [ RunTime:0.000507s ]

[ 2016-05-17T20:04:19+08:00 ] 127.0.0.1 /SoftwareEngineering/index.php/Msystem/Grade/Ginsert
INFO: [ route_check ] --START--
INFO: CheckRoute Behavior ::run [ RunTime:0.000870s ]
INFO: [ route_check ] --END-- [ RunTime:0.000968s ]
INFO: [ app_begin ] --START--
INFO: ReadHtmlCache Behavior ::run [ RunTime:0.000598s ]
INFO: [ app_begin ] --END-- [ RunTime:0.000685s ]
NOTIC: [8] Undefined index: submitS E:\wamp\www\myphp\SoftwareEngineering\APP\Modules\Msystem\Action\GradeAction.class.php 第 7 行.
NOTIC: [8] Undefined index: submitI E:\wamp\www\myphp\SoftwareEngineering\APP\Modules\Msystem\Action\GradeAction.class.php 第 26 行.
INFO: [ view_parse ] --START--
NOTIC: [8] Undefined variable: tab E:\wamp\www\myphp\SoftwareEngineering\APP\Runtime\Cache\Msystem\e0024ec7ecbd63d122870ff96b0e4b1e.php 第 28 行.
INFO: ParseTemplate Behavior ::run [ RunTime:0.007147s ]
INFO: [ view_parse ] --END-- [ RunTime:0.007224s ]
INFO: [ view_filter ] --START--
INFO: ContentReplace Behavior ::run [ RunTime:0.000483s ]
INFO: TokenBuild Behavior ::run [ RunTime:0.000508s ]
INFO: WriteHtmlCache Behavior ::run [ RunTime:0.000510s ]
INFO: ShowRuntime Behavior ::run [ RunTime:0.000715s ]
INFO: [ view_filter ] --END-- [ RunTime:0.002484s ]
INFO: [ view_end ] --START--
INFO: ShowPageTrace Behavior ::run [ RunTime:0.000590s ]
INFO: [ view_end ] --END-- [ RunTime:0.000680s ]

[ 2016-05-17T20:04:19+08:00 ] 127.0.0.1 /SoftwareEngineering/index.php/Msystem/Grade/Gupdate
INFO: [ route_check ] --START--
INFO: CheckRoute Behavior ::run [ RunTime:0.000606s ]
INFO: [ route_check ] --END-- [ RunTime:0.000714s ]
INFO: [ app_begin ] --START--
INFO: ReadHtmlCache Behavior ::run [ RunTime:0.000410s ]
INFO: [ app_begin ] --END-- [ RunTime:0.000481s ]
NOTIC: [8] Undefined index: submitS E:\wamp\www\myphp\SoftwareEngineering\APP\Modules\Msystem\Action\GradeAction.class.php 第 94 行.
NOTIC: [8] Undefined index: submitU E:\wamp\www\myphp\SoftwareEngineering\APP\Modules\Msystem\Action\GradeAction.class.php 第 112 行.
INFO: [ view_parse ] --START--
NOTIC: [8] Undefined variable: tab E:\wamp\www\myphp\SoftwareEngineering\APP\Runtime\Cache\Msystem\93ebd9f131f8cbae147802f41d50eee2.php 第 28 行.
INFO: ParseTemplate Behavior ::run [ RunTime:0.005904s ]
INFO: [ view_parse ] --END-- [ RunTime:0.005987s ]
INFO: [ view_filter ] --START--
INFO: ContentReplace Behavior ::run [ RunTime:0.000315s ]
INFO: TokenBuild Behavior ::run [ RunTime:0.000335s ]
INFO: WriteHtmlCache Behavior ::run [ RunTime:0.000247s ]
INFO: ShowRuntime Behavior ::run [ RunTime:0.000427s ]
INFO: [ view_filter ] --END-- [ RunTime:0.001528s ]
INFO: [ view_end ] --START--
INFO: ShowPageTrace Behavior ::run [ RunTime:0.000430s ]
INFO: [ view_end ] --END-- [ RunTime:0.000499s ]

[ 2016-05-17T20:04:20+08:00 ] 127.0.0.1 /SoftwareEngineering/index.php/Msystem/Grade/Gcalculate
INFO: [ route_check ] --START--
INFO: CheckRoute Behavior ::run [ RunTime:0.000503s ]
INFO: [ route_check ] --END-- [ RunTime:0.000618s ]
INFO: [ app_begin ] --START--
INFO: ReadHtmlCache Behavior ::run [ RunTime:0.000424s ]
INFO: [ app_begin ] --END-- [ RunTime:0.000498s ]
SQL: SHOW COLUMNS FROM `zxy_information` [ RunTime:0.003896s ]
SQL: SHOW COLUMNS FROM `zxy_table` [ RunTime:0.003698s ]
SQL: SHOW COLUMNS FROM `zxy_grade` [ RunTime:0.004108s ]
NOTIC: [8] Undefined index: submit E:\wamp\www\myphp\SoftwareEngineering\APP\Modules\Msystem\Action\GradeAction.class.php 第 167 行.
INFO: [ view_parse ] --START--
NOTIC: [8] Undefined index: a E:\wamp\www\myphp\SoftwareEngineering\APP\Runtime\Cache\Msystem\23037b2f7230624cba2cf879baae484d.php 第 25 行.
NOTIC: [8] Undefined index: b E:\wamp\www\myphp\SoftwareEngineering\APP\Runtime\Cache\Msystem\23037b2f7230624cba2cf879baae484d.php 第 26 行.
NOTIC: [8] Undefined index: c E:\wamp\www\myphp\SoftwareEngineering\APP\Runtime\Cache\Msystem\23037b2f7230624cba2cf879baae484d.php 第 27 行.
NOTIC: [8] Undefined index: d E:\wamp\www\myphp\SoftwareEngineering\APP\Runtime\Cache\Msystem\23037b2f7230624cba2cf879baae484d.php 第 28 行.
NOTIC: [8] Undefined index: e E:\wamp\www\myphp\SoftwareEngineering\APP\Runtime\Cache\Msystem\23037b2f7230624cba2cf879baae484d.php 第 29 行.
NOTIC: [8] Undefined index: num E:\wamp\www\myphp\SoftwareEngineering\APP\Runtime\Cache\Msystem\23037b2f7230624cba2cf879baae484d.php 第 35 行.
NOTIC: [8] Undefined index: name E:\wamp\www\myphp\SoftwareEngineering\APP\Runtime\Cache\Msystem\23037b2f7230624cba2cf879baae484d.php 第 36 行.
NOTIC: [8] Undefined index: A E:\wamp\www\myphp\SoftwareEngineering\APP\Runtime\Cache\Msystem\23037b2f7230624cba2cf879baae484d.php 第 37 行.
NOTIC: [8] Undefined index: B E:\wamp\www\myphp\SoftwareEngineering\APP\Runtime\Cache\Msystem\23037b2f7230624cba2cf879baae484d.php 第 38 行.
NOTIC: [8] Undefined index: C E:\wamp\www\myphp\SoftwareEngineering\APP\Runtime\Cache\Msystem\23037b2f7230624cba2cf879baae484d.php 第 39 行.
NOTIC: [8] Undefined index: D E:\wamp\www\myphp\SoftwareEngineering\APP\Runtime\Cache\Msystem\23037b2f7230624cba2cf879baae484d.php 第 40 行.
NOTIC: [8] Undefined index: E E:\wamp\www\myphp\SoftwareEngineering\APP\Runtime\Cache\Msystem\23037b2f7230624cba2cf879baae484d.php 第 41 行.
NOTIC: [8] Undefined index: f E:\wamp\www\myphp\SoftwareEngineering\APP\Runtime\Cache\Msystem\23037b2f7230624cba2cf879baae484d.php 第 44 行.
NOTIC: [8] Undefined index: g E:\wamp\www\myphp\SoftwareEngineering\APP\Runtime\Cache\Msystem\23037b2f7230624cba2cf879baae484d.php 第 45 行.
NOTIC: [8] Undefined index: h E:\wamp\www\myphp\SoftwareEngineering\APP\Runtime\Cache\Msystem\23037b2f7230624cba2cf879baae484d.php 第 46 行.
NOTIC: [8] Undefined index: i E:\wamp\www\myphp\SoftwareEngineering\APP\Runtime\Cache\Msystem\23037b2f7230624cba2cf879baae484d.php 第 47 行.
NOTIC: [8] Undefined index: F E:\wamp\www\myphp\SoftwareEngineering\APP\Runtime\Cache\Msystem\23037b2f7230624cba2cf879baae484d.php 第 53 行.
NOTIC: [8] Undefined index: G E:\wamp\www\myphp\SoftwareEngineering\APP\Runtime\Cache\Msystem\23037b2f7230624cba2cf879baae484d.php 第 54 行.
NOTIC: [8] Undefined index: H E:\wamp\www\myphp\SoftwareEngineering\APP\Runtime\Cache\Msystem\23037b2f7230624cba2cf879baae484d.php 第 55 行.
NOTIC: [8] Undefined index: I E:\wamp\www\myphp\SoftwareEngineering\APP\Runtime\Cache\Msystem\23037b2f7230624cba2cf879baae484d.php 第 56 行.
NOTIC: [8] Undefined index: sports E:\wamp\www\myphp\SoftwareEngineering\APP\Runtime\Cache\Msystem\23037b2f7230624cba2cf879baae484d.php 第 57 行.
NOTIC: [8] Undefined index: active E:\wamp\www\myphp\SoftwareEngineering\APP\Runtime\Cache\Msystem\23037b2f7230624cba2cf879baae484d.php 第 58 行.
NOTIC: [8] Undefined index: all E:\wamp\www\myphp\SoftwareEngineering\APP\Runtime\Cache\Msystem\23037b2f7230624cba2cf879baae484d.php 第 59 行.
INFO: ParseTemplate Behavior ::run [ RunTime:0.006802s ]
INFO: [ view_parse ] --END-- [ RunTime:0.006897s ]
INFO: [ view_filter ] --START--
INFO: ContentReplace Behavior ::run [ RunTime:0.000303s ]
INFO: TokenBuild Behavior ::run [ RunTime:0.000312s ]
INFO: WriteHtmlCache Behavior ::run [ RunTime:0.000250s ]
INFO: ShowRuntime Behavior ::run [ RunTime:0.000372s ]
INFO: [ view_filter ] --END-- [ RunTime:0.001500s ]
INFO: [ view_end ] --START--
INFO: ShowPageTrace Behavior ::run [ RunTime:0.000417s ]
INFO: [ view_end ] --END-- [ RunTime:0.000486s ]

[ 2016-05-17T20:04:59+08:00 ] 127.0.0.1 /SoftwareEngineering/index.php/Msystem/Grade/Gcalculate
INFO: [ route_check ] --START--
INFO: CheckRoute Behavior ::run [ RunTime:0.001606s ]
INFO: [ route_check ] --END-- [ RunTime:0.001713s ]
INFO: [ app_begin ] --START--
INFO: ReadHtmlCache Behavior ::run [ RunTime:0.001257s ]
INFO: [ app_begin ] --END-- [ RunTime:0.001363s ]
SQL: SHOW COLUMNS FROM `zxy_information` [ RunTime:0.004066s ]
SQL: SHOW COLUMNS FROM `zxy_table` [ RunTime:0.003433s ]
SQL: SHOW COLUMNS FROM `zxy_grade` [ RunTime:0.004264s ]
NOTIC: [8] Undefined index: submit E:\wamp\www\myphp\SoftwareEngineering\APP\Modules\Msystem\Action\GradeAction.class.php 第 167 行.
INFO: [ view_parse ] --START--
NOTIC: [8] Undefined index: a E:\wamp\www\myphp\SoftwareEngineering\APP\Runtime\Cache\Msystem\23037b2f7230624cba2cf879baae484d.php 第 25 行.
NOTIC: [8] Undefined index: b E:\wamp\www\myphp\SoftwareEngineering\APP\Runtime\Cache\Msystem\23037b2f7230624cba2cf879baae484d.php 第 26 行.
NOTIC: [8] Undefined index: c E:\wamp\www\myphp\SoftwareEngineering\APP\Runtime\Cache\Msystem\23037b2f7230624cba2cf879baae484d.php 第 27 行.
NOTIC: [8] Undefined index: d E:\wamp\www\myphp\SoftwareEngineering\APP\Runtime\Cache\Msystem\23037b2f7230624cba2cf879baae484d.php 第 28 行.
NOTIC: [8] Undefined index: e E:\wamp\www\myphp\SoftwareEngineering\APP\Runtime\Cache\Msystem\23037b2f7230624cba2cf879baae484d.php 第 29 行.
NOTIC: [8] Undefined index: num E:\wamp\www\myphp\SoftwareEngineering\APP\Runtime\Cache\Msystem\23037b2f7230624cba2cf879baae484d.php 第 35 行.
NOTIC: [8] Undefined index: name E:\wamp\www\myphp\SoftwareEngineering\APP\Runtime\Cache\Msystem\23037b2f7230624cba2cf879baae484d.php 第 36 行.
NOTIC: [8] Undefined index: A E:\wamp\www\myphp\SoftwareEngineering\APP\Runtime\Cache\Msystem\23037b2f7230624cba2cf879baae484d.php 第 37 行.
NOTIC: [8] Undefined index: B E:\wamp\www\myphp\SoftwareEngineering\APP\Runtime\Cache\Msystem\23037b2f7230624cba2cf879baae484d.php 第 38 行.
NOTIC: [8] Undefined index: C E:\wamp\www\myphp\SoftwareEngineering\APP\Runtime\Cache\Msystem\23037b2f7230624cba2cf879baae484d.php 第 39 行.
NOTIC: [8] Undefined index: D E:\wamp\www\myphp\SoftwareEngineering\APP\Runtime\Cache\Msystem\23037b2f7230624cba2cf879baae484d.php 第 40 行.
NOTIC: [8] Undefined index: E E:\wamp\www\myphp\SoftwareEngineering\APP\Runtime\Cache\Msystem\23037b2f7230624cba2cf879baae484d.php 第 41 行.
NOTIC: [8] Undefined index: f E:\wamp\www\myphp\SoftwareEngineering\APP\Runtime\Cache\Msystem\23037b2f7230624cba2cf879baae484d.php 第 44 行.
NOTIC: [8] Undefined index: g E:\wamp\www\myphp\SoftwareEngineering\APP\Runtime\Cache\Msystem\23037b2f7230624cba2cf879baae484d.php 第 45 行.
NOTIC: [8] Undefined index: h E:\wamp\www\myphp\SoftwareEngineering\APP\Runtime\Cache\Msystem\23037b2f7230624cba2cf879baae484d.php 第 46 行.
NOTIC: [8] Undefined index: i E:\wamp\www\myphp\SoftwareEngineering\APP\Runtime\Cache\Msystem\23037b2f7230624cba2cf879baae484d.php 第 47 行.
NOTIC: [8] Undefined index: F E:\wamp\www\myphp\SoftwareEngineering\APP\Runtime\Cache\Msystem\23037b2f7230624cba2cf879baae484d.php 第 53 行.
NOTIC: [8] Undefined index: G E:\wamp\www\myphp\SoftwareEngineering\APP\Runtime\Cache\Msystem\23037b2f7230624cba2cf879baae484d.php 第 54 行.
NOTIC: [8] Undefined index: H E:\wamp\www\myphp\SoftwareEngineering\APP\Runtime\Cache\Msystem\23037b2f7230624cba2cf879baae484d.php 第 55 行.
NOTIC: [8] Undefined index: I E:\wamp\www\myphp\SoftwareEngineering\APP\Runtime\Cache\Msystem\23037b2f7230624cba2cf879baae484d.php 第 56 行.
NOTIC: [8] Undefined index: sports E:\wamp\www\myphp\SoftwareEngineering\APP\Runtime\Cache\Msystem\23037b2f7230624cba2cf879baae484d.php 第 57 行.
NOTIC: [8] Undefined index: active E:\wamp\www\myphp\SoftwareEngineering\APP\Runtime\Cache\Msystem\23037b2f7230624cba2cf879baae484d.php 第 58 行.
NOTIC: [8] Undefined index: all E:\wamp\www\myphp\SoftwareEngineering\APP\Runtime\Cache\Msystem\23037b2f7230624cba2cf879baae484d.php 第 59 行.
INFO: ParseTemplate Behavior ::run [ RunTime:0.011120s ]
INFO: [ view_parse ] --END-- [ RunTime:0.011198s ]
INFO: [ view_filter ] --START--
INFO: ContentReplace Behavior ::run [ RunTime:0.000855s ]
INFO: TokenBuild Behavior ::run [ RunTime:0.000967s ]
INFO: WriteHtmlCache Behavior ::run [ RunTime:0.000814s ]
INFO: ShowRuntime Behavior ::run [ RunTime:0.001052s ]
INFO: [ view_filter ] --END-- [ RunTime:0.003955s ]
INFO: [ view_end ] --START--
INFO: ShowPageTrace Behavior ::run [ RunTime:0.001118s ]
INFO: [ view_end ] --END-- [ RunTime:0.001223s ]

