[ 2016-05-08T16:48:07+08:00 ] 127.0.0.1 /SoftwareEngineering/
INFO: [ app_begin ] --START--
INFO: ReadHtmlCache Behavior ::run [ RunTime:0.000888s ]
INFO: [ app_begin ] --END-- [ RunTime:0.000981s ]
INFO: [ view_parse ] --START--
INFO: ParseTemplate Behavior ::run [ RunTime:0.027384s ]
INFO: [ view_parse ] --END-- [ RunTime:0.027485s ]
INFO: [ view_filter ] --START--
INFO: ContentReplace Behavior ::run [ RunTime:0.000662s ]
INFO: TokenBuild Behavior ::run [ RunTime:0.000631s ]
INFO: WriteHtmlCache Behavior ::run [ RunTime:0.000545s ]
INFO: ShowRuntime Behavior ::run [ RunTime:0.000735s ]
INFO: [ view_filter ] --END-- [ RunTime:0.002782s ]
INFO: [ view_end ] --START--
INFO: ShowPageTrace Behavior ::run [ RunTime:0.000767s ]
INFO: [ view_end ] --END-- [ RunTime:0.000845s ]

[ 2016-05-08T16:48:15+08:00 ] 127.0.0.1 /SoftwareEngineering/index.php/Msystem/Index/submit
INFO: [ route_check ] --START--
INFO: CheckRoute Behavior ::run [ RunTime:0.001757s ]
INFO: [ route_check ] --END-- [ RunTime:0.001907s ]
INFO: [ app_begin ] --START--
INFO: ReadHtmlCache Behavior ::run [ RunTime:0.001863s ]
INFO: [ app_begin ] --END-- [ RunTime:0.002007s ]
SQL: SHOW COLUMNS FROM `zxy_user` [ RunTime:0.013106s ]
SQL: SELECT * FROM `zxy_user`  [ RunTime:0.000770s ]
NOTIC: [8] A session had already been started - ignoring session_start() E:\wamp\www\myphp\SoftwareEngineering\APP\Modules\Msystem\Action\IndexAction.class.php 第 26 行.
NOTIC: [8] Undefined index: username E:\wamp\www\myphp\SoftwareEngineering\APP\Modules\Msystem\Action\IndexAction.class.php 第 28 行.
INFO: [ view_parse ] --START--
INFO: ParseTemplate Behavior ::run [ RunTime:0.023292s ]
INFO: [ view_parse ] --END-- [ RunTime:0.023405s ]
INFO: [ view_filter ] --START--
INFO: ContentReplace Behavior ::run [ RunTime:0.000962s ]
INFO: TokenBuild Behavior ::run [ RunTime:0.000851s ]
INFO: WriteHtmlCache Behavior ::run [ RunTime:0.000802s ]
INFO: ShowRuntime Behavior ::run [ RunTime:0.000955s ]
INFO: [ view_filter ] --END-- [ RunTime:0.003758s ]
INFO: [ view_end ] --START--
INFO: ShowPageTrace Behavior ::run [ RunTime:0.001098s ]
INFO: [ view_end ] --END-- [ RunTime:0.001180s ]

[ 2016-05-08T16:48:16+08:00 ] 127.0.0.1 /SoftwareEngineering/index.php/Main/index?username=zxy
INFO: [ route_check ] --START--
INFO: CheckRoute Behavior ::run [ RunTime:0.001841s ]
INFO: [ route_check ] --END-- [ RunTime:0.001987s ]
INFO: [ app_begin ] --START--
INFO: ReadHtmlCache Behavior ::run [ RunTime:0.001600s ]
INFO: [ app_begin ] --END-- [ RunTime:0.001731s ]
SQL: SHOW COLUMNS FROM `zxy_user` [ RunTime:0.004220s ]
SQL: SELECT * FROM `zxy_user` WHERE ( `username` = 'zxy' )  [ RunTime:0.000252s ]
INFO: [ view_parse ] --START--
INFO: ParseTemplate Behavior ::run [ RunTime:0.027009s ]
INFO: [ view_parse ] --END-- [ RunTime:0.027099s ]
INFO: [ view_filter ] --START--
INFO: ContentReplace Behavior ::run [ RunTime:0.000966s ]
INFO: TokenBuild Behavior ::run [ RunTime:0.001433s ]
INFO: WriteHtmlCache Behavior ::run [ RunTime:0.001057s ]
INFO: ShowRuntime Behavior ::run [ RunTime:0.000942s ]
INFO: [ view_filter ] --END-- [ RunTime:0.004644s ]
INFO: [ view_end ] --START--
INFO: ShowPageTrace Behavior ::run [ RunTime:0.001021s ]
INFO: [ view_end ] --END-- [ RunTime:0.001090s ]

[ 2016-05-08T16:48:25+08:00 ] 127.0.0.1 /SoftwareEngineering/index.php/Msystem/Index/submit
INFO: [ route_check ] --START--
INFO: CheckRoute Behavior ::run [ RunTime:0.001057s ]
INFO: [ route_check ] --END-- [ RunTime:0.001139s ]
INFO: [ app_begin ] --START--
INFO: ReadHtmlCache Behavior ::run [ RunTime:0.001624s ]
INFO: [ app_begin ] --END-- [ RunTime:0.001709s ]
SQL: SHOW COLUMNS FROM `zxy_user` [ RunTime:0.004031s ]
SQL: SELECT * FROM `zxy_user`  [ RunTime:0.000260s ]
NOTIC: [8] A session had already been started - ignoring session_start() E:\wamp\www\myphp\SoftwareEngineering\APP\Modules\Msystem\Action\IndexAction.class.php 第 26 行.
NOTIC: [8] Undefined index: username E:\wamp\www\myphp\SoftwareEngineering\APP\Modules\Msystem\Action\IndexAction.class.php 第 28 行.
INFO: [ view_parse ] --START--
INFO: ParseTemplate Behavior ::run [ RunTime:0.009297s ]
INFO: [ view_parse ] --END-- [ RunTime:0.009415s ]
INFO: [ view_filter ] --START--
INFO: ContentReplace Behavior ::run [ RunTime:0.001034s ]
INFO: TokenBuild Behavior ::run [ RunTime:0.001083s ]
INFO: WriteHtmlCache Behavior ::run [ RunTime:0.000872s ]
INFO: ShowRuntime Behavior ::run [ RunTime:0.001023s ]
INFO: [ view_filter ] --END-- [ RunTime:0.004223s ]
INFO: [ view_end ] --START--
INFO: ShowPageTrace Behavior ::run [ RunTime:0.001096s ]
INFO: [ view_end ] --END-- [ RunTime:0.001173s ]

[ 2016-05-08T16:48:26+08:00 ] 127.0.0.1 /SoftwareEngineering/index.php/Main/index?username=zxy
INFO: [ route_check ] --START--
INFO: CheckRoute Behavior ::run [ RunTime:0.001577s ]
INFO: [ route_check ] --END-- [ RunTime:0.001740s ]
INFO: [ app_begin ] --START--
INFO: ReadHtmlCache Behavior ::run [ RunTime:0.001259s ]
INFO: [ app_begin ] --END-- [ RunTime:0.001362s ]
SQL: SHOW COLUMNS FROM `zxy_user` [ RunTime:0.004491s ]
SQL: SELECT * FROM `zxy_user` WHERE ( `username` = 'zxy' )  [ RunTime:0.000569s ]
INFO: [ view_parse ] --START--
INFO: ParseTemplate Behavior ::run [ RunTime:0.010704s ]
INFO: [ view_parse ] --END-- [ RunTime:0.010791s ]
INFO: [ view_filter ] --START--
INFO: ContentReplace Behavior ::run [ RunTime:0.000878s ]
INFO: TokenBuild Behavior ::run [ RunTime:0.000878s ]
INFO: WriteHtmlCache Behavior ::run [ RunTime:0.000808s ]
INFO: ShowRuntime Behavior ::run [ RunTime:0.001222s ]
INFO: [ view_filter ] --END-- [ RunTime:0.003971s ]
INFO: [ view_end ] --START--
INFO: ShowPageTrace Behavior ::run [ RunTime:0.001250s ]
INFO: [ view_end ] --END-- [ RunTime:0.001319s ]

[ 2016-05-08T16:48:28+08:00 ] 127.0.0.1 /SoftwareEngineering/index.php/Msystem/Information/select
INFO: [ route_check ] --START--
INFO: CheckRoute Behavior ::run [ RunTime:0.001158s ]
INFO: [ route_check ] --END-- [ RunTime:0.001247s ]
INFO: [ app_begin ] --START--
INFO: ReadHtmlCache Behavior ::run [ RunTime:0.001019s ]
INFO: [ app_begin ] --END-- [ RunTime:0.001099s ]
NOTIC: [8] Undefined index: submit E:\wamp\www\myphp\SoftwareEngineering\APP\Modules\Msystem\Action\InformationAction.class.php 第 81 行.
INFO: [ view_parse ] --START--
NOTIC: [8] Undefined variable: select E:\wamp\www\myphp\SoftwareEngineering\APP\Runtime\Cache\Msystem\21475d8ba582a4e17fdc557314f74205.php 第 21 行.
INFO: ParseTemplate Behavior ::run [ RunTime:0.014801s ]
INFO: [ view_parse ] --END-- [ RunTime:0.014877s ]
INFO: [ view_filter ] --START--
INFO: ContentReplace Behavior ::run [ RunTime:0.000957s ]
INFO: TokenBuild Behavior ::run [ RunTime:0.000962s ]
INFO: WriteHtmlCache Behavior ::run [ RunTime:0.000852s ]
INFO: ShowRuntime Behavior ::run [ RunTime:0.000975s ]
INFO: [ view_filter ] --END-- [ RunTime:0.003931s ]
INFO: [ view_end ] --START--
INFO: ShowPageTrace Behavior ::run [ RunTime:0.001200s ]
INFO: [ view_end ] --END-- [ RunTime:0.001304s ]

[ 2016-05-08T16:48:29+08:00 ] 127.0.0.1 /SoftwareEngineering/index.php/Msystem/Information/update
INFO: [ route_check ] --START--
INFO: CheckRoute Behavior ::run [ RunTime:0.001103s ]
INFO: [ route_check ] --END-- [ RunTime:0.001194s ]
INFO: [ app_begin ] --START--
INFO: ReadHtmlCache Behavior ::run [ RunTime:0.001003s ]
INFO: [ app_begin ] --END-- [ RunTime:0.001084s ]
NOTIC: [8] Undefined index: submit E:\wamp\www\myphp\SoftwareEngineering\APP\Modules\Msystem\Action\InformationAction.class.php 第 38 行.
INFO: [ view_parse ] --START--
INFO: ParseTemplate Behavior ::run [ RunTime:0.018405s ]
INFO: [ view_parse ] --END-- [ RunTime:0.018499s ]
INFO: [ view_filter ] --START--
INFO: ContentReplace Behavior ::run [ RunTime:0.000938s ]
INFO: TokenBuild Behavior ::run [ RunTime:0.000969s ]
INFO: WriteHtmlCache Behavior ::run [ RunTime:0.000899s ]
INFO: ShowRuntime Behavior ::run [ RunTime:0.001038s ]
INFO: [ view_filter ] --END-- [ RunTime:0.004039s ]
INFO: [ view_end ] --START--
INFO: ShowPageTrace Behavior ::run [ RunTime:0.001109s ]
INFO: [ view_end ] --END-- [ RunTime:0.001188s ]

[ 2016-05-08T16:48:30+08:00 ] 127.0.0.1 /SoftwareEngineering/index.php/Msystem/Information/select
INFO: [ route_check ] --START--
INFO: CheckRoute Behavior ::run [ RunTime:0.001047s ]
INFO: [ route_check ] --END-- [ RunTime:0.001130s ]
INFO: [ app_begin ] --START--
INFO: ReadHtmlCache Behavior ::run [ RunTime:0.000943s ]
INFO: [ app_begin ] --END-- [ RunTime:0.001017s ]
NOTIC: [8] Undefined index: submit E:\wamp\www\myphp\SoftwareEngineering\APP\Modules\Msystem\Action\InformationAction.class.php 第 81 行.
INFO: [ view_parse ] --START--
NOTIC: [8] Undefined variable: select E:\wamp\www\myphp\SoftwareEngineering\APP\Runtime\Cache\Msystem\21475d8ba582a4e17fdc557314f74205.php 第 21 行.
INFO: ParseTemplate Behavior ::run [ RunTime:0.011581s ]
INFO: [ view_parse ] --END-- [ RunTime:0.011673s ]
INFO: [ view_filter ] --START--
INFO: ContentReplace Behavior ::run [ RunTime:0.001215s ]
INFO: TokenBuild Behavior ::run [ RunTime:0.000869s ]
INFO: WriteHtmlCache Behavior ::run [ RunTime:0.000786s ]
INFO: ShowRuntime Behavior ::run [ RunTime:0.000901s ]
INFO: [ view_filter ] --END-- [ RunTime:0.003994s ]
INFO: [ view_end ] --START--
INFO: ShowPageTrace Behavior ::run [ RunTime:0.001028s ]
INFO: [ view_end ] --END-- [ RunTime:0.001102s ]

[ 2016-05-08T16:48:30+08:00 ] 127.0.0.1 /SoftwareEngineering/index.php/Msystem/Information/selClass
INFO: [ route_check ] --START--
INFO: CheckRoute Behavior ::run [ RunTime:0.001162s ]
INFO: [ route_check ] --END-- [ RunTime:0.001262s ]
INFO: [ app_begin ] --START--
INFO: ReadHtmlCache Behavior ::run [ RunTime:0.001012s ]
INFO: [ app_begin ] --END-- [ RunTime:0.001103s ]
NOTIC: [8] Undefined index: department E:\wamp\www\myphp\SoftwareEngineering\APP\Modules\Msystem\Action\InformationAction.class.php 第 98 行.
NOTIC: [8] Undefined index: class E:\wamp\www\myphp\SoftwareEngineering\APP\Modules\Msystem\Action\InformationAction.class.php 第 99 行.
SQL: SHOW COLUMNS FROM `zxy_information` [ RunTime:0.016678s ]
SQL: SELECT * FROM `zxy_information` WHERE ( `department` = null ) AND ( `class` = null )  [ RunTime:0.000544s ]
INFO: [ view_parse ] --START--
NOTIC: [8] Undefined index: department E:\wamp\www\myphp\SoftwareEngineering\APP\Runtime\Cache\Msystem\7c3c855d981ecbbc3db75da3e719b590.php 第 33 行.
NOTIC: [8] Undefined index: class E:\wamp\www\myphp\SoftwareEngineering\APP\Runtime\Cache\Msystem\7c3c855d981ecbbc3db75da3e719b590.php 第 33 行.
SQL: SELECT * FROM `zxy_information` WHERE ( `department` = null ) AND ( `class` = null )  [ RunTime:0.000980s ]
INFO: ParseTemplate Behavior ::run [ RunTime:0.017569s ]
INFO: [ view_parse ] --END-- [ RunTime:0.017666s ]
INFO: [ view_filter ] --START--
INFO: ContentReplace Behavior ::run [ RunTime:0.000969s ]
INFO: TokenBuild Behavior ::run [ RunTime:0.000928s ]
INFO: WriteHtmlCache Behavior ::run [ RunTime:0.000890s ]
INFO: ShowRuntime Behavior ::run [ RunTime:0.000996s ]
INFO: [ view_filter ] --END-- [ RunTime:0.003996s ]
INFO: [ view_end ] --START--
INFO: ShowPageTrace Behavior ::run [ RunTime:0.001045s ]
INFO: [ view_end ] --END-- [ RunTime:0.001108s ]

[ 2016-05-08T16:48:31+08:00 ] 127.0.0.1 /SoftwareEngineering/index.php/Msystem/Grade/Gupdate
INFO: [ route_check ] --START--
INFO: CheckRoute Behavior ::run [ RunTime:0.001111s ]
INFO: [ route_check ] --END-- [ RunTime:0.001208s ]
INFO: [ app_begin ] --START--
INFO: ReadHtmlCache Behavior ::run [ RunTime:0.001034s ]
INFO: [ app_begin ] --END-- [ RunTime:0.001108s ]
NOTIC: [8] Undefined index: submitS E:\wamp\www\myphp\SoftwareEngineering\APP\Modules\Msystem\Action\GradeAction.class.php 第 94 行.
NOTIC: [8] Undefined index: submitU E:\wamp\www\myphp\SoftwareEngineering\APP\Modules\Msystem\Action\GradeAction.class.php 第 112 行.
INFO: [ view_parse ] --START--
NOTIC: [8] Undefined variable: tab E:\wamp\www\myphp\SoftwareEngineering\APP\Runtime\Cache\Msystem\93ebd9f131f8cbae147802f41d50eee2.php 第 28 行.
INFO: ParseTemplate Behavior ::run [ RunTime:0.012798s ]
INFO: [ view_parse ] --END-- [ RunTime:0.012928s ]
INFO: [ view_filter ] --START--
INFO: ContentReplace Behavior ::run [ RunTime:0.000932s ]
INFO: TokenBuild Behavior ::run [ RunTime:0.001161s ]
INFO: WriteHtmlCache Behavior ::run [ RunTime:0.000852s ]
INFO: ShowRuntime Behavior ::run [ RunTime:0.001258s ]
INFO: [ view_filter ] --END-- [ RunTime:0.004438s ]
INFO: [ view_end ] --START--
INFO: ShowPageTrace Behavior ::run [ RunTime:0.001099s ]
INFO: [ view_end ] --END-- [ RunTime:0.001172s ]

[ 2016-05-08T16:48:32+08:00 ] 127.0.0.1 /SoftwareEngineering/index.php/Msystem/Grade/Gcalculate
INFO: [ route_check ] --START--
INFO: CheckRoute Behavior ::run [ RunTime:0.001142s ]
INFO: [ route_check ] --END-- [ RunTime:0.001232s ]
INFO: [ app_begin ] --START--
INFO: ReadHtmlCache Behavior ::run [ RunTime:0.001026s ]
INFO: [ app_begin ] --END-- [ RunTime:0.001107s ]
SQL: SHOW COLUMNS FROM `zxy_information` [ RunTime:0.004508s ]
SQL: SHOW COLUMNS FROM `zxy_table` [ RunTime:0.025878s ]
SQL: SHOW COLUMNS FROM `zxy_grade` [ RunTime:0.005504s ]
NOTIC: [8] Undefined index: submit E:\wamp\www\myphp\SoftwareEngineering\APP\Modules\Msystem\Action\GradeAction.class.php 第 167 行.
INFO: [ view_parse ] --START--
NOTIC: [8] Undefined index: a E:\wamp\www\myphp\SoftwareEngineering\APP\Runtime\Cache\Msystem\23037b2f7230624cba2cf879baae484d.php 第 25 行.
NOTIC: [8] Undefined index: b E:\wamp\www\myphp\SoftwareEngineering\APP\Runtime\Cache\Msystem\23037b2f7230624cba2cf879baae484d.php 第 26 行.
NOTIC: [8] Undefined index: c E:\wamp\www\myphp\SoftwareEngineering\APP\Runtime\Cache\Msystem\23037b2f7230624cba2cf879baae484d.php 第 27 行.
NOTIC: [8] Undefined index: d E:\wamp\www\myphp\SoftwareEngineering\APP\Runtime\Cache\Msystem\23037b2f7230624cba2cf879baae484d.php 第 28 行.
NOTIC: [8] Undefined index: e E:\wamp\www\myphp\SoftwareEngineering\APP\Runtime\Cache\Msystem\23037b2f7230624cba2cf879baae484d.php 第 29 行.
NOTIC: [8] Undefined index: num E:\wamp\www\myphp\SoftwareEngineering\APP\Runtime\Cache\Msystem\23037b2f7230624cba2cf879baae484d.php 第 35 行.
NOTIC: [8] Undefined index: name E:\wamp\www\myphp\SoftwareEngineering\APP\Runtime\Cache\Msystem\23037b2f7230624cba2cf879baae484d.php 第 36 行.
NOTIC: [8] Undefined index: A E:\wamp\www\myphp\SoftwareEngineering\APP\Runtime\Cache\Msystem\23037b2f7230624cba2cf879baae484d.php 第 37 行.
NOTIC: [8] Undefined index: B E:\wamp\www\myphp\SoftwareEngineering\APP\Runtime\Cache\Msystem\23037b2f7230624cba2cf879baae484d.php 第 38 行.
NOTIC: [8] Undefined index: C E:\wamp\www\myphp\SoftwareEngineering\APP\Runtime\Cache\Msystem\23037b2f7230624cba2cf879baae484d.php 第 39 行.
NOTIC: [8] Undefined index: D E:\wamp\www\myphp\SoftwareEngineering\APP\Runtime\Cache\Msystem\23037b2f7230624cba2cf879baae484d.php 第 40 行.
NOTIC: [8] Undefined index: E E:\wamp\www\myphp\SoftwareEngineering\APP\Runtime\Cache\Msystem\23037b2f7230624cba2cf879baae484d.php 第 41 行.
NOTIC: [8] Undefined index: f E:\wamp\www\myphp\SoftwareEngineering\APP\Runtime\Cache\Msystem\23037b2f7230624cba2cf879baae484d.php 第 44 行.
NOTIC: [8] Undefined index: g E:\wamp\www\myphp\SoftwareEngineering\APP\Runtime\Cache\Msystem\23037b2f7230624cba2cf879baae484d.php 第 45 行.
NOTIC: [8] Undefined index: h E:\wamp\www\myphp\SoftwareEngineering\APP\Runtime\Cache\Msystem\23037b2f7230624cba2cf879baae484d.php 第 46 行.
NOTIC: [8] Undefined index: i E:\wamp\www\myphp\SoftwareEngineering\APP\Runtime\Cache\Msystem\23037b2f7230624cba2cf879baae484d.php 第 47 行.
NOTIC: [8] Undefined index: F E:\wamp\www\myphp\SoftwareEngineering\APP\Runtime\Cache\Msystem\23037b2f7230624cba2cf879baae484d.php 第 53 行.
NOTIC: [8] Undefined index: G E:\wamp\www\myphp\SoftwareEngineering\APP\Runtime\Cache\Msystem\23037b2f7230624cba2cf879baae484d.php 第 54 行.
NOTIC: [8] Undefined index: H E:\wamp\www\myphp\SoftwareEngineering\APP\Runtime\Cache\Msystem\23037b2f7230624cba2cf879baae484d.php 第 55 行.
NOTIC: [8] Undefined index: I E:\wamp\www\myphp\SoftwareEngineering\APP\Runtime\Cache\Msystem\23037b2f7230624cba2cf879baae484d.php 第 56 行.
NOTIC: [8] Undefined index: sports E:\wamp\www\myphp\SoftwareEngineering\APP\Runtime\Cache\Msystem\23037b2f7230624cba2cf879baae484d.php 第 57 行.
NOTIC: [8] Undefined index: active E:\wamp\www\myphp\SoftwareEngineering\APP\Runtime\Cache\Msystem\23037b2f7230624cba2cf879baae484d.php 第 58 行.
NOTIC: [8] Undefined index: all E:\wamp\www\myphp\SoftwareEngineering\APP\Runtime\Cache\Msystem\23037b2f7230624cba2cf879baae484d.php 第 59 行.
INFO: ParseTemplate Behavior ::run [ RunTime:0.017851s ]
INFO: [ view_parse ] --END-- [ RunTime:0.017952s ]
INFO: [ view_filter ] --START--
INFO: ContentReplace Behavior ::run [ RunTime:0.000940s ]
INFO: TokenBuild Behavior ::run [ RunTime:0.000979s ]
INFO: WriteHtmlCache Behavior ::run [ RunTime:0.000893s ]
INFO: ShowRuntime Behavior ::run [ RunTime:0.000949s ]
INFO: [ view_filter ] --END-- [ RunTime:0.003946s ]
INFO: [ view_end ] --START--
INFO: ShowPageTrace Behavior ::run [ RunTime:0.001030s ]
INFO: [ view_end ] --END-- [ RunTime:0.001094s ]

[ 2016-05-08T16:48:32+08:00 ] 127.0.0.1 /SoftwareEngineering/index.php/Msystem/Grade/Grank
INFO: [ route_check ] --START--
INFO: CheckRoute Behavior ::run [ RunTime:0.001123s ]
INFO: [ route_check ] --END-- [ RunTime:0.001207s ]
INFO: [ app_begin ] --START--
INFO: ReadHtmlCache Behavior ::run [ RunTime:0.000998s ]
INFO: [ app_begin ] --END-- [ RunTime:0.001071s ]
NOTIC: [8] Undefined index: submit E:\wamp\www\myphp\SoftwareEngineering\APP\Modules\Msystem\Action\GradeAction.class.php 第 225 行.
INFO: [ view_parse ] --START--
NOTIC: [8] Undefined index: department E:\wamp\www\myphp\SoftwareEngineering\APP\Runtime\Cache\Msystem\23dacfc7228fa47aca0c6ce9d1f6c82b.php 第 17 行.
NOTIC: [8] Undefined index: department E:\wamp\www\myphp\SoftwareEngineering\APP\Runtime\Cache\Msystem\23dacfc7228fa47aca0c6ce9d1f6c82b.php 第 18 行.
NOTIC: [8] Undefined index: department E:\wamp\www\myphp\SoftwareEngineering\APP\Runtime\Cache\Msystem\23dacfc7228fa47aca0c6ce9d1f6c82b.php 第 19 行.
NOTIC: [8] Undefined variable: gra E:\wamp\www\myphp\SoftwareEngineering\APP\Runtime\Cache\Msystem\23dacfc7228fa47aca0c6ce9d1f6c82b.php 第 28 行.
INFO: ParseTemplate Behavior ::run [ RunTime:0.026086s ]
INFO: [ view_parse ] --END-- [ RunTime:0.026163s ]
INFO: [ view_filter ] --START--
INFO: ContentReplace Behavior ::run [ RunTime:0.000949s ]
INFO: TokenBuild Behavior ::run [ RunTime:0.000972s ]
INFO: WriteHtmlCache Behavior ::run [ RunTime:0.000853s ]
INFO: ShowRuntime Behavior ::run [ RunTime:0.001201s ]
INFO: [ view_filter ] --END-- [ RunTime:0.004178s ]
INFO: [ view_end ] --START--
INFO: ShowPageTrace Behavior ::run [ RunTime:0.001064s ]
INFO: [ view_end ] --END-- [ RunTime:0.001135s ]

[ 2016-05-08T16:49:11+08:00 ] 127.0.0.1 /SoftwareEngineering/index.php/Msystem/Information/select
INFO: [ route_check ] --START--
INFO: CheckRoute Behavior ::run [ RunTime:0.000938s ]
INFO: [ route_check ] --END-- [ RunTime:0.001025s ]
INFO: [ app_begin ] --START--
INFO: ReadHtmlCache Behavior ::run [ RunTime:0.000646s ]
INFO: [ app_begin ] --END-- [ RunTime:0.000720s ]
NOTIC: [8] Undefined index: submit E:\wamp\www\myphp\SoftwareEngineering\APP\Modules\Msystem\Action\InformationAction.class.php 第 81 行.
INFO: [ view_parse ] --START--
NOTIC: [8] Undefined variable: select E:\wamp\www\myphp\SoftwareEngineering\APP\Runtime\Cache\Msystem\21475d8ba582a4e17fdc557314f74205.php 第 21 行.
INFO: ParseTemplate Behavior ::run [ RunTime:0.008461s ]
INFO: [ view_parse ] --END-- [ RunTime:0.008544s ]
INFO: [ view_filter ] --START--
INFO: ContentReplace Behavior ::run [ RunTime:0.000807s ]
INFO: TokenBuild Behavior ::run [ RunTime:0.000656s ]
INFO: WriteHtmlCache Behavior ::run [ RunTime:0.000578s ]
INFO: ShowRuntime Behavior ::run [ RunTime:0.000709s ]
INFO: [ view_filter ] --END-- [ RunTime:0.002974s ]
INFO: [ view_end ] --START--
INFO: ShowPageTrace Behavior ::run [ RunTime:0.000737s ]
INFO: [ view_end ] --END-- [ RunTime:0.000809s ]

[ 2016-05-08T16:49:12+08:00 ] 127.0.0.1 /SoftwareEngineering/index.php/Msystem/Information/update
INFO: [ route_check ] --START--
INFO: CheckRoute Behavior ::run [ RunTime:0.000722s ]
INFO: [ route_check ] --END-- [ RunTime:0.000814s ]
INFO: [ app_begin ] --START--
INFO: ReadHtmlCache Behavior ::run [ RunTime:0.000597s ]
INFO: [ app_begin ] --END-- [ RunTime:0.000671s ]
NOTIC: [8] Undefined index: submit E:\wamp\www\myphp\SoftwareEngineering\APP\Modules\Msystem\Action\InformationAction.class.php 第 38 行.
INFO: [ view_parse ] --START--
INFO: ParseTemplate Behavior ::run [ RunTime:0.006200s ]
INFO: [ view_parse ] --END-- [ RunTime:0.006291s ]
INFO: [ view_filter ] --START--
INFO: ContentReplace Behavior ::run [ RunTime:0.000515s ]
INFO: TokenBuild Behavior ::run [ RunTime:0.000506s ]
INFO: WriteHtmlCache Behavior ::run [ RunTime:0.000406s ]
INFO: ShowRuntime Behavior ::run [ RunTime:0.000577s ]
INFO: [ view_filter ] --END-- [ RunTime:0.002225s ]
INFO: [ view_end ] --START--
INFO: ShowPageTrace Behavior ::run [ RunTime:0.000597s ]
INFO: [ view_end ] --END-- [ RunTime:0.000682s ]

[ 2016-05-08T16:49:12+08:00 ] 127.0.0.1 /SoftwareEngineering/index.php/Msystem/Information/select
INFO: [ route_check ] --START--
INFO: CheckRoute Behavior ::run [ RunTime:0.000774s ]
INFO: [ route_check ] --END-- [ RunTime:0.000868s ]
INFO: [ app_begin ] --START--
INFO: ReadHtmlCache Behavior ::run [ RunTime:0.000568s ]
INFO: [ app_begin ] --END-- [ RunTime:0.000655s ]
NOTIC: [8] Undefined index: submit E:\wamp\www\myphp\SoftwareEngineering\APP\Modules\Msystem\Action\InformationAction.class.php 第 81 行.
INFO: [ view_parse ] --START--
NOTIC: [8] Undefined variable: select E:\wamp\www\myphp\SoftwareEngineering\APP\Runtime\Cache\Msystem\21475d8ba582a4e17fdc557314f74205.php 第 21 行.
INFO: ParseTemplate Behavior ::run [ RunTime:0.007670s ]
INFO: [ view_parse ] --END-- [ RunTime:0.007797s ]
INFO: [ view_filter ] --START--
INFO: ContentReplace Behavior ::run [ RunTime:0.000646s ]
INFO: TokenBuild Behavior ::run [ RunTime:0.000557s ]
INFO: WriteHtmlCache Behavior ::run [ RunTime:0.000419s ]
INFO: ShowRuntime Behavior ::run [ RunTime:0.000640s ]
INFO: [ view_filter ] --END-- [ RunTime:0.002501s ]
INFO: [ view_end ] --START--
INFO: ShowPageTrace Behavior ::run [ RunTime:0.000683s ]
INFO: [ view_end ] --END-- [ RunTime:0.000785s ]

[ 2016-05-08T16:49:13+08:00 ] 127.0.0.1 /SoftwareEngineering/index.php/Msystem/Information/selClass
INFO: [ route_check ] --START--
INFO: CheckRoute Behavior ::run [ RunTime:0.000767s ]
INFO: [ route_check ] --END-- [ RunTime:0.000858s ]
INFO: [ app_begin ] --START--
INFO: ReadHtmlCache Behavior ::run [ RunTime:0.000583s ]
INFO: [ app_begin ] --END-- [ RunTime:0.000651s ]
NOTIC: [8] Undefined index: department E:\wamp\www\myphp\SoftwareEngineering\APP\Modules\Msystem\Action\InformationAction.class.php 第 98 行.
NOTIC: [8] Undefined index: class E:\wamp\www\myphp\SoftwareEngineering\APP\Modules\Msystem\Action\InformationAction.class.php 第 99 行.
SQL: SHOW COLUMNS FROM `zxy_information` [ RunTime:0.004293s ]
SQL: SELECT * FROM `zxy_information` WHERE ( `department` = null ) AND ( `class` = null )  [ RunTime:0.000266s ]
INFO: [ view_parse ] --START--
NOTIC: [8] Undefined index: department E:\wamp\www\myphp\SoftwareEngineering\APP\Runtime\Cache\Msystem\7c3c855d981ecbbc3db75da3e719b590.php 第 33 行.
NOTIC: [8] Undefined index: class E:\wamp\www\myphp\SoftwareEngineering\APP\Runtime\Cache\Msystem\7c3c855d981ecbbc3db75da3e719b590.php 第 33 行.
SQL: SELECT * FROM `zxy_information` WHERE ( `department` = null ) AND ( `class` = null )  [ RunTime:0.000396s ]
INFO: ParseTemplate Behavior ::run [ RunTime:0.008652s ]
INFO: [ view_parse ] --END-- [ RunTime:0.008728s ]
INFO: [ view_filter ] --START--
INFO: ContentReplace Behavior ::run [ RunTime:0.000504s ]
INFO: TokenBuild Behavior ::run [ RunTime:0.000508s ]
INFO: WriteHtmlCache Behavior ::run [ RunTime:0.000433s ]
INFO: ShowRuntime Behavior ::run [ RunTime:0.000564s ]
INFO: [ view_filter ] --END-- [ RunTime:0.002203s ]
INFO: [ view_end ] --START--
INFO: ShowPageTrace Behavior ::run [ RunTime:0.000636s ]
INFO: [ view_end ] --END-- [ RunTime:0.000700s ]

[ 2016-05-08T16:49:13+08:00 ] 127.0.0.1 /SoftwareEngineering/index.php/Msystem/Information/update
INFO: [ route_check ] --START--
INFO: CheckRoute Behavior ::run [ RunTime:0.000678s ]
INFO: [ route_check ] --END-- [ RunTime:0.000764s ]
INFO: [ app_begin ] --START--
INFO: ReadHtmlCache Behavior ::run [ RunTime:0.000557s ]
INFO: [ app_begin ] --END-- [ RunTime:0.000629s ]
NOTIC: [8] Undefined index: submit E:\wamp\www\myphp\SoftwareEngineering\APP\Modules\Msystem\Action\InformationAction.class.php 第 38 行.
INFO: [ view_parse ] --START--
INFO: ParseTemplate Behavior ::run [ RunTime:0.006040s ]
INFO: [ view_parse ] --END-- [ RunTime:0.006121s ]
INFO: [ view_filter ] --START--
INFO: ContentReplace Behavior ::run [ RunTime:0.000509s ]
INFO: TokenBuild Behavior ::run [ RunTime:0.000507s ]
INFO: WriteHtmlCache Behavior ::run [ RunTime:0.000465s ]
INFO: ShowRuntime Behavior ::run [ RunTime:0.000608s ]
INFO: [ view_filter ] --END-- [ RunTime:0.002284s ]
INFO: [ view_end ] --START--
INFO: ShowPageTrace Behavior ::run [ RunTime:0.000651s ]
INFO: [ view_end ] --END-- [ RunTime:0.000720s ]

[ 2016-05-08T16:49:15+08:00 ] 127.0.0.1 /SoftwareEngineering/index.php/Msystem/Grade/Ginsert
INFO: [ route_check ] --START--
INFO: CheckRoute Behavior ::run [ RunTime:0.000692s ]
INFO: [ route_check ] --END-- [ RunTime:0.000785s ]
INFO: [ app_begin ] --START--
INFO: ReadHtmlCache Behavior ::run [ RunTime:0.000556s ]
INFO: [ app_begin ] --END-- [ RunTime:0.000628s ]
NOTIC: [8] Undefined index: submitS E:\wamp\www\myphp\SoftwareEngineering\APP\Modules\Msystem\Action\GradeAction.class.php 第 7 行.
NOTIC: [8] Undefined index: submitI E:\wamp\www\myphp\SoftwareEngineering\APP\Modules\Msystem\Action\GradeAction.class.php 第 26 行.
INFO: [ view_parse ] --START--
NOTIC: [8] Undefined variable: tab E:\wamp\www\myphp\SoftwareEngineering\APP\Runtime\Cache\Msystem\e0024ec7ecbd63d122870ff96b0e4b1e.php 第 28 行.
INFO: ParseTemplate Behavior ::run [ RunTime:0.018839s ]
INFO: [ view_parse ] --END-- [ RunTime:0.018915s ]
INFO: [ view_filter ] --START--
INFO: ContentReplace Behavior ::run [ RunTime:0.000518s ]
INFO: TokenBuild Behavior ::run [ RunTime:0.000483s ]
INFO: WriteHtmlCache Behavior ::run [ RunTime:0.000392s ]
INFO: ShowRuntime Behavior ::run [ RunTime:0.000556s ]
INFO: [ view_filter ] --END-- [ RunTime:0.002128s ]
INFO: [ view_end ] --START--
INFO: ShowPageTrace Behavior ::run [ RunTime:0.001047s ]
INFO: [ view_end ] --END-- [ RunTime:0.001124s ]

[ 2016-05-08T16:49:15+08:00 ] 127.0.0.1 /SoftwareEngineering/index.php/Msystem/Grade/Gcalculate
INFO: [ route_check ] --START--
INFO: CheckRoute Behavior ::run [ RunTime:0.000650s ]
INFO: [ route_check ] --END-- [ RunTime:0.000733s ]
INFO: [ app_begin ] --START--
INFO: ReadHtmlCache Behavior ::run [ RunTime:0.000531s ]
INFO: [ app_begin ] --END-- [ RunTime:0.000598s ]
SQL: SHOW COLUMNS FROM `zxy_information` [ RunTime:0.004387s ]
SQL: SHOW COLUMNS FROM `zxy_table` [ RunTime:0.004219s ]
SQL: SHOW COLUMNS FROM `zxy_grade` [ RunTime:0.003893s ]
NOTIC: [8] Undefined index: submit E:\wamp\www\myphp\SoftwareEngineering\APP\Modules\Msystem\Action\GradeAction.class.php 第 167 行.
INFO: [ view_parse ] --START--
NOTIC: [8] Undefined index: a E:\wamp\www\myphp\SoftwareEngineering\APP\Runtime\Cache\Msystem\23037b2f7230624cba2cf879baae484d.php 第 25 行.
NOTIC: [8] Undefined index: b E:\wamp\www\myphp\SoftwareEngineering\APP\Runtime\Cache\Msystem\23037b2f7230624cba2cf879baae484d.php 第 26 行.
NOTIC: [8] Undefined index: c E:\wamp\www\myphp\SoftwareEngineering\APP\Runtime\Cache\Msystem\23037b2f7230624cba2cf879baae484d.php 第 27 行.
NOTIC: [8] Undefined index: d E:\wamp\www\myphp\SoftwareEngineering\APP\Runtime\Cache\Msystem\23037b2f7230624cba2cf879baae484d.php 第 28 行.
NOTIC: [8] Undefined index: e E:\wamp\www\myphp\SoftwareEngineering\APP\Runtime\Cache\Msystem\23037b2f7230624cba2cf879baae484d.php 第 29 行.
NOTIC: [8] Undefined index: num E:\wamp\www\myphp\SoftwareEngineering\APP\Runtime\Cache\Msystem\23037b2f7230624cba2cf879baae484d.php 第 35 行.
NOTIC: [8] Undefined index: name E:\wamp\www\myphp\SoftwareEngineering\APP\Runtime\Cache\Msystem\23037b2f7230624cba2cf879baae484d.php 第 36 行.
NOTIC: [8] Undefined index: A E:\wamp\www\myphp\SoftwareEngineering\APP\Runtime\Cache\Msystem\23037b2f7230624cba2cf879baae484d.php 第 37 行.
NOTIC: [8] Undefined index: B E:\wamp\www\myphp\SoftwareEngineering\APP\Runtime\Cache\Msystem\23037b2f7230624cba2cf879baae484d.php 第 38 行.
NOTIC: [8] Undefined index: C E:\wamp\www\myphp\SoftwareEngineering\APP\Runtime\Cache\Msystem\23037b2f7230624cba2cf879baae484d.php 第 39 行.
NOTIC: [8] Undefined index: D E:\wamp\www\myphp\SoftwareEngineering\APP\Runtime\Cache\Msystem\23037b2f7230624cba2cf879baae484d.php 第 40 行.
NOTIC: [8] Undefined index: E E:\wamp\www\myphp\SoftwareEngineering\APP\Runtime\Cache\Msystem\23037b2f7230624cba2cf879baae484d.php 第 41 行.
NOTIC: [8] Undefined index: f E:\wamp\www\myphp\SoftwareEngineering\APP\Runtime\Cache\Msystem\23037b2f7230624cba2cf879baae484d.php 第 44 行.
NOTIC: [8] Undefined index: g E:\wamp\www\myphp\SoftwareEngineering\APP\Runtime\Cache\Msystem\23037b2f7230624cba2cf879baae484d.php 第 45 行.
NOTIC: [8] Undefined index: h E:\wamp\www\myphp\SoftwareEngineering\APP\Runtime\Cache\Msystem\23037b2f7230624cba2cf879baae484d.php 第 46 行.
NOTIC: [8] Undefined index: i E:\wamp\www\myphp\SoftwareEngineering\APP\Runtime\Cache\Msystem\23037b2f7230624cba2cf879baae484d.php 第 47 行.
NOTIC: [8] Undefined index: F E:\wamp\www\myphp\SoftwareEngineering\APP\Runtime\Cache\Msystem\23037b2f7230624cba2cf879baae484d.php 第 53 行.
NOTIC: [8] Undefined index: G E:\wamp\www\myphp\SoftwareEngineering\APP\Runtime\Cache\Msystem\23037b2f7230624cba2cf879baae484d.php 第 54 行.
NOTIC: [8] Undefined index: H E:\wamp\www\myphp\SoftwareEngineering\APP\Runtime\Cache\Msystem\23037b2f7230624cba2cf879baae484d.php 第 55 行.
NOTIC: [8] Undefined index: I E:\wamp\www\myphp\SoftwareEngineering\APP\Runtime\Cache\Msystem\23037b2f7230624cba2cf879baae484d.php 第 56 行.
NOTIC: [8] Undefined index: sports E:\wamp\www\myphp\SoftwareEngineering\APP\Runtime\Cache\Msystem\23037b2f7230624cba2cf879baae484d.php 第 57 行.
NOTIC: [8] Undefined index: active E:\wamp\www\myphp\SoftwareEngineering\APP\Runtime\Cache\Msystem\23037b2f7230624cba2cf879baae484d.php 第 58 行.
NOTIC: [8] Undefined index: all E:\wamp\www\myphp\SoftwareEngineering\APP\Runtime\Cache\Msystem\23037b2f7230624cba2cf879baae484d.php 第 59 行.
INFO: ParseTemplate Behavior ::run [ RunTime:0.008370s ]
INFO: [ view_parse ] --END-- [ RunTime:0.008452s ]
INFO: [ view_filter ] --START--
INFO: ContentReplace Behavior ::run [ RunTime:0.000578s ]
INFO: TokenBuild Behavior ::run [ RunTime:0.000512s ]
INFO: WriteHtmlCache Behavior ::run [ RunTime:0.000466s ]
INFO: ShowRuntime Behavior ::run [ RunTime:0.000562s ]
INFO: [ view_filter ] --END-- [ RunTime:0.002310s ]
INFO: [ view_end ] --START--
INFO: ShowPageTrace Behavior ::run [ RunTime:0.000564s ]
INFO: [ view_end ] --END-- [ RunTime:0.000638s ]

[ 2016-05-08T16:49:16+08:00 ] 127.0.0.1 /SoftwareEngineering/index.php/Msystem/Innovate/Iinsert
INFO: [ route_check ] --START--
INFO: CheckRoute Behavior ::run [ RunTime:0.000735s ]
INFO: [ route_check ] --END-- [ RunTime:0.000827s ]
INFO: [ app_begin ] --START--
INFO: ReadHtmlCache Behavior ::run [ RunTime:0.000534s ]
INFO: [ app_begin ] --END-- [ RunTime:0.000627s ]
NOTIC: [8] Undefined index: submit E:\wamp\www\myphp\SoftwareEngineering\APP\Modules\Msystem\Action\InnovateAction.class.php 第 6 行.
INFO: [ view_parse ] --START--
INFO: ParseTemplate Behavior ::run [ RunTime:0.017035s ]
INFO: [ view_parse ] --END-- [ RunTime:0.017252s ]
INFO: [ view_filter ] --START--
INFO: ContentReplace Behavior ::run [ RunTime:0.000708s ]
INFO: TokenBuild Behavior ::run [ RunTime:0.000642s ]
INFO: WriteHtmlCache Behavior ::run [ RunTime:0.000550s ]
INFO: ShowRuntime Behavior ::run [ RunTime:0.000808s ]
INFO: [ view_filter ] --END-- [ RunTime:0.003052s ]
INFO: [ view_end ] --START--
INFO: ShowPageTrace Behavior ::run [ RunTime:0.000910s ]
INFO: [ view_end ] --END-- [ RunTime:0.001033s ]

[ 2016-05-08T16:49:17+08:00 ] 127.0.0.1 /SoftwareEngineering/index.php/Msystem/Innovate/Iselect
INFO: [ route_check ] --START--
INFO: CheckRoute Behavior ::run [ RunTime:0.000709s ]
INFO: [ route_check ] --END-- [ RunTime:0.000818s ]
INFO: [ app_begin ] --START--
INFO: ReadHtmlCache Behavior ::run [ RunTime:0.000595s ]
INFO: [ app_begin ] --END-- [ RunTime:0.000664s ]
NOTIC: [8] Undefined index: submit E:\wamp\www\myphp\SoftwareEngineering\APP\Modules\Msystem\Action\InnovateAction.class.php 第 40 行.
INFO: [ view_parse ] --START--
NOTIC: [8] Undefined variable: foreach E:\wamp\www\myphp\SoftwareEngineering\APP\Runtime\Cache\Msystem\f2a96a4d6cdd1b2800256a765c9f346a.php 第 28 行.
INFO: ParseTemplate Behavior ::run [ RunTime:0.018114s ]
INFO: [ view_parse ] --END-- [ RunTime:0.018204s ]
INFO: [ view_filter ] --START--
INFO: ContentReplace Behavior ::run [ RunTime:0.000562s ]
INFO: TokenBuild Behavior ::run [ RunTime:0.000512s ]
INFO: WriteHtmlCache Behavior ::run [ RunTime:0.000410s ]
INFO: ShowRuntime Behavior ::run [ RunTime:0.000581s ]
INFO: [ view_filter ] --END-- [ RunTime:0.002284s ]
INFO: [ view_end ] --START--
INFO: ShowPageTrace Behavior ::run [ RunTime:0.000821s ]
INFO: [ view_end ] --END-- [ RunTime:0.000910s ]

[ 2016-05-08T16:49:18+08:00 ] 127.0.0.1 /SoftwareEngineering/index.php/Msystem/RandP/insert
INFO: [ route_check ] --START--
INFO: CheckRoute Behavior ::run [ RunTime:0.000675s ]
INFO: [ route_check ] --END-- [ RunTime:0.000768s ]
INFO: [ app_begin ] --START--
INFO: ReadHtmlCache Behavior ::run [ RunTime:0.000570s ]
INFO: [ app_begin ] --END-- [ RunTime:0.000643s ]
NOTIC: [8] Undefined index: submit E:\wamp\www\myphp\SoftwareEngineering\APP\Modules\Msystem\Action\RandPAction.class.php 第 6 行.
INFO: [ view_parse ] --START--
INFO: ParseTemplate Behavior ::run [ RunTime:0.019384s ]
INFO: [ view_parse ] --END-- [ RunTime:0.019474s ]
INFO: [ view_filter ] --START--
INFO: ContentReplace Behavior ::run [ RunTime:0.000515s ]
INFO: TokenBuild Behavior ::run [ RunTime:0.000520s ]
INFO: WriteHtmlCache Behavior ::run [ RunTime:0.000425s ]
INFO: ShowRuntime Behavior ::run [ RunTime:0.000564s ]
INFO: [ view_filter ] --END-- [ RunTime:0.002227s ]
INFO: [ view_end ] --START--
INFO: ShowPageTrace Behavior ::run [ RunTime:0.000612s ]
INFO: [ view_end ] --END-- [ RunTime:0.000704s ]

[ 2016-05-08T16:49:19+08:00 ] 127.0.0.1 /SoftwareEngineering/index.php/Msystem/RandP/select?username=zxy
INFO: [ route_check ] --START--
INFO: CheckRoute Behavior ::run [ RunTime:0.000807s ]
INFO: [ route_check ] --END-- [ RunTime:0.000902s ]
INFO: [ app_begin ] --START--
INFO: ReadHtmlCache Behavior ::run [ RunTime:0.000746s ]
INFO: [ app_begin ] --END-- [ RunTime:0.000840s ]
SQL: SHOW COLUMNS FROM `zxy_user` [ RunTime:0.004518s ]
SQL: SELECT * FROM `zxy_user` WHERE ( `username` = 'zxy' )  [ RunTime:0.001775s ]
NOTIC: [8] Undefined index: submitS E:\wamp\www\myphp\SoftwareEngineering\APP\Modules\Msystem\Action\RandPAction.class.php 第 81 行.
NOTIC: [8] Undefined index: submitI E:\wamp\www\myphp\SoftwareEngineering\APP\Modules\Msystem\Action\RandPAction.class.php 第 86 行.
INFO: [ view_parse ] --START--
NOTIC: [8] Undefined variable: reason E:\wamp\www\myphp\SoftwareEngineering\APP\Runtime\Cache\Msystem\079d25789a22adf788084e8d2e3d6590.php 第 30 行.
INFO: ParseTemplate Behavior ::run [ RunTime:0.016841s ]
INFO: [ view_parse ] --END-- [ RunTime:0.016994s ]
INFO: [ view_filter ] --START--
INFO: ContentReplace Behavior ::run [ RunTime:0.000846s ]
INFO: TokenBuild Behavior ::run [ RunTime:0.001276s ]
INFO: WriteHtmlCache Behavior ::run [ RunTime:0.000506s ]
INFO: ShowRuntime Behavior ::run [ RunTime:0.000669s ]
INFO: [ view_filter ] --END-- [ RunTime:0.003616s ]
INFO: [ view_end ] --START--
INFO: ShowPageTrace Behavior ::run [ RunTime:0.000669s ]
INFO: [ view_end ] --END-- [ RunTime:0.000755s ]

[ 2016-05-08T16:49:47+08:00 ] 127.0.0.1 /SoftwareEngineering/index.php/Msystem/Information/select
INFO: [ route_check ] --START--
INFO: CheckRoute Behavior ::run [ RunTime:0.000681s ]
INFO: [ route_check ] --END-- [ RunTime:0.000769s ]
INFO: [ app_begin ] --START--
INFO: ReadHtmlCache Behavior ::run [ RunTime:0.000551s ]
INFO: [ app_begin ] --END-- [ RunTime:0.000621s ]
NOTIC: [8] Undefined index: submit E:\wamp\www\myphp\SoftwareEngineering\APP\Modules\Msystem\Action\InformationAction.class.php 第 81 行.
INFO: [ view_parse ] --START--
NOTIC: [8] Undefined variable: select E:\wamp\www\myphp\SoftwareEngineering\APP\Runtime\Cache\Msystem\21475d8ba582a4e17fdc557314f74205.php 第 21 行.
INFO: ParseTemplate Behavior ::run [ RunTime:0.007344s ]
INFO: [ view_parse ] --END-- [ RunTime:0.007422s ]
INFO: [ view_filter ] --START--
INFO: ContentReplace Behavior ::run [ RunTime:0.000502s ]
INFO: TokenBuild Behavior ::run [ RunTime:0.000511s ]
INFO: WriteHtmlCache Behavior ::run [ RunTime:0.000411s ]
INFO: ShowRuntime Behavior ::run [ RunTime:0.000555s ]
INFO: [ view_filter ] --END-- [ RunTime:0.002184s ]
INFO: [ view_end ] --START--
INFO: ShowPageTrace Behavior ::run [ RunTime:0.000579s ]
INFO: [ view_end ] --END-- [ RunTime:0.000647s ]

[ 2016-05-08T16:49:47+08:00 ] 127.0.0.1 /SoftwareEngineering/index.php/Msystem/Information/update
INFO: [ route_check ] --START--
INFO: CheckRoute Behavior ::run [ RunTime:0.000637s ]
INFO: [ route_check ] --END-- [ RunTime:0.000721s ]
INFO: [ app_begin ] --START--
INFO: ReadHtmlCache Behavior ::run [ RunTime:0.000561s ]
INFO: [ app_begin ] --END-- [ RunTime:0.000626s ]
NOTIC: [8] Undefined index: submit E:\wamp\www\myphp\SoftwareEngineering\APP\Modules\Msystem\Action\InformationAction.class.php 第 38 行.
INFO: [ view_parse ] --START--
INFO: ParseTemplate Behavior ::run [ RunTime:0.005755s ]
INFO: [ view_parse ] --END-- [ RunTime:0.005824s ]
INFO: [ view_filter ] --START--
INFO: ContentReplace Behavior ::run [ RunTime:0.000553s ]
INFO: TokenBuild Behavior ::run [ RunTime:0.000682s ]
INFO: WriteHtmlCache Behavior ::run [ RunTime:0.000537s ]
INFO: ShowRuntime Behavior ::run [ RunTime:0.000781s ]
INFO: [ view_filter ] --END-- [ RunTime:0.002860s ]
INFO: [ view_end ] --START--
INFO: ShowPageTrace Behavior ::run [ RunTime:0.000698s ]
INFO: [ view_end ] --END-- [ RunTime:0.000778s ]

[ 2016-05-08T16:49:48+08:00 ] 127.0.0.1 /SoftwareEngineering/index.php/Msystem/Information/select
INFO: [ route_check ] --START--
INFO: CheckRoute Behavior ::run [ RunTime:0.000671s ]
INFO: [ route_check ] --END-- [ RunTime:0.000757s ]
INFO: [ app_begin ] --START--
INFO: ReadHtmlCache Behavior ::run [ RunTime:0.000549s ]
INFO: [ app_begin ] --END-- [ RunTime:0.000620s ]
NOTIC: [8] Undefined index: submit E:\wamp\www\myphp\SoftwareEngineering\APP\Modules\Msystem\Action\InformationAction.class.php 第 81 行.
INFO: [ view_parse ] --START--
NOTIC: [8] Undefined variable: select E:\wamp\www\myphp\SoftwareEngineering\APP\Runtime\Cache\Msystem\21475d8ba582a4e17fdc557314f74205.php 第 21 行.
INFO: ParseTemplate Behavior ::run [ RunTime:0.006952s ]
INFO: [ view_parse ] --END-- [ RunTime:0.007025s ]
INFO: [ view_filter ] --START--
INFO: ContentReplace Behavior ::run [ RunTime:0.000499s ]
INFO: TokenBuild Behavior ::run [ RunTime:0.000454s ]
INFO: WriteHtmlCache Behavior ::run [ RunTime:0.000663s ]
INFO: ShowRuntime Behavior ::run [ RunTime:0.000655s ]
INFO: [ view_filter ] --END-- [ RunTime:0.002497s ]
INFO: [ view_end ] --START--
INFO: ShowPageTrace Behavior ::run [ RunTime:0.000595s ]
INFO: [ view_end ] --END-- [ RunTime:0.000666s ]

[ 2016-05-08T16:49:49+08:00 ] 127.0.0.1 /SoftwareEngineering/index.php/Msystem/Information/select
INFO: [ route_check ] --START--
INFO: CheckRoute Behavior ::run [ RunTime:0.000678s ]
INFO: [ route_check ] --END-- [ RunTime:0.000768s ]
INFO: [ app_begin ] --START--
INFO: ReadHtmlCache Behavior ::run [ RunTime:0.000571s ]
INFO: [ app_begin ] --END-- [ RunTime:0.000643s ]
SQL: SHOW COLUMNS FROM `zxy_information` [ RunTime:0.014083s ]
SQL: SELECT * FROM `zxy_information` WHERE ( num=1 )  [ RunTime:0.000538s ]
INFO: [ view_parse ] --START--
INFO: ParseTemplate Behavior ::run [ RunTime:0.007279s ]
INFO: [ view_parse ] --END-- [ RunTime:0.007364s ]
INFO: [ view_filter ] --START--
INFO: ContentReplace Behavior ::run [ RunTime:0.000508s ]
INFO: TokenBuild Behavior ::run [ RunTime:0.000599s ]
INFO: WriteHtmlCache Behavior ::run [ RunTime:0.000464s ]
INFO: ShowRuntime Behavior ::run [ RunTime:0.000591s ]
INFO: [ view_filter ] --END-- [ RunTime:0.002416s ]
INFO: [ view_end ] --START--
INFO: ShowPageTrace Behavior ::run [ RunTime:0.000634s ]
INFO: [ view_end ] --END-- [ RunTime:0.000718s ]

[ 2016-05-08T16:50:24+08:00 ] 127.0.0.1 /SoftwareEngineering/index.php/Msystem/Information/update
INFO: [ route_check ] --START--
INFO: CheckRoute Behavior ::run [ RunTime:0.000670s ]
INFO: [ route_check ] --END-- [ RunTime:0.000755s ]
INFO: [ app_begin ] --START--
INFO: ReadHtmlCache Behavior ::run [ RunTime:0.000557s ]
INFO: [ app_begin ] --END-- [ RunTime:0.000627s ]
NOTIC: [8] Undefined index: submit E:\wamp\www\myphp\SoftwareEngineering\APP\Modules\Msystem\Action\InformationAction.class.php 第 38 行.
INFO: [ view_parse ] --START--
INFO: ParseTemplate Behavior ::run [ RunTime:0.006841s ]
INFO: [ view_parse ] --END-- [ RunTime:0.006928s ]
INFO: [ view_filter ] --START--
INFO: ContentReplace Behavior ::run [ RunTime:0.000514s ]
INFO: TokenBuild Behavior ::run [ RunTime:0.000490s ]
INFO: WriteHtmlCache Behavior ::run [ RunTime:0.000399s ]
INFO: ShowRuntime Behavior ::run [ RunTime:0.000538s ]
INFO: [ view_filter ] --END-- [ RunTime:0.002141s ]
INFO: [ view_end ] --START--
INFO: ShowPageTrace Behavior ::run [ RunTime:0.000580s ]
INFO: [ view_end ] --END-- [ RunTime:0.000653s ]

[ 2016-05-08T16:50:25+08:00 ] 127.0.0.1 /SoftwareEngineering/index.php/Msystem/Information/select
INFO: [ route_check ] --START--
INFO: CheckRoute Behavior ::run [ RunTime:0.000686s ]
INFO: [ route_check ] --END-- [ RunTime:0.000772s ]
INFO: [ app_begin ] --START--
INFO: ReadHtmlCache Behavior ::run [ RunTime:0.000557s ]
INFO: [ app_begin ] --END-- [ RunTime:0.000627s ]
NOTIC: [8] Undefined index: submit E:\wamp\www\myphp\SoftwareEngineering\APP\Modules\Msystem\Action\InformationAction.class.php 第 81 行.
INFO: [ view_parse ] --START--
NOTIC: [8] Undefined variable: select E:\wamp\www\myphp\SoftwareEngineering\APP\Runtime\Cache\Msystem\21475d8ba582a4e17fdc557314f74205.php 第 21 行.
INFO: ParseTemplate Behavior ::run [ RunTime:0.007563s ]
INFO: [ view_parse ] --END-- [ RunTime:0.007641s ]
INFO: [ view_filter ] --START--
INFO: ContentReplace Behavior ::run [ RunTime:0.000511s ]
INFO: TokenBuild Behavior ::run [ RunTime:0.000509s ]
INFO: WriteHtmlCache Behavior ::run [ RunTime:0.000414s ]
INFO: ShowRuntime Behavior ::run [ RunTime:0.000621s ]
INFO: [ view_filter ] --END-- [ RunTime:0.002261s ]
INFO: [ view_end ] --START--
INFO: ShowPageTrace Behavior ::run [ RunTime:0.000672s ]
INFO: [ view_end ] --END-- [ RunTime:0.000741s ]

[ 2016-05-08T16:50:29+08:00 ] 127.0.0.1 /SoftwareEngineering/index.php/Msystem/Information/selClass
INFO: [ route_check ] --START--
INFO: CheckRoute Behavior ::run [ RunTime:0.000721s ]
INFO: [ route_check ] --END-- [ RunTime:0.000808s ]
INFO: [ app_begin ] --START--
INFO: ReadHtmlCache Behavior ::run [ RunTime:0.000611s ]
INFO: [ app_begin ] --END-- [ RunTime:0.000682s ]
NOTIC: [8] Undefined index: department E:\wamp\www\myphp\SoftwareEngineering\APP\Modules\Msystem\Action\InformationAction.class.php 第 98 行.
NOTIC: [8] Undefined index: class E:\wamp\www\myphp\SoftwareEngineering\APP\Modules\Msystem\Action\InformationAction.class.php 第 99 行.
SQL: SHOW COLUMNS FROM `zxy_information` [ RunTime:0.004333s ]
SQL: SELECT * FROM `zxy_information` WHERE ( `department` = null ) AND ( `class` = null )  [ RunTime:0.000400s ]
INFO: [ view_parse ] --START--
NOTIC: [8] Undefined index: department E:\wamp\www\myphp\SoftwareEngineering\APP\Runtime\Cache\Msystem\7c3c855d981ecbbc3db75da3e719b590.php 第 33 行.
NOTIC: [8] Undefined index: class E:\wamp\www\myphp\SoftwareEngineering\APP\Runtime\Cache\Msystem\7c3c855d981ecbbc3db75da3e719b590.php 第 33 行.
SQL: SELECT * FROM `zxy_information` WHERE ( `department` = null ) AND ( `class` = null )  [ RunTime:0.000820s ]
INFO: ParseTemplate Behavior ::run [ RunTime:0.008495s ]
INFO: [ view_parse ] --END-- [ RunTime:0.008569s ]
INFO: [ view_filter ] --START--
INFO: ContentReplace Behavior ::run [ RunTime:0.000600s ]
INFO: TokenBuild Behavior ::run [ RunTime:0.000516s ]
INFO: WriteHtmlCache Behavior ::run [ RunTime:0.000453s ]
INFO: ShowRuntime Behavior ::run [ RunTime:0.000555s ]
INFO: [ view_filter ] --END-- [ RunTime:0.002319s ]
INFO: [ view_end ] --START--
INFO: ShowPageTrace Behavior ::run [ RunTime:0.000635s ]
INFO: [ view_end ] --END-- [ RunTime:0.000698s ]

[ 2016-05-08T16:50:31+08:00 ] 127.0.0.1 /SoftwareEngineering/index.php/Msystem/Information/select
INFO: [ route_check ] --START--
INFO: CheckRoute Behavior ::run [ RunTime:0.000675s ]
INFO: [ route_check ] --END-- [ RunTime:0.000761s ]
INFO: [ app_begin ] --START--
INFO: ReadHtmlCache Behavior ::run [ RunTime:0.000580s ]
INFO: [ app_begin ] --END-- [ RunTime:0.000653s ]
NOTIC: [8] Undefined index: submit E:\wamp\www\myphp\SoftwareEngineering\APP\Modules\Msystem\Action\InformationAction.class.php 第 81 行.
INFO: [ view_parse ] --START--
NOTIC: [8] Undefined variable: select E:\wamp\www\myphp\SoftwareEngineering\APP\Runtime\Cache\Msystem\21475d8ba582a4e17fdc557314f74205.php 第 21 行.
INFO: ParseTemplate Behavior ::run [ RunTime:0.007176s ]
INFO: [ view_parse ] --END-- [ RunTime:0.007251s ]
INFO: [ view_filter ] --START--
INFO: ContentReplace Behavior ::run [ RunTime:0.000508s ]
INFO: TokenBuild Behavior ::run [ RunTime:0.000515s ]
INFO: WriteHtmlCache Behavior ::run [ RunTime:0.000413s ]
INFO: ShowRuntime Behavior ::run [ RunTime:0.000558s ]
INFO: [ view_filter ] --END-- [ RunTime:0.002200s ]
INFO: [ view_end ] --START--
INFO: ShowPageTrace Behavior ::run [ RunTime:0.000602s ]
INFO: [ view_end ] --END-- [ RunTime:0.000674s ]

[ 2016-05-08T16:50:31+08:00 ] 127.0.0.1 /SoftwareEngineering/index.php/Msystem/Information/selClass
INFO: [ route_check ] --START--
INFO: CheckRoute Behavior ::run [ RunTime:0.000684s ]
INFO: [ route_check ] --END-- [ RunTime:0.000771s ]
INFO: [ app_begin ] --START--
INFO: ReadHtmlCache Behavior ::run [ RunTime:0.000589s ]
INFO: [ app_begin ] --END-- [ RunTime:0.000663s ]
NOTIC: [8] Undefined index: department E:\wamp\www\myphp\SoftwareEngineering\APP\Modules\Msystem\Action\InformationAction.class.php 第 98 行.
NOTIC: [8] Undefined index: class E:\wamp\www\myphp\SoftwareEngineering\APP\Modules\Msystem\Action\InformationAction.class.php 第 99 行.
SQL: SHOW COLUMNS FROM `zxy_information` [ RunTime:0.004490s ]
SQL: SELECT * FROM `zxy_information` WHERE ( `department` = null ) AND ( `class` = null )  [ RunTime:0.000509s ]
INFO: [ view_parse ] --START--
NOTIC: [8] Undefined index: department E:\wamp\www\myphp\SoftwareEngineering\APP\Runtime\Cache\Msystem\7c3c855d981ecbbc3db75da3e719b590.php 第 33 行.
NOTIC: [8] Undefined index: class E:\wamp\www\myphp\SoftwareEngineering\APP\Runtime\Cache\Msystem\7c3c855d981ecbbc3db75da3e719b590.php 第 33 行.
SQL: SELECT * FROM `zxy_information` WHERE ( `department` = null ) AND ( `class` = null )  [ RunTime:0.000696s ]
INFO: ParseTemplate Behavior ::run [ RunTime:0.008630s ]
INFO: [ view_parse ] --END-- [ RunTime:0.008704s ]
INFO: [ view_filter ] --START--
INFO: ContentReplace Behavior ::run [ RunTime:0.000533s ]
INFO: TokenBuild Behavior ::run [ RunTime:0.000561s ]
INFO: WriteHtmlCache Behavior ::run [ RunTime:0.000481s ]
INFO: ShowRuntime Behavior ::run [ RunTime:0.000565s ]
INFO: [ view_filter ] --END-- [ RunTime:0.002330s ]
INFO: [ view_end ] --START--
INFO: ShowPageTrace Behavior ::run [ RunTime:0.000611s ]
INFO: [ view_end ] --END-- [ RunTime:0.000675s ]

[ 2016-05-08T16:51:03+08:00 ] 127.0.0.1 /SoftwareEngineering/index.php/Msystem/Grade/Gupdate
INFO: [ route_check ] --START--
INFO: CheckRoute Behavior ::run [ RunTime:0.001199s ]
INFO: [ route_check ] --END-- [ RunTime:0.001287s ]
INFO: [ app_begin ] --START--
INFO: ReadHtmlCache Behavior ::run [ RunTime:0.001104s ]
INFO: [ app_begin ] --END-- [ RunTime:0.001176s ]
NOTIC: [8] Undefined index: submitS E:\wamp\www\myphp\SoftwareEngineering\APP\Modules\Msystem\Action\GradeAction.class.php 第 94 行.
NOTIC: [8] Undefined index: submitU E:\wamp\www\myphp\SoftwareEngineering\APP\Modules\Msystem\Action\GradeAction.class.php 第 112 行.
INFO: [ view_parse ] --START--
NOTIC: [8] Undefined variable: tab E:\wamp\www\myphp\SoftwareEngineering\APP\Runtime\Cache\Msystem\93ebd9f131f8cbae147802f41d50eee2.php 第 28 行.
INFO: ParseTemplate Behavior ::run [ RunTime:0.010113s ]
INFO: [ view_parse ] --END-- [ RunTime:0.010191s ]
INFO: [ view_filter ] --START--
INFO: ContentReplace Behavior ::run [ RunTime:0.000949s ]
INFO: TokenBuild Behavior ::run [ RunTime:0.000901s ]
INFO: WriteHtmlCache Behavior ::run [ RunTime:0.000800s ]
INFO: ShowRuntime Behavior ::run [ RunTime:0.000938s ]
INFO: [ view_filter ] --END-- [ RunTime:0.003777s ]
INFO: [ view_end ] --START--
INFO: ShowPageTrace Behavior ::run [ RunTime:0.000987s ]
INFO: [ view_end ] --END-- [ RunTime:0.001053s ]

[ 2016-05-08T16:51:04+08:00 ] 127.0.0.1 /SoftwareEngineering/index.php/Msystem/Grade/Ginsert
INFO: [ route_check ] --START--
INFO: CheckRoute Behavior ::run [ RunTime:0.001138s ]
INFO: [ route_check ] --END-- [ RunTime:0.001225s ]
INFO: [ app_begin ] --START--
INFO: ReadHtmlCache Behavior ::run [ RunTime:0.001024s ]
INFO: [ app_begin ] --END-- [ RunTime:0.001100s ]
NOTIC: [8] Undefined index: submitS E:\wamp\www\myphp\SoftwareEngineering\APP\Modules\Msystem\Action\GradeAction.class.php 第 7 行.
NOTIC: [8] Undefined index: submitI E:\wamp\www\myphp\SoftwareEngineering\APP\Modules\Msystem\Action\GradeAction.class.php 第 26 行.
INFO: [ view_parse ] --START--
NOTIC: [8] Undefined variable: tab E:\wamp\www\myphp\SoftwareEngineering\APP\Runtime\Cache\Msystem\e0024ec7ecbd63d122870ff96b0e4b1e.php 第 28 行.
INFO: ParseTemplate Behavior ::run [ RunTime:0.009181s ]
INFO: [ view_parse ] --END-- [ RunTime:0.009250s ]
INFO: [ view_filter ] --START--
INFO: ContentReplace Behavior ::run [ RunTime:0.000859s ]
INFO: TokenBuild Behavior ::run [ RunTime:0.000873s ]
INFO: WriteHtmlCache Behavior ::run [ RunTime:0.000834s ]
INFO: ShowRuntime Behavior ::run [ RunTime:0.001530s ]
INFO: [ view_filter ] --END-- [ RunTime:0.004341s ]
INFO: [ view_end ] --START--
INFO: ShowPageTrace Behavior ::run [ RunTime:0.001057s ]
INFO: [ view_end ] --END-- [ RunTime:0.001130s ]

[ 2016-05-08T16:51:04+08:00 ] 127.0.0.1 /SoftwareEngineering/index.php/Msystem/Grade/Gupdate
INFO: [ route_check ] --START--
INFO: CheckRoute Behavior ::run [ RunTime:0.001086s ]
INFO: [ route_check ] --END-- [ RunTime:0.001171s ]
INFO: [ app_begin ] --START--
INFO: ReadHtmlCache Behavior ::run [ RunTime:0.000970s ]
INFO: [ app_begin ] --END-- [ RunTime:0.001041s ]
NOTIC: [8] Undefined index: submitS E:\wamp\www\myphp\SoftwareEngineering\APP\Modules\Msystem\Action\GradeAction.class.php 第 94 行.
NOTIC: [8] Undefined index: submitU E:\wamp\www\myphp\SoftwareEngineering\APP\Modules\Msystem\Action\GradeAction.class.php 第 112 行.
INFO: [ view_parse ] --START--
NOTIC: [8] Undefined variable: tab E:\wamp\www\myphp\SoftwareEngineering\APP\Runtime\Cache\Msystem\93ebd9f131f8cbae147802f41d50eee2.php 第 28 行.
INFO: ParseTemplate Behavior ::run [ RunTime:0.009950s ]
INFO: [ view_parse ] --END-- [ RunTime:0.010028s ]
INFO: [ view_filter ] --START--
INFO: ContentReplace Behavior ::run [ RunTime:0.000875s ]
INFO: TokenBuild Behavior ::run [ RunTime:0.000911s ]
INFO: WriteHtmlCache Behavior ::run [ RunTime:0.000879s ]
INFO: ShowRuntime Behavior ::run [ RunTime:0.000963s ]
INFO: [ view_filter ] --END-- [ RunTime:0.003824s ]
INFO: [ view_end ] --START--
INFO: ShowPageTrace Behavior ::run [ RunTime:0.001059s ]
INFO: [ view_end ] --END-- [ RunTime:0.001128s ]

[ 2016-05-08T16:51:05+08:00 ] 127.0.0.1 /SoftwareEngineering/index.php/Msystem/Grade/Gcalculate
INFO: [ route_check ] --START--
INFO: CheckRoute Behavior ::run [ RunTime:0.001196s ]
INFO: [ route_check ] --END-- [ RunTime:0.001289s ]
INFO: [ app_begin ] --START--
INFO: ReadHtmlCache Behavior ::run [ RunTime:0.000997s ]
INFO: [ app_begin ] --END-- [ RunTime:0.001073s ]
SQL: SHOW COLUMNS FROM `zxy_information` [ RunTime:0.004511s ]
SQL: SHOW COLUMNS FROM `zxy_table` [ RunTime:0.003905s ]
SQL: SHOW COLUMNS FROM `zxy_grade` [ RunTime:0.003909s ]
NOTIC: [8] Undefined index: submit E:\wamp\www\myphp\SoftwareEngineering\APP\Modules\Msystem\Action\GradeAction.class.php 第 167 行.
INFO: [ view_parse ] --START--
NOTIC: [8] Undefined index: a E:\wamp\www\myphp\SoftwareEngineering\APP\Runtime\Cache\Msystem\23037b2f7230624cba2cf879baae484d.php 第 25 行.
NOTIC: [8] Undefined index: b E:\wamp\www\myphp\SoftwareEngineering\APP\Runtime\Cache\Msystem\23037b2f7230624cba2cf879baae484d.php 第 26 行.
NOTIC: [8] Undefined index: c E:\wamp\www\myphp\SoftwareEngineering\APP\Runtime\Cache\Msystem\23037b2f7230624cba2cf879baae484d.php 第 27 行.
NOTIC: [8] Undefined index: d E:\wamp\www\myphp\SoftwareEngineering\APP\Runtime\Cache\Msystem\23037b2f7230624cba2cf879baae484d.php 第 28 行.
NOTIC: [8] Undefined index: e E:\wamp\www\myphp\SoftwareEngineering\APP\Runtime\Cache\Msystem\23037b2f7230624cba2cf879baae484d.php 第 29 行.
NOTIC: [8] Undefined index: num E:\wamp\www\myphp\SoftwareEngineering\APP\Runtime\Cache\Msystem\23037b2f7230624cba2cf879baae484d.php 第 35 行.
NOTIC: [8] Undefined index: name E:\wamp\www\myphp\SoftwareEngineering\APP\Runtime\Cache\Msystem\23037b2f7230624cba2cf879baae484d.php 第 36 行.
NOTIC: [8] Undefined index: A E:\wamp\www\myphp\SoftwareEngineering\APP\Runtime\Cache\Msystem\23037b2f7230624cba2cf879baae484d.php 第 37 行.
NOTIC: [8] Undefined index: B E:\wamp\www\myphp\SoftwareEngineering\APP\Runtime\Cache\Msystem\23037b2f7230624cba2cf879baae484d.php 第 38 行.
NOTIC: [8] Undefined index: C E:\wamp\www\myphp\SoftwareEngineering\APP\Runtime\Cache\Msystem\23037b2f7230624cba2cf879baae484d.php 第 39 行.
NOTIC: [8] Undefined index: D E:\wamp\www\myphp\SoftwareEngineering\APP\Runtime\Cache\Msystem\23037b2f7230624cba2cf879baae484d.php 第 40 行.
NOTIC: [8] Undefined index: E E:\wamp\www\myphp\SoftwareEngineering\APP\Runtime\Cache\Msystem\23037b2f7230624cba2cf879baae484d.php 第 41 行.
NOTIC: [8] Undefined index: f E:\wamp\www\myphp\SoftwareEngineering\APP\Runtime\Cache\Msystem\23037b2f7230624cba2cf879baae484d.php 第 44 行.
NOTIC: [8] Undefined index: g E:\wamp\www\myphp\SoftwareEngineering\APP\Runtime\Cache\Msystem\23037b2f7230624cba2cf879baae484d.php 第 45 行.
NOTIC: [8] Undefined index: h E:\wamp\www\myphp\SoftwareEngineering\APP\Runtime\Cache\Msystem\23037b2f7230624cba2cf879baae484d.php 第 46 行.
NOTIC: [8] Undefined index: i E:\wamp\www\myphp\SoftwareEngineering\APP\Runtime\Cache\Msystem\23037b2f7230624cba2cf879baae484d.php 第 47 行.
NOTIC: [8] Undefined index: F E:\wamp\www\myphp\SoftwareEngineering\APP\Runtime\Cache\Msystem\23037b2f7230624cba2cf879baae484d.php 第 53 行.
NOTIC: [8] Undefined index: G E:\wamp\www\myphp\SoftwareEngineering\APP\Runtime\Cache\Msystem\23037b2f7230624cba2cf879baae484d.php 第 54 行.
NOTIC: [8] Undefined index: H E:\wamp\www\myphp\SoftwareEngineering\APP\Runtime\Cache\Msystem\23037b2f7230624cba2cf879baae484d.php 第 55 行.
NOTIC: [8] Undefined index: I E:\wamp\www\myphp\SoftwareEngineering\APP\Runtime\Cache\Msystem\23037b2f7230624cba2cf879baae484d.php 第 56 行.
NOTIC: [8] Undefined index: sports E:\wamp\www\myphp\SoftwareEngineering\APP\Runtime\Cache\Msystem\23037b2f7230624cba2cf879baae484d.php 第 57 行.
NOTIC: [8] Undefined index: active E:\wamp\www\myphp\SoftwareEngineering\APP\Runtime\Cache\Msystem\23037b2f7230624cba2cf879baae484d.php 第 58 行.
NOTIC: [8] Undefined index: all E:\wamp\www\myphp\SoftwareEngineering\APP\Runtime\Cache\Msystem\23037b2f7230624cba2cf879baae484d.php 第 59 行.
INFO: ParseTemplate Behavior ::run [ RunTime:0.010549s ]
INFO: [ view_parse ] --END-- [ RunTime:0.010628s ]
INFO: [ view_filter ] --START--
INFO: ContentReplace Behavior ::run [ RunTime:0.000761s ]
INFO: TokenBuild Behavior ::run [ RunTime:0.000797s ]
INFO: WriteHtmlCache Behavior ::run [ RunTime:0.000819s ]
INFO: ShowRuntime Behavior ::run [ RunTime:0.000881s ]
INFO: [ view_filter ] --END-- [ RunTime:0.003444s ]
INFO: [ view_end ] --START--
INFO: ShowPageTrace Behavior ::run [ RunTime:0.001103s ]
INFO: [ view_end ] --END-- [ RunTime:0.001165s ]

[ 2016-05-08T16:51:05+08:00 ] 127.0.0.1 /SoftwareEngineering/index.php/Msystem/Grade/Grank
INFO: [ route_check ] --START--
INFO: CheckRoute Behavior ::run [ RunTime:0.001144s ]
INFO: [ route_check ] --END-- [ RunTime:0.001240s ]
INFO: [ app_begin ] --START--
INFO: ReadHtmlCache Behavior ::run [ RunTime:0.001087s ]
INFO: [ app_begin ] --END-- [ RunTime:0.001163s ]
NOTIC: [8] Undefined index: submit E:\wamp\www\myphp\SoftwareEngineering\APP\Modules\Msystem\Action\GradeAction.class.php 第 225 行.
INFO: [ view_parse ] --START--
NOTIC: [8] Undefined index: department E:\wamp\www\myphp\SoftwareEngineering\APP\Runtime\Cache\Msystem\23dacfc7228fa47aca0c6ce9d1f6c82b.php 第 17 行.
NOTIC: [8] Undefined index: department E:\wamp\www\myphp\SoftwareEngineering\APP\Runtime\Cache\Msystem\23dacfc7228fa47aca0c6ce9d1f6c82b.php 第 18 行.
NOTIC: [8] Undefined index: department E:\wamp\www\myphp\SoftwareEngineering\APP\Runtime\Cache\Msystem\23dacfc7228fa47aca0c6ce9d1f6c82b.php 第 19 行.
NOTIC: [8] Undefined variable: gra E:\wamp\www\myphp\SoftwareEngineering\APP\Runtime\Cache\Msystem\23dacfc7228fa47aca0c6ce9d1f6c82b.php 第 28 行.
INFO: ParseTemplate Behavior ::run [ RunTime:0.010367s ]
INFO: [ view_parse ] --END-- [ RunTime:0.010440s ]
INFO: [ view_filter ] --START--
INFO: ContentReplace Behavior ::run [ RunTime:0.000838s ]
INFO: TokenBuild Behavior ::run [ RunTime:0.000825s ]
INFO: WriteHtmlCache Behavior ::run [ RunTime:0.001007s ]
INFO: ShowRuntime Behavior ::run [ RunTime:0.000994s ]
INFO: [ view_filter ] --END-- [ RunTime:0.003899s ]
INFO: [ view_end ] --START--
INFO: ShowPageTrace Behavior ::run [ RunTime:0.001057s ]
INFO: [ view_end ] --END-- [ RunTime:0.001130s ]

[ 2016-05-08T16:51:06+08:00 ] 127.0.0.1 /SoftwareEngineering/index.php/Msystem/Grade/Gcalculate
INFO: [ route_check ] --START--
INFO: CheckRoute Behavior ::run [ RunTime:0.001053s ]
INFO: [ route_check ] --END-- [ RunTime:0.001139s ]
INFO: [ app_begin ] --START--
INFO: ReadHtmlCache Behavior ::run [ RunTime:0.000974s ]
INFO: [ app_begin ] --END-- [ RunTime:0.001046s ]
SQL: SHOW COLUMNS FROM `zxy_information` [ RunTime:0.004469s ]
SQL: SHOW COLUMNS FROM `zxy_table` [ RunTime:0.005146s ]
SQL: SHOW COLUMNS FROM `zxy_grade` [ RunTime:0.004172s ]
NOTIC: [8] Undefined index: submit E:\wamp\www\myphp\SoftwareEngineering\APP\Modules\Msystem\Action\GradeAction.class.php 第 167 行.
INFO: [ view_parse ] --START--
NOTIC: [8] Undefined index: a E:\wamp\www\myphp\SoftwareEngineering\APP\Runtime\Cache\Msystem\23037b2f7230624cba2cf879baae484d.php 第 25 行.
NOTIC: [8] Undefined index: b E:\wamp\www\myphp\SoftwareEngineering\APP\Runtime\Cache\Msystem\23037b2f7230624cba2cf879baae484d.php 第 26 行.
NOTIC: [8] Undefined index: c E:\wamp\www\myphp\SoftwareEngineering\APP\Runtime\Cache\Msystem\23037b2f7230624cba2cf879baae484d.php 第 27 行.
NOTIC: [8] Undefined index: d E:\wamp\www\myphp\SoftwareEngineering\APP\Runtime\Cache\Msystem\23037b2f7230624cba2cf879baae484d.php 第 28 行.
NOTIC: [8] Undefined index: e E:\wamp\www\myphp\SoftwareEngineering\APP\Runtime\Cache\Msystem\23037b2f7230624cba2cf879baae484d.php 第 29 行.
NOTIC: [8] Undefined index: num E:\wamp\www\myphp\SoftwareEngineering\APP\Runtime\Cache\Msystem\23037b2f7230624cba2cf879baae484d.php 第 35 行.
NOTIC: [8] Undefined index: name E:\wamp\www\myphp\SoftwareEngineering\APP\Runtime\Cache\Msystem\23037b2f7230624cba2cf879baae484d.php 第 36 行.
NOTIC: [8] Undefined index: A E:\wamp\www\myphp\SoftwareEngineering\APP\Runtime\Cache\Msystem\23037b2f7230624cba2cf879baae484d.php 第 37 行.
NOTIC: [8] Undefined index: B E:\wamp\www\myphp\SoftwareEngineering\APP\Runtime\Cache\Msystem\23037b2f7230624cba2cf879baae484d.php 第 38 行.
NOTIC: [8] Undefined index: C E:\wamp\www\myphp\SoftwareEngineering\APP\Runtime\Cache\Msystem\23037b2f7230624cba2cf879baae484d.php 第 39 行.
NOTIC: [8] Undefined index: D E:\wamp\www\myphp\SoftwareEngineering\APP\Runtime\Cache\Msystem\23037b2f7230624cba2cf879baae484d.php 第 40 行.
NOTIC: [8] Undefined index: E E:\wamp\www\myphp\SoftwareEngineering\APP\Runtime\Cache\Msystem\23037b2f7230624cba2cf879baae484d.php 第 41 行.
NOTIC: [8] Undefined index: f E:\wamp\www\myphp\SoftwareEngineering\APP\Runtime\Cache\Msystem\23037b2f7230624cba2cf879baae484d.php 第 44 行.
NOTIC: [8] Undefined index: g E:\wamp\www\myphp\SoftwareEngineering\APP\Runtime\Cache\Msystem\23037b2f7230624cba2cf879baae484d.php 第 45 行.
NOTIC: [8] Undefined index: h E:\wamp\www\myphp\SoftwareEngineering\APP\Runtime\Cache\Msystem\23037b2f7230624cba2cf879baae484d.php 第 46 行.
NOTIC: [8] Undefined index: i E:\wamp\www\myphp\SoftwareEngineering\APP\Runtime\Cache\Msystem\23037b2f7230624cba2cf879baae484d.php 第 47 行.
NOTIC: [8] Undefined index: F E:\wamp\www\myphp\SoftwareEngineering\APP\Runtime\Cache\Msystem\23037b2f7230624cba2cf879baae484d.php 第 53 行.
NOTIC: [8] Undefined index: G E:\wamp\www\myphp\SoftwareEngineering\APP\Runtime\Cache\Msystem\23037b2f7230624cba2cf879baae484d.php 第 54 行.
NOTIC: [8] Undefined index: H E:\wamp\www\myphp\SoftwareEngineering\APP\Runtime\Cache\Msystem\23037b2f7230624cba2cf879baae484d.php 第 55 行.
NOTIC: [8] Undefined index: I E:\wamp\www\myphp\SoftwareEngineering\APP\Runtime\Cache\Msystem\23037b2f7230624cba2cf879baae484d.php 第 56 行.
NOTIC: [8] Undefined index: sports E:\wamp\www\myphp\SoftwareEngineering\APP\Runtime\Cache\Msystem\23037b2f7230624cba2cf879baae484d.php 第 57 行.
NOTIC: [8] Undefined index: active E:\wamp\www\myphp\SoftwareEngineering\APP\Runtime\Cache\Msystem\23037b2f7230624cba2cf879baae484d.php 第 58 行.
NOTIC: [8] Undefined index: all E:\wamp\www\myphp\SoftwareEngineering\APP\Runtime\Cache\Msystem\23037b2f7230624cba2cf879baae484d.php 第 59 行.
INFO: ParseTemplate Behavior ::run [ RunTime:0.010939s ]
INFO: [ view_parse ] --END-- [ RunTime:0.011015s ]
INFO: [ view_filter ] --START--
INFO: ContentReplace Behavior ::run [ RunTime:0.000861s ]
INFO: TokenBuild Behavior ::run [ RunTime:0.000839s ]
INFO: WriteHtmlCache Behavior ::run [ RunTime:0.000773s ]
INFO: ShowRuntime Behavior ::run [ RunTime:0.000905s ]
INFO: [ view_filter ] --END-- [ RunTime:0.003559s ]
INFO: [ view_end ] --START--
INFO: ShowPageTrace Behavior ::run [ RunTime:0.000972s ]
INFO: [ view_end ] --END-- [ RunTime:0.001035s ]

[ 2016-05-08T16:51:06+08:00 ] 127.0.0.1 /SoftwareEngineering/index.php/Msystem/Grade/Gupdate
INFO: [ route_check ] --START--
INFO: CheckRoute Behavior ::run [ RunTime:0.001069s ]
INFO: [ route_check ] --END-- [ RunTime:0.001156s ]
INFO: [ app_begin ] --START--
INFO: ReadHtmlCache Behavior ::run [ RunTime:0.001261s ]
INFO: [ app_begin ] --END-- [ RunTime:0.001336s ]
NOTIC: [8] Undefined index: submitS E:\wamp\www\myphp\SoftwareEngineering\APP\Modules\Msystem\Action\GradeAction.class.php 第 94 行.
NOTIC: [8] Undefined index: submitU E:\wamp\www\myphp\SoftwareEngineering\APP\Modules\Msystem\Action\GradeAction.class.php 第 112 行.
INFO: [ view_parse ] --START--
NOTIC: [8] Undefined variable: tab E:\wamp\www\myphp\SoftwareEngineering\APP\Runtime\Cache\Msystem\93ebd9f131f8cbae147802f41d50eee2.php 第 28 行.
INFO: ParseTemplate Behavior ::run [ RunTime:0.009517s ]
INFO: [ view_parse ] --END-- [ RunTime:0.009598s ]
INFO: [ view_filter ] --START--
INFO: ContentReplace Behavior ::run [ RunTime:0.000850s ]
INFO: TokenBuild Behavior ::run [ RunTime:0.000840s ]
INFO: WriteHtmlCache Behavior ::run [ RunTime:0.000795s ]
INFO: ShowRuntime Behavior ::run [ RunTime:0.001070s ]
INFO: [ view_filter ] --END-- [ RunTime:0.003735s ]
INFO: [ view_end ] --START--
INFO: ShowPageTrace Behavior ::run [ RunTime:0.000977s ]
INFO: [ view_end ] --END-- [ RunTime:0.001041s ]

[ 2016-05-08T16:51:06+08:00 ] 127.0.0.1 /SoftwareEngineering/index.php/Msystem/Grade/Ginsert
INFO: [ route_check ] --START--
INFO: CheckRoute Behavior ::run [ RunTime:0.001011s ]
INFO: [ route_check ] --END-- [ RunTime:0.001089s ]
INFO: [ app_begin ] --START--
INFO: ReadHtmlCache Behavior ::run [ RunTime:0.000914s ]
INFO: [ app_begin ] --END-- [ RunTime:0.000982s ]
NOTIC: [8] Undefined index: submitS E:\wamp\www\myphp\SoftwareEngineering\APP\Modules\Msystem\Action\GradeAction.class.php 第 7 行.
NOTIC: [8] Undefined index: submitI E:\wamp\www\myphp\SoftwareEngineering\APP\Modules\Msystem\Action\GradeAction.class.php 第 26 行.
INFO: [ view_parse ] --START--
NOTIC: [8] Undefined variable: tab E:\wamp\www\myphp\SoftwareEngineering\APP\Runtime\Cache\Msystem\e0024ec7ecbd63d122870ff96b0e4b1e.php 第 28 行.
INFO: ParseTemplate Behavior ::run [ RunTime:0.009939s ]
INFO: [ view_parse ] --END-- [ RunTime:0.010010s ]
INFO: [ view_filter ] --START--
INFO: ContentReplace Behavior ::run [ RunTime:0.000875s ]
INFO: TokenBuild Behavior ::run [ RunTime:0.000916s ]
INFO: WriteHtmlCache Behavior ::run [ RunTime:0.000818s ]
INFO: ShowRuntime Behavior ::run [ RunTime:0.000969s ]
INFO: [ view_filter ] --END-- [ RunTime:0.003760s ]
INFO: [ view_end ] --START--
INFO: ShowPageTrace Behavior ::run [ RunTime:0.001046s ]
INFO: [ view_end ] --END-- [ RunTime:0.001110s ]

[ 2016-05-08T16:51:09+08:00 ] 127.0.0.1 /SoftwareEngineering/index.php/Msystem/Innovate/Iinsert
INFO: [ route_check ] --START--
INFO: CheckRoute Behavior ::run [ RunTime:0.001090s ]
INFO: [ route_check ] --END-- [ RunTime:0.001175s ]
INFO: [ app_begin ] --START--
INFO: ReadHtmlCache Behavior ::run [ RunTime:0.000987s ]
INFO: [ app_begin ] --END-- [ RunTime:0.001061s ]
NOTIC: [8] Undefined index: submit E:\wamp\www\myphp\SoftwareEngineering\APP\Modules\Msystem\Action\InnovateAction.class.php 第 6 行.
INFO: [ view_parse ] --START--
INFO: ParseTemplate Behavior ::run [ RunTime:0.007969s ]
INFO: [ view_parse ] --END-- [ RunTime:0.008044s ]
INFO: [ view_filter ] --START--
INFO: ContentReplace Behavior ::run [ RunTime:0.000886s ]
INFO: TokenBuild Behavior ::run [ RunTime:0.000928s ]
INFO: WriteHtmlCache Behavior ::run [ RunTime:0.000889s ]
INFO: ShowRuntime Behavior ::run [ RunTime:0.000991s ]
INFO: [ view_filter ] --END-- [ RunTime:0.003890s ]
INFO: [ view_end ] --START--
INFO: ShowPageTrace Behavior ::run [ RunTime:0.001017s ]
INFO: [ view_end ] --END-- [ RunTime:0.001087s ]

[ 2016-05-08T16:51:09+08:00 ] 127.0.0.1 /SoftwareEngineering/index.php/Msystem/Innovate/Iselect
INFO: [ route_check ] --START--
INFO: CheckRoute Behavior ::run [ RunTime:0.001089s ]
INFO: [ route_check ] --END-- [ RunTime:0.001174s ]
INFO: [ app_begin ] --START--
INFO: ReadHtmlCache Behavior ::run [ RunTime:0.001372s ]
INFO: [ app_begin ] --END-- [ RunTime:0.001535s ]
NOTIC: [8] Undefined index: submit E:\wamp\www\myphp\SoftwareEngineering\APP\Modules\Msystem\Action\InnovateAction.class.php 第 40 行.
INFO: [ view_parse ] --START--
NOTIC: [8] Undefined variable: foreach E:\wamp\www\myphp\SoftwareEngineering\APP\Runtime\Cache\Msystem\f2a96a4d6cdd1b2800256a765c9f346a.php 第 28 行.
INFO: ParseTemplate Behavior ::run [ RunTime:0.008580s ]
INFO: [ view_parse ] --END-- [ RunTime:0.008650s ]
INFO: [ view_filter ] --START--
INFO: ContentReplace Behavior ::run [ RunTime:0.000829s ]
INFO: TokenBuild Behavior ::run [ RunTime:0.000847s ]
INFO: WriteHtmlCache Behavior ::run [ RunTime:0.001101s ]
INFO: ShowRuntime Behavior ::run [ RunTime:0.001365s ]
INFO: [ view_filter ] --END-- [ RunTime:0.004467s ]
INFO: [ view_end ] --START--
INFO: ShowPageTrace Behavior ::run [ RunTime:0.001097s ]
INFO: [ view_end ] --END-- [ RunTime:0.001165s ]

[ 2016-05-08T16:51:10+08:00 ] 127.0.0.1 /SoftwareEngineering/index.php/Msystem/Innovate/Iinsert
INFO: [ route_check ] --START--
INFO: CheckRoute Behavior ::run [ RunTime:0.001083s ]
INFO: [ route_check ] --END-- [ RunTime:0.001171s ]
INFO: [ app_begin ] --START--
INFO: ReadHtmlCache Behavior ::run [ RunTime:0.000955s ]
INFO: [ app_begin ] --END-- [ RunTime:0.001026s ]
NOTIC: [8] Undefined index: submit E:\wamp\www\myphp\SoftwareEngineering\APP\Modules\Msystem\Action\InnovateAction.class.php 第 6 行.
INFO: [ view_parse ] --START--
INFO: ParseTemplate Behavior ::run [ RunTime:0.008654s ]
INFO: [ view_parse ] --END-- [ RunTime:0.008759s ]
INFO: [ view_filter ] --START--
INFO: ContentReplace Behavior ::run [ RunTime:0.000850s ]
INFO: TokenBuild Behavior ::run [ RunTime:0.000833s ]
INFO: WriteHtmlCache Behavior ::run [ RunTime:0.000814s ]
INFO: ShowRuntime Behavior ::run [ RunTime:0.000941s ]
INFO: [ view_filter ] --END-- [ RunTime:0.003629s ]
INFO: [ view_end ] --START--
INFO: ShowPageTrace Behavior ::run [ RunTime:0.001078s ]
INFO: [ view_end ] --END-- [ RunTime:0.001143s ]

[ 2016-05-08T16:51:10+08:00 ] 127.0.0.1 /SoftwareEngineering/index.php/Msystem/Innovate/Iselect
INFO: [ route_check ] --START--
INFO: CheckRoute Behavior ::run [ RunTime:0.001070s ]
INFO: [ route_check ] --END-- [ RunTime:0.001156s ]
INFO: [ app_begin ] --START--
INFO: ReadHtmlCache Behavior ::run [ RunTime:0.000944s ]
INFO: [ app_begin ] --END-- [ RunTime:0.001023s ]
NOTIC: [8] Undefined index: submit E:\wamp\www\myphp\SoftwareEngineering\APP\Modules\Msystem\Action\InnovateAction.class.php 第 40 行.
INFO: [ view_parse ] --START--
NOTIC: [8] Undefined variable: foreach E:\wamp\www\myphp\SoftwareEngineering\APP\Runtime\Cache\Msystem\f2a96a4d6cdd1b2800256a765c9f346a.php 第 28 行.
INFO: ParseTemplate Behavior ::run [ RunTime:0.008795s ]
INFO: [ view_parse ] --END-- [ RunTime:0.008868s ]
INFO: [ view_filter ] --START--
INFO: ContentReplace Behavior ::run [ RunTime:0.000810s ]
INFO: TokenBuild Behavior ::run [ RunTime:0.000801s ]
INFO: WriteHtmlCache Behavior ::run [ RunTime:0.000803s ]
INFO: ShowRuntime Behavior ::run [ RunTime:0.000913s ]
INFO: [ view_filter ] --END-- [ RunTime:0.003507s ]
INFO: [ view_end ] --START--
INFO: ShowPageTrace Behavior ::run [ RunTime:0.001012s ]
INFO: [ view_end ] --END-- [ RunTime:0.001081s ]

[ 2016-05-08T16:51:12+08:00 ] 127.0.0.1 /SoftwareEngineering/index.php/Msystem/RandP/select?username=zxy
INFO: [ route_check ] --START--
INFO: CheckRoute Behavior ::run [ RunTime:0.001094s ]
INFO: [ route_check ] --END-- [ RunTime:0.001180s ]
INFO: [ app_begin ] --START--
INFO: ReadHtmlCache Behavior ::run [ RunTime:0.000950s ]
INFO: [ app_begin ] --END-- [ RunTime:0.001023s ]
SQL: SHOW COLUMNS FROM `zxy_user` [ RunTime:0.004201s ]
SQL: SELECT * FROM `zxy_user` WHERE ( `username` = 'zxy' )  [ RunTime:0.000406s ]
NOTIC: [8] Undefined index: submitS E:\wamp\www\myphp\SoftwareEngineering\APP\Modules\Msystem\Action\RandPAction.class.php 第 81 行.
NOTIC: [8] Undefined index: submitI E:\wamp\www\myphp\SoftwareEngineering\APP\Modules\Msystem\Action\RandPAction.class.php 第 86 行.
INFO: [ view_parse ] --START--
NOTIC: [8] Undefined variable: reason E:\wamp\www\myphp\SoftwareEngineering\APP\Runtime\Cache\Msystem\079d25789a22adf788084e8d2e3d6590.php 第 30 行.
INFO: ParseTemplate Behavior ::run [ RunTime:0.009632s ]
INFO: [ view_parse ] --END-- [ RunTime:0.009721s ]
INFO: [ view_filter ] --START--
INFO: ContentReplace Behavior ::run [ RunTime:0.000894s ]
INFO: TokenBuild Behavior ::run [ RunTime:0.000872s ]
INFO: WriteHtmlCache Behavior ::run [ RunTime:0.000822s ]
INFO: ShowRuntime Behavior ::run [ RunTime:0.000932s ]
INFO: [ view_filter ] --END-- [ RunTime:0.003702s ]
INFO: [ view_end ] --START--
INFO: ShowPageTrace Behavior ::run [ RunTime:0.001010s ]
INFO: [ view_end ] --END-- [ RunTime:0.001074s ]

[ 2016-05-08T16:51:12+08:00 ] 127.0.0.1 /SoftwareEngineering/index.php/Msystem/RandP/insert
INFO: [ route_check ] --START--
INFO: CheckRoute Behavior ::run [ RunTime:0.001092s ]
INFO: [ route_check ] --END-- [ RunTime:0.001180s ]
INFO: [ app_begin ] --START--
INFO: ReadHtmlCache Behavior ::run [ RunTime:0.000990s ]
INFO: [ app_begin ] --END-- [ RunTime:0.001063s ]
NOTIC: [8] Undefined index: submit E:\wamp\www\myphp\SoftwareEngineering\APP\Modules\Msystem\Action\RandPAction.class.php 第 6 行.
INFO: [ view_parse ] --START--
INFO: ParseTemplate Behavior ::run [ RunTime:0.009237s ]
INFO: [ view_parse ] --END-- [ RunTime:0.009322s ]
INFO: [ view_filter ] --START--
INFO: ContentReplace Behavior ::run [ RunTime:0.000883s ]
INFO: TokenBuild Behavior ::run [ RunTime:0.000921s ]
INFO: WriteHtmlCache Behavior ::run [ RunTime:0.000876s ]
INFO: ShowRuntime Behavior ::run [ RunTime:0.000977s ]
INFO: [ view_filter ] --END-- [ RunTime:0.003849s ]
INFO: [ view_end ] --START--
INFO: ShowPageTrace Behavior ::run [ RunTime:0.000987s ]
INFO: [ view_end ] --END-- [ RunTime:0.001055s ]

[ 2016-05-08T18:04:44+08:00 ] 127.0.0.1 /SoftwareEngineering/index.php/Msystem/Information/select
INFO: [ route_check ] --START--
INFO: CheckRoute Behavior ::run [ RunTime:0.001453s ]
INFO: [ route_check ] --END-- [ RunTime:0.001548s ]
INFO: [ app_begin ] --START--
INFO: ReadHtmlCache Behavior ::run [ RunTime:0.001008s ]
INFO: [ app_begin ] --END-- [ RunTime:0.001084s ]
NOTIC: [8] Undefined index: submit E:\wamp\www\myphp\SoftwareEngineering\APP\Modules\Msystem\Action\InformationAction.class.php 第 81 行.
INFO: [ view_parse ] --START--
NOTIC: [8] Undefined variable: select E:\wamp\www\myphp\SoftwareEngineering\APP\Runtime\Cache\Msystem\21475d8ba582a4e17fdc557314f74205.php 第 21 行.
INFO: ParseTemplate Behavior ::run [ RunTime:0.010132s ]
INFO: [ view_parse ] --END-- [ RunTime:0.010212s ]
INFO: [ view_filter ] --START--
INFO: ContentReplace Behavior ::run [ RunTime:0.000965s ]
INFO: TokenBuild Behavior ::run [ RunTime:0.000994s ]
INFO: WriteHtmlCache Behavior ::run [ RunTime:0.000998s ]
INFO: ShowRuntime Behavior ::run [ RunTime:0.000958s ]
INFO: [ view_filter ] --END-- [ RunTime:0.004115s ]
INFO: [ view_end ] --START--
INFO: ShowPageTrace Behavior ::run [ RunTime:0.001004s ]
INFO: [ view_end ] --END-- [ RunTime:0.001070s ]

[ 2016-05-08T18:04:48+08:00 ] 127.0.0.1 /SoftwareEngineering/index.php/Msystem/Information/select
INFO: [ route_check ] --START--
INFO: CheckRoute Behavior ::run [ RunTime:0.001088s ]
INFO: [ route_check ] --END-- [ RunTime:0.001178s ]
INFO: [ app_begin ] --START--
INFO: ReadHtmlCache Behavior ::run [ RunTime:0.000977s ]
INFO: [ app_begin ] --END-- [ RunTime:0.001051s ]
NOTIC: [8] Undefined index: submit E:\wamp\www\myphp\SoftwareEngineering\APP\Modules\Msystem\Action\InformationAction.class.php 第 81 行.
INFO: [ view_parse ] --START--
NOTIC: [8] Undefined variable: select E:\wamp\www\myphp\SoftwareEngineering\APP\Runtime\Cache\Msystem\21475d8ba582a4e17fdc557314f74205.php 第 21 行.
INFO: ParseTemplate Behavior ::run [ RunTime:0.010755s ]
INFO: [ view_parse ] --END-- [ RunTime:0.010831s ]
INFO: [ view_filter ] --START--
INFO: ContentReplace Behavior ::run [ RunTime:0.000932s ]
INFO: TokenBuild Behavior ::run [ RunTime:0.000960s ]
INFO: WriteHtmlCache Behavior ::run [ RunTime:0.000834s ]
INFO: ShowRuntime Behavior ::run [ RunTime:0.000976s ]
INFO: [ view_filter ] --END-- [ RunTime:0.003883s ]
INFO: [ view_end ] --START--
INFO: ShowPageTrace Behavior ::run [ RunTime:0.000997s ]
INFO: [ view_end ] --END-- [ RunTime:0.001059s ]

[ 2016-05-08T18:04:48+08:00 ] 127.0.0.1 /SoftwareEngineering/index.php/Main/index?username=zxy
INFO: [ route_check ] --START--
INFO: CheckRoute Behavior ::run [ RunTime:0.001039s ]
INFO: [ route_check ] --END-- [ RunTime:0.001122s ]
INFO: [ app_begin ] --START--
INFO: ReadHtmlCache Behavior ::run [ RunTime:0.000911s ]
INFO: [ app_begin ] --END-- [ RunTime:0.000977s ]

[ 2016-05-08T18:04:48+08:00 ] 127.0.0.1 /SoftwareEngineering/index.php/Msystem/Index/index
INFO: [ route_check ] --START--
INFO: CheckRoute Behavior ::run [ RunTime:0.001056s ]
INFO: [ route_check ] --END-- [ RunTime:0.001140s ]
INFO: [ app_begin ] --START--
INFO: ReadHtmlCache Behavior ::run [ RunTime:0.000881s ]
INFO: [ app_begin ] --END-- [ RunTime:0.000954s ]
INFO: [ view_parse ] --START--
INFO: ParseTemplate Behavior ::run [ RunTime:0.009143s ]
INFO: [ view_parse ] --END-- [ RunTime:0.009228s ]
INFO: [ view_filter ] --START--
INFO: ContentReplace Behavior ::run [ RunTime:0.001034s ]
INFO: TokenBuild Behavior ::run [ RunTime:0.000948s ]
INFO: WriteHtmlCache Behavior ::run [ RunTime:0.000881s ]
INFO: ShowRuntime Behavior ::run [ RunTime:0.000998s ]
INFO: [ view_filter ] --END-- [ RunTime:0.004058s ]
INFO: [ view_end ] --START--
INFO: ShowPageTrace Behavior ::run [ RunTime:0.001009s ]
INFO: [ view_end ] --END-- [ RunTime:0.001074s ]

[ 2016-05-08T18:04:48+08:00 ] 127.0.0.1 /SoftwareEngineering/index.php/Msystem/Index/index
INFO: [ route_check ] --START--
INFO: CheckRoute Behavior ::run [ RunTime:0.001079s ]
INFO: [ route_check ] --END-- [ RunTime:0.001184s ]
INFO: [ app_begin ] --START--
INFO: ReadHtmlCache Behavior ::run [ RunTime:0.001756s ]
INFO: [ app_begin ] --END-- [ RunTime:0.001872s ]
INFO: [ view_parse ] --START--
INFO: ParseTemplate Behavior ::run [ RunTime:0.009040s ]
INFO: [ view_parse ] --END-- [ RunTime:0.009129s ]
INFO: [ view_filter ] --START--
INFO: ContentReplace Behavior ::run [ RunTime:0.001085s ]
INFO: TokenBuild Behavior ::run [ RunTime:0.001228s ]
INFO: WriteHtmlCache Behavior ::run [ RunTime:0.001220s ]
INFO: ShowRuntime Behavior ::run [ RunTime:0.001381s ]
INFO: [ view_filter ] --END-- [ RunTime:0.005187s ]
INFO: [ view_end ] --START--
INFO: ShowPageTrace Behavior ::run [ RunTime:0.001108s ]
INFO: [ view_end ] --END-- [ RunTime:0.001174s ]

[ 2016-05-08T18:04:49+08:00 ] 127.0.0.1 /SoftwareEngineering/index.php/Msystem/Index/index
INFO: [ route_check ] --START--
INFO: CheckRoute Behavior ::run [ RunTime:0.001030s ]
INFO: [ route_check ] --END-- [ RunTime:0.001110s ]
INFO: [ app_begin ] --START--
INFO: ReadHtmlCache Behavior ::run [ RunTime:0.000895s ]
INFO: [ app_begin ] --END-- [ RunTime:0.000960s ]
INFO: [ view_parse ] --START--
INFO: ParseTemplate Behavior ::run [ RunTime:0.009198s ]
INFO: [ view_parse ] --END-- [ RunTime:0.009280s ]
INFO: [ view_filter ] --START--
INFO: ContentReplace Behavior ::run [ RunTime:0.000980s ]
INFO: TokenBuild Behavior ::run [ RunTime:0.000922s ]
INFO: WriteHtmlCache Behavior ::run [ RunTime:0.000862s ]
INFO: ShowRuntime Behavior ::run [ RunTime:0.001009s ]
INFO: [ view_filter ] --END-- [ RunTime:0.003955s ]
INFO: [ view_end ] --START--
INFO: ShowPageTrace Behavior ::run [ RunTime:0.001070s ]
INFO: [ view_end ] --END-- [ RunTime:0.001132s ]

[ 2016-05-08T18:04:52+08:00 ] 127.0.0.1 /SoftwareEngineering/index.php/Msystem/Index/submit
INFO: [ route_check ] --START--
INFO: CheckRoute Behavior ::run [ RunTime:0.001142s ]
INFO: [ route_check ] --END-- [ RunTime:0.001263s ]
INFO: [ app_begin ] --START--
INFO: ReadHtmlCache Behavior ::run [ RunTime:0.000954s ]
INFO: [ app_begin ] --END-- [ RunTime:0.001025s ]
SQL: SHOW COLUMNS FROM `zxy_user` [ RunTime:0.019835s ]
SQL: SELECT * FROM `zxy_user`  [ RunTime:0.000591s ]
NOTIC: [8] A session had already been started - ignoring session_start() E:\wamp\www\myphp\SoftwareEngineering\APP\Modules\Msystem\Action\IndexAction.class.php 第 26 行.
NOTIC: [8] Undefined index: username E:\wamp\www\myphp\SoftwareEngineering\APP\Modules\Msystem\Action\IndexAction.class.php 第 28 行.
INFO: [ view_parse ] --START--
INFO: ParseTemplate Behavior ::run [ RunTime:0.008171s ]
INFO: [ view_parse ] --END-- [ RunTime:0.008298s ]
INFO: [ view_filter ] --START--
INFO: ContentReplace Behavior ::run [ RunTime:0.001128s ]
INFO: TokenBuild Behavior ::run [ RunTime:0.001658s ]
INFO: WriteHtmlCache Behavior ::run [ RunTime:0.000999s ]
INFO: ShowRuntime Behavior ::run [ RunTime:0.001044s ]
INFO: [ view_filter ] --END-- [ RunTime:0.005075s ]
INFO: [ view_end ] --START--
INFO: ShowPageTrace Behavior ::run [ RunTime:0.000997s ]
INFO: [ view_end ] --END-- [ RunTime:0.001065s ]

[ 2016-05-08T18:04:53+08:00 ] 127.0.0.1 /SoftwareEngineering/index.php/Main/index?username=zxy
INFO: [ route_check ] --START--
INFO: CheckRoute Behavior ::run [ RunTime:0.001702s ]
INFO: [ route_check ] --END-- [ RunTime:0.001828s ]
INFO: [ app_begin ] --START--
INFO: ReadHtmlCache Behavior ::run [ RunTime:0.001475s ]
INFO: [ app_begin ] --END-- [ RunTime:0.001582s ]
SQL: SHOW COLUMNS FROM `zxy_user` [ RunTime:0.004374s ]
SQL: SELECT * FROM `zxy_user` WHERE ( `username` = 'zxy' )  [ RunTime:0.000460s ]
INFO: [ view_parse ] --START--
INFO: ParseTemplate Behavior ::run [ RunTime:0.010659s ]
INFO: [ view_parse ] --END-- [ RunTime:0.010752s ]
INFO: [ view_filter ] --START--
INFO: ContentReplace Behavior ::run [ RunTime:0.000896s ]
INFO: TokenBuild Behavior ::run [ RunTime:0.000835s ]
INFO: WriteHtmlCache Behavior ::run [ RunTime:0.000780s ]
INFO: ShowRuntime Behavior ::run [ RunTime:0.000906s ]
INFO: [ view_filter ] --END-- [ RunTime:0.003624s ]
INFO: [ view_end ] --START--
INFO: ShowPageTrace Behavior ::run [ RunTime:0.000971s ]
INFO: [ view_end ] --END-- [ RunTime:0.001032s ]

[ 2016-05-08T18:04:54+08:00 ] 127.0.0.1 /SoftwareEngineering/index.php/Msystem/Information/select
INFO: [ route_check ] --START--
INFO: CheckRoute Behavior ::run [ RunTime:0.001156s ]
INFO: [ route_check ] --END-- [ RunTime:0.001243s ]
INFO: [ app_begin ] --START--
INFO: ReadHtmlCache Behavior ::run [ RunTime:0.000976s ]
INFO: [ app_begin ] --END-- [ RunTime:0.001048s ]
NOTIC: [8] Undefined index: submit E:\wamp\www\myphp\SoftwareEngineering\APP\Modules\Msystem\Action\InformationAction.class.php 第 81 行.
INFO: [ view_parse ] --START--
NOTIC: [8] Undefined variable: select E:\wamp\www\myphp\SoftwareEngineering\APP\Runtime\Cache\Msystem\21475d8ba582a4e17fdc557314f74205.php 第 21 行.
INFO: ParseTemplate Behavior ::run [ RunTime:0.009935s ]
INFO: [ view_parse ] --END-- [ RunTime:0.010012s ]
INFO: [ view_filter ] --START--
INFO: ContentReplace Behavior ::run [ RunTime:0.000865s ]
INFO: TokenBuild Behavior ::run [ RunTime:0.000881s ]
INFO: WriteHtmlCache Behavior ::run [ RunTime:0.000826s ]
INFO: ShowRuntime Behavior ::run [ RunTime:0.000933s ]
INFO: [ view_filter ] --END-- [ RunTime:0.003686s ]
INFO: [ view_end ] --START--
INFO: ShowPageTrace Behavior ::run [ RunTime:0.000937s ]
INFO: [ view_end ] --END-- [ RunTime:0.001000s ]

[ 2016-05-08T18:04:56+08:00 ] 127.0.0.1 /SoftwareEngineering/index.php/Msystem/Information/select
INFO: [ route_check ] --START--
INFO: CheckRoute Behavior ::run [ RunTime:0.001152s ]
INFO: [ route_check ] --END-- [ RunTime:0.001258s ]
INFO: [ app_begin ] --START--
INFO: ReadHtmlCache Behavior ::run [ RunTime:0.001117s ]
INFO: [ app_begin ] --END-- [ RunTime:0.001235s ]
NOTIC: [8] Undefined index: submit E:\wamp\www\myphp\SoftwareEngineering\APP\Modules\Msystem\Action\InformationAction.class.php 第 81 行.
INFO: [ view_parse ] --START--
NOTIC: [8] Undefined variable: select E:\wamp\www\myphp\SoftwareEngineering\APP\Runtime\Cache\Msystem\21475d8ba582a4e17fdc557314f74205.php 第 21 行.
INFO: ParseTemplate Behavior ::run [ RunTime:0.009922s ]
INFO: [ view_parse ] --END-- [ RunTime:0.010007s ]
INFO: [ view_filter ] --START--
INFO: ContentReplace Behavior ::run [ RunTime:0.001029s ]
INFO: TokenBuild Behavior ::run [ RunTime:0.000974s ]
INFO: WriteHtmlCache Behavior ::run [ RunTime:0.000869s ]
INFO: ShowRuntime Behavior ::run [ RunTime:0.000997s ]
INFO: [ view_filter ] --END-- [ RunTime:0.004077s ]
INFO: [ view_end ] --START--
INFO: ShowPageTrace Behavior ::run [ RunTime:0.001041s ]
INFO: [ view_end ] --END-- [ RunTime:0.001105s ]

[ 2016-05-08T18:04:56+08:00 ] 127.0.0.1 /SoftwareEngineering/index.php/Msystem/Information/select
INFO: [ route_check ] --START--
INFO: CheckRoute Behavior ::run [ RunTime:0.001213s ]
INFO: [ route_check ] --END-- [ RunTime:0.001325s ]
INFO: [ app_begin ] --START--
INFO: ReadHtmlCache Behavior ::run [ RunTime:0.000975s ]
INFO: [ app_begin ] --END-- [ RunTime:0.001042s ]
NOTIC: [8] Undefined index: submit E:\wamp\www\myphp\SoftwareEngineering\APP\Modules\Msystem\Action\InformationAction.class.php 第 81 行.
INFO: [ view_parse ] --START--
NOTIC: [8] Undefined variable: select E:\wamp\www\myphp\SoftwareEngineering\APP\Runtime\Cache\Msystem\21475d8ba582a4e17fdc557314f74205.php 第 21 行.
INFO: ParseTemplate Behavior ::run [ RunTime:0.009173s ]
INFO: [ view_parse ] --END-- [ RunTime:0.009244s ]
INFO: [ view_filter ] --START--
INFO: ContentReplace Behavior ::run [ RunTime:0.000977s ]
INFO: TokenBuild Behavior ::run [ RunTime:0.000983s ]
INFO: WriteHtmlCache Behavior ::run [ RunTime:0.000867s ]
INFO: ShowRuntime Behavior ::run [ RunTime:0.001016s ]
INFO: [ view_filter ] --END-- [ RunTime:0.004031s ]
INFO: [ view_end ] --START--
INFO: ShowPageTrace Behavior ::run [ RunTime:0.001067s ]
INFO: [ view_end ] --END-- [ RunTime:0.001141s ]

[ 2016-05-08T18:04:56+08:00 ] 127.0.0.1 /SoftwareEngineering/index.php/Msystem/Information/select
INFO: [ route_check ] --START--
INFO: CheckRoute Behavior ::run [ RunTime:0.001136s ]
INFO: [ route_check ] --END-- [ RunTime:0.001270s ]
INFO: [ app_begin ] --START--
INFO: ReadHtmlCache Behavior ::run [ RunTime:0.000969s ]
INFO: [ app_begin ] --END-- [ RunTime:0.001034s ]
NOTIC: [8] Undefined index: submit E:\wamp\www\myphp\SoftwareEngineering\APP\Modules\Msystem\Action\InformationAction.class.php 第 81 行.
INFO: [ view_parse ] --START--
NOTIC: [8] Undefined variable: select E:\wamp\www\myphp\SoftwareEngineering\APP\Runtime\Cache\Msystem\21475d8ba582a4e17fdc557314f74205.php 第 21 行.
INFO: ParseTemplate Behavior ::run [ RunTime:0.009463s ]
INFO: [ view_parse ] --END-- [ RunTime:0.009535s ]
INFO: [ view_filter ] --START--
INFO: ContentReplace Behavior ::run [ RunTime:0.000962s ]
INFO: TokenBuild Behavior ::run [ RunTime:0.000904s ]
INFO: WriteHtmlCache Behavior ::run [ RunTime:0.000829s ]
INFO: ShowRuntime Behavior ::run [ RunTime:0.000985s ]
INFO: [ view_filter ] --END-- [ RunTime:0.003861s ]
INFO: [ view_end ] --START--
INFO: ShowPageTrace Behavior ::run [ RunTime:0.001024s ]
INFO: [ view_end ] --END-- [ RunTime:0.001087s ]

[ 2016-05-08T18:05:01+08:00 ] 127.0.0.1 /SoftwareEngineering/index.php/Msystem/Information/update
INFO: [ route_check ] --START--
INFO: CheckRoute Behavior ::run [ RunTime:0.001152s ]
INFO: [ route_check ] --END-- [ RunTime:0.001240s ]
INFO: [ app_begin ] --START--
INFO: ReadHtmlCache Behavior ::run [ RunTime:0.001001s ]
INFO: [ app_begin ] --END-- [ RunTime:0.001069s ]
NOTIC: [8] Undefined index: submit E:\wamp\www\myphp\SoftwareEngineering\APP\Modules\Msystem\Action\InformationAction.class.php 第 38 行.
INFO: [ view_parse ] --START--
INFO: ParseTemplate Behavior ::run [ RunTime:0.008229s ]
INFO: [ view_parse ] --END-- [ RunTime:0.008325s ]
INFO: [ view_filter ] --START--
INFO: ContentReplace Behavior ::run [ RunTime:0.000933s ]
INFO: TokenBuild Behavior ::run [ RunTime:0.000902s ]
INFO: WriteHtmlCache Behavior ::run [ RunTime:0.000798s ]
INFO: ShowRuntime Behavior ::run [ RunTime:0.001110s ]
INFO: [ view_filter ] --END-- [ RunTime:0.003922s ]
INFO: [ view_end ] --START--
INFO: ShowPageTrace Behavior ::run [ RunTime:0.000993s ]
INFO: [ view_end ] --END-- [ RunTime:0.001056s ]

[ 2016-05-08T18:05:07+08:00 ] 127.0.0.1 /SoftwareEngineering/index.php/Msystem/Information/select
INFO: [ route_check ] --START--
INFO: CheckRoute Behavior ::run [ RunTime:0.001160s ]
INFO: [ route_check ] --END-- [ RunTime:0.001243s ]
INFO: [ app_begin ] --START--
INFO: ReadHtmlCache Behavior ::run [ RunTime:0.001016s ]
INFO: [ app_begin ] --END-- [ RunTime:0.001085s ]
NOTIC: [8] Undefined index: submit E:\wamp\www\myphp\SoftwareEngineering\APP\Modules\Msystem\Action\InformationAction.class.php 第 81 行.
INFO: [ view_parse ] --START--
NOTIC: [8] Undefined variable: select E:\wamp\www\myphp\SoftwareEngineering\APP\Runtime\Cache\Msystem\21475d8ba582a4e17fdc557314f74205.php 第 21 行.
INFO: ParseTemplate Behavior ::run [ RunTime:0.009911s ]
INFO: [ view_parse ] --END-- [ RunTime:0.010003s ]
INFO: [ view_filter ] --START--
INFO: ContentReplace Behavior ::run [ RunTime:0.000972s ]
INFO: TokenBuild Behavior ::run [ RunTime:0.000944s ]
INFO: WriteHtmlCache Behavior ::run [ RunTime:0.000847s ]
INFO: ShowRuntime Behavior ::run [ RunTime:0.000966s ]
INFO: [ view_filter ] --END-- [ RunTime:0.003926s ]
INFO: [ view_end ] --START--
INFO: ShowPageTrace Behavior ::run [ RunTime:0.001351s ]
INFO: [ view_end ] --END-- [ RunTime:0.001449s ]

[ 2016-05-08T18:05:08+08:00 ] 127.0.0.1 /SoftwareEngineering/index.php/Msystem/Information/update
INFO: [ route_check ] --START--
INFO: CheckRoute Behavior ::run [ RunTime:0.001163s ]
INFO: [ route_check ] --END-- [ RunTime:0.001258s ]
INFO: [ app_begin ] --START--
INFO: ReadHtmlCache Behavior ::run [ RunTime:0.000973s ]
INFO: [ app_begin ] --END-- [ RunTime:0.001039s ]
NOTIC: [8] Undefined index: submit E:\wamp\www\myphp\SoftwareEngineering\APP\Modules\Msystem\Action\InformationAction.class.php 第 38 行.
INFO: [ view_parse ] --START--
INFO: ParseTemplate Behavior ::run [ RunTime:0.008924s ]
INFO: [ view_parse ] --END-- [ RunTime:0.009043s ]
INFO: [ view_filter ] --START--
INFO: ContentReplace Behavior ::run [ RunTime:0.000939s ]
INFO: TokenBuild Behavior ::run [ RunTime:0.000917s ]
INFO: WriteHtmlCache Behavior ::run [ RunTime:0.000860s ]
INFO: ShowRuntime Behavior ::run [ RunTime:0.001106s ]
INFO: [ view_filter ] --END-- [ RunTime:0.004011s ]
INFO: [ view_end ] --START--
INFO: ShowPageTrace Behavior ::run [ RunTime:0.000982s ]
INFO: [ view_end ] --END-- [ RunTime:0.001047s ]

[ 2016-05-08T18:07:47+08:00 ] 127.0.0.1 /SoftwareEngineering/index.php/Msystem/RandP/insert
INFO: [ route_check ] --START--
INFO: CheckRoute Behavior ::run [ RunTime:0.001886s ]
INFO: [ route_check ] --END-- [ RunTime:0.002118s ]
INFO: [ app_begin ] --START--
INFO: ReadHtmlCache Behavior ::run [ RunTime:0.001042s ]
INFO: [ app_begin ] --END-- [ RunTime:0.001122s ]
NOTIC: [8] Undefined index: submit E:\wamp\www\myphp\SoftwareEngineering\APP\Modules\Msystem\Action\RandPAction.class.php 第 6 行.
INFO: [ view_parse ] --START--
INFO: ParseTemplate Behavior ::run [ RunTime:0.009084s ]
INFO: [ view_parse ] --END-- [ RunTime:0.009181s ]
INFO: [ view_filter ] --START--
INFO: ContentReplace Behavior ::run [ RunTime:0.001130s ]
INFO: TokenBuild Behavior ::run [ RunTime:0.000960s ]
INFO: WriteHtmlCache Behavior ::run [ RunTime:0.000810s ]
INFO: ShowRuntime Behavior ::run [ RunTime:0.000952s ]
INFO: [ view_filter ] --END-- [ RunTime:0.004036s ]
INFO: [ view_end ] --START--
INFO: ShowPageTrace Behavior ::run [ RunTime:0.001011s ]
INFO: [ view_end ] --END-- [ RunTime:0.001075s ]

[ 2016-05-08T18:07:50+08:00 ] 127.0.0.1 /SoftwareEngineering/index.php/Msystem/RandP/insert
INFO: [ route_check ] --START--
INFO: CheckRoute Behavior ::run [ RunTime:0.001129s ]
INFO: [ route_check ] --END-- [ RunTime:0.001221s ]
INFO: [ app_begin ] --START--
INFO: ReadHtmlCache Behavior ::run [ RunTime:0.001164s ]
INFO: [ app_begin ] --END-- [ RunTime:0.001306s ]
NOTIC: [8] Undefined index: submit E:\wamp\www\myphp\SoftwareEngineering\APP\Modules\Msystem\Action\RandPAction.class.php 第 6 行.
INFO: [ view_parse ] --START--
INFO: ParseTemplate Behavior ::run [ RunTime:0.008166s ]
INFO: [ view_parse ] --END-- [ RunTime:0.008254s ]
INFO: [ view_filter ] --START--
INFO: ContentReplace Behavior ::run [ RunTime:0.000893s ]
INFO: TokenBuild Behavior ::run [ RunTime:0.001113s ]
INFO: WriteHtmlCache Behavior ::run [ RunTime:0.001414s ]
INFO: ShowRuntime Behavior ::run [ RunTime:0.001147s ]
INFO: [ view_filter ] --END-- [ RunTime:0.004880s ]
INFO: [ view_end ] --START--
INFO: ShowPageTrace Behavior ::run [ RunTime:0.001154s ]
INFO: [ view_end ] --END-- [ RunTime:0.001225s ]

[ 2016-05-08T18:08:03+08:00 ] 127.0.0.1 /SoftwareEngineering/index.php/Msystem/Information/select
INFO: [ route_check ] --START--
INFO: CheckRoute Behavior ::run [ RunTime:0.001137s ]
INFO: [ route_check ] --END-- [ RunTime:0.001224s ]
INFO: [ app_begin ] --START--
INFO: ReadHtmlCache Behavior ::run [ RunTime:0.001029s ]
INFO: [ app_begin ] --END-- [ RunTime:0.001131s ]
NOTIC: [8] Undefined index: submit E:\wamp\www\myphp\SoftwareEngineering\APP\Modules\Msystem\Action\InformationAction.class.php 第 81 行.
INFO: [ view_parse ] --START--
NOTIC: [8] Undefined variable: select E:\wamp\www\myphp\SoftwareEngineering\APP\Runtime\Cache\Msystem\21475d8ba582a4e17fdc557314f74205.php 第 21 行.
INFO: ParseTemplate Behavior ::run [ RunTime:0.008927s ]
INFO: [ view_parse ] --END-- [ RunTime:0.008998s ]
INFO: [ view_filter ] --START--
INFO: ContentReplace Behavior ::run [ RunTime:0.000950s ]
INFO: TokenBuild Behavior ::run [ RunTime:0.001094s ]
INFO: WriteHtmlCache Behavior ::run [ RunTime:0.001180s ]
INFO: ShowRuntime Behavior ::run [ RunTime:0.000994s ]
INFO: [ view_filter ] --END-- [ RunTime:0.004431s ]
INFO: [ view_end ] --START--
INFO: ShowPageTrace Behavior ::run [ RunTime:0.001117s ]
INFO: [ view_end ] --END-- [ RunTime:0.001184s ]

[ 2016-05-08T18:08:04+08:00 ] 127.0.0.1 /SoftwareEngineering/index.php/Msystem/Information/update
INFO: [ route_check ] --START--
INFO: CheckRoute Behavior ::run [ RunTime:0.001451s ]
INFO: [ route_check ] --END-- [ RunTime:0.001549s ]
INFO: [ app_begin ] --START--
INFO: ReadHtmlCache Behavior ::run [ RunTime:0.001034s ]
INFO: [ app_begin ] --END-- [ RunTime:0.001109s ]
NOTIC: [8] Undefined index: submit E:\wamp\www\myphp\SoftwareEngineering\APP\Modules\Msystem\Action\InformationAction.class.php 第 38 行.
INFO: [ view_parse ] --START--
INFO: ParseTemplate Behavior ::run [ RunTime:0.008155s ]
INFO: [ view_parse ] --END-- [ RunTime:0.008235s ]
INFO: [ view_filter ] --START--
INFO: ContentReplace Behavior ::run [ RunTime:0.000914s ]
INFO: TokenBuild Behavior ::run [ RunTime:0.000973s ]
INFO: WriteHtmlCache Behavior ::run [ RunTime:0.000850s ]
INFO: ShowRuntime Behavior ::run [ RunTime:0.000991s ]
INFO: [ view_filter ] --END-- [ RunTime:0.003929s ]
INFO: [ view_end ] --START--
INFO: ShowPageTrace Behavior ::run [ RunTime:0.001023s ]
INFO: [ view_end ] --END-- [ RunTime:0.001092s ]

